306600
30662
187875
164027
35263
32774
38879
29714323
38672
119418811
33615
253447491
34996
33104
205146835
32006
179657533
47669
31926
159146689
33872
121622170
37875
177512358
50774
57454376
34673
70166929
33107
310668922
37618
173510952
31251
31673
59222690
28319
31796
164357
164170257
29537
359533896
31806
229594253
30130
109639971
35144
89534121
32165
49564803
31590
339471675
32872
169718118
36288
343341367
31776
32686
147506086
367651839
34432
29691568
34706
317383506
142964
170348795
39680
89661545
28288
309470893
109591
139426679
29294
169379542
31700
29340
139377324
36799
109550330
28725
127288417
30750
21734899
32548
389373963
28957
139683787
31311
303171057
31702
27676
355430478
32397
43609062
47701
24354
105515131
33350
79070366
30130
149349695
30505
49687404
31387
329363203
31933
83459509
47669
34114
45307111
35627
239508346
36360
313196005
163859
30050
195162698
35707
43456154
32751
115611342
35783
29504300
129732725
31204
30372
6751680
39336
76069951
35912
32644
125424604
39155
153923748
27618
84677049
37571
25750
18159
6021212
253178980
33903
27408
83969
88531131
27795
149692305
31733
30429
33417
88945134
30689
19991
71317227
33815
28316
108638
36605739
26033
20341
21088
89246219
42672
33853
2667323
30952
22761
20536
27261
19848
19578
24086
18954
34619432
39820255
29222
29823
23356
29083584
24457
19283
18193
24108
19112377
28123
19746
28416
31148
180286398
32550
22458
33330
37655149
24343
21175
18677
22474
60865487
24154
19831
19445
24701
24207
29521
21683
22236
26249
23944
19912
20885
25129
38670
21310
22348
25044
24741
30932
22263
40512
34970
27172
20798
29180
27343
27257
20902
32588
19643
38602
25049
24176
19479
22516
24271
20188
23459
21678
19205
23330
19944
23465
9124826
23314
19704
23617
34889
27049
683012
25916
20880
19833
24357
32323
24409
26767
21873
24204
25639
23623
27506
38799
21306
25540
27143
18784
19104
25192
31406
32097
25920
23991
34328
21887
30136
24530
27183
25028
19198
28430
24070
23188
24471
22083
35014
30717696
20223
20459
25590
24049
18152
22741
21819
756491
31433
31365
37277
33781
32213
33973
23473
17272353
27031
28275
29325
24663
20900
31488
22950
28292
30914
22131
22713
19499
25753
36070
32965
31470
18824
33448
28538
31433
25740
23056
19637
21779
32759
28249
32241
18668
24257
27036
21965
35514
20722
30361
27146
22837
26690
18918
23328
120874000
25680
16963
22492
31726
21528
22990
17958
25834
18257
18389
34135
20606
29599
27546
17858
30526
17731
35588
27979
23999
43419
28859
39837
32486
20887
23770
16544
23856
20893
20738
18224
22424
17084
23590
19157
17567
21071
20475
25034
34224
19656
20975
19907
21117
19724
26020
30705
21881
18839
22596
18896
27093
28399
19681
21278
17477
20450
27312
23691
19526
31043
25811
58364196
65007
30486
40811
33856
29649
35066
28713
34753
30680
26056
46121
46307130
25395
22407
17895
21562
19188
21436
19397
25090
21857
18297
20950
22181
30930
21714
22053
21341
18137
19151
21644
22784
31555
24216
24036
21175
29892
18166
47065
28336
19380
35166
22181
21945
20324
23611
20983
58458
26129
402205774
30800
17349
18050
32029
18219
19498
16912
18313
30838
21723
23279
17377
34497
20485
17521
21663
97784385
29031
26260
32554
31014
25389
55010
152234
29687
23904
29002
144611
95010239
24012
27640
28841
125492
25628
32367
87913
28799
28683
21095
31325
25221
21053
195913836
31000
17771
17972
21083
19402
28374
18305
18224
21318
23551
30892
19806
21724
18870
41314
30815
24719
17072
27845
22631
30445
24100
83757
33662
32007
20687
24670
25449
20844
20478
30709
22515
18636
18642
23651
18756
23316
21941
27035
17903
21001
20721
20508
22811
18726
26017
21795
21249
21338
22192
31189
18505
28328
22933
18844
21499
18451
35721
18904
17362
21919
17872
23260
18148
35288
184466
27871
18880
25143
39438
25878
23944
18327
16138
18368
14358
20550
21262
16514
16611
25104
15231
20570
13650
148712
18439
16455
24054
14782
36253
18362
19241
20538
17142
16701
17998
13846
17996
15183
28635
18555
15965
36526
25533
36064
20432
23093
29681
22372
17092
15239
19447
15592
43869
31597
17985
16184
27544
20032
31092
25610
25352
20520
24431
22457
21697
23019
21233
24238
21236
19351
25673
30377
26692
27129
19650
25258
20329
20466
39221
23474
23824
19524
20344
24172
21668
25293
21183
29028
29253
21051
25940
26355
25175
19341
19419
34502
21263
28833
29685
19020
22615
25886
42439
35232
23266
20715
34585
42120
31838
25742
21160
21372
19549
25171
26041
21586
24219
23938
20626
23288
20801
24826
24217
19107
19219
26143
20414
37315
24238
23168
31862
22236
41474
23118
25067
22520
32005
26457
22143
19227
24829
19399
34747
31578
28977
27646
23370
35973
27970
19500
18908
42401
29092
28657
20157
34470
29911
33043
21618
19958
32892
23651
31774
21670
20145
23848
18886
32488
20551
27027
19353
20958
26997
24898
23164
20346
23799
29031
27610
26075
18787
22044
22430
28260
20303
23423
21213
26991
21097
39567
27356
24524
32989
21502
34152
20510
22230
22503
28067
28380
21045
34159
25957
26657
22779
29860
42811
24244
28037
20288
19285
25152
25975
34100
22797
20806
33678
34632
25315
151557
32844
19946
24509
46657
22829
23104
38417
27438
20280
18785
22440
26079
23491
30811
22053
27708
23142
17542471
34412
31281
32706
32416
36677
32748
27907
31385
30431
27949
87574
33652
31341
25551
29106
129853
24499
29024
32257
34821
24061950
30094
126513
54708
29305
28753
108584
28783
26282
20764
25616
150433
23817
27272
159307
27709
44505
136192
26881
28800
36048
33554
28298
30449
33398
28254
22714
30497
30549
43373
27903
30576
26389
29036
42816
27182
35190
23284
29711
71304
31952
30110
164257
33264
33823
32431
29721
27921
22151
34689
29605
35952
32080
41082
22009
26732
30772
28750
52209
21626
29799
147266
24418
28715
41513
30641
139041604
29471
30075
131854
31419
27005
41190
28783
7632236
28633
23882
37239
24960
22982
19476
88476
34817
22526
25418
46973
29090
35940
21358
22913
18661
18975
23154
25517
23072
22773
25311
29186
24409
19315
30304
21093
24731
18555
18313
22991
20380
24830
18128
19397
19861
25989
24729
20347
22960
18230
30759
25672
20736
23268
18361
25563
28129
22816
32686
19078
31533
26325
21428
57292
27354
46584
27280
26971
27037
30926
27199
35839
21738
26010
19193
116451
22676
21145
23523
19397
29737
27579
25994
18453
19974
24461
18308
23169
18503
18690
21182
21081
24112
18878
38012
29791
19054
25163
22317
23511
33905
21056
24413
17951
20618
28091
18747
22779
33459
19628
24551
29069
31073
24467
38385
61173
30635
27568
37357
25067
32079
26413
22793
174625
24332
32133
44149
26563
29918
22857
39534
22653
21949
20582
19317
24934
22627
19243
22738
21450
25602
18902
20147
20290
20197
23720
25303
22699
19277
32684
18867
25104
19374
29621
25901
20897
23996
32260
25932
27169
26035
21282
39039
24658
106919
24938
27190
19700
27329
40257
34258
28011
18650
18686
20923
19730
24888
18717
23898
28959
21592
28698
19341
27232
27334
19974
26464
21257905
30833
29855
36914
31550
28935
31964
30569
27777
25547
30476
37540
15297747
28441
20600
22035
22803
19644
37469
22442
30832
21242
20211
23172
42513
34302
25915
21628
43118
27424
35227
20417
23090
18913
25447
29821
25919
19058
18456
24429
27085
27334
21642
19882
26061
19341
24565
20516
20458
25619
19267
19253
23599
31389
35463
28242
20573
20468
18247
28186
29942
28398
25443
25110
20237
21634
33215
20925
37533
25620
34900
24802
17790
22881
36156
144348
32323
20642
30284
20189
29569
25234
18121
25022
152744
24147
23927
18373
23581
122830
27020
22946
19397
27078
30634
24960
19775
19309
22253
30068
24397
18692
18122
25630
18383
22542
18958
23187
47671
28459
20584
18956
23080
27612
32722
26999
27069
37521
22811
30869
19084
26774
22515
42227
37072
28729
47066
39076
24056
30708
41296
31806
25722
27394
20586
18144
25285
19381
24868
32039
26159
26690
28260
19728
29280
31481
19941
23636
19418
31084
21754
19476
22743
21534
39557
26280
19822
18015
30384
18982
24353
18123
12178
20169
18697
26228
19323
36062
26778
31467
24936
20516
22837
29335
34469
30760
21687
55574557
36822
27319
36631
34316
29457
35968
27781
7916087
31444
44369
19926
24757
34388
24819
19070
21801
24900
19724
22458
19616
26217
21905
19706
35691
19628
26538
24900
26274
25808
22129
26298
21784
21031
23783
20840
33339
20199
21412
24477
19786
22237
37620
28250
18647
17844
34556
27722
30893
18856
17531
26750
19564
32793
31700
21162
20388
21492
32508
28663
23128
18176
18906
25958
19421
24107
20332
20254
33622
18337
21933
19780
22604
23171
18737
26089
27256
28873
25473
21903
24704
18650
36364
25217
29733
31375
20480
25507
18854
27232
18293
24674
194160
26147
20029
28298
33197
27947
35140
20211
22386
20223
30267
21908
24591
22819
19698
34064
32271
30954
33241
30395
30633
30084
27768
20903
25120
28379
20111
19475
22861
19080
24058
24862
19089
18320
28582
23611
27518
19578
18046
23835
20568
27245
19750
30715
26266
21342
26189
20538
19634
31227
29214
39093
20859
46124
28996
29974
24298
24055
18691
23176
20259
26943
28424
20449
19175
31160
19002
26409
17799
18689
24248
19340
23499
18214
27915
25946
25502
23495
25274
22262
19772
34763
20419
24806
29992
22887
26925
21071
28781
140347
25323
25919
29106
27129
35177
37790
23526
22393
25512
130108
26145
21636
27585
30993
31345
27717
26560
22985
17978
30952
24878
26192
21412
17970
34788
27412
40103
40490
28340
29986
20526
36195
29854
21504
36156
22055
27075
19597
23221
20799
22845
18097
23236
22332
28175
25491
19608
26823
19924
20257
35569
19371
29847
27352
20120
26389
17986
22035
41771
80876664
33999
130872
36695
32414
28891
33780
27458
148484
156494449
27198
18465
22096
33552
20524
24649
21859
20855
21726
19198
25004
27190
33484
37610
22192
18234
13975
20805
16014
19063
30597
24786
22083
15734
24223
13422
16843
194068
57823
58927
16392
31493
27313
23326
20435
22250
18226
26508
26189
15222
18827
15577
21093
17130
15185
19992
15241
34555
21331
20803
22428
18928
33027
19453
28757
19423
28294
19654
21380
35910
22304
24018
30845
22115
21398
18826
24746
27025
26041
20363
32600
28442
28372
20847
21727
22879
37497
38498
24821
19365
38497
29337
34011
18528
17112
20017
21732
35985
153306
26930
19690
21151
19708
29250
19221
28976
29526650
32121
34643
41446
22053
28703
28013
28110
27333
25800
24661
38696
376800627
34657
28715
41135
35330
30694
24040
30549
31954
117888450
28366
36867
27958
23597
27746
23779
18245
19628
24513
20419
25607
117590546
27925
37153
18805
23775
27983
27883
19658
31115
20912
19846
24772
19481
22885
40880
33843
33440
29533
19339
31764
39369
33382
17519
17265
15909
23836
18657
13991
18954
13868
33604
19011
16240
17316
34370
31746
22719
14279
14616
19096
17084
18493
15128
45622
16430
20042
25125
23736
23329
18050
17851
23281
13563
17663
16398
27319
23931
17030
91015
20899
26959
20227
22246
14973
38682
146319
25266
19417
25955
28989
27528
23602
45705
15072
26877
26301
30805
17980
24622
137821
37590
23804
14915
18738
15015
19259
14393
16374
13508
25474
25331
29892
29715
25688
29735
25152
17732
17164
21211
35104
25319
18934
22226
23879
29058
23090
19709
35103
21139
34801
20295
18145
20620
47575
34919
28681
31405
24329
25681
61012
27821
26711
20560
18084
26885
21943
17996
23915
21658
21085
29191
18789
19329
23306
28891
24854
19586
19319
20339
18557
23990
18823
25836
19485
19327
24988
19184
26951
21434
28775
24120
26800
24838
23168
29495
24118
19520
32953
22615
26167
21129
21909
21662
54725
30144
23361
25329
30120
21049
33717
20501
25975
20222
139509
25844
27053
24086
20001
125017
28072
34009
26562
22841
24000
23721
19183
21877
22646
19427
27056
27641
22052
22922
37085
28595
41829
24995
22979
24484
27698
19836
23786
19904
20921
29178
25807
31960
21115
25024
19202
33917
22231
37280
29996
25602
20566
18987
37161
35339
30054
22537
20205
23787
22617
24397
20351
27592
19908
19706
22496
19462
25280
19481
26415
23095
20669
24942
19736
32465
23778
28803
23312
25798
32762
23068
21826
23822
21265
35228
21442
21825
21655
20506
23489
19846
26077
33959
29710
26337
23176
22338
25324
38350
30816
27138
18729
30972
22236
31664
26024
28657
28310
118388
28841
24369
22461
23356
21007
28730
20054
17589
37689
21526
20133
25728
19830
24166
20069
18699
28198
23344
19413
36114
24451
23800
19060
46451
31473
30066
31449
26462
25786
28833
21909
26472
31552
25430
30509
24010
24290
20097
36417
30685
22731
19273
22631
28033
42575
26411
19714
24507
35605
27079
25621
27047
28729
20093
29872
37200
29873
27245
20969
28051
21895
20537
24968
19551
29046
27360
18536
25775
20049
31525
22969
18878
23568
28193
31494
22904
19762
21226
21774
23740
23405
25702
29590
21669
21071
19932
35048
27927
30952
28871
25842
21109
35748
28607
30081
21674
19670
22745
125079
25979
20359
24244
24728
24168
23228
25608
18792
20682
27100
24419
22777
19693
21813
20296
24463
29760
25809
26307
24256
26317
19387
18786
22785
22907
26188
31213
34917
29520
26951
21275
20559
36848
22470
34803
21967
20339
25417
37337
29274
32389
21067
27267
29202
36790
32390
34717
21891
20658
20948
21412
20784
18982
21384
30150
24066
27055
21077
21333
28162
20707
19861
37469
18653
34213
21278
19607
24595
19181
23953
24467
22530
19145
26472
29649
25004
35723
21007
21033
34821
21789
23988
29148
40496
27472
19895
28867
21039
39507
27164
23284
25703
35660
21801
30714
26723
18431
22025
181475
23453
19656
17293
23024
152494
21386
19957
32343
20563
34940
20290
22869
21982
17918
33574
24667
18428
20763
21659
17894
23099
22821
17026
18391
21136
21185
25225
17421
19721
24096
30194
30431
28820
18925
22803
18495
29278
28022
37012
35423
21120
23312
18263
28771
37892
31826
24437
22573
22463
30147
21347
21695
19951
22721
21623
26936
19664
19974
37144
27342
29547
25421
18220
20436
22142
22779
29166
24363
19746
28613
27404
21267
18188
28124
27235
27925
17749
17940
21370
20064
30633
19684
35124
21702
28655
21933
18756
22184
33684
31323
20257
19279
36560
21887
33113
20843
28499
27980
120020
32301
36439
22141
24377
29106
32099
21630
26071
18888
26301
25758
26648
19363
18364
35295
19800
22891
18211
19095
24976
22606
19247
31955
21726
20698
22260
21383
25011
21616
20312
22426
21847
38249
30661
27667
30856
20440
23877
42276
29348
22605
21547
17242
29353
32001
31221
20413
20288
17383
25455
20786
19295
25028
20115
23906
17521
21356
30846
21982
20770
23142
18624
20625
19467
25572
24071
18311
18062
19206
19621
22525
20328
23988
24136
18363
22947
23968
18527
19942
21540
20853
23777
28031
22764
23380
18660
20982
17114
56806
28632
19267
25700
35366
29777
31445
20684
18274
21673
144088
27309
19291
31806
20325
19866
24753
28474
23579
18956
27727
23845
18482
21067
22128
21983
19501
17165
21392
22848
17409
20889
19791
253937185
33550
30635
38458
68108
126797
25825
34781
31223
51346
30581
755832
20791
26933
37239
31183
39978
25652
31259
24226
27416
36998
28170
35567
32131
28831
34358
163976
25653
32965
31686
645602419
32338
134161
152086
30605
34947
39741
30537
6039243
35029
29829
27504
22583
23412
20219
28740
20055
19106
23706
18510
33687
20676
20140
22013
22028
28591
19495
30347
26641
23414
28753
19297
22963
37028
21450
25123
23190
24651
19255
38568
23754
29914
26273
25328
28262
40374
28179
21287
26484
54208
30090
148730
30979
27822
20989
30030
163152
24000
23653
17978
28476
27131
27081
24267
34030
28402
20965
24830
19283
32562
31578
21346
24277
21066
118775
23126
26134
25972
22882
20851
18483
24000
29631
37878
23018
21359
37317
22194
44103
31942
23715
24701
19935
35845
30487
27960
21206
27316
19130
29830
24966
20410
24584
24523
30471
28172
28645
20963
19150
33750
23577
36636
30668
20480
22857
19751
34713
26106
26783
30872
20304
20634
19140
26030
28338
24116
24880
20151
24998
28305
23033
22146
32799
28909
31422
26159
20297
20330
39673
29583
27262
20135
20676
23725
30030
32754
30275
20031
25469
25010
21760
23821
23529
24717
23629
26167
33163
22699
26565
32127
20279
22704
27129
21472
23124
21767
19092
24582
20284
19333
24024
24279
22985
32959
23056
31274
22292
24557
27901
27698
27711
21005
32291
47479
25009
23202
23998
43502
31167
27045
17389
18874
28837
27246
34302
21475
24142
18577
26141
26576
19194
19696
22814
34988
28869
28719
19417
20141
20081
18044
27815
21486
18327
33297
29301
36395
30022
19678
22569
19292
35731
31423
44628
32065
49606
28966
34783
30951
33787
131924
26043
28390
22044
25758
24595
29365
22586
31000
33911
28702
24140
38331
37639
35704
25236
18154
19956
25808
18164
25030
18065
19828
20564
19975
22457
19213
24745
122374
26347
20879
20751
26103
19009
23683
34005
21460
23475
37975
22115
22911
19782
21505
29140
20167
21843
22599
19037
37981
22705
25231
32207
28773
23786
27759
19529
18363
69067
32127
33090
19565
20604
27951
21161
39209
27855
27879
27883
21342
20889
43588
21120
25247
29170
32402
24500
22247
22266
26250
27079
20560
18255
27835
32000
20143
23023
19702
30253
31315
21606
21656
25822
19413
30559
26447
26894
25892
25169
20991
27811
23619
38539
29038
21819
19259
23832
18997
45188
153570
25431
22464
42128
31856
33840
19026
20472
25283
18820
23463
24156
21572
18393
24324
19010
147039
33376
22132
19606
26271
18124
25103
24447
25555
26235
17974
18840
29910
19514
24634
24319
19291
22192
31281
22036
30846
19379
19501
28789
26151
18828
21112
37626
25840
25016
39647
27731
38397
33394
28801
21137
24433
33752
22398
29663
26073
19813
27635
20666
20307
25077
19034
22957
28069
21825
25301
26889
25183
19229
24629
20065
24814
23503
26708
25002
31074
26862
22314
30134
21755
28583
42557
27512
32597
20408
20112
21624
20772
33367
19815
19973
34686
20877
33711
21332
22626
21004
29523
32980
20607
25229
52412
33025
32514
26443
31215
26243
128881
23546
24477
18998
24606
29066
25622
21104
20808
22909
29223
25626
19034
18782
24499
26649
25137
24922
20075
21302
20183
25734
18942
20346
16983
25394
21747
30930
33905
22947
33963
22394
25738
23230
30619
26392
21139
24150
19528
37473
27795
30223
27017
26376
33989
30415
26401
26163
18192
23378
30255
19840
21454
22903
24630
28588
37066
28386
20091
34280
27165
21021
25430
19392
18477
25436
20442
24608
25718
24311
27474
23547
20283
23805
20841
21301
34688
28120
27352
23218
35755
38063
19035
35092
25634
31158
20576
19038
25537
31217
29647
21386
19353
38450
167274
32876
22128
22310
23897
24584
41169
98237
30644
20416
32730
25184
34302
21348
24359
30473
29599
22949
20518
20728
21390
25080
21398
22815
27085
29205
31745
22729
24367
25573
27502
19588
19403
23426
26253
21308
18816
23407
37756
35908
29844
25840
26927
24947
34500
35230
28444
24409
23194
28115
38007
22184
20847
20840
17970
29587
24711
16852
15378
18581
19185
20369
20275
17180
18096
16633
18266
14770
25596
16047
29196
24400
22941
25500
20470
27747
26209
23778
22989
24265
32010
31022
19251
19293
32610
31417
21538
25203
27640
34364
26537
21220
20783
24554
142094
25415
25688
22653
31501
36433
33506
28942
24084
20191
32115
19839
19427
25179
20397
33090
24235
18774
23923
23109
33772
21264
19297
26279
21339
30798
19349
19235
21639
24752
29758
21434
23567
22242
23168
27839
25249
27681
20309
24908
26137
24317
20723
23963
24772
29699
26927
18985
21496
41667
26358
29148
19317
18817
24018
20947
32410
29848
21429
19626
29604
22661
25418
18996
22616
23192
23934
36667
25730
19029
31895
23513
18726
23314
20476
28761
21160
21494
22649
20178
35370
25452
24942
37469
28552
28671
22439
24136
18405
37156
30623
17689
35415
26973
26410
14898
22383
16004
27492
42948
26887
32614
22408
36860
130060
34799
20546
19816
24599
19932
23550
21060
18641
20591
21626
25885
24744
24220
19105
35427
21863
20989
22494
21059
35908
21701
33612
27779
22935
22743
26958
19934
28448
23575
26576
21635
21392
32113
19012
34307
23222
28507
23906
27556
24469
26800
21262
23013
34611
29049
24833
19146
23006
29637
32980
31882
29302
26012
23119
23463
135069
24467
19845
22512
26987
48375
23172
24798
24331
27541
21437
24421
18171
20494
33316
22449
26774
17491
19381
26407
20823
26329
22619
32716
34315
138597
26012
26080
25269
25201
26830
19824
37912
28627
35535
34492
27852
73437
31566
28394
29649
20003
33262
26209
32534
23803
25562
29637
35986
22091
21532
24888
26818
29544
24629
30870
21366
25867
29760
23899
22599
26325
20492
27777
26800
19487
26561
19534
29685
23054
24884
24499
18751
31614
29122
19829
23801
19395
28154
22145
22729
31399
33263
34204
19368
26682
25057
33526
32269
25299
25965
27537
31744
22036
35061
21496
46548
24104
31134
31329
21021
19704
23350
26835
28996
32081
15957
20444
24479
22587
25746
18269
19879
32492
19911
35643
22698
25762
34651
22926
18707
23549
25972
22430
20448
23637
19646
198972
23932
22322
29066
31667
42647
24310
30934
23446
27801
30985
32087
28452
21508
42213
30424
30642
37851
26412
27456
49212
30269
22367
25884
19762
27707
30203
20776
24772
21122
29797
27803
26129
21572
26434
20290
24884
19556
18753
24082
22580
29685
26592
20456
19345
32811
23046
30247
19407
20035
29324
21490
26133
23384
28799
19592
21975
23349
18371
42146
29233
28017
21111
20161
33941
28807
36427
20215
18802
20524
29918
29184
22011
22192
18030
26209
18665
29613
25660
35477
30177
21009
20973
21235
19160
25187
22059
18916
23910
25977
24193
19784
24556
19530
27648
22653
20181
23521
19225
169357
26855
22300
24677
27204
36735
22336
31215
64619
24215
39199
28825
22302
21965
38967
36106
31121
26665
19174
42673
41174
24744
35489
19349
24435
29501
22994
25990
21174
23667
28431
26688
19698
40789
23385
19574
25271
30115
19032
20041
21129
25353
18694
21495
26356
24409
29751
18504
19173
21504
53078
23723
22873
30471
33244
30471
27424
21460
29097
39531
32323
35421
25143
23653
31526
37868
27183
27276
19428
20377
35349
22414
25017
19219
24711
25429
23278
26804
19151
29757
28715
19722
20775
18868
155441
30806
23014
20905
25800
123981
29160
23376
19794
21733
20256
27384
24774
23581
19126
26105
20504
23681
23517
28565
34218
23854
36744
23122
76068
37355
30383
27595
21888
29614
31694
30980
37586
28892
21167
21386
19764
24008
18359
23152
27818
22887
29417
27117
23178
33217
24667
23960
21147
18852
23198
23252
23519
18457
25742
29661
21223
21341
25165
23438
27981
21122
35800
24180
25999
26540
18530
18343
44749
28169
36619
21081
21567
23226
32073
177629
26896
24910
20845
35272
31019
29905
27460
18530
29236
27674
27171
25962
27448
21189
20879
24060
28158
27855
136059
25484
23455
22647
24451
28512
22526
25590
19349
27337
28520
28420
23886
20612
24481
29843
30605
29729
37529
20819
27486
21442
21145
24367
29897
24543
20469
33533
25676
36777
36349
22041
16608
19305
28898
30744
27056
26841
23431
18627
32301
26597
31915
18475
20687
20315
19961
21337
16799
22268
25721
23689
23301
23282
18686
26338
24751
27586
28454
21816
25104
21674
21701
22208
19484
36874
20920
20468
24375
19840
22964
19908
20035
32320
21861
26989
19032
26005
22592
39957
31504
25870
22873
20684
29539
47731
21703
33049
20949
28889
30677
27126
26504
18836
144349
25796
34348
24439
18868
31930
24036
27306
19960
21165
33254
23929
24698
18536
23034
21003
19151
21697
16831
20764
31399
22935
31257
42816
21975
31204
23733
28037
19305
30525
21671
19577
23332
27102
42369
32172
25513
19507
23651
33171
24095
28064
25598
33472
22662
30283
27921
24531
22023
30291
25177
28681
27003
22983
16929
25185
43933
32955
18351
18007
28236
18484
21350
17221
18585
28889
22488
19873
22741
17645
25957
26097
22607
19095
24524
27252
31389
27083
35170
28565
23582
27408
34191
28564
69891
35334
23170
25616
19066
32923
42596
29669
20239
18770
23411
21080
23085
19978
18557
26231
23962
25352
25359
24333
255202
25018
32240
22611
28757
19816
20511
25324
11891
12243
38115
21364
21395
27958
22799
31295
23146
25971
28352
20833
33650
25395
21741
25077
27931
26279
23836
24953
19923
34954
33394
30949
25027
25323
34324
32592
34533
114291
30279
19401
26789
22751
19532
25474
20919
33519
20920
31113
27040
23577
24054
22400
25333
19410
18717
32253
21188
25622
24907
24390
25995
20791
23950
18293
28486
31886
102669057
32431
30716
79846
34391
31155
23928
33815
200139
28960
30237
42196
22513
31756
47318
27805
34580
21029
43281
38466
28334
34611
177153
28049
26591
36417
27839
29712
28920
29596
214709
25113
29002
200604
26061
25146
22321
25464
30645
27873
30200
157747
24511
33366
35499
34897
27787
26290
27859
217686
25772
36815
209314
40811
33804
52743
26988
36498
32567
33932
34505
28739
27552
41766
21282
28623
93003
153933
37544
34093
33640
26179
30188
37524
256449
30402
28543
202801
29543
28081
20921
35996
31931
34352
26700
46310
23635
30543
23550
29786
37794
22584
30252
119281
25486
35830
148310
28680
29156
38822
28768
31709
35386
30678
42133
22274
37604
30453
27949
34556
20411
35167
38474
34263
30132
183723
36026
27827
82585
27424
32091
29442
180230
34150
20382
33803
88316
27356
22484
61997
36106
29424
26611
27825
32578
20345
29270
251132
25780
36848
33237
26902
35166
23098
27314
31534
32676
26907
126381
29011
27105
41513
28905
29156
36899
33199
28747
28861
25577
32412
30535
26167
121313
26520
31293
70790
34236
27967
20526
24415
32357
34372
31039
159081
31158
32089
37417
29655
35006
27417
151121
29957
22132
33232
28416
36297
28006
194029
27640
37849
39387
33260
36435
57652
27813
30603
23192
32506
35118
30848
32055
135393
28851
34824
263493
128470
29709
20255
34629
40366
28604
31010
141133
25039
34857
232380
29379
33656
21425
35732
34332
31806
26763
273397
24187
170213
34012
28603
30188
136099
28458
32747
20286
26760
158857
26245
26851
34072
35033
30413
34246
27089
32188
23769
31207
148315
25630
29541
39765
27334
33528
23239
30743
228232
31626
32453
43630
28226
37588
28506
25887
34966
17633
31383
28974
27923
24538
39214
29056
31137
33741
27249
69721
25578
29976
155699
28745
33231
176099
25826
30325
109419
26678
36613
31843
31956
36160
20844
31139
117680
23729
22562
146973
35160
36090
86391
28344
36792
29626
29609
28373
29164
48042
198585
26412
28457
21110
25748
34896
30112
34456
139016
27350
46583
37770
184450
27720
26893
41858
144403
28841
30820
178419
24688
30318
29940
28942
37752
22845
29553
31951
24859
23060
37879
243391414
31199
31121
97016
25047
34110
171155
30236
27651
26809
35563
57577
30890
29525
152474
23980
30513
200883
26191
30990
23669
30180
24840
24377
27180
152987
26905
37243
53156
25134
32300
28783
31949
31041
21765
34276
25169
24445
19323
25806
32885
167197
27059
30068
295071
24044
30288
20249
28651
132716
32408
41049
183584
25191
27484
60932
33722
32340
29292
29240
32444
26208
35623
307572
29783
27404
38342
27589
27059
23102
36038
34228
25490
26837
190162
23890
27829
126648
24596
34685
29593
25774
32253
18959
29683
31512
28346
29683
207852
24401
26696
176124
25236
25427
20213
24609
133422
26107
29547
181730
24577
23040
193553
43822
38811
29576
25642
28585
25825
25706
37698
28775
29830
162464
156902
34044
20073
32290
25758
31049
22178
15574
24858
33146
16761
19285
16236
14855
21199
14618
17455
13243
14225
14550
26081
23539
17312
20963
15470
67970
24940
15625
18621
16123
31454
18391
18796
20405
23118
30784
30297
21799
26652
27422
34460
23150
23555
27322
22617
32219
30118
28597
22582
19659
36553
21222
28087
22246
19241
22482
29096
26386
20863
27428
20355
26191
26012
21725
25269
28753
21375
21344
30181
25746
28749
25164
29030
23383
24169
30866
25782
26093
22677
22618
40250
29882
28346
21991
33918
26882
27540
25084
20178
32501
31813
23782
29578
19723
145297
24400
27607
23180
28604
38784
24092
27697
39211
43804
29675
36794
33342
24055
26708
30507
24743
19385
27707
47334
30656
19564
25786
20676
22947
27289
21155
25848
24248
25051
30846
23779
23424
166262
26928
26854
18924
27870
21706
33599
25080
20187
24232
20546
40551
34597
19933
16334
20209
26997
34224
28474
24183
28904
20695
20323
17802
25030
19389
17902
26957
20087
26179
32581
26586
30718
21863
29362
20933
25489
27540
26290
19958
22360
24632
19197
23659
20410
20664
23748
24924
25085
18120
30671
23117
30173
23803
20194
25963
33532
26878
27533
20270
36362
279875
28597
22119
21094
25149
33640
28531
33438
18505
21538
29056
26436
19279
27397
19088
25788
25603
23655
23372
29886
28316
27041
19093
25908
20079
38602
25006
19195
25161
28182
24508
23466
20338
24900
19318
29226
23354
19987
26035
22453
30587
25144
20943
30353
26777
28925
25904
19927
19937
41727
31614
34963
21757
20197
32524
30489
34575
22709
34739
23261
30084
25846
22839
23510
27466
19858
24092
20672
27631
22655
27815
27184
20396
24496
20678
32227
22286
19482
24992
24264
36491
21538
19953
20971
23042
31455
24124
23622
31215
24298
28924
21790
22719
27753
158145
26111
21702
23882
44684
34880
27963
36122
39783
38981
30898
34432
30840
28554
23391
19533
23555
23479
27259
23256
24173
20191
19315
22651
18838
37760
24918
21205
29728
33557
27453
24925
19802
27711
24283
20251
20654
27853
19115
24484
20542
24972
28852
18903
26359
28157
23768
22322
19159
35373
31107
25444
23375
20182
39308
31402
25435
25926
30525
35618
32593
27005
28096
28041
21977
21737
31634
24076
27383
22961
31423
21536
29272
19361
18836
33117
19786
22557
18736
24553
26083
19323
21981
18838
27959
27380
20247
28018
26311
41575
25746
25553
18900
19395
26955
20788
18300
27264
18777
34025
20428
22737
287176
61592
30992
36660
28945
30673
27019
30723
194458
25129
26005
197890
27377
39250
34828
27655
29958
26554
34079
29930
26691
28248
36780
28786
29159
148465
26348
35725
27570
29629
28521
20313
32442
42060
30630
31523
97957
85356
29307
26704
29489
34675
25432
29036
197396
26814
30856
115217
29493
32029
29160
43488
135683
31557
27819
69005
26427
27225
175155
25235
35330
26908
29932
29762
24215
28799
34825
29944
29964
40511
27031
41441
31846
32036
30545
21816
32876
126716
26848
32416
124790
34166
27919
21344
27394
30291
32702
28509
140097
26285
31756
128985
28096
29086
36349
29098
35336
31347
27364
31457
35096
32713
29084
29591
27506
39706
34657
39885
19478
30177
36846
28825
37534
131582
25224
30187
44879
29451
34592
19726
27324
148729
25173
34019
140750
28092
28187
33128
36423
29058
44155
31573
49632
27097
27925
39109
30299
34885
33700
14635
11348
9769
13087
87192566
35481
40424
31106
26676
24057
33141
31702
225755
37285
30145
29767
23011
29952
151912
23503
28266
38049
29713
26036
23507
31469
34023
34763
30952
135138
29632
31684
44504
30668
32113
24730
29046
32759
21568
33471
34568
22601
34192
166521
27546
35958
33444
31175
28934
25094
39422
31201
35033
31541
133149
31988
26939
39641
29138
39324
23099
30385
206466
28218
26420
100250
31819
43947
149196
30864
32929
29286
27418
40821
28687
31032
31942
34324
30911
36924
29729
29158
26370
29453
33009
25780
40641
45007
29842
34743
37461
113459
31450
21101
38794
226122
35418
28400
62225
23788
28553
34264
30832
35882
43381
38254
152112
24058
27491
135711
26770
53020
36537
30264
276893813
34182
26927
29337
35174
30247
33115
116196
6652758
22917
36297
24750
28554
25277
17589
18242
20610
23220
22500
21992
21340
36671
23379
22986
18136
25223
27851
28186
29784
18824
18631
37159
23744
34956
21827
18986
22132
18747
23674
20126
33589
203457
24269
21937
20735
17708
28627
21191
24022
19165
20760
22825
18728
15418
9075
15987
18409
17693
23059
19313
19576
45735
21855
19992
19786
20364
12132698
21779
17397
29654
28382
20169
23521
17288
23203
151925
22606
21506
20537
19716
28464
13247
34683
20157
21181
25209
20233
18742
23158
18804
35671
24594
24312
20448
12128
31899
21049
22354
18705
30812
20261
17475
21340
10655
16386
28133
20899
22270
19067
22254
25926
28054
32393
19083
23306
19147
21231
22324
19750
28380
25495
17497
19617
21106
39199
30634
20048
18517
25746
28007
34092
33969
33354
27982
22307
20227
24162
19926
25397
19923
30495
23154
21225
23777
20430
30862
22398
17150
22771
21586
33137
20294
19649
24800
19892
35658
22543
18267
28902
21301
25590
23084
28487
22457
25373
25272
23302
22932
27664
30829
26969
24604
19519
22895
34310
36542
23425
19669
24728
154699
29804
29785
20039
24058
20760
22860
26058
24416
27605
33831
21250
23110
37431
20629
34657
25343
20289
23503
23256
20644
21763
24810
24472
21314
31197
28005
19818
24757
21440
30262
29870
20654
25012
27933
30988
28409
30872
22478
34482
31417
25654
21369
21555
42804
27915
27214
20546
20293
22322
30462
43592
27259
25760
19568
20586
26507
20093
23892
24064
28414
24414
20617
24010
25547
36465
22063
18808
20563
19572
33202
21084
27099
25311
25959
32979
21835
22095
25299
26182
30966
30401
20305
20706
34059
29401
27084
19045
21025
35403
21865
27717
19138
29427
185635
27351
24575
26486
29192
36663
22753
31200
25107
29300
22060
21285
26645
19018
25736
31498
24627
25008
20478
24700
33121
28008
19348
24772
19681
20877
25083
19211
26500
27226
26558
21659
21232
25293
20494
33238
22583
22342
21512
20295
36210
22703
28373
29224
32893
31086
24463
25768
18780
41290
36573
26584
48244
20261
21508
28122
32534
27125
21176
34407
28931
23278
23658
23090
25019
21339
21955
24234
19349
25501
30245
23321
21680
19083
26057
27236
26913
20837
21657
22826
28250
20547
21415
26129
30222
29970
30928
26807
20604
28429
27941
21965
25457
23793
31586
25042
23501
25470
21587
35198
29694
28946
30730
21157
35294
24102
28651
21522
20288
33550
20359
23936
18844
18170
24800
28308
25698
24716
144955
33142
21402
26357
19964
19753
21589
19562
24917
27709
20209
22166
24811
19646
27986
21677
30008
24981
27516
22343
23331
33240
24009
24818
21097
29545
24962
30842
35363
21907
41056
32193
22958
21059
20804
26744
30678
34634
24798
20927
18473
32753
29258
23936
45849
23821
28316
23415
41580
19572
26174
29878
24126
21239
24793
20907
20191
25067
19892
24592
30758
28952
21256
19523
26714
27961
35317
34307
28984
20382
28866
26191
28872
30880
25915
25169
32728
41217
28402
45988
27815
32612
29276
18757
27347
28776
20501
27530
21372
30527
85683
28495
25798
24217
24020
25991
20033
23119
27063
44891
28797
26057
29920
20179
24368
28774
22723
27177
19584
21096
30691
22533
27814
20476
24250
29847
28935
27192
28190
30054
27284
19341
22817
30837
36344
34144
31189
25215
21979
37014
32883
121043
25665
20087
28567
30333
27254
26921
28877
28911
30313
28653
21893
20745
25193
29592
32139
29325
20068
29664
28394
22984
21274
24004
206591
30308
21354
19169
20879
22129
28727
21316
26993
25255
20454
28697
20917
18497
20183
21023
29789
19511
26303
21318
27961
25133
20079
24040
38361
31379
27001
20758
23767
19233
34792
21568
27452
22254
18211
32889
20460
24916
30229
38045
27436
23166
25698
21617
23974
26305
22516
24742
20975
23663
25632
35658
26922
27957
122288
28412
27027
38965
42436
50279
36824
132419
39202
39156
140545
34051
21454
25800
18481
31061
22460
19728
22517
18612
38851
126159
22410
25207
26185
32877
30274
29229
18713
22537
28352
29340
18127
17010
22011
23946
18064
17819
23377
17222
32372
23455
18591
22048
17489
32926
21761
25746
20730
19078
33352
32947
21244
18477
25177
29573
26466
22164
19539
21071
27258
25082
20845
18050
21981
29034
25524
18728
19125
44293
35060
26715
23688
18718
21569
27460
26905
30393
20207
24824
19444
26441
39418
33927
34479
31754
23541
35149
27083
30997
105358
23839
22982
18941
21727
24993
19580
23268
21163
23679
27374
19217
22717
10669
11797
24802
24111
24232
17280
23777
26069
20051
20512
17364
35137
29375
20902
20429
24046
48116
31141
23736
22976
18445
28565
25756
30421
23409
19099
124509
25943
22316
23226
17563
17635
21356
20525
26844
18030
38660
22723
17721
23190
22221
26241
18576
24183
20863
21348
26109
24834
30088
27645
24946
30373
30241
21717
26237
22462
21138
26418
22400
25210
20145
27358
30067
21903
24804
46216
29201
35022
31481
19786
26054
34908
20449
28426
26099
19660
33993
20847
21083
21093
18495
33655
23855
18690
26621
18336
36016
29821
21034
20529
21628
34955
22507
25255
21211
25490
34845
29394
23121
21690
26273
29619
27869
22027
21071
21475
19121
25411
21062
23353
34659
28561
22988
19255
28866
41127
36325
35433
25536
22613
31161
30376
33611
22266
21889
22276
29345
47186
29260
25000
130908
21004
24971
22026
26366
20290
26817
21484
22489
23250
32466
26041
18814
20564
20813
20091
32360
21302
24182
25207
20372
41511
26101
21039
21135
22466
36415
26977
22892
18825
37993
23908
24302
24864
37867
33091
31193
25400
18265
28837
31494
22340
26007
23232
27995
32155
23023
27861
22747
27444
31670
28151
22240
20441
25754
28396
40205
23034
23002
20680
29047
27981
22188
26144
24482
36621
23565
31997
23639
23832
30334
26712
22891
24845
28194
31395
38145
21104
23248
38957
26059
21025
25579
21067
34448
34819
29520
28226
20236
27837
27891
32801
30614
20069
183583
28934
31530
23604
32880
33188
25582
25580
30505
23499
32696
21436
25500
19979
24453
20102
21557
21901
21397
46409
29004
29804
26781
19473
24521
32023
26562
24646
25823
20544
28077
32137
20875
27051
19407
30651
22332
26475
24790
39884
31345
25825
20666
18754
24802
29904
25482
28270
21667
22201
26267
32650
28314
27171
19712
23254
25981
19920
24870
24966
19524
21199
23954
31345
26185
20100
21488
24844
18383
31065
20482
19319
21712
15659
23730
25491
42726
39167
34859
43059
37433
31865
32596
23355
28568
29479
19836
24740
18872
39035
34922
22254
18705
22471
137487
48467
27800
22022
20598
20091
23238
18471
27350
21105
31622
29220
21354
29703
32279
23171
27368
20156
29982
25311
49626
27961
20576
21983
23308
23010
25533
19233
25179
23120
19277
26614
21244
24014
22992
27591
21803
21508
25439
19129
34499
23509
19381
20580
38528
36644
28498
26360
22026
20045
26318
20802
35248
21791
23549
22165
17893
27518
19261
19036
31319
20863
22825
18068
19979
28751
22304
25670
19171
24669
28464
23014
26556
23894
25930
30275
26742
22077
19503
29263
28481
27819
25143
19995
28839
20412
20534
26711
21941
41383
27430
22252
22148
27331
190764
28221
27354
26671
20101
19815
36946
31421
26201
28806
20304
141544
29668
21971
25465
28258
22566
27548
20033
25905
35651
31199
28046
28003
19937
35166
21990
28195
19195
21222
33495
23912
26913
36358
21073
31544
25625
29058
22015
23477
27815
29290
23473
19983
20325
28954
27275
19215
20211
41245
31499
29787
37977
19417
20709
28330
27446
30721
20157
19325
24403
31155
29235
21243
19660
26340
20474
37821
18891
24438
27048
30505
25715
20153
23830
23044
20045
24525
22719
26688
20366
19811
23087
23289
39069
27504
22729
26019
19373
159209
27835
26118
20175
19919
41313
26891
23954
31270
80255
36453
29120
25226
22162
18964
25668
29731
32454
23992
19628
24531
29141805
36816
27107
33204
36267
28164
25427
31103
7986502
22266
23134
23735
32179
26091
19608
19343
20947
25662
70120
26570
24017
20165
25975
19929
23550
30021
37416
29325
19869
23397
21289
21319
29851
19736
23362
21254
42413
38398
32843
21966
21731
23417
30293
26634
29923
21093
23854
40232
30445
31706
20131
22285
25688
21353
25341
28065
19582
19579
29288
20223
22406
19776
26494
28968
25976
23361
23288
32504
23072
24002
29699
24992
18621
18583
25601
20095
27799
19869
28477
25600
18564
82988
24471
23634
21618
21409
155778
26201
23920
19676
22526
31664
29795
30200
31848
20088
34182
32203
19991
22731
24577
33230
26251
18643
18795
26701
18227
22028
28865
24359
21640
29142
31901
24116
18700
22158
30395
29000
29048
18954
19413
24315
18261
25134
26071
18986
21102
24840
20607
30378
29499
28400
22818
19630
23542
35060
36686
29418
25275
22740
18970
34172
19219
38788
27027
19819
32598
21811
20743
24283
19085
44207
24523
24604
21913
21781
25021
21899
24004
19921
23214
19463
19702
21887
28152
33069
30399
20584
33103
21646
30048
25652
20303
23032
19610
156772
28599
20057
22190
29663
27540
23767
18234
18169
25508
143381
27342
24700
18479
23249
19165
28718
31273
31839
19315
25165
32545
27989
27663
19680
27154
25551
19690
39976
20038
29613
25114
21396
25076
20885
30737
23884
22258
55882
27893
29505
21251
19514
30041
23599
35020
21420
29249
19985
20055
25504
19351
25488
19201
25243
31828
24908
24578
26181
37163
33193
32618
20994
26209
20678
31764
23407
29449
37079
24840
27973
19275
22843
20444
24165
28747
27444
11806
18922
30866
30015
28070
18265
25983
22258
18425
24237
18158
25708
30415
28763
29072
20048
19375
231880
25313
24253
26484
32982
21348
18941
23405
19342
25243
33719
25087
21693
21231
71013
26903
48719
21567
17822
21530
21206
34095
30854
22945
25215
21570
18725
24068
17703
22298
28737
19165
26241
30940
24048
31187
23208
18171
21099
17585
30194
17861
18028
29036
18167
25682
22138
28949
30401
18894
27693
22404
20268
17685
21948
27322
21863
17798
17186
19335
31846
20552
17994
30551
39803
32456
21809
19191
22410
18353
28425
19479
28213
20432
21294
28613
18291
16228
19662
20201
32530
24137
24720
20826
19550
23491
20865
18273
24845
19818
30112
19580
19261
34205
109057
31251
18757
18647
22366
27180
25712
21201
23241
24722
21326
24923
20165
19463
22429
36486
25855
19002
22942
36215
44633
23070
29377
25459
22651
29311
34344
32755
30343
27982
27932
23306
25906
20019
20436
31673
25124
24056
20257
18478
23960
20708
23659
19050
18348
34194
23210
21280
22892
19710
23916
23837
25988
20759
18884
29342
31584
32653
34586
27145
19382
24070
20059
19440
21589
31801
23276
22938
24334
35158
33909
22742
19375
21372
18405
33949
24434
30971
20461
19323
23559
33358
27370
19960
19207
24279
23796
26527
28150
32634
26999
19166
22170
21919
30267
26167
29050
19738
20530
25556
25221
19044
23362
26392
138425
26482
19420
21323
22190
24990
25886
24738
21416
18677
32568
30872
27635
18609
27247
164584
32733
21336
23006
19624
33922
29304
31818
21300
21320
34052
19893
25249
20777
21276
23984
19290
25212
27096
23586
20598
22815
23599
18433
27992
25744
21059
21399
189170
28024
35440
28482
20197
21169
24806
27180
28888
31315
26257
37576
29030
26399
25902
19626
22717
35535
21104
26036
18930
33264
22467
20399
23567
15653
26081
33669
23884
27983
26538
26993
20522
18253
23370
19328
25772
26370
23633
23864
18697
163570
24392
43832
21546
21149
41110
22401
19794
16523
19449
22290
18137
11811
23409
18826
30461
24735
18911
26430
29122
28220
20719
17507
19013
17815
34232
20543
20117
22171
40731
31748
24238
22924
23309
19556
30455
29222
32257
20462
23206
31575
21606
18871
23204
34098
33875
22920
24650
24086
28605
30385
20410
25550
18229
18567
30668
21230
25204
18654
20969
21991
17863
21697
23533
18082
47159
26885
26249
19981
22996
27937
25963
33998
28737
26073
27516
22741
21589
137263
40525
27515
24265
17551
19882
22651
28632
17671
29461
21618
19950
21660
25366
17298
19738
22322
18166
21442
13149
17774
21909
22049
17627
17884
20291
18361
22875
23725
21410
29153
23096
18283
23619
21152
17880
20917
27971
17958
22457
21190
19379
22481
20182
19397
24134
29312
27837
18094
20614
35062
32001
24861
19606
26627
22705
30436
22589
26336
25281
28877
28831
24282
26003
24373
19674
30224
22865
20056
36283
22323
30808
19837
19116
19544
19141
19880
21338
18505
21537
18008
26508
24241
18816
17451
28041
28998
19476
21436
21119
30016
31085
20697
20177
18879
23292
29731
140027
26785
21837
27224
37653
30690
26326
20227
22302
31918
17318
33227
19871
24722
22966
17425
22192
18539
28420
27795
20127
20954
29521
38671
29730
23984
18264
19215
129819
29982
22519
17802
19093
29076
20974
19580
18701
23014
20215
17678
21627
20329
29051
20947
21997
18542
18399
24261
9707104
32098
24619
35808
43628
31804
42923
27566
7764439
23950
29449
31848
19791
18950
26278
24510
18173
19257
20029
24541
20586
16990
25039
22484
19740
17505
28697
19684
22749
23934
41564
28751
19133
24630
19329
22984
22769
20436
18032
21964
24708
17631
22089
24221
20223
24293
18488
23835
21462
30595
24403
18612
22519
35232
31428
27837
21504
19457
24967
35310
35541
29173
21981
21703
22643
22715
19158
25333
19810
20660
23533
20065
25101
19722
27823
23716
19319
22617
24329
32017
28176
19323
19340
24821
20203
24052
20458
29287
31867
30357
34615
26971
27270
23974
25413
25261
22476
37646
37681
32709
20638
18630
71628
29194
25662
19696
23692
20824
30044
