426825
354880
389242
720227
301958
408292
299937
448753
963855
455704
328778
316927
268443
4160487
333618
9330288
12598766
308855
343332
13217812
15600404
26496499
304335
301451
8333265
965891
272809
306716
262792
273512
332768
4522601
340815
348573
30752674
3193674
8691614
26837418
3936515
19846698
418681
5374449
29819363
291766
275646
344727
258630
317325
338423
302136
5930139
1692313
157382555
367144
317672
336290
35059953
42905342
69828773
10881442
48299710
3832792
35384225
3561404
5992333
545436
29017745
3159011
1918619
383893
298529
388035
359996
294230
418850
14438514
6475960
129133616
19801289
4067642
79423293
317766
5122526
9780866
14580973
347266
5076351
78634402
3390187
6098945
8480866
384149
61544836
68430532
73451537
5885806
49497023
26904035
12659578
9585020
9744851
3086319
258472
286672
270827
242648
298643
306969
220803
303510
2950525
233061
260067
3867505
255886
319654
1291228
258644
20874895
10437612
72303562
1301869
117996316
65862193
13627054
1429920
323147
408199
243809
331114
322473
213462
395380
752848
206891
274155
1452541
250463
265065
1334825
8975419
73284418
30427772
41702080
296793
2072406
492524
4135493
275117
9329783
9761790
947644
207143
273938
1099987
302713
166438817
324280
287648
308090
320643
277975
1807834
257501
302801
489791
12703383
127796170
29768880
21663138
292614
245521
1394674
64703831
3459004
285581
298973
271108
277252
1368176
284376
381680
31892913
356442
58483499
4791852
250233
273109
259923
298879
863228
267916
289312
34668344
325390
5310511
9781149
3115656
351473
281854
277727
251413
267968
322009
230135
321394
678824
250800
332445
1440428
58290286
39456594
79836604
19683487
2084139
261498
297456
392374
265733
383957
1155778
308304
32190973
1088234
293151
23606628
324667
22154185
313246
323262
3523413
245421
5734825
1400369
619869
286915
270646
273691
1465937
367465
5551241
255112
256794213
3177848
308982
325026
5922105
302246
48743175
63714267
5899082
9749549
3566534
317578
213450
338226
351502
223749
291551
1349171
295389
318291
2173841
271075
311226
1920293
73545805
44836414
40050819
16138649
353834
292058
326106
265145
21739492
342600
53601133
33648559
899934
24215254
81680801
3789507
296126
13341132
332935
210634
277885
51684681
278921
286934
1187832
239244
295516
4234903
310832
254623
1452485
4326432
3581494
311451
6324453
41147574
302101
362971
1426154
25455305
251900
192750
257219
284871
281436
6372289
49674319
31550579
274006
7510013
3317325
365204
295619
2360228
263898
71669653
10351944
258000
38360183
1360618
277544
935590
228501
253132
1056882
271008
285782
1393110
51318221
172133436
6321746
49520045
240391
283069
1261633
15991691
19792784
35130675
327041
290876
23313641
3808608
254979
340698
305065
272897
1185748
312671
31381741
3161788
314475
255248
208641
379603
1339029
274658
51981459
3222300
3623649
296014
284239
331344
2229852
4733695
317899
33943778
308308
343748
374596
270125
301148
474189
8127463
1189477
285118
215664
392351
523114
12488064
23716064
295302
5938039
92888489
5880492
79294101
29724989
19759679
3204084
6389200
19765884
39798256
1383777
293812
1058744
224242
343252
53632882
11922017
88425421
33716103
397309
349345
240367
370320
21363657
1290447
367116
220535
294879
1412039
14521591
53616894
270030
283282
1282299
237653
3882602
1421286
244152
312358
25366304
734858
253723
283749
886280
295965
285635
212358
2147669
368972
243564
363743
2590332
311290
310131
782689
26352839
263602
210515
246490
268794
328079
250180
908246
256539
285257
1522277
11213429
30704053
79727557
41640663
95695998
21976905
113339370
6251894
109276845
7156269
354833
55541125
5942547
1390718
284549
3732956
314821
321042
282005
12166297
259165
291709
240777
288410
264382
253196
244272
1333950
42941232
11158773
10005627
257331
246076
1371524
244479
15659552
3819781
959193
322057
289053
345269
952281
3727017
3498706
1552693
32229109
295249
297603
98411715
39849851
69753311
19832135
49751570
59794062
10539542
233730
280383
1101275
75806345
3184427
284059
278586
5730031
69446073
3163964
6476368
9713860
283579
290702
273519
303016
291381
273758
331744
250294
336894
1168840
289298
269974
1539683
1219499
318911
1176268
15897644
49801031
23205380
3561668
410917
302828
21260593
288767
59332819
9979761
2846539
315255
1009603
238485
276468
1448434
83721855
3575075
307691
381837
238831
14790765
3631540
358503
13190894
21448830
3683718
1142558
2384668
2472008
297351
240525
260576
1226530
12658418
20956797
3093053
247703
6039849
19838630
293859
276804
1148937
57078823
39790875
33442085
326520
430171
210859
564404
1665214
283270
309054
1570790
38393397
41743769
314622
276461
1201050
74976907
25193977
364957
63772470
49783962
39807063
39791146
21130030
1134747
6946727
249631
274661
280155
265198
275901
215248
271652
320012
270244
301082
1271969
314040
356052
1373944
229389
279254
1236169
267880
388879
292213
302585
368907
388587
343094
13089131
129916040
5109974
330284
368179
209894
12820076
19794686
7277805
293961
357600
21226453
41662038
301031
7398261
49773384
41427807
2469066
299983
578894
256852
351862
1459671
31232661
2057953
338407
6937288
3702863
281722
1182266
293899
242494
434150
3038833
320779
373139
336679
275345
310273
601651
333173
1045992
46814770
5815979
19739958
41567574
3821850
284461
13374938
9749719
29797046
1351083
282052
1028935
207370
250830
1239300
23298094
2964858
215597
284537
1045412
3909501
854534
253829
264043
267460
1181810
9925184
14953859
139798588
3070966
282195
333806
55460721
7205586
13007016
28675181
9790179
3691274
316646
5267017
9797987
50011292
19476640
59749591
45491333
15137080
158554063
19858817
329398
291509
3915957
1009409
291169
316298
12047395
29653549
9924132
12935561
258077
307170
1230015
230137
282828
572515
283653
348665
945367
273567
308862
78283802
28520179
11012013
59873269
39794037
19737877
49760101
3305577
288502
277256
255234
318185
677388
219677
285495
1358349
266116
329721
9970262
9583234
236825
248437
287233
28403520
3071328
3805710
350451
21954991
13175326
7118444
40980652
287741
256016
1390206
34357358
39766559
29731873
3613422
925457
212169
270099
1325310
21617017
69798650
23745722
257970
5607651
49545301
19854928
3330852
6593219
246322
38854932
13404488
240500
309389
1355296
277368
13211684
135815236
12852939
397304
1614527
4420948
3298496
9803005
276186
332837
277590
331294
1049398
272657
297972
16673301
367487
301118
282071
27022230
278184
285742
1279927
106328222
99632037
19929806
1452536
87699107
29789388
59785435
45473006
3657640
10541101
273383
311620
4724250
2901532
49854367
286858
256581
1265963
274603
332269
1357455
63351619
3085912
287155
254459
5624275
41433504
682856
253858
315171
250065
269847
14867075
1159106
336703
3507015
355040
113478228
36499022
8686592
317309
324801
33013401
70395630
293425
275320
1218586
59814545
266076
5389118
13617612
5788917
53518048
6464344
269024
28536918
3191541
305056
285041
230915
337499
899397
298561
277726
1348213
499729
1350375
1132067
10236106
47798619
6566231
70289037
29765245
1365358
1094730
37008013
30582492
8724132
3371081
3563068
343214
258181
269732
1119275
234778
20034017
305829
275069
1045863
5136692
10254691
280423
258163
235337
72112867
304545
7786196
250541
246372
256271
307409
240026
25243696
9788102
19638896
9781620
3257743
1705531
320992
527404
122646976
39801153
281271
243055
280902
32125377
285588
924176
37841758
3085060
308884
21903216
59752351
37582885
331200
292900
2507615
243625
283438
923406
1121696
350221
1895087
60837276
19846727
3749117
47561692
2760640
24908354
3116989
289744
299314
334137
208497
366840
2678487
6797039
87817256
288358
5312387
33471272
295757
278344
963279
5488328
275572
6984945
3554035
261079
5520065
1422364
1417256
279134
287426
7657547
520401
86475416
89628687
3690890
297100
25443355
1397568
3870259
323065
264829
339648
1471629
20737333
19767300
3394586
1394956
19283501
381599
257517
272911
659087
3532389
3681041
554560
2586326
440709
422145
292751
405340
1381562
272384
306649
6308379
280608
300043
337523
268271
273956
352693
331262
303941
1001856
291338
351929
65361418
288787
5340362
53735550
5816234
129808321
12197298
37285185
1348607
285750
1105240
214908
275171
4886052
1357454
283350
272910
234273
310893
61803229
342936
1367120
835450
101231580
1341377
8076716
38577847
256937
344867
1197214
221528
276967
1180555
83948297
267074
286225
89866715
2981820
307978
325433
5751418
69402105
45271079
279826
305764
1449856
211183986
269221
3115945
6076689
345035
795933
313302
1024539
323254
316632
8706049
7002249
48644517
3082344
281045
3291878
4222444
298277
311326
386374
406816
292047
1015079
7878830
31721718
10739567
7238313
180728389
10650011
148479569
3114960
323306
1248326
226144
13909707
49764920
99770801
45374147
288386
55415389
3615268
310003
22354778
21266828
273513
294182
1268455
6134703
9467669
5653930
928643
61848974
282295
10086239
5301361
312138
284705
13175692
9780139
295164
676776
58405793
79799451
29751337
49763279
49796880
29779136
49813192
19793214
43637044
306468
284731
2717035
22474999
9171824
30471635
280042
310361
1484766
266072
320243
14709988
29812238
3058633
323043
337362
39247642
44799081
28493319
36349962
343104
328488
1695171
100727964
46458619
16870672
5977853
10325714
218015
295805
1915898
59819758
6440200
278333
88571798
2084347
280955
547987
6640559
264422
284160
71897452
6469321
109058757
3059888
314196
301312
252343
310472
1372342
217654
315339
1214781
39610813
19793668
1135846
98041701
79759125
29858787
19742247
9812096
29743840
43660445
5972204
39730678
33671742
5927962
39745803
41641699
3639214
310051
356229
246735
307249
1717929
11739667
3674487
314846
367219
242268
330615
33510011
3999311
290014
6970845
1177336
25648914
864130
14269047
645168
504438
38063933
79719276
70258945
54560124
352195
285441
33267236
1412700
313445
376916
308240
301985
15607566
56192092
23003934
1563007
278476
302548
609706
5929323
264845
279407
258634
324372
20488522
16042196
15150412
16112101
368208
8707849
568481
309347
306119
40468432
5705287
1284898
285208
291963
279443
334946
209200
359525
12587703
3886795
760168
37038984
69806789
3205047
6263047
487934
19136163
209713739
3176708
309134
3719694
255584
314460
350273
305912
19920692
10719246
284599
284631
1183214
922465
277386
321307
325830
345280
4206025
6743285
1104753
284066
967326
272446
117196702
168824867
284768
9332183
21645750
689907
68045844
297349
300785
3136478
3749574
3960842
280704
707875
321335
327107
304417
304020
417497
285137
521934
891641
238294
307473
78217073
95250777
314900
3721667
109796516
29946863
61268854
3609779
313082
1520049
38083272
74568363
7953541
9858042
9619153
3887148
5619244
29764840
39786112
3061408
4086442
300157
368444
299353
362101
220433
268606
1041239
290072
258670
1021786
1089498
339943
10736698
1217979
94692836
523692
264276
1186114
254042
2670224
1266132
14873189
11751297
9425072
70695469
271991
274961
31761295
326163
44481104
49799437
1226688
4045126
626563
25317489
304151
497467
6147545
1422640
874245
269164
306100
1521733
203924407
10010405
89731213
3115062
306436
308127
219874
391668
1049919
43616862
17915581
1663624
8469299
399569
324545
57051013
9759087
1400515
3624158
1041556
337636
339007
31985678
22013542
37114681
159790897
59813951
9938990
219825104
278129
259109
80360056
274036
315279
348896
5618304
264840
278100
261345
48472676
10841225
68506784
39708359
304821
291645
1593056
16438728
3659592
365555
1275232
138116281
274496
465118
340111
38593
16221623
126868
33424
26858
34134
182506
5191788
30517
33248
32208
30101
195506
30234
89632531
34445
31801
38340
31099
33140
40102
49699401
34463
35477
40756
34995
5544740
37253
26592
26452385
34879
113251251
31169
28980
138849
29698
44378733
38977
9472442
29325
2954997
33832
16067299
40751
215778
36704
31580
887025
87430
115583796
27190
3015417
120698
31588
32795
31810
30054
32050
185771
28228
37299691
32468
138887266
26885
28737
39787
138940917
54933
31482
45244
829083
29712
34170
31628
30131
24907291
31133
87880
30035
30643219
31143
35321
15029333
30145
36034
399738408
31269
30965
32864
34328
35132
46847
35648
101005628
29730
146755
97815
33809480
28483
23951699
27909
136199
24057774
39882489
32786
32962
39173101
35022
39461
49262151
30418
20801656
145657
51605
196812
32190
87874227
28586
33778
32855
30451
33818
38177
34767
33582
26296
35150
36291
35541
35037496
37130
19538126
34431
93430819
33503
34499
35852
33296
33512
44892
166843
36335
28962
36412
28601666
142149
2507861
155234
34743
9691792
35447
137046
132906
8070517
180930
11570778
136536
38121741
36393
37109
42548
31659
37163
26851272
26908
43151
35333
34930
26409
35375
192581
30682
35120
42171
26610726
35269
32907349
31723
41098
25846455
31666
57329949
39413
11589441
29365
79402014
31581
79495094
29010
2813476
174604
29900
32536
26675897
28615
7543822
89163
54740
36822
40660
37973
34084
34042
35137
35848
28250
20223704
35379
139415
182993
32553
153730289
28795
31107
34185
4474616
30045
136339
32761
102768001
247833
68970117
29946
39598511
28224
59741622
28858
9304809
29517
36385
39365562
32436
10484595
42461
98114362
28846
24027236
34932
54770508
34068
23199054
36367
35311
25353985
33537
53389372
31419
34009
35289
816164
33100
39575
33900
13011909
35203
121674
38145
44070728
35566
13983147
34100
43156170
34194
142037
279165
72957343
29990
30940979
111381958
127503
35347
37245
29200
25282730
37512
35741
89219544
35445
29335
132925
29353601
31511
128916
33984
39546050
28276
7826227
28690
104629
34394
5822594
39962
1175692
37029
51279402
27843
32625
144912
222406
36448
106623020
28334
87408756
34706
30813432
32474
39579884
31795
27759
93672
32481
29697
37021
87071943
34700
29552195
28314
21327487
32234
2532545
260260
31568
33764
424539
34816
1820213
47786
28788509
34880
220245456
41265
69553041
29042
61618332
138208
33950
136951
28114
35761442
30993
2891014
30693
19929923
153490
26193
30607
36785
31309
4081687
216806
119009951
33399
38202
38153
120686670
31428
7710745
28717
128152
195614
33214
26041
30083
149186
31400
16296299
35074
27575
27232
30670
2157390
44446
30359
160105
35962
15493282
34884
32049
147344993
33643
30349
19201397
30953
33444
32823
9061444
43737435
125332
32414
111544
31161
34764
29199
25399
56348
24598
38294
30247
27916
23774
26713
39364
31453
20436
21334
24377
35715
29631
216149
29250
22625
32951
29864
19319
26603
33529
84837
30718
24025
19232
38901
35291
30680
16428280
25275
42167
33891
21679
14734
13551
37742
33695
24890
20700
20606
32622
28431
17894
17910
20229
35735
34386
23110
20276
20057
36259
45250
18425
19263
18059
35967
30366
20264
35423
16643
33707
27308
17175
17239
18346
33096
30411
20686
22336
22530
32230
35621
22283
19801
34236
25839
37462
17615
24351
22395
30052
25491
17497
16805
19428
26237
29041167
18478
30670
26656
22452
22140
22614
30265
32196
23010
24393
30101
30497
33996
38053
22001
23299
32233
32445
22075
21037
21961
29597
30435
26217
23665
21501
32010
30107
24030
26601
29256
26187
28907
38651
30103
39487
30385
25212
23168
23686
25084
31067
29598
19616
26115
23960
31681
40122
23666277
16230201
32096
26613
38416
32821
22518369
30061
25301
24175
28351
29218
22905
20551
24558
30071
33359
24711
41303
37330
31020
35876
24174
23173
25616
34796
31237
30388
23216
27035
31399
36981
19065
46275
37735
25228
44292
41269
39292
38581
38494
32688
24608
31642
33539
124321
35580
36007
34218
33850
22206
27437
32292
33756
19894
27600
38362
37486
34146
29314
131328
21938
32979
32334
25203
23830
24633
31444
34206
26881
42740
19327
34878
29908
30134
23313
25089
31091
33232
34728
41961261
41748
32601
27099
23389
29198
35582
28362
33830
24129
32362
32139
44429
33328
25139
35830
34962
26119
22968
23772
32092
34968
26563
23323
26145
38408
33761
28741
21845
32509
29413
29086
19097
18946
19935
31646
34483
25966
30225
26937
34254
33154
28817
24375
27865
33298
34242
25119
23328
27390
41590
33298
35196
25387
39422
33242
32197
28439
24491
24139
34002
29633
31414
21703
20131
24112
34090
116566
28470
28129
31621
30285
19418
26726
28688
33619
30752
26048
24690
22436
30069
26580
22122
20193
23904
33270
33218
26365
25545
24684
32795
28393
28467
19414
27477
29415
85599
31928
33264
47525
167372
30187
23243
21883
25059
39128
30179
25981
27278
24323
34906
38376
29481
23465
27084
31173
41666
25714
19443
23780
28691
29659
26691
24676
19792
27721
32536
35020
26817
25755
30473
36686
36320
26585
27102
41942
33164
25546
21965
32671
35672
33731
24996
27422
20037
25243
30079
23706
20747
40128
40535
35640
25989
24339
23938
37540
27627
28699
25185
29553
43035
35393
16417
20147
36016
149385
23024
22246
17676
35325
137992
25632
22143
21342
29732
125370
25482
23064
21156
32800
32208
26231
25460
20546
38436
35874
26083
26772
25053
42308
33000
28515
26536
18096
33941
33870
26121
23904
38786
44260
32825
16657
24528
24634
42071
30441
28321
38475
19147
40078
191886
31103
19293
24223
29465
30399
121327
29649
19496
28290
35752
29162
26437
19400
139523
38671
24958
25424
20671
35805
28443
25351
23341
25170
28002
30119
35192
29457
20338
162532
28517
24693
26652
27780
39270
33182
34222
25867
38038
31779
158233
30742
21157
23674
32232
29058
19298
28067
25159
37045
34387
23734
23258
23936
31526
33466
23702
23180
22975
32022
35050
24165
23317
27466
32322
31655
26891
24798
19397
33528
20942
19486
30217
17826
22729
20869
21596
29171
25359
32809
30564
23047
20825
24606
29780
26268
26546
34934
33304
34052
32561
25602
22896
25704
32904
30694
24485
23862
33184
30551
30720
21317
26857
24331
25286
22876
25926
23154
14259
27982
33501
20959
18539
22984
30702
33025
22108
28940
20286
34032
29767
27877
23192
19102
27490
32703
34148
35333
29756
33385
36342
34844
25203
24524
34559
32350
24398
35421
25650
31041
30409
24179
21632
27461
25301
32931
29984
24834
32433
33555
31989
24538
24671
24550
23129
40970
23754
24693
24084
21797
28627
23526
24116
31869
31517
33568
27742
27588
19762
27343
28100
28943
46659
62283
28489
41352
42081
37614
37906
26856
30944
23954
23966
23202
29100
30000
39560
27711
27737
29365
31897
26929
24367
19530
26499
33167
25524
35277
28879
30047
28579
20281
27607
22739
32328
30926
26551
21939
18678
38450
34318
26937
24323
23491
39711
34704
33026
28160
22950
35509
21967
44905
29978
20444
29107
30744
26293
26342
20263
33643
171574
28354
27178
33182
39815
96246
30860
21316
34030
157560
32719
20632
19496
162842
27240
32799
29580
41319
28682
34938
31265
30995
20813
35220
44859
25805
25638
25460
58963
155115
30998
22579
20127
172921
28499
23300
24731
28631
137095
53902
26961
30735
24329
95691
34290
27876
27330
24706
31502
31417
24783
23555
35282
143609
34192
91785
33936
24210
32013
34682
25099
18873
26941
37088
28458
28339
28298
30315
37698
33394
28042
23690
22948
38240
48999
25460
19235
20874
35819
28783
25301
24847
18757
32691
30704
25003
24101
19895
29960
35918
28891
22078
18373
32820
31468
31303
24518
24956
37516
30998
25583
34569
33629
35593
96396
35632
24692
25365
31989
30323
26845
26572
18710
30393
33021
28469
32913
19339
26930
30293
21519
24241
19159
31811
33555
25231
23780
22528
30343
31989
23084
31454
24448
27514
28627
23778
29601
24602
31203
33402
24654
27938
23858
40918
37849
26536
24271
26922
32833
34718
24814
26276
23870
38753
52057
32754
25655
23846
33084
35149
29474
29621
26624
32215
34393
32368
35357
26382
34056
38897
25766
32541
26398
35044
32697
25566
33393
39970
40728
24706
27493
24491
20461
34483
48168
27478
26538
31440
35014
30901
32854
25319
29283
34330
32274
24345
33276
27136
34263
30750
25111
24662
30417
25712
39978
28437
18419
18397
21180
21273
20230
18293
21785
27023
37023
31995
27294
23999
27450
31283
32762
20217
27944
28780
28262
24441
17908
29804
28168
30840
27304
23904
23288
35501
34202
23449
24026
22903
36193
29741
19923
24159
19916
32087
35056
24387
20638
28888
32881
32139
30026
23751
30385
42215
33953
19981
20747
23842
33824
27940
23012
25724
95175057
33731
33630
130005
30187
33756
33572
30568
78855
34350
34344
35245
34368
28250
25210
34690
41779
28148
49208
39232
27930
33824
28661
33958
31927
25483
33759
33699
31304
34078
43703
153885
31217
24377
35042
73909
32401
29682
31893
23633
32921
38580
31542
30644
38667
31780
33458
30774
30437
28507
23828
28833
120707
27981
34824
46273
197893
28306
21306
33224
35098
35317
31321
28021
23592
28591
29603
32037
19736
22597
38452
132305
33484
28406
18158
27950
140827
23004
23082
24539
30249
131247
25466
21947
75002
43958
36301
26420
29131
21200
44037
36303
25239
28589
20642
42620
33006
29658
24978
18533
59299
32750
30992
20999
24084
158405
33613
25612
28723
24648
160540
32187
28555
26735
25115
154295
33041
29276
28232
20171
37739
29229
19097
18150
27038
31031
45417
26191
25151
22258
30904
30347
33581
21891
44262
29493
40374
26442
22194
30221
32330
36498
29278
25355
25193
29433
30998
25123
24402
28805
38610
31599
28882
19049
24185
31518
34012
25290
24530
25025
33941
31327
26861
30859
33027
34361
34333
26091
24844
24736
37145
33677
27296
24186
24912
33789
34534
21014
24634
20943
32875
34008
28032
36904
27126
40344
136808
26542
25203
23900
32935
32058
26839
25594
26983
43975
35215
25995
19353
27501
32190
33623
26019
24030
23619
31776
30839
29764
30507
20698
31650
28036
16967
27005
21449
27095
33556
28021
27551
41391
31514
34377
24107
24798
21032
27380
29401
27483
23515
26410
32134
46840
31642
38322
32115
34150
35457
25179
23289
24956
26037
22994
29277
25063
32250
37801
32932
25680
131510
27237
31602
33917
24393
26465
29359
34431
32823
35917
25409
24648
29525
32655
27009
23393
24956
36754
25819
20196
22645
18730
24260
20973
18484
25666
20468
27653
29411
21659
33613
32366
80929
29128
38374
30435
28735
33018
27905
20335
18738
24944
32522
38743
25688
26167
41864
32438
32438
26211
28316
23185
44500
27248
22648
24409
24726
26300
31181
21661
27729
30419
26813
31163
23635
18898
18936
30652
30025
31644
24467
24954
32097
33476
28473
25746
22612
34856
30517
29592
23074
18870
30792
35123
31686
25380
24597
39952
26940
20813
25334
32929
33555
32364
27889
32611
34031
36585
33131
26208
25843
25014
41211
30015
24227
23788
19452
32288
31193
25105
18390
29184
35735
31299
24788
23665
32865
71520
29140
20452
28463
41726
27879
38456
27102
19977
35658
181964
26452
20617
27813
35569
31676
39473
32142
75674
35972
30762
25438
25017
27790
45406
156543
27576
32362
37495
63930
32067
27218
24814
25287
180831
32749
21356
19943
24914
131166
31339
25680
24188
24515
116543
33644
24788
30365
25269
149549
33325
31321
21068
24070
31532
29050
27994
21431
25299
36041
35621
42267
29721
24548
19018
77217
29066
24355
26165
28732
32103
25684
27585
18890
31027
29627
21466
45836
29168
32818
31580
22090
23210
23112
32845
14666727
34595
49079
121723
4242589
32669
28289
26588
36761
33017
21573
24157
18505
36887
32691
38731
24229
24744
28724
27394
26045
19762
25333
29628
36943
26802
25191
19167
32206
32011
29221
34938
30196
37015
33741
39519
42632
38925
33028
26798
35092
32422
16951
23946
34001
34563
28596
26568
22938
33116
33362
28441
37452
24952
35809
32795
20247
21941
26301
26985
25026
21384
19169
24048
33050
37432
26620
19439
22174
33038
38505
22010
22148
26414
31711
38545
28723
19955
36892
35303
36390
25987
47587
45269
34552
26658
22884
31073
23335
32685
40772
28994
20967
25801
34647
27851
21171
27018
24760
47740
31398
25514
27038
23332
32961
32622
22449
31245
32236
29009
28299
20514
19363
26966
28627
33510
21711
21952
42947
32193
29874
19947
28900
27817
31239
32637
26087
23579
35938
31143
32699
27080
26194
24754
29315
38440
28079
24123
25273
33292
31881
26398
26709
28111
34327
32307
28821
24187
20195
31213
24333
25535
18420
20205
23555
21541
19803
29161
26260
37675
43017
23539
25450
29283
32245
34086
25646
24291
27167
32421
32039
28010
27937
28022
40700
32041
27522
41181
33142
33349
34429
27815
31791
27314
33781
33273
27009
25009
25163
60988
32969
29761
26021
25377
30507
32767
25958
25027
30291
31018
33823
18833
22665
26409
26803
27675
27344
19179
24767
30690
81255
24297
22190
36750
29245
31945
33865
36897
86774349
35926
33029
31382
42159
32552
37855
31198
39113
29599
30626
41736
34461
32404
180019
29307
45972
45156
35231
25701
29299
31659
245109
28933
31670
102452
35652
46365
39750
22142
30463
32151
28347
34252
27563
35175
36109
37333
38373
26681
34028
35562
24020
27267
199620
28742
29311
71174
29929
37430
20464
36720
29043
22266
30918
150311
32592
29136
38470
29277
33930
38656
26362
31767
27250
38516
38254
25622
148139
30397
29543
32506
27576
31428
29343
21521
30680
39554
28256
31402
37506
131105
29762
22641
29577
33053
31742
31259
131473
27220
27727
137888
26482
30949
25406
25876
30772
29325
30704
44145
21426
35235
198391
29962
186289
26922
24949
151741
151410
30699
681551
29194
27479
151787
30917
33290
44669
30913
33083
28914
69693
33793
22543
29824
198120
138605
32426
36243
29508
38908
42841
32122
28886
26959
31971
162578
36321
28886
122069
31849
29342
40329
26763
32222
26773
89886
375956
27620
30989
34451
31620
31063
49183
32133
32053
30378
32931
28499
29783
30921
35972
30988
32021
55087
33021
25799929
33595
31616
101921
37073
30465
33655
35085
27990
38081
30100
153468
25750
36287
36085
29179
28971
162308
41329
149603
28909
24744
27671
31338
171132
34337
27855
30746
229963
32508
35089
39571
27453
35043
33206
137548
176608
27420
30588
161810
26083
28216
33063
129340
27459
33896
35255
28603
31093
35716
34397
32798
35445
38741
34395
36885
32179
32214
32067
31688
34330
165615
28146
31990
36074
34050
31125
20494
33192
142953
29179
21166
167092
31961
34395
36010
29423
34723
31007
27422
35168
27216
31650
34551
40017
37620
36580
36993
24403
29100
29271
42005
32579
27422
29277
35557
33509
22625
26673
347074
25612
27302
69553
205382
35939
26759
28368
31302
34952
29866
212823
24417
43610
34892
27755
30654
24824
34020
160403
28331
36581
166939
91374
38352
43275
32181
35343
176698
32859
38656
25949
32358
181957
52056
39162
292859
31650
30384
35852
31998
35333
31680
41271
35381
33897
27117
134967
27320
29824
33100
26890
30445
36231
33366
30616
24872
31810
33089
28170
31856
309219
28289
35227
31041
23495
26532
171624
130601
22358
19558
28975
37211
32262
28450
32263
29699
29198
35090
38063
37115
22704
27976
36710
51463
124474
152611
24076
102190
35463
28679
30983
21484
35377
185924
34607
34677
60420
173533
30630
32204
36009
31606
36022
24281
123478
30812
36383
38707
32485
34450
23291
32564
38706
29992
31516
156353
30862
159177
36676
27046
31904
32838
31662
153627
26472
30560
42823
35285
30714
33063
36203
229304
38702
34676
183773
32743
50188
37331
22384
33000
25899
24158
168038
33846
30784
133397
37594
40653
35540
30995
27708
45264
30846
30298
26332
26897
35398
30106
31542
14540689
197024
30363
27845
169399
32093
55343
38300
32389
32791
28968
31929
126507
24246
29265
134989
124650
29242
34735
29473
27328
143194
29519
28004
23179
26001
36710
32232
32538
19864
29788
34154
36584
27417
146461
29042
28557
35437
38566
38789
40968
36995
133389
29533
28711
41498
33751
32330
246833
34470
32833
31844
27459
31560
26644
37213
30439
27789
32436
39982
31486
53330
28983
34866
31898
28629
520814
36610
30118
47167
165186
29543
34878
27218
28287
45196
33607
33212
33290
29559
29279
30073
35311
141815
22323
34002
27714505
26467
34583
33125
33647
28902
36620
85679
39565
35812
26077
27294
31921
28924
32327
168489
33571
31838
36401
31979
37608
33637
29547
36748
29922
30011
33244
22972
34202
48442
33053
74292
42349
32326
39374
32368
34487
158171
101670
36934
141279
28857
36933
182434
30040
128679
27567
36271
157135
29435
31282
187061
35457
38791
163239
33210
38592
36060
29878
169726
24011
31440
234564
35397
32504
34920
28565
32097
33170
30812
35449
23192
30914
126014
26339
34040
46415
243955
34752
21537
33497
29006
33186
30100
41281
27247
29984
38773
30475
32699
24811
112259
142775
31589
31684
164957
30447
31735
33685
29196
34451
24820
44234
27542
26969
27129
143262
31266
28258
142360
27961
27513
31341
33514
29880
30181
30393
29391
29528
29331
37231
29511
25253
25815
35480
32326
26293
30383
38089
47936
33819
29155
36134
148356
25434
31000
159027
33701
29991
34967
30423
37232
31865
33814
30914
34355
29879
37640
34224
28882
37969
29439
33334
28611
33136
31852
20300
31669
35613
29028
34830
26629
35726
34549
28479
31649
192423
32304
35768
33585
28699
43029
28791
29317
29892
25572
30183
40956
31819
35335
46579
30674
123808
29197
30326
27827
124574
32282
31560
26974
29197
47607
27661
29717
19724
24736
35407
26442
28457
180582
31292
32642
171497
34827
24123
22270
35365
30243
20265
30349
174765
29643
35646
46679
28485
31937
38775
30464
36425
28304
29737
34922
29333
31239
99059
30959
30527
28902
34539
31795
30886
28106
30344
28253
30080
31550
33735
173899
24327
31967
97532
44626
29070
20249
34860
34868
28727
29226
39439
27666
29090
39142
31576
33007
24653
30923
33886
29708
33907
45998
34063
21566
23343
23110
29425
20099
28281
32574
29130
28278
197715
217993
36633
25720
30933
28427
26430
42177
40312
32928
41187
39971
31123
36443
25650
39047
126877
27653
31392
36735
30553
32755
36656
122956
184285
171328
136130
125757
22603
22637
727488
32969
33198
23295
31364
32271
30176
34212
25814
30197
37330
32909
29132
74014
26400
30935
35189
27420
36326
22443
33836
132403
27447
36077
137899
36836
40276
70136
31422
32319
140854
27576
33420
23664
27286
39489
32186
27757
150292
28114
32005
141217
29876
30513
27898
35664
231962
28767
27781
149984
28582
31876
29610
31781
33462
34328
35425
69998
24796
30668
29449
32497
27859
50116
29092
30900
34936
34749
29986
29619
27886
156166
29850
25817
35593
83610
38624
28623
34549
32481
34022
33743
33437
26691
36832
32518
31799
30107
44005
37050
215918
184806
26447
30668
104351
33653
130638
27801
30492
40603
33074
30886
102129
23144
33930
70239
27700
27026
22781
28787
144537
43396
32017
151397
28842
29899
402562
23962
32225
26285
26372
23866
22889
24808
45382
33435
29002
36757
27899
29469
31317
29270
124558
25874
31189
33478
40304
28699
28952
42399
29305
22330
31235
31119
31656
32575
43576
30085
31293
36843
31201
29058
26970
30888
35361
35671
32757
147561
26704
36121
44528
31552
27605
20855
39105
159546
25989
26887
36237
143428
30646
26345
25989
31638
53962
25950
151283
22946
27530
48631
25798
30989
21795
28401
30135
27637
49191
43273
30646
138706
119564
25572
26594
36818
299637
27324
20831
27709
38068
30814
26050
83642
27408
33387
27917
26833
27052
22415
27360
66384
26468
30710
42496
137584
28077
60450
30385
48326
36674
26089
152349
69447
27635
46956
29670
41922
33254
35236
43167
31391
26995
196796
34573
33946
41591
162062
33328
22904
28998
146102
25347
26378
120184
27529
27124
76039
29623
26450
24866
35736
34056
23968
29200
123063
24023
35760
29030
30201
34966
27246
31364
29706
23968
26929
69325
24108
29753
39214
29285
28860
45811
26468
36047
32530
29022
203223
29535
33733
30675
37544
29359
34527
27677
140604
33380
27378
33386
25436
32441
152151
31378
27144
43945
31209
31083
60715
30492
27994
22472
32825
28395
26644
30833
151391
30726
29513
39579
33420
29614
30835
43226
34130
25459
33994
135833
28151
29223
40505
31464
35084
23161
40571
33432
29838
29139
180223
25871
38380
41846
29171
29724
19128
28183
139875
29959
30179
93365
24668
29456
38853
23561
30692
30840
31652
34092
25596
27841
28938
26139
32285
38895
33023
40391
27250
30758
38600
29133
24173
111818
28988
33013
171736
27807
30232
27785
32699
146447
39075
32659
36985
36245
34509
32098
29150
37961
25057
32723
141207
30203
34227
31619
28547
45209
40802
33641
31237
28950
27383
152579
29226
31209
56023
34022
33968
26622
29879
33797
25842
50881
195613
30704
27430
31756
22742
29756
31702
35626
31975
22096
32364
124490
34469
31991
26100
32450
27819
159484
26154
31179
87662
185860
31472
32706
34965
31404
30109
28503
147778
28554
33523
31602
28787
34850
27342
35698
27528
19678
32400
164594
27063
36365
31504
31056
30313
21548
34698
34937
23842
29138
206189
30871
32387
107471
25174
35834
39838
27424
24399
21466
33218
34259
23453
37578
171488
30541
32278
32639
34008
33835
255205
30089
42952
21622
28082
157180
26832
34926
96693
28619
31784
203417
47854
25914
30969
38821
38085
31372
31444
174525
27010
29499
67406
37014
34563
24010
35836
32258
22125
27565
31474
28340
27411
154352
33376
29752
173399
34878
36323
31107
31697
36217
25600
33623
205654
37099
31915
40420
23896
35874
39545
32993
31558
20755
37087
140626
22752
32739
109859
30618
28406
92488
32701
31456
29701
34954
31580
28607
30714
206290
32430
27395
145002
28728
36728
34026
30727
35922
28910
35291
35339
26509
30632
141496
31724
32244
42253
27338
31851
30485
28229
35900
29323
32288
32837
20340
29459
117716
43789
35692
40649
33976
30429
22154
33937
31588
28928
27203
151309
31422
28813
39725
27567
32283
26702
32498
126885
27011
31299
36860
31188
28675
30075
34462
34376
22998
28301
137616
27428
29830
39959
29429
38148
27425
33944
32512
19591
27230
170141
29265
30153
31610
28663
28390
22907
28693
31496
33617
28197
31943
32206
28487
34064
103115
33930
26943
27655
31023
22024
28836
107165
24604
28625
104250
25729
30844
30359
29952
30243
22427
29265
137431
26532
32278
62886
29014
29479
26227
27699
32179
22670
29301
149725
31502
29283
123507
30542
30720
40565
31892
31387
30516
34437
162956
26207
35383
128341
55079
36160
168227
38671
32625
26490
33973
30137
29396
32592
205300
27028
47029
38785
32839
33589
26706
31339
32051
29165
34168
136599
25296
36260
39250
33643
33202
27619
27721
34350
32743
27066
126407
27551
29042
39474
31084
28094
29251
36171
32570
28333
35479
117007
29529
31512
31642
27071
32478
198096
157296
31979
27428
30559
31408
30367
37919
214502
27697
34429
38306
182264
34278
26506
34950
188654
33511
28052
21432
28469
34030
25053
31055
36698
28080
35890
117175
25257
39282
37123
28477
31889
22324
34881
129361
23774
39619
42795
28437
37336
24299
27715
26947
26813
33030
171442
30161
30243
44683
31088
24581
162016
29514
35203
28289
32539
28886
25574
29245
138078
29001
38015
44186
27775
33719
21078
29104
33996
21334
30333
116004
26041
33138
155150
30580
31985
28064
27560
31660
34818
29593
158554
26807
31474
144844
30851
30225
39914
32193
28633
20236
33525
31239
36357
37550
159311
30179
41985
36253
36115
33747
24993
34351
176548
29068
27356
122345
27679
28912
34623
33120
31324
29950
32784
138449
23208
26667
48626
34789
35415
28158
34467
34857
28033
30603
193065
32386
34816
137292
35124
34112
23750
32758
35377
20284
35676
35631
25063
32924
30784
21747
34295
30971
32610
129714
21520
28938
36109
30244
33845
27266
28782
37588
29637
30918
34505
30235
30028
190595
33962
36392
50589
33687
30458
20370
30047
95943
24356
35475
141354
29038
30241
37773
26796
35453
28948
32647
32138
19694
27278
161309
31054
30076
906539
29796
36267
45919
30591
33976
25964
35555
35521
25311
30820
170440
37282
35964
40264
35477
34711
32861
21440
37257
26222
38482
169636
31618
23899
37424
28171
27547
22714
30798
26683
26182
31844
51649
26699
32235
69852
27384
133889
39046
33382
37645
28824
39743
36944
26532
61015
182290
19475
25616
32593
28690
36766
21378
34489
28693
27990
42322
160875
34290
29102
170885
30159
152339
27301
28176
28465
31345
28666
169770
27972
33641
40130
127222
41628
34513
27937
32378
30397
34862
126589
25945
33687
296013
24847
26828
45037
31342
34772
38719
55610
37968
29132
31297
145403
32460
34504
35808
28337
28285
18304
29562
27901
24000
25452
162886
29010
30999
80692
27392
100263
154235
29295
29325
19993
29746
31890
104620
30084
30608
45342
31611
27816
43546
30083
35606
26833
30272
31175
23605
35732
101350
28126
37159
30802
30393
29607
20794
26557
29796
18487
32326
139798
22867
26522
33418
39148
32978
21408
28337
36906
24009
32558
201018
28423
33592
47800
30353
32352
49740
55356
173084
31825
30742
31618
28262
30578
153689
28735
24442
28000
27571
33460
34635
29258
150110
29098
33148
42767
29321
35878
29341
27717
31866
21035
30353
140700
25303
33584
36012
28072
37498
30231
28451
36991
34325
32192
34417
26899
34404
194701
30698
29464
65153
34918
34540
31151
34026
32025
41621
116637
40815
20562
30840
132248
26227
35427
35589
29595
27998
23411
37444
33162
30391
34409
157433
28480
28896
40068
28505
42335
32787
37307
33229
32360
36584
198852
28090
24107
157922
26945
33997
40938
37922
32394
51641
28142
36598
38817
40664
39827
86560
34293
27382
35020
41123
34928
34660
214137
32996
31051
31265
35590
38997
35296
29995
33054
26641
36121
43432
36442
34187
39075
29188
35263
25179
32997
33442
27200
35186
138950
27384
27644
135657
25573
29926
113462
24123
26611
18940
24433
31432
24607
28583
140569
27721
30032
33647
34355
29435
19109
45180
32755
27338
32564
170589
27095
42185
34096
29298
29481
30760
28899
34134
24870
24991
194477
24501
33194
37511
43779
34317
20648
143483
31692
22158
31295
40626
29553
29176
25542
37105
34454
21979
28707
162128
28635
36139
200527
31695
31744
182049
50274
26972
20316
26612
27657
21693
33226
155989
23493
30912
31257
30686
29256
38292
38811
29528
33555
26445
123000
28595
26282
115034
28440
35094
25576
25761
32422
33923
32366
44480
29139
34300
28719
25438
34114
22284
28038
30565
25939
27811
138137
21803
28473
31173
32867
160645
25766
23110
40554
32174
116564
161551
33043
54404
38885
31288
34241
20955
28739
139858
29165
34382
152484
83231
32007
47413
34924
37575
26316
33110
35724
24614
34625
40581
36720
27392
28271
28222
30796
29092
30007
136231
24674
29104
34051
51756
31357
27611
30866
35249
31025
36702
156120
28548
30993
31782
27043
27886
36039
31908
34034
25664
38464
199376
28050
28130
39531
33477
34270
25280
32222
32615
31294
35201
38733
33974
35369
40269
33685
35531
26548
33467
134756
28725
32378
59281
30120
35557
28735
24151
29970
25346
31613
101979
26533
30391
36806
32153
30951
27760
35938
32352
22264
30704
35589
28380
33929
134906
28879
28830
130719
36417
36361
22264
26613
36905
25289
32637
366706
24551
31059
26715
31591
36575
36951
49760
32980
33120
31111
148562
25454
27063
42213
30592
34372
42720
34180
53432
34711
34754
171820
30598
32178
33488
31762
33013
21888
30479
43165
25921
30339
213317
30574
28176
305730
28063
34779
39152
29722
33136
24375
31071
35237
32037
31494
162295
25835
32015
44130
32448
37149
42664
192293
34251
25019
32746
34745
24335
30746
148769
28334
39701
36926
31097
31308
26351
33833
134544
27926
34415
29875
26529
30211
35289
32454
31423
108579
29742
31354
22808
30604
33136
24916
28577
105357
34380
28505
113975
33369
34914
21370
29866
29164
26759
27481
105823
24694
34399
38067
29074
44563
35889
149509
32364
29477
35828
129608
34421
29735
39805
31568
30769
24850
33873
33536
26112
32995
129141
30623
30862
42444
31936
32941
35008
36911
26005
21192
22598
34858
22386
28077
48003
29267
28583
30413
35633
40669
25780
36554
35094
31571
31051
40702
30408
33328
25746
27535
32217
23073
31181
144943
31527
30534
39791
34385
32414
37259
31074
26911
25374
30137
127568
27563
32108
39879
30407
24965
26376
30951
33577
29156
33825
123213
29096
28295
122158
34954
27670
104505
30848
30661
25762
34521
31067
25057
30174
119132
28623
33573
304809
30016
27809
22431
25165
30634
27473
31937
179514
47217
31114
30022
28186
38696
28838
29487
31101
22713
35722
172471
28393
28859
167729
70405
29388
28088
34762
30664
24934
38605
394798
28934
32314
145079
96166
36602
24125
31570
32185
24387
31541
177543
26723
29000
37503
29639
31843
30724
31526
34663
26925
30451
159422
31237
34793
131953
33517
32678
41247
31581
29673
36010
33503
31852
25207
28814
151740
33984
29134
34477
30616
44442
27482
28776
41826
18920
28820
30307
19883
29417
184250
30439
30109
36983
28132
29437
34313
32199
27319
20819
31465
118288
27068
29213
42085
27460
30700
34709
27386
30801
24498
34581
29798
19802
38769
169671
27266
34176
39623
165227
26627
18812
28796
26711
30411
28545
133157
35051
28916
140059
37689
231850
32793
41232
122279
27008
29074
135903
24949
31053
34790
30990
37556
30325
29265
28096
27568
33091
170987
25251
32421
39376
30271
32677
27974
32957
55181
25566
30401
186304
27019
22188
36879
20935
26558
27892
28571
43590
38135
37391
175851
32699
33870
61421
24018
28651
22760
26446
37144
25483
33831
137437
32106
196295
32592
29773
31731
19774
37231
28601
22601
32983
125324
26275
28220
60958
28038
36585
22583
35615
31067
24848
30983
147175
32504
28042
28980
33348
35680
29245
31875
165539
34281
34168
37931
24692
38370
32979
33544
29249
27417
31327
36453
32195
30267
44747
33789
31694
21062
32885
28418
28172
29196
131619
30061
33028
50264
30044
29871
26066
34685
31616
22735
40276
166908
27294
41722
38723
34028
36835
425370
28241
31189
26779
30226
35914
27090
33731
166364
33462
26905
42058
30429
28627
29673
41844
27440
130805
31737
32555
23619
33665
28219
25288
27655
141645
32929
35269
40355
32593
33563
35808
37771
34513
28351
26685
32498
20567
26962
164275
35623
34707
39719
26149
28032
30231
34410
32795
26325
33416
199108
29062
34469
30299
28172
30780
22382
32437
28737
29211
38922
35653
29653
28212
68160
41474
38625
34599
30522
29565
25999
30848
35596
29111
27907
39945
26178
36267
38667
28355
30879
25093
32302
134510
28724
51244
167610
27306
29361
199854
29988
30843
28635
29772
29479
34134
25746
157946
30014
32300
34867
30330
31686
40292
35702
35633
22717
29217
32460
24909
31920
152317
31780
29794
263737
32551
32801
28377
28010
135082
26763
30734
60537
28922
36213
28342
137737
39481
27502
27777
31931
35134
32660
130370
30213
34782
39272
32757
35638
29407
32264
177296
26013
29080
41933
29315
31570
27226
32723
28203
27876
31823
168718
32887
29924
39230
31695
27947
33779
30522
30988
26394
32368
231379
30033
33899
165923
25674
30929
40521
31456
30246
24651
34168
36840
21815
27829
162816
29185
29780
45807
27711
31969
26144
30744
34816
23056
27699
47285
28635
28756
26160
28525
34973
28839
29487
163409
29651
31119
34531
27734
30832
23036
36193
31993
26051
28583
40291
33455
28161
27238
31129
38807
29607
41682
198099
27294
42979
170314
31103
31315
25073
29728
37580
21635
26300
45621
25316
25572
24339
33064
30989
29176
31540
252920
27996
31947
47355
33232
30658
28966
31035
30687
22727
36893
182723
30397
32104
853382
28917
32863
38163
36465
31270
24273
33735
29397
30075
33378
44236
29702
28717
36345
29046
31881
32141
28685
182871
24233
26728
44769
25913
28184
27133
35331
29736
28036
34763
136442
27410
29565
42309
31960
28366
29404
32545
32787
24201
32531
147568
29923
32111
41816
35024
35922
30191
32859
55861
25247
33443
142773
31306
27503
142075
32536
32640
40211
39264
29342
24883
33109
27110
36766
30287
161372
26037
31903
36987
34013
31556
32056
30112
28517
27673
31249
148456
26672
29084
37016
29732
30077
33166
34232
31943
23473
28202
159286
25321
33268
38882
36163
35481
27581
32059
34443
22293
35684
112851
25253
36726
166441
29684
36018
26688
32986
31774
26210
28460
166911
25059
54114
34122
27717
33842
35532
34910
33844
22956
27120
48429
25093
29565
35328
35046
34557
33458
29075
34093
27785
25813
30428
30444
187385
27031
38298
36700
30533
31554
25647
27555
35586
22076
29189
153512
31873
31254
193169
29006
35649
25866
34569
34240
26622
33887
174276
30323
41272
104315
33034
35546
35563
32962
36409
27579
31011
28679
27372
34539
130119
24812
33019
43016
102627
35636
47435
28011
29933
27971
29206
143902
25924
30218
50891
32138
32978
24532
35319
31989
27439
28432
111922
28479
30913
38014
29895
31428
26984
36427
31235
28198
30949
269411
28926
30805
31574
35995
32915
20838
63378
34542
27521
28793
48693
30435
35892
25650
35467
33746
32530
33115
170602
35614
32229
38849
30016
39388
69397
30592
27505
19719
33770
31693
23214
34487
189870
26967
35260
154101
30293
32520
32610
29521
29097
21416
32147
32767
26095
34950
173465
27731
28185
119312
34765
31576
24375
33384
31599
38741
30383
113302
29792
27920
31589
33515
34565
23833
27625
165905
25688
36371
53940
29710
37194
24756
33344
40565
19706
28120
168450
28319
28817
35636
27521
30476
31183
32672
31540
22996
31051
122095
26328
27749
159605
27882
28828
34569
29333
36371
29725
33943
126228
26487
37657
40210
29164
39443
154394
38277
171236
40010
30453
34611
24810
27957
142537
28343
30273
36832
35215
36213
31815
30997
28553
24302
26935
32686
28373
27752
112259
28056
32184
42077
33603
32721
21877
33268
31521
26481
31604
155581
28332
31196
75072
34808
26963
20642
29182
35022
23359
31367
36806
27489
29944
28717
29691
27973
217187
26614
31770
27765
30173
156080
28124
31088
34810
29120
32931
33493
66450
40581
30077
27324
39537
28799
35371
30817
34413
27687
21597
32332
30736
28076
28445
116053
31489
31029
173387
34627
31472
26397
31546
34637
27573
32114
136825
30377
33769
622966
23351
34923
25952
34345
36905
27767
100451
133151
33605
32381
36744
33917
32751
26107
33051
155996
23665
28527
49003
28681
29281
29575
186709
29018
26004
29539
173430
29808
34222
50225
29322
33925
46655
34184
36584
23986
29643
33216
22835
30315
133221
32063
36039
144144
32600
38023
27121
27072
34948
21683
28641
223196
29904
29130
142264
30311
35393
38813
42983
30477
26073
32655
130502
27280
30151
144617
32095
30174
32244
27613
41498
27071
26531
31075
25054
32624
152773
25712
31712
44374
30187
35529
29313
30251
32351
25644
39332
147718
32871
35658
42915
30632
32061
39142
35068
33132
26300
32217
224486
28309
34856
40493
32195
32680
33045
39826
40032
27625
28220
38390
21779
33341
243748
28978
32458
189381
31056
34513
32527
35366
154886
23387
32599
156367
30029
31221
39646
31734
34444
30748
33919
41126
25578
30804
162842
29944
35862
37604
29034
31077
36272
34403
35226
26465
31606
32286
27413
34741
143286
25089
23644
61382
33186
35176
42726
32369
180137
35780
27056
142623
30527
30309
36863
31820
35106
31388
33188
39094
37403
31881
242340
28697
38028
37480
34018
30787
27326
32691
33087
27447
29505
209954
26489
30776
122460
31268
27976
20361
33919
31383
26918
32558
148274
30239
33294
40642
29866
31081
25755
32418
29789
24327
30367
177091
37975
39523
37305
34240
33548
31053
27690
29261
24507
27233
149290
66000
29617
45747
28643
37194
35175
28379
34110
27791
34643
163484
27365
35884
42055
33502
33443
27812
34577
35431
23554
28837
160860
26928
31588
74208
34691
30851
25678
33714
35631
28108
33122
111977
31626
27652
37764
27878
35740
60275
35068
218199
26628
31397
161135
28626
33457
35022
33483
37151
28651
30009
212344
28296
30498
36947
31843
34380
28250
32330
31841
25752
29702
168492
