1392701
176004
3459190
3893017
3892058
3863529
3895488
3906143
3905553
3905767
3855344
3906277
3895661
3903970
4015308
3753185
3907654
3910795
3856743
3922556
3913447
3903604
3923691
3841580
3898120
3901029
3914383
3864225
3902962
3915019
3904414
950214
2805856
3896874
3904206
3863465
3905166
3921485
3905580
3906631
3859617
3882840
3898815
3908345
3846331
3903295
3905958
3906578
3854459
3906366
3904615
3906479
1518723
2250480
3905619
3896290
3893402
3855285
3905091
3906168
3904921
3865327
3904378
3907139
3896379
3872777
3901848
3892108
3906085
3913273
3846348
3912507
3914422
2048339
218534
203045
207569
211087
213388
4153823
3857361
3902473
3913149
3921678
3913186
3854444
3905891
3902978
3905497
3856237
3906809
210418
3613782
3867339
3894137
3905723
3913088
3847863
3911712
3906225
3906297
3905130
3864706
3906028
3912904
3904907
1460267
2306246
3898591
3922422
3860579
3903562
3913533
3904725
3865221
3915478
3884897
3904156
3897116
3858195
3902776
3905585
3905791
3855697
3907130
3913590
3902590
3904083
3865672
3898842
3904128
3905327
3859211
208336
3607595
3913129
3865460
3904440
3905586
3904572
3854245
3906583
3904391
3906241
3905544
3859728
3911023
3904910
3905593
3859520
3901014
3905204
3908469
3819204
3883575
3870965
3892404
3862871
3815271
3872995
3865241
3872866
3824198
3875718
3875024
3874168
3874444
3836349
3879090
3863285
3867214
3824289
3871634
3849265
3874875
3875840
3823579
3873867
3873401
3873646
3825160
3866558
3872271
3874626
3827509
3871760
3881859
3893844
3912427
2918165
239216
189062
225205
3744865
3870523
3890402
3831113
3871618
3882658
3874446
1168866
2500848
3868344
3882067
3820881
3879692
3873103
3880209
3880040
3839321
3856823
3863349
197579
165178
177807
236937
3871566
3824484
7866316
3875475
3870012
1733757
188905
162677
190842
176130
178519
145910
4123354
3871179
3871231
3881028
3822866
3873147
3870256
3875063
3817738
3870730
3871854
3882113
3821291
3879133
3878966
3870016
3864108
3811539
3871702
3870692
3878552
3816931
3871447
3871419
3884542
3868031
3823319
3885091
3873461
3871863
3838783
3870327
3880465
3881306
3830767
3880856
3871600
3891880
3862474
3823171
3867517
3880309
3874722
3830335
3871142
3894572
3859151
3881038
3814589
3869955
3880030
3870414
3888663
3829961
3882216
3873080
3872071
3821640
3869655
3863900
3871777
3832183
3877595
3872457
3873173
3825037
3865163
1475914
2275743
3823628
3864668
3872496
3871046
3822547
3869184
3881559
3872261
3871884
3820780
3870469
3864105
3871105
3821735
3869585
3873209
3870932
3873793
3820109
2025680
177947
196468
166511
175386
197112
4122332
3883891
3868572
3834812
3881818
3854377
3867837
3876588
3815830
3872540
3871098
3880280
3824167
3871588
3891216
3859814
3829534
3871698
3863025
3879852
3872409
3830969
3872552
3872360
3873169
3823317
3870882
3870860
3863755
3878534
3823509
3880184
3873637
3880213
3813550
3879806
3872361
3880223
3874274
3814889
3868253
3872256
3880243
1435521
2275935
3880649
3888501
3810873
3868490
3872745
3868551
3834751
3870076
3878359
3872452
3831191
3880645
3860439
3863645
3872677
3821030
3869646
3872283
3882625
3824562
3869251
3870487
3872752
1874536
179676
177682
174278
178742
179132
178413
3940008
3871773
3868709
3824240
3872286
3871438
3871700
3863313
3821910
3872067
3874846
3869299
3822796
3871981
3889528
3874956
3884407
3811114
3889024
3871973
3864497
3822178
3870860
3891093
3868277
3867442
3840310
3335989
3811960
3877781
3881629
3861131
3823709
3870379
3848501
3868803
3831856
3862846
3877627
3870853
3875263
3821790
3871090
3871613
3887037
3821166
3882103
3873053
3863181
3880365
3821628
3875131
3880527
3874029
1440070
2270923
3856640
3887232
3819016
3867415
3873037
3872155
3821627
3878894
3881991
3879576
3815654
3875783
3872582
3862346
3880339
3821609
3880432
187982
3571340
3815503
3871107
3871520
3864342
3823743
3866857
3864404
3873776
3880281
3824475
3880003
3881271
3895406
3815788
3893933
3850445
3875473
3869382
3820110
3879350
3864682
3879349
3830376
3881710
3869396
3871932
3818582
3875094
3868689
3873098
3820835
3870770
3882334
3866285
3870520
3821312
3862990
3871104
3878992
3831165
3867673
3868608
3874353
3870814
932982
2732227
3861627
3869467
3823459
3872997
3871981
3872391
3821928
3881419
3867778
3873512
3829426
3861334
3878846
3870226
3880882
3821147
3880139
3869135
3872552
1476051
2223002
3867827
3863724
3819922
3872528
3871882
3879962
3822338
3881929
3866922
3863817
3871869
3813222
3874069
3867781
3874034
3822136
3871799
3872866
3872236
2025003
178330
187494
167258
178436
178388
4127345
3820400
3870965
3873042
3870844
3822096
3874681
3877449
3867766
3821588
3872401
3881922
3870840
3883478
3819152
3889964
3865763
3864201
3812330
3871470
3872787
3872384
3872814
3822146
3866460
3862686
3877205
3815468
3870979
3870715
3872046
3872622
3822549
3873995
3872700
3871857
3822674
3873531
3872116
3867467
3816867
4030189
3721674
3872007
3872831
3831065
3889756
1375028
2393971
3813496
3870932
3873940
3871802
3830781
3879345
3881154
3872102
3814534
3879168
3880229
3862141
3878942
3830829
3868398
3875812
3866680
3830283
3860386
1874682
195223
3933286
3811239
3870767
3873543
180008
3523691
3874892
3873807
3867992
3822399
3872118
3863205
3871803
3883194
3812838
3872496
3872646
3879760
3822001
3880896
3880362
3863522
3879391
3819588
3881532
3878206
3870726
3833285
3870947
3864427
3868525
3826979
3869074
3868750
3879379
3889295
3821406
3863683
3882474
3873346
3823079
3871219
3861585
3871292
3872732
3822903
3870424
3871680
3880884
3823140
3871051
3873205
3865325
3871433
3812472
3871089
3881737
3863555
3824828
3877834
3872707
3869997
3815641
3861655
3870501
3871536
3890073
3819126
3888468
3877687
3869007
1719128
183617
177939
177618
226364
228955
178882
3990017
3886463
3873880
3817116
3863494
3883703
3867313
3811987
3872511
3881576
3872083
3871972
3823661
3872292
3873089
3871012
3824127
3863378
3873956
3869857
3871541
3823782
3872941
3889767
3889059
3821241
3891928
3867212
3865484
3831762
3870673
3880457
3871224
3879751
3840172
3851321
3870590
3864695
3810866
3870017
3881313
3881795
3869856
3824741
3876989
3861311
3870603
3831675
3851962
3870250
3872316
3871911
3823134
3881002
3872570
3887629
3830046
3871513
3880307
3862614
3829635
3889301
3881110
3871812
3889851
3836846
3880896
1473090
2273517
3823859
3861594
3872800
3872048
3841019
3879064
3879794
3868293
3814013
3870092
3874399
3878821
3865709
3837522
3972134
3780635
3871896
3839695
3859173
2022339
177699
189501
174651
167160
175975
4120751
3873191
3872632
3821971
3871284
3871705
3880959
3816549
3866974
3874262
3872731
3826602
3879107
3870681
3890887
3863445
3821482
3871879
3864342
3877836
3820692
3890439
3871786
3892381
3859178
3820810
3867487
3887613
3862981
3828301
3871347
3880729
3881638
3888646
3832194
3868060
3876110
3861222
3832317
3288555
3879231
3871057
3881023
3879436
3840366
3879884
3873419
3870171
3821903
3864168
3879583
3880770
3820544
3871278
3872147
3887372
3871856
3582092
4111601
3863781
3882434
3818180
3872270
3879617
3872350
3838965
3869981
3865131
3870538
3871649
3814213
3870912
3872017
3874851
3818347
1424405
2332442
3862534
3827622
3873213
3861444
3869750
3881421
3822551
236429
3526088
3822130
3872417
3872494
3873640
3870442
3818170
3873167
3866471
3873175
3821199
3872278
3879962
3870942
3873232
3820450
3865226
3876892
3869821
3819880
3880996
3871268
3877709
3828326
3862640
3862010
3873675
3859605
3819243
3874043
3869933
3872808
3821700
3883021
3864379
1225114
2474074
3863997
3868372
3874825
3819302
226759
3532110
3861596
3821340
3871341
3872887
3880952
3864402
3838923
3872948
3882251
3865348
3832892
3877884
3873499
3870304
3871511
3813970
3886864
3870425
3872514
3829990
3870975
3884789
3868121
3839452
3868781
3883042
3859432
3870085
3820051
3870666
3870980
3872479
3832081
1471909
2279185
3869613
3833871
3863953
3880843
3859791
178426
3525023
3873082
3872118
3830888
3872408
3880615
3874491
3866041
3838536
3873657
3871321
3872643
3829643
3871599
3880595
3872020
3835870
3867641
3884670
3866264
3880299
3830466
3872636
3888526
3862738
3838065
3870973
3872235
3867978
3872542
3824138
3868373
3862273
3879194
3819443
3220813
186474
184762
3859270
3865042
3871898
3873665
3823606
3874096
3868871
3890304
3822622
3888858
3862212
3863474
3871792
3828378
3871782
3873463
3880235
3821570
3871822
3832104
3870082
3818103
3871137
3871136
3883218
3869829
3829866
3877483
3862999
3885171
3839747
3862548
3889198
3868801
3890506
3830614
3873148
3875958
3869054
3820175
1422498
2331150
238228
218093
222689
437816
3578446
3831122
3872213
3889465
3872650
3840342
3862312
3879507
3871319
3884868
3826675
3871648
3883329
3868721
3821779
3871575
3874161
3875125
3822685
3872397
3889690
3870125
3881302
3819944
3887457
3859765
3869665
3820524
3867752
3872425
3871029
3872499
3821226
3880957
3868132
3875063
3829488
3873545
3866481
3872595
3822739
3873037
3870637
3873027
3882886
3812767
3871049
3874195
3865371
3810529
3868723
3872320
3872963
3873851
3830303
3871803
1875378
188487
167080
165192
176812
180547
191940
3920583
3890058
3877597
3875772
3874226
3821707
3870883
3862120
3871187
3821064
3875581
3869675
3878770
3886555
3822307
3871846
3871966
3888372
3870934
3838302
3889914
3875845
3871733
3822972
3872945
3870025
3878132
3826715
3868501
3879293
3872385
3820987
3872863
3890251
3871375
3871557
3824036
3878539
3862283
3879225
3824037
3878485
3869884
3880446
3872722
3813950
3879832
3850335
3874141
3816873
3870480
3871827
3871852
3820155
3880604
3880181
3872666
3871559
3872270
3813572
3870738
3872551
3823060
3871707
3872713
3881421
3871785
1735372
168889
188842
166686
194747
177090
199335
4069406
3881097
3828562
3879210
3871786
3873197
3873569
3813068
3871225
3872546
3880932
3822004
3884196
3879606
3860288
3869752
3822118
3863800
3887851
3871758
3828478
3884189
3872359
3871588
3833323
3860424
3869424
3873519
3867409
3822472
1426253
2326238
3874435
3838651
3869008
3871365
3873100
3825858
3859601
3880481
3860769
3870876
3830667
3863475
3880023
3871599
3821406
3872296
3879511
3864845
3829835
3869751
3878379
3869235
3880507
3821171
3872209
3860032
3880374
3813793
3869817
3872998
3850880
3870577
3838718
3887241
3868339
3871131
3822404
3876661
3392093
3856046
3816947
3871645
3873419
3874976
3869087
3821085
3871115
3872414
3864594
3822632
3880224
3870773
3871368
3858093
3817463
3873990
2027771
226567
176380
197110
223295
178526
4032141
3871591
3829950
3871582
3870435
3858363
3829862
3873928
3877049
3870190
3872285
3821838
3872466
3880101
3871188
3811044
3888627
3877171
3892318
3869189
3842049
3869825
3865451
3880198
3812061
3890567
3855162
3868215
3875817
2069207
217494
228280
189321
224306
226904
3831650
3872896
3871636
3872253
3813710
3860679
3870142
3873529
3829179
3872036
3869480
3872654
3877654
3819202
3871125
3861931
3869352
3822953
3880411
3872379
3872840
3829824
3875804
3875315
3866833
3874430
3816398
3871393
3872076
3871937
3831033
3887960
3872364
3864152
3871176
3821465
3863099
3869705
3872696
3821991
3871851
3873125
3875676
3872737
3821703
3871005
3873264
3878744
3842954
3826659
3861917
3927556
3769837
3862783
3867866
3879484
3870744
3812993
3868746
3872245
3882405
3819528
3869360
3888062
3862326
691942
3023887
3872957
3876803
3820483
3872378
3870930
3873646
3870807
3876625
3816176
3890500
3866212
3814420
3870203
3922000
3822854
3872063
3840434
3868295
3881321
1226479
2472406
3873449
3867799
3873036
3838829
3870565
3881412
3871793
3811936
3868704
3863852
3880837
3883321
3818985
3878574
3871967
3889369
3814677
3888019
3878800
1724411
179446
187386
166143
179142
176368
177739
4072823
3871980
3880635
177982
3524040
3872379
3872146
3864832
3819573
3872693
3875213
3868322
3886171
3821516
3871074
2132068
178883
185492
177623
176136
179371
4038222
3871695
3834426
3874075
3863921
3869101
3820176
3872721
3863552
3881414
3871274
3820344
3877710
3882036
3878797
3819758
3871370
3890692
3864605
3402897
3813658
176153
3574873
3822287
3873282
3882029
3863570
3874446
3823819
3886115
3863143
3881190
3872294
3834848
3877628
3872603
3878235
3821540
3872114
3875082
3866925
3829533
3886689
3880350
3881157
3832682
3863898
3869834
3873458
3876399
3808119
3869694
3872347
3881617
3819293
3879955
3879479
3872672
3871655
3828327
3889296
3867677
3881641
3831289
3866237
3871623
3871173
3870434
1975587
202731
185364
185293
168236
176323
4072167
3870974
3882054
3870558
3834239
3867364
3872188
3862486
3812077
3870474
3881261
3869953
3872543
3817331
3863791
3833492
3868248
3822694
3862283
3867572
3884122
3861762
3821948
3865486
3879368
3862155
3829810
3870745
3874618
3869596
3823987
3868562
3873041
3871674
3872904
3822070
3872797
3877955
3871686
3862435
3821485
3881675
3866017
3876488
3828528
3869326
3880207
1326411
2382372
3876784
3882778
3881422
3837581
3880524
3889652
3874591
3810617
3864707
3880692
3879431
3863978
3829579
3869770
3871267
3872051
3829294
3877985
3881278
1872874
227200
188693
225449
225227
179513
427989
3523783
3872740
3872455
3870250
3830088
3873864
3871700
3862523
3869944
3822010
3871590
3887520
3879056
3879096
3820466
3882255
3869916
3862436
3818896
3874967
3876461
3881524
3885956
3828388
3882323
3869423
3839827
3871029
3862460
3869942
3874685
3818194
3874571
3878698
3879121
3822323
3880176
3872630
3880740
3870414
3821024
3872405
3871919
3874762
3820343
3868706
3871128
3880672
3826452
3864845
1474644
2274727
3822382
3886889
3876761
3869850
3882074
3819737
3878382
3864750
3870470
3830575
3871214
3873525
3871355
3873454
3815391
3869641
3873750
3887695
3818598
3862913
3870865
3880772
3837407
3928343
3827295
3878850
3871079
3840142
3870395
203434
161533
184138
188163
3971338
3872607
3824089
3870730
3871556
3875939
3866838
3837936
3871423
3882410
3868197
3831821
3872038
3871450
3880569
3821176
3863770
3869802
3889049
3872196
3840080
3870172
3880774
3863100
2683356
166038
187741
177722
4067572
3864628
3872564
3822249
3880456
3880779
3855742
932463
2773343
3889497
3872303
3869217
3821509
3871713
3883425
3869597
3822223
3871931
3872068
3879921
3807318
3870221
3856676
3871416
3870942
3832648
3879519
3866114
1475250
2225714
3872868
3879265
3859142
3832016
3870180
3872504
3869761
3812354
3879627
3879638
3863265
3862165
3821358
3872159
3875807
3869137
3830653
3877741
3870171
2033891
177683
183462
177360
193235
169647
4118313
3873404
3830428
3872606
3871550
3870506
3823148
3871146
3865395
3869627
3822278
3874236
3871972
3880501
3870060
3824969
3866943
3870638
3872921
3839509
3888740
3889218
3888705
3942429
3776379
3857131
3881421
3872940
3822176
3866083
3871275
3882341
3889582
3822359
3878859
3870687
3872053
3822650
3871126
3882374
3870926
3821337
3871129
3870507
3874397
3872320
3822113
1373865
2374220
3835248
3858340
3870987
3871903
3875329
3829782
3869382
3871813
3875804
3816266
3872366
3870193
3869950
3889517
3829736
3889228
3870849
3865862
3817273
1872085
178265
185736
178122
175098
178802
177756
3973031
3871025
3829675
3880091
3867323
3889193
3821307
3887861
3870525
3873046
3872167
3821722
3872921
3872095
3872274
3820638
3875504
3859582
3876302
3821739
3871017
3872244
3886587
3873675
3822368
3871860
3872436
3889944
3811395
3883497
3876481
3880060
3881609
3821353
3882581
3849407
3878381
3820980
3857675
3879487
3862458
3872259
3819800
3877802
3878491
3864396
3830270
3879747
3883107
3866933
3281272
3871348
3821527
3881805
3882002
3867175
3830981
3873311
3869784
3863569
3829989
3870278
3881851
3874480
3869221
3822636
3874134
3870775
3877651
3812827
3866736
3884169
3870951
3888847
3821906
3864168
3867624
3865178
3820787
3884085
3865047
3872222
3824091
3872437
3875150
3875723
3880763
3838587
3873006
3873892
3873210
3818098
3872303
3872440
3880247
3862995
3822581
3870706
417806
3292602
3884551
3866965
3888845
3882305
3820000
3891063
3869408
3870566
3821987
3871847
3864095
3860589
3880278
3826632
3879741
3889536
3930192
3761138
3870541
976154
2783222
3815395
3867556
3887216
3872210
3832248
3865344
3889172
3878194
3881574
3880990
3830277
3860692
3870487
3824019
3871758
3873315
3872625
3820556
3880764
1478073
2289013
3832152
3860343
3870973
3871615
3889364
3838987
3878614
3872261
3871925
3822152
3874295
3870011
3887040
3877744
3818684
3888979
3871468
3890079
3819237
2032349
176902
190589
174982
190569
177814
4138679
3872602
3879037
3828109
3870060
3881546
3866713
3871584
3816190
3868449
178846
3580177
3830950
3879348
3879800
3870688
3831644
3872188
3864840
3870628
3822222
3872238
3872078
3879338
3871871
3824035
3871488
3876504
3880191
3804272
3870980
3882469
3871713
3883986
3828290
3862508
3887638
3861433
3821492
3864099
3870612
3871249
3873266
3821372
3889335
3880543
3864787
3779598
3869373
3875282
3867218
3822093
3873771
3870674
3890422
3870510
3823818
3870194
3873307
3873106
3812460
3879406
3873571
3871223
3871737
3832566
3870047
3872812
1874111
178320
188349
164708
197892
190017
194573
3937307
3878087
3875989
3874140
3838046
3872277
3880568
3859440
3819862
3874310
3868694
3894215
3878497
3823308
3871186
3872541
3881502
3822573
3874446
199287
3921745
3888960
3874291
3828058
3871682
686642
3013389
3877142
3867964
3871688
3872672
3971954
3731709
3873014
3879140
3840357
3870587
3890951
3867295
3869330
3840856
3871659
3880913
3878762
3839021
3870248
1243965
2533994
3840522
3861259
3870236
3891078
3830310
3872524
3880606
3872585
3870591
3889241
3829425
3865979
3867989
3820786
3881266
3880345
3874206
3881180
3824114
1791170
186043
192551
216449
987701
3826528
3885648
3872600
3882798
3822060
3872183
3890809
3870894
3867129
3813324
3891382
1416453
2331187
3814916
3885348
3856851
3878607
3821074
3872177
3864832
3870162
3873996
3827970
3872599
3879332
3869562
3830103
3888905
3870505
3875709
3833755
3873202
3870682
3874274
3886224
3821825
3881514
3871135
3881514
3822212
3872427
3886998
3871648
3873816
3822265
1234256
2531111
3820417
3887745
3870785
3881096
3872176
3838341
3870858
3888067
3888015
3826169
3875170
3868893
3881158
3871282
3831448
3869212
3881067
3873672
3824002
3887910
3863392
3880664
1473098
2234203
3871944
3883045
3819075
3879660
3880957
3873621
3873758
3822459
3883662
3873338
3879822
3819259
3888004
3890118
3878606
3880090
3829099
3880949
3880137
2034134
186429
154632
203631
144366
143581
193929
3837276
3882077
3877619
3881976
3831588
3880022
3864257
3879116
3817179
3875115
3870264
3874093
3885732
3837503
3879177
3887852
3856048
3823349
3888425
3878590
3888867
3831030
3871970
3882974
3887337
3891000
3830429
3873861
3884886
3879977
3831934
3887590
3879103
3888770
3880207
3812187
3873370
3880035
3872248
3829218
3888565
3877783
3890627
3830571
3868729
3877314
3889664
3870760
3833064
3884571
3877090
3887594
3832609
3889564
3875950
3871372
3883172
3830070
3879905
3877254
3869624
3227764
3877494
3890361
3878395
3838025
3880501
1933160
189140
194095
173834
183789
187088
195250
3924445
3829123
3880632
3888662
3879549
3881680
3840465
3851593
3888901
3870041
3831162
3879518
3879205
3954082
3778728
3830684
3889685
3865021
3885053
3828821
3879480
3890264
3890003
3826382
3879648
3881089
3863610
3874340
3824661
1329680
2442502
3880779
3839625
3862984
3889400
3880213
3838703
3889834
3872478
3852647
3813493
3880067
4028546
3739853
3877914
3840133
3881964
3888972
3871005
3821154
3888174
3870475
3873080
3877536
3832928
3864121
3880849
3878843
3822170
3862887
3869680
3870965
3872627
3833617
3885835
3866079
3887754
3830530
3878770
3891400
3867619
3817883
3880501
3889377
3882571
3881062
3831406
3879073
3874785
3881647
3862906
3831175
3868092
3887895
3887410
3821316
3871168
3871774
2132833
176902
209563
177368
173032
188339
3971880
3828404
3869378
218833
3530240
3802524
3871689
3873019
3887740
3816613
3874259
3870595
3881742
3889461
3819872
3878903
3873487
3881298
3802099
3870325
3871690
3872509
3823545
3869802
3863519
3870947
3875164
3820414
3871668
3863629
3870424
3830021
3881362
3878277
3891105
3860393
3832407
3871990
3883313
3858497
3826797
3877613
3879225
3880348
3823806
3862326
3868427
3870342
3880764
3828653
3869685
3887970
3869612
3842603
3879029
3878011
3878927
3870429
3822069
3871270
3891089
3870154
3814661
3874120
3877355
3870811
3871638
3830549
2023505
188302
225975
227282
190303
226595
3992005
3872520
3862989
3820716
3881696
3862900
3873708
3823434
3871896
3885124
3872463
3879742
3829116
3870475
3887401
3880114
3820782
3880210
3871693
3868294
3884589
3827385
3860671
3885235
3871559
3829859
3870806
3870489
3889897
3848890
3827448
3460522
3865419
3873610
3831554
3871319
3881689
3872759
3822187
3871281
3871988
3868967
3880750
3829876
3870678
3872569
3871899
1326619
2375609
3868573
3872987
3829357
3879809
3883227
3867542
3820674
3870463
3871655
3873859
3871228
3813252
3869725
3881208
3880406
3822492
3876653
3864161
3878236
1872390
178005
228198
178879
192208
176709
226083
3825282
3872487
3873134
3784029
3868317
3871834
3871018
3862381
2064265
176457
178198
197839
172877
177610
4021882
3871189
200235
3568867
3807450
3866683
3880216
3870779
3829150
3864153
3860891
3865954
3818611
3870569
3871781
3865025
3871226
3829956
3873603
3880688
3873451
3821710
3871154
3872743
3871372
3865608
3816612
3867237
3867849
3872765
3822198
3873354
3878537
3871444
3822480
3872681
3864112
3878853
3873433
3821555
3883470
3868008
3872928
3821187
3872535
3889185
3862354
3888515
3836726
3888817
3888882
3876304
3815167
3870782
1774566
177960
178202
178594
175282
179197
179437
4074164
3836302
3854525
3871904
3889360
3821457
3891159
3853990
3869835
3871968
3838789
3871781
3872782
3879982
3822190
3879994
3873612
3864084
3870272
3822528
3872380
3887733
3872068
3821046
3873280
3880702
3871602
3821176
3863038
3878583
3874891
3878616
3819851
3870023
3872086
3869626
3832195
3860748
3864476
3869019
3822301
3870781
3880838
3883937
3885109
3818011
3869952
3871324
3872021
3821897
3871858
3874029
3869693
3890130
3822187
3880687
3871771
3868666
3823333
3862226
3871366
3871820
3822173
4030048
3720069
3881164
3870333
1476489
182031
183651
193147
190856
194091
175102
195210
4036818
3813399
3869296
3870460
3872140
3868854
3814347
3867943
3871064
3877459
3830310
3876754
3862300
3878236
1973774
177609
187807
182383
186403
177476
2538596
3811936
7865231
3871724
3873193
3871078
3821646
3865646
3869306
3871805
3871793
3830855
3871544
3877925
3889446
3827734
3888935
3878467
3862047
3879112
3819920
3879681
3871427
3863409
3822172
3869325
3871131
3871933
3863506
3820148
3872606
3870875
3886302
3829545
3873138
3866915
3080269
183301
224085
3971311
3869622
3828706
3872989
3872313
3871361
3823465
3872500
3870737
3873738
3813767
3877509
3865290
3869021
3880617
3821222
3879607
3872034
3881618
3829854
3882289
3861125
3879893
3881154
3832353
3868926
3862448
3877833
3822428
3880020
3871147
3863641
3868226
3821990
3870028
3880846
3887022
3822938
3869541
3872932
3873296
3822443
3863630
187624
3563384
3840897
3872064
3878356
3873687
3892147
3808627
3869819
3863266
3869656
3822482
3874059
3879866
3871512
3830238
3874046
3871537
3874919
3871126
3823076
3879209
3888074
3886268
3821728
3863824
3871244
3871398
3871877
3822596
3871796
3888721
3869717
3840592
3879712
3878651
3874035
3820536
1224635
2523427
3882521
3809379
223255
3522946
3872953
3821110
3874536
3869268
3870836
3880344
3822225
3879313
3876458
3879246
3829790
3878863
3881346
3868553
3831190
3870340
3884591
3877391
3869124
3827418
3881659
3879898
3880070
3809887
3879836
3870849
3879634
3869823
3822759
3875108
3882507
3874734
3839288
3877337
3871703
3878142
2122109
187736
177140
166133
184235
177703
3973163
3871498
3873092
3881850
3871333
3841187
3863607
3880468
3864897
3829821
3872744
3892275
3867605
3880852
3820974
3891597
3868256
3871844
3812322
3888794
3875892
3890945
3819198
3861580
3877709
3861652
3864773
3829922
3898882
3872370
3867709
3830681
3884565
3882899
3878649
3871198
3831655
3872220
3869128
3881427
3838977
3872655
182940
3963015
3870445
3873450
3821138
3872747
3870843
3872589
3809533
3872844
3873021
3883434
3869231
3822535
3874510
3769741
3980067
3830573
3861381
3878932
3871440
3822690
3873250
3870429
3879170
3870877
3820283
3872197
3862271
3870821
3822661
3870510
3882364
3887351
3879800
3821679
295786
3470976
3831496
3879228
3871771
3888731
3861580
3823489
3922014
3827841
3873305
3820070
3870969
3864343
3861554
3870081
3821847
3881083
3878588
3881478
3823069
841426
2922741
3889787
3808751
3877989
3870977
3880323
3814820
3877818
3868818
3889877
3871396
3833199
3874871
3865191
3880736
3824912
3876699
3880544
3870807
3830167
1376098
2375105
3872889
3814666
3870501
3871717
3878855
3868517
3822075
1616935
198967
194845
175042
184295
218990
176180
193782
3823136
3880798
3872865
3877963
3874012
3822721
3880491
3869755
3880815
3818898
3873443
3872960
3874043
3809053
3870127
3871690
3882050
3862344
3814327
3870198
3872761
3889619
3830502
3880341
3884427
3870990
2390251
225690
193450
227938
222518
3940280
3870085
3829413
3871580
3874171
3871662
3826007
3876667
3868996
3863241
3872025
3823153
3879803
3872891
3871011
3784793
3869856
3872357
3872057
3865250
3828366
3869999
3879354
3870087
3820200
3867543
3869806
1235079
2472585
3872971
3864037
3870438
3824387
3886071
3877517
3872822
3871748
3880448
3821410
3871600
3861901
3821662
3871838
3871517
3873102
3844093
3865903
3886283
1724883
229122
223090
217394
223722
178484
236169
3838555
4021852
3722795
3876785
3868382
3823331
3869693
3862872
3877879
3822229
3881531
3871795
3865660
3870087
3822182
3871659
3874657
3876971
3819044
3872734
3874820
3874594
3827169
3872178
3871182
3872385
3878840
3821038
3880424
3888390
3867850
235994
3814094
3869920
3881195
3868854
3821644
3882106
3860673
3862345
3888406
3826428
3874516
3872880
3879642
3828755
977464
2792069
3862531
3839997
3876190
3888432
3871568
3825444
3868173
3877810
3872260
3872315
3822774
3864807
3870193
3872322
3823896
3871559
3878947
3873463
3821906
1526373
176883
186306
166223
176655
184666
178426
179409
4122669
3722686
3872229
3889329
3867619
3832941
3860379
3869251
3870327
3874182
3817876
3872931
3873639
3872910
1984884
168196
196888
157317
187649
176711
4139019
3879936
3845303
3868614
3821130
3872116
3872221
3871844
3861518
3823445
3870305
3887109
3878562
3812302
3880812
3869645
3872741
3831886
3870316
3878169
3879966
3871003
3822115
3880991
3890765
3870905
3821671
3872953
3873231
3863202
3878801
3821210
3880483
3883163
3874275
3836777
3871377
3872593
3868612
3863089
3832239
3871757
3881147
3879794
3820935
3863327
3871340
1327981
2381154
3872612
3888148
3870763
3830353
3880077
3880823
3879455
3873274
3822620
3872645
3872095
3863075
3824089
3870568
3872282
3874397
3829820
3873437
3872131
1875900
186348
173077
179137
191564
175500
174945
3939667
3878564
3864414
3871841
3873561
3821384
3871887
3863860
3868807
3821111
3874648
3867209
3868923
3820811
3871135
3873423
3871154
3876588
3815638
3879770
3871288
3885697
3835982
3874608
3885501
3870464
3881764
3822670
3873469
3869556
3872171
3821538
3872123
3872723
3871477
3824801
3870784
3872364
3872379
3869822
3823165
3874051
3870508
3871617
3833012
3863339
3874114
3872339
3873128
3840297
3866150
3883156
3869766
3816219
3869500
3880594
3871808
3872877
3821365
3871424
3868753
3875194
3823433
3873726
3871864
3873095
3822532
1775591
185277
227726
196471
181072
194456
228138
207814
209539
190646
187143
4071103
1374574
2334729
3862670
3886180
3858364
3832478
3870882
4038726
3724756
3821033
3872587
3880606
3878890
3889686
3818105
3881451
3871221
3862490
3828462
3919809
3832725
3869936
3871717
3811596
3869248
3871333
3864728
3827306
3862949
3879661
3871638
2672755
228858
188470
219568
3965263
3874446
3870350
3824020
3873360
3881792
3873008
926818
2773637
3873496
3862933
6057327
229721
195120
232443
227278
226481
3872308
3830819
3870998
3862414
3878421
3867398
3833542
3867783
3887943
3864880
3812865
3872932
3879179
3870897
3869798
3820205
3871652
3875321
3882208
3823537
3879022
3869767
3730727
3972410
3881116
3862063
3878893
3871284
3823907
3872420
3872708
3871835
3821109
3874460
3879330
3862029
3879629
3842918
3883013
3868780
3879499
3839569
3869651
294181
3481347
3831322
3878714
3868895
3879317
3820561
3869591
3879262
3921475
3837909
3832370
3880583
3861741
3869959
3822366
3879570
3879655
3871355
3823614
3923295
777038
2923263
3821086
3863857
3870125
3873687
3869041
3829984
3870989
3872604
3871994
3829775
3872566
3869807
3889782
3869632
3841035
3873905
3869011
3871746
3822184
1377698
2375691
3873264
3832033
3868220
3881018
3872018
3812549
3871169
3876128
3870190
3870167
3822983
3861189
3889738
3870861
3831869
3877636
3871769
3870814
3921174
1824743
178399
188506
207578
174993
178535
177764
3871906
3864719
179219
187703
7232463
3871111
3818163
3871195
3870740
3871103
3837170
3891399
4015896
3729822
3869567
2373526
186570
176850
4689530
3873005
3885949
3881697
3812893
3886395
3878411
3880165
3871404
3821697
3863590
3876662
3874072
3869043
3832345
3862168
3876274
3869213
3821692
3879928
3870892
3880887
3818664
3872784
189930
3965857
3867782
3823028
3880550
3878747
3882359
3851195
3817949
3871830
3878859
3870895
3822747
3871692
3873520
3871052
3819017
3874563
3876545
3877077
3881608
3829270
3862975
3833596
3857141
3821623
3878177
3873454
3859658
3885694
3821770
3885718
3879020
3880808
3820688
3890419
3880079
3878207
3823936
3874735
3872540
3871391
3873236
3823607
3871358
3880871
3862545
3821899
3874702
3863153
3862688
3872112
3831694
3869159
3871811
3881434
3814130
3870583
3862964
3886110
3819241
3889431
3871540
3875448
3874341
3824933
3868854
2672993
224243
214523
226454
3969607
3822547
3880369
3880169
3872878
3822495
3880321
987456
2762263
3871427
3815491
3869789
3872102
3872571
3822490
3873200
3880335
3881747
3820222
3890595
3859114
3869320
3822757
3881466
3869161
3880434
3871351
3829390
1540535
184724
184756
194318
222228
194295
227596
193877
3862395
3886643
3861871
3881285
3870408
3822338
3864716
3872076
3868711
3829907
3879533
3873967
3869481
3871859
1981315
227955
233874
228321
222920
228439
3874342
3870395
3871517
229306
3474051
3878747
3870503
3823727
3862714
3872308
3871130
3879786
3828112
4024754
3719252
3871473
3832630
3866148
3875824
3866852
3873267
3829428
3877576
3874732
3867456
3881540
3828574
3856886
3871502
3863790
3819329
3889585
3878637
3879871
3835322
3878584
3873109
3871229
3822788
3863409
3867996
3884051
3877941
3822934
3874430
3880745
3872565
3823647
3872693
3847466
3863331
3870591
3824306
3871024
3876819
3879439
3822012
3873603
3873331
3880983
3827264
3868585
3887934
3880239
3859844
3818449
3866574
3868826
1876308
177616
186990
176293
171669
186717
194950
3937174
3872067
3890913
3857489
3867465
3828392
3872349
3888430
3865349
3808649
3416739
3870783
3871602
3822382
3872020
3871527
3875501
3824703
3864004
3879856
3879026
3871791
3821522
3863663
3870393
3890532
3820126
3891835
3882544
3867334
3880408
3822395
3869714
3871153
3871115
3821542
3870862
3872115
3863533
3818689
3872272
3888354
3875002
3870555
3821068
3871829
3878204
3871322
3837012
228059
3504717
3872032
3820150
3875255
3868456
3871722
3822393
3863353
3870849
3864706
3872826
2068646
194458
174940
166022
177579
180168
4017830
1765394
178955
176188
185112
164559
194140
178168
4087658
3878343
3828182
3869521
3882768
3869476
3820032
3862514
3870381
3873786
3827245
3881420
3869891
3872365
3871359
3821380
3873967
3878123
3863626
3822852
3873310
3873738
3872044
3872264
3821596
3872194
3871763
3872975
3813268
3871333
3875471
3867039
3821664
4021384
3715670
3870841
3881134
3971910
3729955
3869312
3889530
3815218
3866097
3868168
3868862
3921085
3771492
3870718
3872465
3871184
3820440
3866107
3885360
3863312
3830254
3869826
3874600
3876551
3873999
3829266
3869172
3880806
3871058
3832090
3871917
3878928
3880497
1476550
2226699
3925560
3821143
3879076
3839475
3871444
3870739
3872000
3872062
3822753
3871994
3872483
3820691
3869794
3878032
3888606
3859100
3818812
3862523
3878891
2024572
178295
186867
218446
225649
176756
4038578
3828912
3870553
3874052
3871681
3872602
3821413
3871984
3862229
3871117
3823005
3880271
3870510
3875500
3870105
3821666
3872060
3872105
3864428
3828109
3872764
3881334
3870761
3821797
3869041
3872391
3874834
3868290
3830549
3854088
3867969
3871769
3830519
3857309
3868997
3873386
3871107
3824064
3869639
3863814
3867367
3841245
3876390
3877925
3872623
3830979
3863820
1374332
2376780
3831048
3879571
3869193
3872891
3307010
3861646
3822047
3873372
3622400
4123088
3871595
3813552
3870691
3887629
3873006
3819501
3883576
3868310
3879879
3879381
3826744
3872210
3876706
3880475
3832204
3863296
3871311
3874464
3819393
3871181
3880773
3871946
3879198
3819834
3878994
3879407
3873263
3822207
3865022
3871893
3869839
3821448
219416
3523689
3882148
3822031
3880669
3873031
3889062
3880646
676648
3034467
3875612
3861373
3812410
3886461
3871373
3871797
3973063
3722556
3872999
3871074
3814190
3867917
3869092
3884967
3866578
3805360
3887963
3860062
3920330
1124718
2525648
3878974
3863573
3820069
3887588
3879776
3860104
3829711
3921969
3820963
3871389
3870355
3812653
3869518
3878437
3872541
3823711
3883367
3864849
3870583
1735135
175669
186797
176957
177406
177331
194486
4071439
3880764
3871304
3872920
3823057
3877305
3871368
3872029
3830214
3854973
3873159
3879117
3811880
3888285
3871493
3880478
3871428
3824342
3865714
3871349
3881016
3832864
3837312
3868947
3879758
3872676
3831542
3869698
3863674
3870738
3830396
3868217
3874422
3871105
3830405
3871716
3871458
3872621
3862886
3826786
3873479
3880719
3874545
3818325
3872636
3871084
3873425
3868375
3840167
3861349
3890006
3870378
3841523
3885620
3872002
3871867
3879146
3818001
3889393
3862258
3867893
3825525
3867689
3872147
3872072
3821318
3875382
1473609
2277610
3830969
3854027
3877423
3880953
3871357
3822690
3873200
3873812
3872655
3822873
3875573
3862044
3868629
3822875
3869544
3871778
3873529
3872142
3824523
2025583
177764
187894
184837
178317
193478
4121141
3872769
3866798
3815142
3873384
3879996
3868863
3871677
3838816
3868234
3891807
3875145
3821940
3870611
3871570
3870813
3820716
3871985
3863446
3888842
3866951
3822810
195591
206112
173581
188949
3918421
3881595
3870617
3820756
3859690
3888756
3879770
3822120
3872683
3871402
3895517
3871766
3822459
3883375
3865596
3889893
3821099
3888736
3870098
3889836
3869689
3822782
3894116
3863513
3864458
3819470
3878911
3886245
3869904
3828030
3871117
3871641
3871465
3872393
3812826
3881352
3878488
3870394
3821774
3878338
3872330
3881974
1873837
227663
186147
217942
217724
223757
4093009
3825214
3862311
3872909
3871889
3822022
3872034
3890745
3861793
3886748
3822958
3875368
3855796
3865032
3819322
3872877
3870841
3871454
3814097
3869425
3892333
3868989
3881232
3805863
3872260
3872839
3875595
3819561
3870468
3863952
3869468
3831973
3872505
3872741
3871916
3871720
3822493
3871686
3870692
3894244
3813355
3888863
3880655
3871490
3882045
3821620
3883050
1223727
2533545
3827939
3864200
3890194
3869574
3812137
3868879
3871891
3870839
3831641
3979072
3788563
3857353
3887661
3811458
3888313
3867314
3873573
3821197
3872600
1774052
180093
186148
174062
174038
178265
186569
4070859
3825408
3877745
3886810
3879153
3891330
3820618
3863844
3870580
3887974
3821588
3870169
3873681
3873697
3821694
3890462
3869272
3888184
3872619
3829719
3872101
3889124
3869353
3830879
3873590
3883827
3869412
3870716
3815265
3869693
3888944
3878024
3837475
3870910
3874506
3870478
3832560
3873407
183223
3581193
3820554
3881590
3871258
3879763
3871501
3822626
3872796
3871155
3871541
3817373
3868319
3889285
3879894
3820298
3880112
3871837
3880931
3873721
3821453
3883718
3866161
3878788
3822037
3863044
3878264
3872384
3870312
3821912
3871242
3890520
3868142
3833477
3861223
3870422
3873292
3816822
3880445
3872238
3870119
3870483
3813276
3885075
3870941
3873854
197127
3913433
3868936
181689
3568357
3822432
3873697
3870208
3872162
3869393
3822426
3872089
3872219
3871240
3841238
3861069
3892081
3878302
3888337
3823177
3862011
3868550
3863515
3821613
3872344
3873069
3872539
3826129
3868986
3874184
3887246
3879039
3820988
3872126
3873966
3879231
3814293
3872339
3881492
3871738
3821951
3874546
3869327
3871801
3871071
3821374
3872181
3870726
3889632
3802998
3888307
3868393
3873117
3869109
3834467
3867751
1383486
2380817
3829361
3878282
3877987
3879895
3820378
3863548
3878387
3871969
3873132
3819195
3871340
3891904
3876306
1441268
2289411
3862779
3889335
3818237
3871103
3871692
3871324
3824355
3877708
3870358
3880071
3821721
3881547
3871310
3873196
3873676
3821700
3880978
3888804
3887758
3838621
3870333
3870509
3876094
3870080
3822831
2433037
176847
197562
192651
193967
4021594
3872389
3865853
3865355
3871540
3822448
3869552
3871712
3873048
3827593
3882096
3870199
3880554
3828955
3873083
3880980
3872134
3888751
3822753
3886620
3871696
3871829
3821280
3873391
3871159
3872274
3872128
1178152
2528518
3872675
3882087
3823623
3877720
3870594
3877847
3820246
3873542
3870584
3873600
3840298
3904173
3870419
3881112
3876099
3824637
3878308
3869051
3871448
1735930
218058
229348
197854
225837
195393
227869
2130968
238566
228915
195847
218704
4121535
3830248
3860094
3891022
3869799
3831330
3871448
3870507
3873934
3836664
3871009
3890097
3871225
3840518
3870072
3878142
3872480
3874400
3818399
3873422
3880848
420064
3271626
3884389
3880186
3889716
3820780
3874497
3860133
3879495
3891939
3814963
3872436
3871114
3889215
3829622
3886116
3876488
3872527
3824340
3872107
3869694
929046
2771316
3874366
3888726
3854392
3871965
3827873
3068341
3870293
3869889
3830559
3872576
3891498
3905480
3802098
3878493
3870455
3880955
3872828
3972479
3740991
1473534
178368
194912
197340
189944
156188
175892
193212
4020237
3877513
3870932
3823267
3871606
3872861
3888827
3871199
3829801
3876979
3873727
3872024
3873126
3822279
2043039
173364
176053
197865
174629
195609
4130357
3880553
3873042
187015
3530170
3878329
3824726
3869496
3890201
3862871
6075916
175353
178376
191211
173511
193434
4090578
3819287
3888048
3886703
3878708
3873109
3821636
3861931
3869012
3875359
3869392
777789
2923229
3874585
3828686
3889852
3867910
3881138
3823304
3871240
3880189
3871989
3887334
3811941
3888985
3871465
3873057
3823366
3871873
3872829
3871028
3872025
1324612
2376390
3883228
3876655
3832761
3869875
3890854
3871862
3822569
3871503
3856163
3871154
3840342
3885795
3886258
3870291
3863817
3826990
3873069
3870232
3870569
1876911
184679
187363
194556
173712
190694
193860
3915758
3875819
3870122
179569
3522267
3871236
3873241
3838611
3865180
3871369
3881668
3822883
3872749
3875205
3870145
2432785
180286
190491
196865
194059
4038399
3888841
177872
3532492
3873832
3881624
3820825
3872997
3882079
3881206
3827997
3870935
3862459
3873215
3877815
3822335
3880615
3873786
3873884
3820953
3868065
3878885
3878141
3880471
3821195
3881144
3890333
3871286
3839842
228952
3535302
3868248
3831400
3870591
3882492
3889179
3819531
3873375
3858207
3880719
3872097
3819873
3880555
3870241
3881316
3822988
3871493
3872712
3880993
3871114
3831512
3879955
3880484
3871363
3814458
3872833
3869317
3871439
3822639
3872942
3873178
3888271
3878663
3815657
3877346
3880734
3872112
3822579
3875495
2172568
186142
1224857
3890167
3881410
3876257
3831253
3255523
3864256
3877546
3822775
3875423
3875375
3874902
3870326
3832097
3867907
3879537
3872193
3841130
3871359
3870446
3888446
3879317
3829857
3878950
3873347
3863470
3820237
3871595
3872950
3871408
3871799
3822544
3889510
3871543
3880701
3835377
3869088
3882040
3872484
278456
3422897
3871929
3871889
3831103
3871287
3872368
3872988
3821336
3875383
3869584
3881913
3870058
3822130
3874865
3878993
3875104
3830884
3872679
3881257
3881357
3862379
3721837
3973240
3862086
3876980
3820454
3870488
3870189
3861407
3869647
3823340
3871873
3872192
3872104
3842596
3880308
3876530
3880518
3836216
3871541
3871619
3873176
278268
3423223
3879189
3883019
3870920
3825018
3887548
3867731
3869177
3831280
3881534
3873503
3872231
3831538
3871068
3889521
3872225
3847698
3826513
3870460
3887108
834921
2873400
3888024
3879378
3871140
3829362
3861936
3876652
3871517
3822561
3878114
3872563
3872905
3888325
3820619
3879960
3879871
3870685
3823619
3872384
3871592
1325395
2375445
3892550
3884718
3866619
3880687
3822869
3871414
3870311
3873184
3824261
3872795
3872087
3892128
3821639
3877766
3878520
3865584
3866687
3822013
3873671
1875260
186083
195764
192140
185461
178022
168286
3984830
3813843
3879453
3869906
3878940
3821613
3890204
3888411
3874169
3818598
3880082
3876652
3867834
3879844
3821057
3878774
3870139
3872687
3831733
3890352
3860880
3872981
3821612
3881244
3872090
3874989
3871164
3822374
3883455
3886263
3871488
3828415
3881591
3880794
3871088
3871772
3831260
3880158
3882863
3878438
3822134
3863338
3870135
3870898
3889359
3821927
3889566
3871302
3870881
3833099
3904229
3875283
3870679
3831446
3870947
3871375
3880730
3880025
3823523
3885796
3887799
3878750
3824809
3441037
3864111
3871119
3882086
1730619
170917
187857
193664
176834
193095
178581
4074886
3869053
3823800
3888288
3879975
3870183
3882608
3839858
3879059
3872262
3881260
3819041
3876738
3878621
3870082
3873405
3830662
3880734
3889903
3885828
3828481
3871300
3870505
3870790
3865049
3823083
3870793
3880643
3882327
3820701
3872060
3887247
3857495
3872035
3830714
3890446
3863640
3864574
3824114
3872223
3874344
3869848
3824479
3871639
3880630
3862367
3872939
3840530
3863298
3889703
3868307
3824866
3862748
3855635
3869243
3822552
3872655
3871365
3872216
3889061
3839786
3874550
3876316
3869768
3829499
3871735
3890278
1474397
2294975
3818616
3879845
3872043
3822114
3872925
3882022
3869552
3872518
3822569
3872360
3873886
3889913
3842957
3867516
3838889
3868962
3888395
3821252
3881649
2041377
195940
194218
191012
184561
194897
4112243
3868534
3822678
228286
3522810
3876765
3821505
3870442
3890185
3862474
3819884
3877483
3871357
3880158
3872311
3823595
3872748
3871681
3873008
3826907
3871048
3873505
3871374
3821476
3872853
3972569
3780968
3890575
3839181
3876447
3887172
3873505
3819836
3873165
3871819
3869692
3871839
3892354
3826865
3872534
3877914
3821556
3863407
3871552
3869822
3881878
3821303
3872507
3878941
3871954
3831232
3878585
3880183
3880730
3837685
3872849
3888685
3873330
3872330
3822430
3891843
3870635
3871036
3873848
3823821
1874891
186536
184609
186569
176584
177456
177603
3988349
3829010
3871754
176278
3582759
3836327
3872249
3873254
3868902
3829721
3887219
3875508
3869833
3875118
3809211
3871294
3872327
3874045
2372827
176947
179468
197285
187964
4057931
3870732
3830701
3878768
3862480
3880581
3829765
3873194
3880392
3881114
3829595
3870948
3880398
194338
3911536
3831855
3880013
3971146
3790240
3888565
3841250
3857811
3872207
3876432
3818715
3873222
3881269
3872996
3882114
3820122
3882221
3871219
3865447
3827397
3870776
3871457
3882738
3878496
3823216
3871183
3881968
3879210
3826851
3872268
3872175
3872198
3823597
3889507
3877895
180626
3525995
3882254
3870975
3871838
3872005
3822803
3871654
3872352
3872760
3821662
3882495
3879154
3878879
3877580
3835600
3880166
3870134
3881501
3800088
3872659
3871189
3869561
3827729
3871055
3862048
3875953
3855841
3821403
3871507
3872028
3873340
3823368
3881296
3878302
3881054
3821630
3878799
3882283
3876148
3887075
3821741
3880000
3888839
3879265
3822608
3882135
3879997
3880090
3882026
3821492
986807
2771258
3881051
3831049
3879019
3890045
3867228
3820917
3873766
3889199
3880327
3823092
3873551
3887754
3871825
3888324
3813152
3888596
3872106
3873145
3829882
1526027
187498
175107
194614
222246
171162
195230
175822
3922248
3872543
3873091
3872721
3872078
3822119
3864681
3888185
3871084
3818460
3871105
3881728
3869267
3872245
1974398
178571
179096
177564
191448
184779
4122685
3874882
3868349
3872849
4021027
3689057
3886625
3878756
3839950
3889012
3853555
3869157
3872658
3823150
3872397
3871044
3921247
3770191
3874796
3860959
3873354
3863567
3828616
3872632
3872123
3872092
3821551
3883831
3860745
3862179
3821270
3880677
3882528
3873416
3873094
3832074
3871773
3874377
3879064
3813669
3870926
3969816
3772343
3872147
3843062
3857257
3871698
1333674
2381980
3880255
3880460
3871179
3823581
3874336
3857576
3870897
3831325
3879817
3879131
3882732
3872722
3837503
3884197
3870974
3871372
3867495
3819417
3871102
1873884
228811
237734
226992
210178
223972
4070900
3880407
2285298
7807998
3870664
3881754
3868066
3881323
3836540
3869836
3872879
3872345
3824858
3881125
4010409
3722675
3885247
3819650
3879713
3872118
3863243
3819626
3870259
3872495
3871332
3820751
3929400
3824182
3875255
3886497
3835557
3869125
3871919
3879931
3839176
3872322
2989188
177617
177988
4120982
3860944
3871292
3801267
3863288
3867940
3870919
3837467
3880943
3878279
3872876
3891625
3816571
2129905
179526
186228
176698
204055
176927
3671347
236027
3863783
3819880
3869319
3870929
3869692
3821473
3870324
3880644
3869959
3817348
3889687
3874458
3885910
3882958
3822185
3873144
3871378
3870853
3821631
3923028
3825293
3869513
3813223
3870733
3871945
3872543
3872778
3830071
3881509
3872430
3880448
3821842
3862895
3888556
3867568
3888691
3822873
3879766
3888539
3879215
376240
3331824
3871909
3872485
3819693
3874164
3867149
3869698
3822871
3871672
3874312
3923541
3822313
3823810
3877190
3880091
3878851
3837943
3884587
3870161
3880714
926552
2773763
3870893
3864294
3819822
3871371
3870893
3874325
3872186
3831420
3882537
3871026
3872498
3825195
3875213
3871241
3872368
3872170
3822127
1475990
2276318
3872764
3841255
3868753
3868929
3869535
3813783
3870568
3870916
3873507
3823252
3871072
3871131
3889169
3875039
3795320
3873302
3880492
3883626
3819418
3833916
3869066
2033029
173674
175964
190070
168646
195326
4120603
3817472
3870490
175954
3573962
3882145
3813422
3871893
3863624
3877548
3821360
3873001
3874799
3870978
3820081
3873547
3871765
3872477
3872301
3812483
3825855
3863873
3863028
3822380
3872147
3872550
3872966
3819184
3872778
3867931
3873994
3888948
3811487
3872665
3872930
3881099
3814198
3872182
3872748
3881556
3860919
3813276
3867621
3888342
182799
219413
178303
186421
3938443
3821591
3864156
3877755
3881256
3818875
3872237
3870679
3890091
3870709
3839342
3872272
3890358
3858836
3823710
3865486
3872656
3875136
3820039
3872345
3871946
3878853
3872440
3817054
3866071
3881588
3871671
3821683
3872555
3871447
3866171
3872037
3821938
3876428
3866029
3873683
3829532
3872934
3882485
3862495
3873204
2425349
226867
190285
221699
182900
3919454
3822502
3872670
3872618
3871089
3823540
3871921
3881550
3862305
3871004
3822859
3860931
3870421
3864324
3831272
3869261
3872575
3871791
3872197
3825342
3875580
3876793
3865252
3821989
3869068
3872505
3869725
1235713
2464103
3871728
3862788
3870112
3821225
3874196
3871384
3880204
3824099
3869046
3880199
3872097
3825056
3874954
3871648
3879767
3863908
3823302
3890973
3880132
1706370
239822
182807
235197
174862
186579
167375
3964152
3870734
3871673
3881219
3823096
3871909
3871494
3866816
3825572
3879197
3872068
3870459
3872945
3821253
3873599
3872488
3870670
3824204
3863603
3869745
3881816
3819472
3872746
3872332
3870370
3873745
3821948
3871455
3866239
3868956
3822696
3871771
3882806
3872178
3862116
3821687
3880518
3878780
3883056
3813228
3862327
3879563
3860885
3823967
3888659
3871275
3882209
3868935
3822971
3857805
3881855
3876235
3872861
3821349
3871658
3869826
3872521
3821218
3880817
3875612
3871286
3831586
3854249
3870458
3872117
3872160
3822041
1485854
2272871
3838814
3887347
3870073
3874851
3867758
3822634
3869642
3880875
3869558
3831653
3870963
3886695
3865167
3863758
3819997
3890634
3861262
3877206
3821555
2024090
177616
177348
197594
191333
196486
4111721
3877612
3871500
177273
3531735
3868606
3870734
3822045
3872890
3872048
3884322
3871595
3820418
2303089
3863042
3871700
3872024
3883855
3820607
3858979
3872011
3871230
3822149
3872252
3882329
4037937
3727808
3822512
3881590
3871965
3861569
3817525
3870202
3872764
3889424
3832692
3862484
3924255
3822464
3855111
3821371
3862235
3882988
3878976
3826363
3890709
3868421
3882148
3871158
3836274
3876929
3886475
3869951
3833184
3871496
3882578
3868743
3635004
4068371
3890658
3888226
3878482
3820422
3890462
3867963
3881106
3820398
3886014
3877577
3873417
3881152
3826710
3861743
3980567
3761719
3828815
3886966
3876904
3868555
3890523
3821389
3891767
3881261
3878615
3836954
3882592
3872878
3880346
3818237
238083
3519713
3884739
3814803
3891038
3867613
3881169
3871404
3840761
3869766
695539
3022208
3894792
3885763
3864685
3871048
3831288
3871202
3891227
3869341
3832079
3940532
3827595
3883223
3875218
3812376
3883467
3866714
3881999
3829725
3881289
1224178
2585697
3769259
3891670
3883626
3881715
3837713
3881214
3870996
3881231
3869222
3832153
3878401
3885233
3864233
3840979
3872209
3883835
3869462
3881868
3819856
1785458
225526
197290
225704
185378
228478
226761
3881688
3831293
3878453
3880973
3889534
3889935
3821101
3879149
3867835
3871213
3819006
3884404
1420341
2343560
3820725
2194111
222097
186240
216436
225291
194211
3820610
3879407
3882587
3871339
3831440
3870752
3882018
3870332
3824959
3884685
3880502
3872867
3830443
3870501
3881624
3880141
3854917
3823622
3881148
3881557
3867319
3824768
3873793
3870810
3873918
3871451
2540935
194732
178738
145584
167659
3969860
3821992
3876483
187197
3578640
3822096
3873989
3870208
3870788
3816215
3868620
3863522
3877715
3870362
3825427
3869282
3871870
3872289
3821324
3874533
3861179
3854061
3863379
3820198
3872768
3315587
3852688
3823374
3869427
3887693
3888549
3818688
3872534
3877770
3872053
3872613
3831053
3871848
3879896
3871452
3831199
3858739
3862611
3868737
3871520
3823421
3879347
3972979
3771402
3823246
3889208
3876881
3876829
3874565
3835796
3872425
3872880
3871981
3824041
226255
3531991
3861380
3813953
3888611
3871410
3871958
3823799
3869787
3872241
3872262
3872162
3831313
3872216
3860730
3870462
3822327
3872560
3872851
3871976
3993432
3734657
3863623
3865405
3865610
3813555
3867647
3865482
3868269
3840935
3846914
1376519
2376312
3824544
3876991
3825596
3868062
3889214
3822730
3871204
3872823
3880299
3822305
3874078
3875888
3866259
3826197
3869848
3871850
3872282
3823953
3879021
1874489
179288
188742
187182
174416
166779
177196
3975003
3819687
3889905
3872118
3880464
3872534
3824901
3859162
3870758
3862580
3821667
3871725
3872274
3873968
3868567
3820063
3871798
3872495
3891473
3823488
3871707
3879483
3872475
3830810
3863312
3871823
3872713
3867960
3813685
3875490
3872006
3872670
3821268
3872408
3873299
3871424
3871865
3821889
3870027
3863242
3875156
3821748
3872802
3871960
3871533
3821756
3889254
3870180
3889425
3862472
3812673
3879557
3872984
3868333
3837906
3871666
3872651
3878006
3873097
3820397
3871441
3862235
3877560
3821325
3870700
3873760
3869625
1732927
216841
178054
180573
173356
180521
177949
4023325
3883090
3861937
178007
3525620
3868434
3891201
3840966
3865471
3870695
3873165
3822914
3872564
3871795
3880457
2133535
185499
197599
224105
210547
218791
3871151
3819797
3870046
3881374
3870834
3822955
3878970
3871119
3971244
3794798
3812262
3889129
3868545
3880830
3881428
3814616
3868506
3876321
3865353
3813807
3870417
3873277
3867987
3833477
3413854
3850633
3871776
3871632
3838088
3873497
3868342
3870668
3822246
3882452
3891745
3858555
3837879
3871169
3870838
3874750
3865232
3812857
3870468
3868812
3871649
3822102
3873193
1476150
225052
185897
235554
223831
188421
227022
195109
3823752
3862879
3873828
3872662
3821393
3874651
3871659
3884448
3820622
3873256
3871666
3874240
3879982
3823359
2014010
235719
195827
176892
170631
172747
4072182
3872653
3881451
3821090
3872302
3889508
3871599
3836914
3861291
3859347
3868127
3874046
3809630
3877793
3870317
3872343
3821824
3871524
3883162
3861697
3867657
3821281
3870663
3880198
3870610
3819145
3872550
3872815
3882316
3802914
3879255
3871399
3875140
3869791
3821338
3872436
3872302
3875171
3884836
3841509
3867096
3872196
3873084
3823027
3889996
3871269
3871455
1333314
2374648
3890497
3864490
3808273
3870740
3871640
3873219
3830631
3872800
3871377
3874375
3870306
3830256
3883236
3870430
3883793
3865572
3822320
3871469
3872139
1875109
177401
177263
183548
191727
170010
178024
3922834
3882316
3870365
175706
188311
3222866
3889477
3838148
3862805
3871131
3881514
3812262
3872792
3871585
3876887
3827319
3871793
3881845
3861828
3859851
3827300
3864359
3880735
3880613
3822881
3873837
3871204
3874102
3888169
3841010
3865926
3880875
3872436
3823042
3873563
3883778
2918383
177786
178614
4172035
3881574
3820210
3872354
3872892
3880188
3823367
3871629
3873426
3890083
3889133
3813084
3871669
3872031
3875619
3820747
3872642
3881554
4028873
3672260
3879686
3871164
3872330
3857878
3822309
3872915
3881094
3875113
3819683
3872579
3923810
3831157
3861882
3819286
3889184
3879454
3870204
3821486
3872483
3872464
3874455
3819208
3862166
3880070
3888721
3872090
3830646
3880454
3278239
3863650
3868809
3832452
3870320
3874276
3868876
3880547
3825107
3890371
3871479
3889721
3831089
3890566
3872009
3866636
3864651
3822398
3877337
3886226
3873417
3823053
2675693
185862
221032
184333
4086111
3869746
3840409
3873051
3873013
3975043
3771750
926876
2794003
3857481
3814189
3878774
3870684
3872106
3872433
3822436
3872178
3873521
3876237
3829289
3881108
3864473
3871942
3871872
3822135
3873548
3870980
3890560
1483670
2226327
3891677
3854724
3807971
3869962
3879105
3864017
3829291
3870481
3874451
3869846
3920631
3778272
3886217
3862656
3891635
3820168
3871487
3872548
3871734
1975908
228075
188503
223524
190744
227882
4022091
3830926
3879597
3870663
3872140
3824127
3873022
3872804
3871886
3820074
3871591
3874929
3871444
3889780
3820212
3891142
3868298
3890651
3830224
3868010
3866118
3862614
3832777
3887419
3869658
3873861
3872804
3824210
3874950
3860206
3878828
3831884
3878752
3871640
3872574
3872638
3821395
3870899
3872110
3892792
3820342
3873501
3868857
3872586
3870816
3822424
3871766
1325260
2435488
3813034
3859487
3870456
3871246
3823069
3875041
3869155
3872144
3841968
3861417
3888931
3872351
3856197
3815722
3870886
3872624
3888033
3821243
3873859
1873137
178827
144218
186343
191892
175937
148589
4070434
3814380
3873364
177386
3584065
3815399
3870598
3831117
3877293
3830235
3862265
3872973
3874637
3820444
3873183
2424130
193378
188230
181092
170471
4022877
3871438
3878971
3872107
3821865
3892360
3877602
3882799
3878739
3813537
3862124
3872819
3869616
3821322
3881229
3881969
3869672
3864483
3824501
3888316
3872508
3880685
3829887
3871982
3885298
3859006
3822380
1228416
2534523
3961191
3763185
3821880
3888400
3866759
3872355
3822167
192769
3916327
3867237
3878890
3833674
3876686
3862049
3873139
3821712
3879498
3872258
3890449
3871969
3840810
3874251
3865245
3864564
3822458
3872209
3889483
3871962
3831717
3871238
3871222
3876029
3858356
3822749
3890119
3876219
3873410
3821959
3872174
3871722
3873681
3882333
3829266
3887061
3862275
3872407
3830342
3882859
3868488
3873420
3822753
3890496
3888950
3862095
3869898
3819378
2124656
178611
186801
184251
199130
190190
4020936
3871500
3862954
3810168
3869552
3870536
3862014
3827763
3871317
3873634
3880359
3877483
3827151
3884777
3869231
3888344
3870615
3822398
3874149
3870017
3871691
3821597
3873076
3862802
3972540
3718255
3870584
3889687
3869130
3871420
3822878
3873711
3878341
3880781
3812859
3872640
3871829
3875639
3828144
3870815
3880196
3770036
3972773
3821139
3872114
3860728
3868834
3821788
3871963
3871274
3873785
3869490
3821658
3872543
3882546
3874615
3821920
3879815
3871917
3872850
3822928
3873125
276872
3476696
3819164
3889077
3870675
3871524
3873577
3822122
3890762
3862265
3872867
3822379
3879694
3887920
3865768
3870031
3821290
3872455
3871970
3874039
3841319
826891
2921469
3870774
3812581
3869502
3870152
3874567
3820676
3870839
3871964
3871759
3873184
3822651
3888794
3877724
3871153
3831076
3872038
3882783
3865560
3819799
1375363
2376130
3871843
3840204
3871689
3874222
1423668
2275969
3880110
3887829
3869314
3874259
3827226
3878531
3861241
3871673
3820429
3873393
3873934
3870208
3840046
3871109
3871291
3870686
3866368
3816101
3879413
3868985
3873463
3821197
3922963
3822345
3869281
3875604
3825131
3881971
3884750
3881221
3817726
3872070
3872666
3871511
2424528
229122
228829
224555
192732
3872452
3888294
3822719
3891909
3868013
233222
3913032
3836524
3879605
3862481
3873479
3869921
3823998
3889061
3871769
3887528
3824658
3867727
