195855
216569
205416
224842
199203
210594
229151
210308
215537
204886
211184
215945
207613
211200
211642
210819
211325
211599
211724
211396
210929
203333
209240
211586
225531
197874
210513
224564
198040
211150
212017
222210
209797
151641
210222
221375
204736
174959
206830
178667
210849
202162
157689
161000
160351
154466
157681
161576
162267
161263
164691
206875
177939
160646
160654
162059
177717
161493
151589
226199
161012
176734
162321
151514
170897
161304
161282
160750
161866
162446
202075
159082
161300
171608
160706
161037
165468
173355
169729
160724
161579
163501
155436
153145
158987
170258
175533
177947
176167
165095
157638
151501
158809
168856
160926
152085
160227
160981
161698
161354
161001
169911
180877
153797
151516
177879
161278
152165
160441
158827
162112
160094
161456
161456
162317
195960
156694
179075
158727
179123
152515
159358
178340
160771
179661
177072
177692
170889
156783
175734
157646
178465
200190
179992
160393
176860
161327
161425
171706
180220
198142
176135
199959
178280
201611
157485
177208
176882
160051
176524
197215
198029
175511
179533
198716
179225
179749
161440
179062
180488
180936
180288
181380
180774
183223
178568
181814
189931
180027
171160
179932
159216
190746
180828
181954
195842
201403
185423
180679
190429
179170
187947
181721
190110
197560
178817
188222
198293
183534
166962
177403
179336
181845
180263
172523
179764
188278
180796
198726
179639
197425
176709
168193
175418
187594
187990
166911
175566
177390
180052
178107
202642
178854
171105
179892
175200
179091
177352
170728
215641
174258
177568
177649
178712
177345
196448
176646
179641
176827
196421
167842
193964
175408
194042
194381
178282
195754
177601
178278
193673
173448
179405
195401
195273
175143
186831
193513
194643
214620
215585
175486
190302
189673
174155
205204
219440
173902
179728
178504
177826
178263
178791
178644
178566
178874
176950
177827
218035
200701
178295
196187
177247
195969
196323
176720
186210
186453
177049
196718
216866
179837
190529
191065
186602
174402
195416
203972
219653
176528
179113
176192
180288
219190
175679
177811
178061
179983
179129
194343
226248
215680
195436
180263
225228
220603
222749
186323
178363
179163
177924
180045
226456
179072
227480
178866
181774
217398
225353
227724
226772
229027
228887
195348
186445
227040
228523
228000
227070
191305
221195
196316
221300
196743
227132
193914
228010
221260
223122
220272
226488
228846
221719
190255
195786
193230
193939
226198
197433
223461
187205
225836
196845
223505
236255
228307
234401
228827
235689
226210
188621
226681
188218
226490
189503
224992
229891
225936
189248
194132
190675
224039
186971
187664
236579
234117
229524
177301
230277
144223
184315
193937
198252
144694
195684
187297
221979
169240
187871
177073
221307
167025
145027
161015
187002
175182
238147
145724
182726
177285
145957
185067
144333
163970
175103
185358
176989
226350
187105
144112
187922
179894
185994
176887
188129
176403
179002
175258
188608
177980
186476
174971
148009
175243
188187
176172
190446
175112
179601
177516
188506
193619
195776
192955
186250
177092
172120
183418
186486
195380
181959
163188
197598
177636
167822
173082
190792
173934
188786
167932
196242
193187
177198
169448
188949
172889
190533
175591
187791
167969
186794
177538
187771
175671
189180
168608
177819
174105
190293
175282
195005
192558
186596
187120
186985
177398
187150
186538
184538
175291
198325
175860
198787
178388
185341
192804
180300
174220
187796
176260
178551
175283
187699
179185
199491
187668
164651
178569
193987
192914
197346
176040
183857
194799
188441
176295
198729
175518
196942
176276
188713
197170
193691
176039
179561
173175
188067
178125
186484
178994
194776
175611
186037
176639
189230
179566
178054
175034
188235
192737
188190
193864
188724
174613
197759
171767
177127
195090
176662
163381
197424
176721
197097
162313
181591
183302
186359
177200
198122
177064
187376
195233
184065
195781
187287
176939
195413
176323
188092
176308
189027
176107
188929
168584
192959
177837
188814
179561
183734
193162
187375
174034
189907
193293
187504
184493
184834
193009
194784
173930
187596
177827
184734
185799
171004
228094
183197
193884
214115
194714
174538
196601
176967
175982
191200
185393
174143
197358
174987
188734
216352
183979
176804
188020
178268
188475
175904
187778
178049
186839
176278
187802
186292
184566
194754
187315
219874
197843
180893
186883
178460
189827
176838
188168
181250
193494
174887
198039
176235
188006
180090
183307
218892
185451
177167
188535
177132
181052
223806
190984
222671
188674
177338
194912
224561
187138
193110
189172
225090
228295
225751
189516
226761
188706
227411
187182
226872
188154
227769
186233
226355
187949
217831
188065
225982
190987
223889
197242
226308
227839
183009
187781
227699
186473
218523
186421
226741
201969
219539
194896
223701
228119
223453
191368
224028
188391
194471
229608
224245
188187
226353
187411
193376
186777
217435
194350
190701
231874
225478
192451
227246
189583
194664
185840
227415
230593
226045
188050
228730
236393
226874
230804
213560
235955
226077
197024
226222
197927
224664
238393
226425
238573
224792
148423
142631
184980
193122
186865
143448
147192
226994
142641
170370
178841
188822
188285
172777
192333
143521
233321
146626
190308
176950
175275
145418
186591
168558
189588
223631
188413
177683
188867
180787
182995
177443
188561
176875
144956
178481
188559
168757
185275
177726
190992
176082
148481
193886
184138
188075
147037
177709
146910
184969
195062
175353
148759
185599
197646
173811
180174
170158
186353
177250
188343
168781
186019
174872
200533
170044
187889
193009
186192
178200
187742
194540
195421
176022
198530
174483
186666
194200
188223
196037
187481
176365
188874
177252
189012
177835
176629
175591
187965
177553
189030
176681
179746
174057
188636
177373
188535
177298
180974
173158
190692
191900
187728
194891
190614
176092
180310
172342
190560
174423
187220
168273
187834
174969
187704
178727
172210
194636
184285
194478
171240
176834
195682
165904
186245
176568
198396
174536
188594
180012
184837
177067
189190
176982
187611
167588
193416
175691
196997
178673
188265
192418
184917
196147
184824
173077
179751
197648
176007
176466
197842
174987
198124
177258
189915
205919
181791
186428
185513
177954
177197
192478
196152
176571
183012
179426
198140
176238
179043
193378
187293
174278
177489
175693
187302
177283
188230
176651
188624
178756
189986
174531
187937
177914
184736
176937
184443
176323
188391
177520
195829
176934
186566
194653
187408
176215
195341
194343
184323
196170
185007
174877
198526
177884
180409
172415
178974
176130
178002
217473
195521
194585
188591
179300
194009
185769
183699
176614
196491
191067
187416
185055
182955
184270
195851
175886
188342
180915
176029
173808
188979
176029
187322
178002
204561
176805
186425
185101
188292
193594
185336
193661
187488
189157
187180
194183
226858
174549
197193
174659
186664
195102
188163
217886
183907
178699
185608
225257
179493
224967
188538
177673
187812
193976
187857
189022
219566
197217
185551
228493
228862
222471
180423
225268
186812
193887
187343
195232
188070
226205
197722
226696
232960
223980
189975
223107
188115
227435
195633
226702
186591
226972
189302
226736
189363
196892
184729
195037
187024
194769
228268
188410
218914
184110
226105
188037
226112
228779
224208
187629
228746
197470
219761
195930
224837
194511
192992
187641
227711
229751
224425
188704
195812
186178
194326
188037
192631
186786
226202
187177
228383
236103
210876
235458
226651
190238
226972
196521
227245
238317
227390
238894
225435
187005
168045
184980
143459
184816
175062
150791
184858
217423
175829
188343
177711
187949
165859
185990
175548
187015
175907
189448
145514
233523
168776
182892
170563
185872
224922
229689
172235
187590
177286
147305
176411
188666
184646
187393
144262
186277
176952
179185
175494
188915
178478
184987
193919
195110
177688
179098
186618
189135
175185
187210
172802
197100
175774
189328
207616
174218
168245
183127
168664
187077
177799
186429
169265
187232
175854
188769
178170
197809
171042
188929
174806
196248
177581
174869
167531
185000
178390
188631
177290
196250
176100
189443
183230
190711
190666
237451
160383
195177
177200
187703
187483
195082
186603
186959
176506
190155
175824
189821
174112
179836
172689
197197
177959
198707
174789
198578
169331
187655
192212
188159
176559
180322
172114
187511
177749
186809
195869
187385
177674
178611
194285
193623
193565
168764
170945
189017
191167
186745
197458
186188
169087
186365
174396
189036
176314
187516
208543
184303
175132
190503
173368
197110
175932
187859
176551
188664
175381
195561
166143
184611
185957
197423
195939
194969
177373
176280
174901
186792
176345
187994
169490
186967
172509
189545
175887
191802
202446
171707
184812
196603
194355
188127
192536
184509
185177
187822
176932
187859
176391
187751
179794
185048
177022
189952
206119
184196
193764
187686
187556
194225
192815
196736
193796
185585
197423
195323
174281
176057
174428
198881
176122
198293
193854
188200
173092
187418
194079
190307
174619
178769
175769
195716
178741
197804
192408
186784
188268
194373
194140
185796
176135
183190
226150
187090
173386
186373
184690
188338
193744
187242
193947
187180
175438
187961
218827
187692
174158
187157
177571
196678
175350
188709
178277
188136
177583
188914
217577
213084
181148
201315
191656
196729
177397
189811
223210
179664
182350
188499
217769
187082
225180
187836
194305
188879
190531
187157
192311
196867
225874
188987
183712
180706
221708
189318
194880
188351
195661
191123
224516
196440
227723
187671
225376
230047
224806
187834
225345
191147
192628
187664
224110
190109
191791
187977
193929
225366
230583
196939
226925
198010
226543
188307
219283
193120
193390
189454
223598
233819
232203
194626
226130
185839
195084
195094
193313
187430
195325
187866
226823
228771
213978
235046
227621
198068
219461
236210
225831
198240
226804
195653
226967
196463
221145
191982
225734
198200
226749
198608
224160
195773
226305
188441
217302
237466
144328
185580
196395
184659
174024
149596
175726
180182
173986
188258
176962
189047
177897
178563
176489
188666
177494
190178
191596
182937
226172
148172
222733
173561
225533
227337
176155
188350
179040
188272
178934
187714
168378
183986
176218
189443
175331
178410
167090
186240
176305
189549
193022
146543
176052
180468
189914
185544
167904
196829
166024
195107
175935
187485
194257
184598
167990
184360
177365
188471
181035
182819
166937
193276
176615
187035
177060
192696
163250
170563
190914
196553
161483
187202
168595
189018
173972
187215
176554
187733
195208
182997
175289
186979
177337
185552
177481
179029
174864
196795
177932
184290
186878
186970
194044
187050
168882
191584
175723
189381
170934
197102
175551
199355
186263
176536
190453
178686
175699
188130
193240
178376
191242
186731
195521
186864
191814
189646
173656
187651
193832
187902
176754
188030
169634
185636
175385
188952
177886
187463
176413
189753
175762
188536
176926
179062
164178
183959
176731
189182
194836
194162
176188
195397
176509
190022
176877
186553
166746
185388
193606
187180
195257
189205
179769
179473
174989
190516
175511
188583
175012
180478
181426
186341
193994
180005
190015
186032
175937
175283
174204
187223
176099
166634
176108
185152
175666
189370
177791
187734
178586
198596
169929
186478
174651
178962
173704
187197
176899
196759
191734
177062
196373
186178
194540
186842
176250
199177
216370
196187
174175
199679
173967
191937
216427
185724
175228
198448
193107
186458
212177
184606
177260
186769
176325
199017
173994
197947
191297
197649
176839
188277
219386
184178
174947
187198
177415
188970
176283
188882
177862
191123
173541
189767
220127
185225
176498
188305
187674
197019
175063
187962
177909
184867
177524
188122
177773
179985
192429
187503
174829
200566
175428
180245
174345
187307
178632
186368
178322
226641
179007
185028
177927
189081
193235
183238
225240
198120
216804
187774
176854
180836
224849
187449
227300
192438
193932
186396
194796
185834
225540
195805
185157
182636
212433
183388
227769
186035
194059
190493
222811
188049
226377
188589
225829
197238
217737
194909
226465
188468
195814
188194
216506
185072
218213
188205
227945
187964
219095
184891
227594
189097
226824
209925
204962
189789
223265
196616
229415
232300
227881
228611
226135
188977
224288
188945
227458
187934
226694
189881
224538
237077
227305
231390
221506
237939
226706
188855
194509
236891
227518
230373
228661
185065
146624
226475
180949
199664
173213
147794
142568
179759
190718
186841
176668
188200
175646
148148
166273
142403
175902
198814
188293
185528
174809
187834
153764
179774
173849
239355
168177
185660
175639
188033
177523
189020
177217
144082
176818
239034
175006
187853
194032
179150
174954
188383
177513
194170
192929
186589
196280
185400
183917
188398
167313
185714
194075
195651
145837
195185
177613
170425
184460
188856
178463
184618
176556
180022
172897
189875
176929
182969
193022
185430
178444
196974
174706
188338
175942
181288
171810
188698
176715
187567
177829
188551
177342
187691
177053
185844
162348
178732
173693
186624
177015
187300
194042
188435
176075
188955
177032
190797
194824
186909
166952
194280
175200
195556
176671
184774
194200
179538
174627
188981
174316
188989
168626
187170
183990
185824
177378
193711
176882
175999
190744
187087
176719
186967
166701
187343
175165
189408
173508
188631
177439
188034
184474
190989
174172
188558
176168
178493
174897
198658
169704
197619
173987
186114
175651
189313
176375
188556
176495
200726
189035
186891
175581
197496
174778
178342
175057
176170
175551
189539
176641
180671
177611
192524
175133
187947
196794
186014
174534
180360
184265
171162
186611
188541
195262
184579
178955
189613
175895
188140
167809
185586
175416
196974
176882
196636
215646
195087
173413
186874
197195
182541
176152
188688
177185
188268
186040
199598
215914
182975
172401
187123
192403
195386
216439
187881
173765
188233
176556
188756
177163
180425
175110
187862
175739
197847
195247
216242
187045
185523
190543
187238
176253
180965
173796
188563
176420
189789
177990
187895
193410
186975
199142
178902
174335
196879
193059
188543
185658
198055
181225
186105
175521
189160
176623
189130
175002
180465
188982
187092
174541
198666
177451
181172
222561
187052
177388
190385
175503
188190
217200
186295
177335
188022
192372
183623
225493
188145
218594
186802
176400
188112
216641
184772
178536
187433
228839
185137
224879
188466
226040
188150
227772
187771
217298
184466
229385
188034
184739
186538
227288
190213
222856
187375
184741
188568
218015
184310
186712
186931
196382
185862
216528
185097
225405
186548
227865
188255
227180
229313
224170
193834
226817
195979
225072
227019
191964
226129
225509
188225
228395
224878
224932
187649
228059
188701
226746
187501
226192
190729
225753
189077
226060
229927
225951
190092
225964
236616
194365
237007
192776
232303
224650
186822
195227
173787
195483
143142
175972
149982
170792
188248
173850
230157
142498
146390
176917
147340
169340
183198
141897
236434
144410
183291
176486
187804
167654
188976
175173
237956
170762
184585
226985
188915
176656
187886
178362
190675
174272
187040
177731
186985
177014
180741
172780
188851
177365
190867
191420
187765
193235
190041
175486
179368
178633
178841
191368
186894
194040
188177
176098
199468
174421
184856
196844
195586
174079
179338
182563
187183
176190
180448
176444
188351
177571
179128
167042
184142
177585
181977
172827
185115
193934
191072
195258
189077
167824
184887
176989
187399
177713
186947
166950
196989
172152
197320
185218
179052
186969
188633
177684
198784
168664
198124
167764
193365
185266
196583
173852
187080
167859
185733
176388
186726
178583
187421
176669
179443
175248
173338
175586
197521
174804
166771
194937
183884
175553
190331
166896
185223
192679
188117
178032
189869
175130
189623
175029
188135
175180
187173
177007
179428
172644
196520
176007
197488
176355
190724
176616
188113
178594
196965
174806
179092
190694
174797
193518
188045
176815
179538
174849
188648
184114
186932
179633
177746
176085
187593
175340
180323
174944
188129
167976
186127
174235
187877
178448
185604
168127
188616
174373
186693
176753
188152
177132
189017
187290
177657
179265
179463
169595
175177
177821
176616
194448
177147
178886
178152
178132
178057
178450
182057
212013
191122
176227
220866
176596
175245
170608
175544
169699
175456
178458
176941
178488
218293
176343
179942
177100
199244
220473
185894
218225
194335
177647
176493
178273
219292
174263
179205
177408
178110
191300
174972
178555
176536
178277
178960
177909
217789
184361
179649
178318
195525
186325
180024
184789
185666
194967
187937
175561
178346
198396
183536
219731
217393
175513
219594
180458
192195
177987
187418
176388
180276
186496
223706
195238
177665
193809
177999
176047
178782
220426
177711
177465
178989
221377
225187
178476
177370
229283
178867
226771
223718
223182
228335
226305
227819
228453
221694
226157
228348
192443
226540
227895
228423
195553
226410
197460
225302
196470
212042
193981
218937
186408
226132
217215
224859
226533
229230
228806
224802
228637
226199
227049
228410
227579
195628
224778
228468
225508
210611
193418
222310
224817
219789
194648
226357
198656
194819
226501
229276
218854
226851
226596
229045
225766
229373
210212
224453
228812
233471
196801
193787
176648
221774
229964
170771
234159
225819
167075
144326
175250
143526
176290
169543
173649
178114
177523
176937
187619
143488
168093
145431
177448
146811
194433
145420
175142
176293
167338
186849
224801
216531
184940
172599
146002
175681
177841
145395
145504
178449
177925
178593
179571
182060
176711
170355
175561
179669
192842
193980
178084
145969
147185
176865
180884
197411
176012
195059
174038
194957
195062
182759
167325
173114
168808
185341
178794
195611
180162
184977
173200
195901
177636
194361
192889
195538
179189
167513
192781
178783
181330
175626
157193
193741
183017
177656
178496
179265
178059
179869
177835
179529
179839
176579
171243
176007
178393
175764
194568
188185
177496
179631
180129
178448
189599
181483
165317
192405
178586
198010
177789
178911
170205
175095
179534
178539
178877
179270
182358
168084
176837
178656
184639
184677
179275
179533
170103
184962
177866
178729
176851
174019
172301
177157
179628
178528
178581
178648
179004
179526
179345
179025
179074
169360
179756
207372
177766
195022
178666
178040
186839
178175
179862
195338
178356
179831
190589
181864
192408
177711
177017
196363
168463
176992
176969
178995
178333
178250
168907
175298
182817
166884
173300
178468
178787
167413
176712
177553
178268
178555
170514
176964
178080
181638
183899
176287
179618
196723
186080
177644
177510
179539
169923
175855
179493
178751
191631
195267
176463
178751
178940
178714
180148
187466
178070
194485
175536
177000
204223
181691
215974
173222
178277
179137
178460
178123
177684
220333
175822
179328
178190
186351
178992
215375
186538
215729
176092
177901
178776
219886
174743
177413
181203
177990
178020
189764
192628
176421
179711
187123
177900
179192
212172
174227
178957
194733
177039
190957
176681
178375
177819
178424
188210
175804
196483
176919
177688
195438
178343
221529
177766
215538
195729
222100
179032
178551
219315
177940
179366
220672
192909
194277
234070
211230
222207
187874
225698
178017
219045
223764
178114
179128
178508
178350
179099
180508
227741
226593
227759
228197
220528
225437
196277
227292
194493
186834
195548
230200
227513
228007
228581
190240
227774
196075
223974
195306
227352
228330
220084
226585
227721
226534
230762
226137
228899
218799
226764
230180
226295
194027
228378
241335
208293
224684
228097
231175
227298
218277
226907
228791
228307
229124
229470
228773
228452
226169
187042
229012
231839
227019
219955
226126
195830
193959
196401
177575
147829
226765
177518
178305
178842
228217
145561
175513
178380
191005
177899
170333
175102
229548
226535
176831
147658
173398
170155
174280
177804
177513
174598
173127
144345
169551
177215
177892
234694
228604
186117
219045
177479
178325
179012
179353
179767
179103
178581
180511
177488
178696
187651
170045
178659
176754
146768
176726
188395
186727
193827
178759
146944
184428
146045
193912
174614
178481
195412
179637
169546
176356
177955
178007
180340
176431
178752
177626
170248
178162
189866
190155
177980
169346
192576
168964
176065
177263
177892
176510
170641
174543
178578
181070
175333
187197
171674
176556
177789
195694
178741
180821
166944
176406
177130
176929
188262
177250
179388
164836
175107
185752
180386
179433
177122
196503
176356
186877
177621
175201
189741
171671
177456
195435
178223
196761
177185
197546
185879
194065
191341
176621
184182
176446
187992
166789
173731
177954
178919
169774
175877
176788
179724
179523
177694
168816
186794
167150
179390
179840
179057
172012
165323
176885
194185
192418
193510
180711
177367
196478
178180
194711
187223
177830
192561
177879
191729
178767
178994
172207
177007
175623
165693
179079
177082
180197
169781
174360
179335
171115
176704
196468
182135
212077
186982
187999
191383
178203
170952
193448
178611
179814
176633
179686
178671
179162
177779
177835
178733
177744
169772
177088
177712
176350
197102
183679
178010
197030
185117
196145
175741
178122
187947
194866
173847
194531
191969
183305
172343
178183
197195
192053
174896
178390
185885
171694
176540
181147
186526
176747
179162
176691
219543
177097
181020
173551
180212
220223
175854
177395
178674
178386
180376
178038
177423
179711
178852
180260
175197
178274
219688
175578
178968
196099
177502
179445
179881
185737
177796
179034
190327
174806
184465
191571
195088
177821
179503
220733
176370
186621
177809
177874
179555
180400
216848
225649
177278
221007
183859
225341
219920
178085
227889
225178
225543
178242
180122
217784
225776
177544
179636
227681
179711
179914
179874
228230
226839
228614
188345
219183
190001
228423
187999
227067
228100
229794
229087
227423
198258
190959
226797
187789
230741
195999
195433
195205
219053
225237
219133
227941
228363
228904
220350
232037
224290
195661
227024
196869
194718
223062
186300
225014
227794
185416
229674
220020
216192
191465
226699
229819
230215
228937
229558
227756
229959
228984
228688
230391
220683
222948
228487
145088
226105
187713
179188
229870
187002
146802
178063
192742
186135
175842
142559
188212
228558
169804
165653
145870
178899
145253
144526
179117
145960
172636
171856
184829
187939
174841
177754
231748
173571
169305
175345
229417
178491
196044
176034
192827
180160
146711
178363
169822
193754
144483
185709
178494
177328
170087
169067
171879
145158
185503
165341
178097
178771
178413
177553
195761
177731
196423
166829
180501
191899
176596
169481
175569
177633
195849
195045
178129
186436
194345
168879
195638
194277
193491
177651
196094
165719
166222
175469
185074
176420
177456
170127
176127
181671
176192
176729
177266
179370
196291
176270
194190
178721
179436
185929
174756
179504
194664
178070
176916
181506
177952
177323
178483
179009
188132
195371
169202
168516
196235
176647
169217
172505
196122
178338
194932
176784
170892
194182
168689
176568
177917
187032
177859
193265
193408
194804
164000
194203
178406
177603
169020
176365
177303
178957
181012
175972
178548
179156
180438
177578
180656
178836
186583
169268
176713
196511
186152
179780
167285
186930
177593
197074
176646
179780
195578
167985
177075
178752
189653
169814
191744
175831
177816
178885
178262
178238
177172
169899
175761
180102
195729
172887
179423
177435
171606
175194
179190
171276
177962
168819
183677
178521
186835
176932
196844
177917
196413
179087
177034
168210
180203
179799
169563
177521
176505
199242
176897
188726
189829
184198
198177
185208
175275
187450
178055
176867
196362
196006
169446
185859
192341
174809
179082
177002
178260
179403
171192
176243
178629
195328
177471
178040
177426
222615
172639
177112
220318
176491
178471
220368
176531
179243
187733
220272
179320
178729
182806
174880
178140
179682
177012
177674
175144
179834
196075
178628
177967
178767
178739
181906
174944
180033
177894
186814
175726
195729
175546
179872
219007
178837
177503
177102
181904
187459
217729
178804
220335
192819
185995
181967
224544
219235
228185
223205
219342
224777
226481
196930
214443
224077
193694
178466
179291
227764
219826
225458
226976
227942
230082
225305
219812
216823
224614
194471
227995
229157
188701
195418
226423
196579
228619
183719
193019
219143
194067
227676
228248
219653
191980
226523
194561
227012
197691
223232
226926
220814
226116
195441
186786
192599
197015
202273
227049
224110
188281
224794
228584
220611
227027
229699
229476
227911
230034
196408
194809
226312
238099
227887
239862
214977
194636
225004
198255
176708
187914
228055
238580
178884
187994
175879
189513
185017
193182
185736
143646
175992
179737
164756
188521
176370
189508
176205
146623
177944
170272
184937
143779
144698
184192
174944
177912
176318
188847
226357
189397
225837
181220
226743
182077
174378
146982
178942
186112
176992
186403
177568
149792
175303
180964
173982
188813
175328
185792
178659
190158
176969
190421
175929
188784
187340
195189
168889
192857
176851
190135
169005
185707
175027
187969
178486
187375
178042
187759
168604
186974
175834
189120
171385
190566
166847
186543
175629
189678
177428
189290
179303
193188
177165
203435
167576
197463
177899
186698
177955
189060
176980
187829
177082
179862
177180
192022
178083
186618
177865
187666
176441
186009
196035
186205
193666
179158
165864
198292
178030
185872
170258
197183
176077
197165
176658
186143
177258
180099
176088
186809
191591
188405
178867
185172
168192
188320
175215
188546
194861
176067
167453
186433
177426
198351
165075
186669
175346
190318
174721
188325
177586
188157
168162
187616
193130
187997
174909
169290
170779
178738
175503
185546
175990
197869
167904
185689
193975
187608
166852
194049
175699
196185
177315
188974
195280
196273
195330
181799
176075
196325
173967
198714
178684
193902
177245
179786
175313
187907
176922
180280
175418
186611
179378
186861
177631
178189
173841
187138
176869
189238
177024
171829
174205
187431
186212
190459
175087
189709
175807
187996
193661
187922
175160
190588
174854
198160
175045
181782
173824
194566
171639
196311
175257
197528
176089
186972
218630
186393
194654
186383
176749
199496
181694
178065
220648
188235
176737
188094
217267
186573
176137
188114
177177
197034
189795
183876
192454
190232
190927
196380
218102
196303
195017
186875
176407
188195
186003
221474
173827
195538
225837
193751
178518
175069
198708
175646
178957
175054
188518
177348
187589
178175
187453
224638
189508
214786
193673
192368
185206
226726
188350
217012
186356
225341
188887
226636
189846
217258
185539
227062
188280
228313
188909
224195
188761
226842
185774
226879
188092
218786
186197
225200
196887
224548
184295
227280
187589
227716
187947
228087
188687
184947
227237
192887
200320
218209
192621
225553
187691
226388
187538
225157
186105
227468
228919
226859
197904
223693
186820
227468
228335
226235
234591
228305
187230
227731
229443
226809
188398
226313
187450
228366
189756
226596
198508
227761
191238
223140
230220
227155
235207
142436
237629
178275
138456
227611
147563
142712
145691
175431
148463
161570
145383
176357
186954
168533
184621
176831
238107
175656
188463
178393
189584
174824
236450
141047
146779
167057
146177
166498
187235
175638
240616
174772
187077
185118
185635
170398
145010
179458
185799
176375
187992
175957
187390
178819
188125
178210
180694
173995
196262
176288
186403
188012
185628
185178
146487
194607
185868
194073
179629
191768
188433
183356
178405
173573
180874
177796
186082
176307
189220
178927
179867
176789
198270
184591
185816
175688
180115
174876
180857
176699
197553
172488
189237
169005
186177
196672
187458
193774
188748
169315
195446
176386
188821
195055
185608
155130
185777
191633
187180
164596
187170
192861
177037
195766
169435
197365
186456
188574
174743
194017
176789
180000
174200
194882
175491
189661
166012
198496
194691
189253
166924
195416
193395
182958
175887
198425
185600
165233
184824
196298
176185
196580
167390
178636
186484
176526
176235
184798
167293
177977
188109
194581
187852
194656
177483
175398
195749
176561
186894
178448
189252
174110
189405
177195
189185
192829
187736
189974
188182
178077
179988
174132
189253
174845
185478
177185
188701
177315
180741
173341
189117
193270
187915
176759
187200
173972
196107
192734
188433
191057
187235
194702
182997
169268
196646
177267
196165
194192
187851
175438
186812
181390
184776
178375
180997
192009
185443
178064
175926
184203
186759
177647
187997
176550
196600
178834
186230
191282
185799
218558
185493
176045
188132
178471
187022
227250
188048
177596
179112
175090
200034
177809
177009
182252
177054
174366
187310
176851
188603
175842
181193
175997
189819
185511
190375
175608
186957
177831
188581
176692
187328
177213
181491
174052
197160
175621
187957
175867
191110
174646
196899
194205
196859
196140
186122
195045
193215
177509
179594
224606
181446
175328
187546
179881
184035
178498
195092
218330
196107
193927
177240
186606
188704
194628
225759
195488
191180
224807
186400
219496
185841
227627
187839
227039
200563
227636
195440
226746
194962
226794
200020
225674
184917
225812
199326
220064
187696
194816
197934
193711
187506
186047
194343
187343
231543
190829
185300
219392
185669
225235
186832
228094
196681
227697
198498
227362
198368
225801
199756
222822
186519
226861
229839
225295
220536
186589
186461
195626
196160
217395
196861
194807
190288
191205
237418
217619
195114
226678
189470
226550
188561
210759
235509
199167
231070
226553
142075
173737
240054
143867
236849
176744
144451
168568
145747
176638
187403
175558
185190
176641
188460
177110
187438
174280
186137
177629
178055
169493
185844
194067
186930
144807
183867
187228
222851
190360
185232
217182
186331
175930
187935
194001
186506
176840
187473
178163
187478
178290
189105
179411
178975
173138
189771
176776
149694
180286
187440
175790
188603
153802
184718
188463
178340
194385
187110
154904
181990
175227
178555
188449
176859
187469
177942
188383
169424
184712
192409
184908
166377
197030
163806
185183
177488
188130
177586
185974
194358
178924
175215
188974
177661
188927
179345
185584
176092
186338
177753
188436
177523
177378
177460
195887
175654
188292
177899
196899
172170
189620
174045
189218
186811
179428
193839
188569
177473
179476
166687
186595
176035
188622
178824
186413
175756
188268
176453
181059
188374
182328
156882
177949
174521
186488
174663
189275
177634
187366
170694
174094
185253
188611
194841
186436
194944
187174
195032
188766
178074
188183
170203
185338
192246
188182
177047
189632
185633
199626
185999
187559
175791
195636
185471
197458
175684
188336
169668
183548
175638
188175
177837
186984
176839
189078
195094
177982
191890
195666
191561
197500
169150
184774
177182
196303
176728
197515
176819
180928
192654
186546
194852
187839
178568
187481
176308
188618
178192
188528
194633
195791
194952
194989
176162
197604
176062
197380
178173
195929
175373
195644
190583
187408
167980
196488
175581
179764
175460
188874
175458
187458
177955
187942
177561
185233
217671
186112
193899
187039
178260
188949
218385
186050
218836
185960
177536
187967
187546
225398
193215
187002
192551
188436
179227
185337
174510
186318
176575
187982
180032
193105
191486
189390
175125
188202
178100
190648
194040
187781
194897
193238
191423
180047
183511
195666
217288
189142
223082
190494
225575
186130
194308
178511
187044
179588
191423
193438
223638
179626
192075
201248
204392
220225
188252
185673
226671
187764
218265
186606
226809
186894
227726
187931
194308
187926
193829
186095
188155
193792
229410
192247
184065
185374
186569
186872
218803
222050
185788
187457
194662
186071
227489
195087
188487
226704
234704
226400
193084
190819
185473
193130
183456
196659
186483
194916
193619
194330
195114
195987
186669
227285
185643
185639
187383
188150
187222
218821
220606
217529
187997
235451
236205
236726
236822
228937
232017
226367
237004
226812
234368
193992
191626
226857
186926
188493
235057
236863
237127
235669
145626
153954
189032
188275
181842
180689
183230
184964
168045
178140
176110
188803
187460
187223
227796
194418
146648
181869
184488
177375
145135
175388
196155
168220
142365
178979
177533
184142
186380
177325
193994
179684
192788
187909
186889
194483
186964
186491
151378
176754
193461
187155
185754
187140
195746
184764
185474
193062
188757
192561
184884
194521
184458
177200
169413
174942
186240
186453
197260
185187
198673
175142
163072
187751
185633
185273
187834
192734
167729
174879
176448
188240
186520
187626
187048
174009
177927
176807
187544
187260
186578
186292
187486
169543
177956
179872
170896
187348
178009
191327
186935
176340
167661
188443
188400
184636
195568
187238
184741
184739
174310
177000
182541
164947
187072
193153
175859
176789
196596
178017
195105
195555
169415
191242
188646
174947
169142
187027
184708
184950
177626
184588
175558
179795
188054
177455
185002
187360
186368
181265
174037
170545
175844
180387
175551
170190
196936
177122
191375
176040
195796
177338
179168
177717
178035
196059
175948
196804
185038
167159
197837
176962
168357
193032
171972
177738
175826
179724
179962
178581
177365
178922
169205
194656
176175
177897
177763
197916
187145
172110
176155
188108
175871
171942
182458
178508
177270
177230
177491
177812
180917
176784
179213
194097
177148
196257
169379
192456
186859
178087
184646
194821
189160
193568
176445
178015
196132
176729
196912
176621
178856
168919
192516
212358
174729
178323
174967
178025
179817
177529
220410
174298
186495
175949
176847
178425
173975
178872
180250
178019
176325
178456
178736
218290
177180
178463
178997
178967
178636
177445
178323
180588
178639
176864
179257
220238
190754
179177
177716
177849
180353
179263
177581
178754
180072
193430
177892
219773
191902
179548
219455
175220
202907
221227
179744
178406
178742
181320
226636
177539
220059
193391
224919
186944
178378
218658
226763
178796
179322
179378
182706
225406
219718
224679
227816
179642
229543
228671
227751
229408
227658
179563
228048
191360
215373
192716
226348
229017
227603
227491
228184
197010
225753
228962
196455
227055
232776
192421
227207
226824
224994
183854
197160
226616
226064
227436
187245
227539
229734
221333
188914
226841
186606
192182
219513
231570
227674
227282
228952
228580
228511
219549
228566
225809
229123
229325
228213
229551
229034
228222
228510
226501
230080
220563
192405
229225
226471
228843
178714
178473
230448
179143
197321
174894
147366
176954
147121
236101
167724
175182
171165
178160
177934
228997
178812
177804
179892
160594
217992
144779
175702
179997
176849
169022
226819
181343
218606
176626
188039
178352
145641
174353
180797
181969
175147
180360
170857
175225
177623
179531
177960
179295
153591
166766
184100
175738
181398
176077
178656
187604
147285
176390
177776
192782
179478
193982
177041
176321
167900
178796
175203
180055
177244
195644
172072
179661
176470
172151
193243
175255
178744
177267
171581
191518
191952
195749
175879
187914
175190
170338
175145
182295
192679
177353
177523
195281
178410
178205
179225
177338
155601
177596
169203
196060
174897
177849
177226
179600
180507
175486
176974
176544
188646
176792
196891
176326
171462
182223
178108
178879
178451
180724
175478
178751
177911
179436
170083
192127
175386
195147
176982
166631
193333
177398
196927
177348
178069
178341
179202
169864
195555
178187
196870
176428
195914
177688
181648
177037
178834
178127
180571
168664
191360
178140
178937
178513
177686
177323
189092
181526
175738
195761
178182
178809
175245
180401
169774
174559
179439
178072
178136
187357
180566
176272
197430
171811
188025
191683
192934
211754
166338
176120
177886
185972
178527
194756
177806
195802
168934
193333
176543
179343
195310
175221
179064
178979
186074
168902
195979
178426
187178
192257
177120
178812
179969
179150
177982
196706
177032
179225
194668
176927
187155
176318
178794
171135
177250
206233
176330
195922
178563
193320
178032
175313
195631
219396
184606
176808
178190
178931
219872
176769
178583
179534
177006
185416
181143
214508
176679
177288
177944
177563
177854
179506
194524
176533
195884
176857
196505
218180
190887
178393
178203
178606
179558
178408
194400
175551
179613
195715
175581
177308
191955
220661
219613
176414
178500
179122
178700
178620
179251
177033
181203
177617
231753
187570
222303
179216
179159
218540
178097
225671
220262
193761
228032
196138
217423
226288
198837
224087
226801
228072
220313
226551
179053
228262
228980
230443
218375
193167
226975
228902
224681
228666
229536
227365
196087
227408
196177
229242
228939
186117
225696
219320
228809
225744
230089
227689
228961
228669
229977
227575
227683
221202
233821
227168
227415
231486
217726
228330
193606
187985
223225
227887
227011
227771
220999
224879
228403
229107
232157
224799
229533
229237
229649
227253
229092
228180
195654
194247
176273
144416
178395
146623
177318
230549
186827
187198
177310
179438
189648
176055
170693
173561
177759
178767
181348
176016
179330
176355
179461
179190
217764
143122
175350
186388
186611
167320
176115
230709
225388
177252
177982
178664
178032
169817
183794
176618
177225
178108
178916
179676
181207
176556
179031
178618
178691
168561
194497
176708
179494
177899
178139
147019
178080
198503
173408
195955
178322
186380
176443
180012
168744
169583
177676
178015
179210
178102
181416
176881
176299
179210
186288
183041
179428
177927
170721
175343
177704
187525
176049
178659
176693
195474
194471
175764
178856
196371
177125
179601
177611
177789
179015
182415
184819
168842
169335
192804
178230
178681
177160
180355
175646
188325
177934
179944
196177
174854
195035
188701
175639
170892
175092
177473
179977
192646
191428
178591
179047
197012
176701
159573
175376
177521
194001
184779
191987
171476
184357
195723
177964
179679
175646
169589
176050
178840
186162
176465
177158
177420
180118
177425
177945
181707
193177
168706
192310
184217
179115
179774
178774
178208
178275
180679
176391
194415
180649
174906
191109
176097
167721
176285
178418
177443
179333
179875
180283
174533
177227
181949
169814
188711
177771
178849
180082
196326
174470
195188
169128
170040
186616
179884
192187
183162
177085
194533
179363
179576
188093
175307
195611
187130
178980
171721
185072
197796
171887
177844
178905
179165
179503
197115
186613
178413
195218
179942
179037
175386
176215
219496
175032
179014
178684
179198
178356
180726
179581
179400
180243
181714
190796
173129
219415
194217
217791
175298
201408
172806
175004
186606
177466
220257
174749
175538
179526
179110
178180
178723
178985
179759
177902
178536
178747
179839
186308
176909
175392
177796
179190
178320
178172
178814
179643
195423
177222
196107
195573
194321
218681
191004
219706
177666
180117
176461
177690
179303
179528
178165
219839
184032
177983
179459
226661
212040
227022
179240
226833
226673
187164
228295
195882
217861
195102
230826
224902
229581
228021
228293
185077
228764
228496
196772
226049
194393
192839
218387
189892
226495
226558
229275
188090
226333
196363
227020
225210
187134
226556
222268
218835
230265
226152
194764
227230
197510
227556
228393
228155
220510
195634
221556
231335
227275
218031
226401
227262
229769
228516
195563
221211
228046
218744
226292
228346
228279
232139
227037
227892
229881
178593
228712
229005
241260
182601
175368
179220
188122
179500
182250
175162
196985
224391
146060
228257
177787
186010
176065
169692
175791
178385
179634
182634
142112
177488
169970
187275
146749
176922
188020
174599
178368
179054
166411
176079
179356
227593
178117
180769
229283
196941
169962
176659
187508
177716
178877
179584
196656
172225
178120
179112
179390
177488
170673
177265
177373
177084
148554
176747
181887
174337
180005
175874
188701
178623
196187
186115
156069
172993
178092
178924
178092
181560
191955
178779
179088
177761
178323
194907
174460
166807
194242
167659
176951
177992
181020
163291
174454
196804
174335
197079
169947
197839
177688
176826
178316
170103
176556
177092
195656
193020
176539
162944
194117
175252
177386
178145
179268
187022
196844
179952
176247
193183
178961
196155
170019
174403
171094
168084
178283
179448
186385
177413
196540
175042
170776
195767
171428
174566
195074
162027
185228
193168
172418
186500
174561
174994
184909
176227
170275
194320
176248
196195
177318
163942
193426
177310
179902
193360
183698
185889
167130
195368
175661
177877
177822
179922
178463
195821
187328
179313
195115
177115
195137
187262
166990
174062
176235
178626
177807
177175
178065
178323
181138
177188
186115
189423
173859
176854
178179
169493
177120
178401
178867
178027
181052
200751
180826
168604
176160
196814
170821
177230
177989
179225
186749
194761
177603
181232
192817
193904
185025
173672
179739
178391
178796
179010
177787
178509
177972
193671
180391
194152
214975
176748
172097
175804
177144
178764
170248
178962
179751
179960
178866
179815
210360
191432
172972
177922
220367
193876
177670
196179
176144
195970
177263
177135
178807
220353
174889
195260
178551
196776
179310
195145
176488
219731
196428
177934
181125
185543
175874
178087
178070
179552
178668
195974
187137
177436
195451
177982
197245
222804
183684
219620
225438
186599
178934
177980
179054
178345
179072
179197
178476
179453
180505
224350
218012
194708
193859
193025
216453
195593
183380
201100
178951
179448
212480
185862
227689
194219
194351
234789
210901
179455
228859
227965
229260
226964
188809
223227
187072
227626
228080
227691
227270
186193
228263
195027
227779
227177
188559
221405
215157
223210
220090
188558
222977
229731
229521
227735
227847
228781
228050
236180
224161
234274
222150
217070
226363
227190
227543
195792
223553
195376
228009
236951
236405
193595
228095
225421
229330
219864
193195
227866
195453
227305
197283
187619
226150
224109
227747
180430
177244
146070
226814
187546
145433
177240
228097
145365
169218
196264
183363
185900
175045
144935
176973
178330
178719
179073
178671
178767
186403
173456
177318
228498
185954
175073
175830
233371
176576
180156
186531
191456
170040
192137
179182
177360
145932
146887
193564
174383
194686
176968
147631
144328
186591
175684
197704
175494
177393
178539
177717
179910
179387
196023
177333
177726
147817
168081
168110
177122
174258
179085
177210
178464
197026
174401
177519
180167
175647
187262
174562
176946
177574
168812
177083
175900
177750
179296
177986
188104
173400
168742
173440
178170
181377
177233
176363
179286
179192
178427
177650
179405
177930
196415
168775
176520
177690
170534
185209
180111
177503
195906
194790
177925
176361
196026
167949
185595
175990
194870
176256
165064
180813
176788
178469
178126
178126
180196
197049
173837
196098
193978
171221
167422
176206
186723
196337
194101
179447
194094
178619
169820
175628
178820
181830
175928
177226
177909
179678
193802
191533
178391
186898
186565
192754
177781
179767
179186
179113
196652
177021
177056
188161
177657
197008
170024
166723
174778
171206
177877
181572
193945
176174
179028
186004
177083
196480
194843
164727
168622
188537
168048
180695
175722
214296
176462
179732
196279
177256
195886
167965
176625
195414
176692
179491
179823
179469
195886
177514
195578
176176
187775
187632
175010
178252
179632
178141
181078
176715
200625
195212
192552
178123
196939
177950
189226
196758
174822
177441
196076
178046
196071
176186
197176
178286
177577
172342
217933
176181
176434
220443
176527
181866
174418
179880
219953
177339
178289
176973
220054
193415
178171
176507
187792
180690
225653
215344
177923
180096
177116
196162
224009
223816
178216
178712
178038
179023
178264
177369
178283
196776
177093
194281
176120
218894
219039
223026
178116
179822
179142
181630
224545
186226
179935
178394
177882
185698
223347
178336
221254
178758
226889
226887
235161
226951
216244
188121
225745
228561
223201
228492
227562
227395
227775
229162
229173
230827
192517
228368
195841
222422
193342
226523
227928
196981
195124
228365
228335
186206
191720
229926
218162
225242
187442
218018
225819
229986
228468
228748
227582
227934
230675
226324
196279
194319
216548
233841
192680
235565
233926
195920
236076
195269
227324
220142
228344
228889
217871
224764
228926
237607
226079
229573
228288
228567
161387
227237
232941
224322
185259
142692
223743
177895
228299
178424
178517
229106
176827
145198
177013
147239
190717
168160
143406
176296
169922
146301
177880
179426
178885
167928
175318
228758
191722
182880
172118
178201
178672
220212
177784
179821
178048
153270
178650
179544
178706
171684
173486
177376
179978
146416
175595
178913
179449
179486
179021
179100
177384
149023
174096
175191
179186
172981
192304
194527
176447
177757
146035
166240
194034
157095
168316
185943
174085
177108
178229
170156
176744
178214
179976
179408
178938
177898
188818
173549
182489
179369
195742
175193
196302
177702
195991
177612
195723
175703
181466
193452
192510
175732
196231
176978
196507
176321
179264
180768
177622
196129
196597
182948
164990
185328
196158
173125
177402
179241
180264
195084
179316
177652
196625
170975
164759
172464
175950
178148
179083
178782
178653
177659
178284
177975
161084
195046
169005
173561
177402
161634
173512
177454
178525
170085
175346
196855
177816
196748
165602
195023
178033
176562
177464
180439
170778
178203
178397
177321
176807
171797
160750
175988
179607
175514
179737
193622
197121
195188
186143
195745
178011
195753
177983
210710
185725
175650
178121
179151
179978
179131
177825
179356
178896
178192
194802
168474
167313
195182
169581
174564
178118
175682
173883
169244
176228
187074
176325
169502
177425
176653
178587
178749
174489
196378
174397
178972
177632
179968
195178
167940
194111
176033
196166
198289
192241
172980
177038
195645
178582
177715
195294
169995
216503
175888
168622
177961
181395
174747
211891
177710
178837
188853
176439
192266
216412
175869
178248
217707
178412
198491
173699
178050
195901
178160
196488
177530
187865
175806
178420
178841
178265
182602
176119
177719
179021
179040
179149
177573
221468
184262
186706
178286
197297
175768
182509
216995
189522
185972
195176
194281
220964
221811
224427
178638
177607
179088
198800
224906
225681
188244
176406
180361
197706
217048
226179
178396
219131
225483
196900
227894
194178
194547
227234
217913
189188
221683
221114
228069
179702
179870
229164
230553
194000
226766
194068
184284
219983
196324
217223
226143
229357
228020
228728
199556
223969
195579
187149
193960
193933
227658
216526
217528
224279
228095
228242
196302
189781
188514
188530
226577
189160
192574
227022
225039
188906
216843
187350
226377
190114
227894
188507
225638
187459
194705
188224
194065
237402
218051
200076
227064
238091
227292
239200
228693
198971
172659
147568
165978
186466
143950
187833
175567
189361
168604
236939
183208
187329
143203
191116
182622
185670
172221
189277
143822
186700
175881
188001
178988
188846
226819
180862
171033
188028
165199
145617
174021
186532
228139
187708
168630
187908
176968
187033
175504
178539
173700
191552
183489
188223
177875
187808
174431
186887
177948
187940
191963
169682
176507
188928
176665
188942
179066
194865
176218
148930
173645
200415
171708
177569
165186
185316
168467
187516
182089
187787
176974
189382
174759
188988
154908
194844
166436
184760
174990
179086
192978
187981
174762
186931
176404
187063
194018
187251
193212
186206
178585
187690
176470
187983
177612
189429
177081
187773
162682
195236
168235
182732
175068
188291
178058
187462
178472
188785
187655
187249
198489
185937
169156
175818
187893
184216
176005
196482
177726
187241
175654
188228
177363
187013
173775
199033
174339
196998
169705
183895
194234
187956
178093
188049
177171
188141
168121
175966
175780
187452
177311
187995
181489
185226
178324
188532
176995
187392
192284
186569
172740
186369
195332
186900
186277
188738
194921
194392
177482
186291
188004
186261
203472
182412
177389
187519
176544
189406
177469
189028
179291
187274
178499
194565
212851
187371
184394
179041
176239
195702
176081
179053
194648
188411
179938
194259
207184
210079
177019
187466
177439
188709
177682
187726
176156
189961
178039
197715
175837
181028
180866
188249
176439
198981
175757
188361
196175
188227
177973
197778
176706
219566
183855
186786
177464
196276
177317
188590
177559
187314
177153
187735
193241
174928
217610
196041
217740
195961
176118
186081
178096
189176
176327
187853
178900
179835
174878
188111
177442
188763
180003
186841
177394
191492
174835
188878
175885
197499
217156
184685
176675
188379
177256
188600
176858
186648
187241
188665
193983
187427
213397
182933
187592
183337
224863
187955
176927
189713
226003
188725
178068
198196
217876
180895
225823
228512
192065
188851
194733
188723
216778
195981
224316
198695
227706
229989
224470
197938
227230
189492
185494
195464
226954
189066
184685
187560
189755
216799
220472
189417
222994
188554
192259
186926
217868
190901
225472
196680
224495
224525
215979
185524
226978
190354
224803
188003
228036
188336
226064
190261
192074
186589
219763
235580
216665
237147
224836
189104
224598
229342
235918
221861
237826
236117
218162
237187
233931
188068
228648
238703
225142
236505
230633
234628
193765
186102
167850
186016
226954
186259
178392
188633
207074
196149
178284
178286
147181
177727
172728
220956
186402
178309
147386
170960
147471
176464
148592
145760
187151
191372
175655
177016
183920
166662
144965
176908
188236
178612
188206
176659
188981
186162
187748
168251
185223
176511
191402
176675
179737
195161
183645
195184
196479
182702
147456
194883
185271
174110
188289
177143
186802
178798
187918
185782
183815
192237
195081
168637
195442
184639
187451
169243
188807
179910
186031
177509
187680
195121
205191
167788
172131
190597
178464
175672
188875
174414
188414
179545
168898
176143
187201
176356
177865
176045
188479
176386
188048
176372
198715
