808330
508837
306279
311975
416823
235130
560420
396124
436538
1186476
305870
217781
302832
323527
6156632
223622
3623448
927221
349297
322932
515966
299720
1946111
676216
825079
284387
387726
292162
473392
326067
307789
9446669
376000
685209
1262377
1202868
287725
314218
311571
303810
8671073
16115290
14080453
557861
364502
367882
311366
521351
332003
2165600
1201550
914546
288567
590701
1156077
82282707
52245908
276957
213352
1770667
7806752
5131753
276725
2113927
12016012
304399
2294866
43947166
264516
212402
220342
212033
426097
275948
332391
364387
1426496
266491
241132
239136
257534
476789
341344
273127
1241152
345398
4620467
10013528
1220011
1793335
671462
316595
259341
397925
319242
614012
746784
310576
221345
693837
271707
329708
555113
525953
1096148
358008
298140
478005
1574020
211897
378262
2502080
301982
363907
6287116
3519072
531473
10796825
2277791
213980
2736802
244223
486818
250406
423614
320805
357890
264693
279728
330100
1233587
255943
310389
355974
423843
799898
971738
311195
503720
329352
236477
271707
1152613
7075901
454701
4274236
3895632
309318
1240970
3489997
13139092
22770394
2208146
350767
234064
348487
643365
395715
771356
415554
281023
306475
959574
317957
518962
378836
368619
411893
328256
1916013
238029
259750
7878674
3363453
1953829
257745
335820
750194
1843493
3812313
337351
316258
838088
1815021
236360
693152
329365
368168
333915
384538
353612
255752
364966
901050
412593
432668
3263154
7090032
28571611
10243124
4767670
53207940
756121
4361344
3640409
366352
2335345
369222
221236
239997
1483483
338602
375381
416375
1392205
244405
471983
250217
888280
477767
376844
5517606
398010
679462
8311988
2140738
488676
1965471
794660
21293747
39595719
2894258
299141
895097
271352
343681
254180
918754
337519
587043
669277
462004
958605
301921
333515
666538
1051956
899151
358931
408989
9334492
345645
290924
233351
257656
298201
929918
322381
265228
363532
839424
1113035
383482
4371388
467619
239725
970109
1339367
347507
269073
235285
239815
416441
307456
1883481
14055779
270663
9010594
376883
417892
1009563
291782
289776
315882
315497
443141
1096862
381652
263851
258828
310714
260880
251885
318437
1080684
426471
331175
330068
304797
542569
302638
1208054
272379
9651502
8478979
2240422
4906390
61827254
4132068
527398
312022
409723
345005
1828615
3356748
291555
1288781
24083471
259938
4300437
1265819
315470
373802
367667
358913
281151
2785309
6828017
804245
4295904
335649
397943
3236978
850364
4081119
1764023
332422
10532379
244997
261538
327013
1407114
263843
287576
2508440
34009366
7726089
3858893
404641
346342
1513201
355260
2926464
242217
288350
281344
392061
302644
326927
321364
576968
223890
238315
218436
482159
1075315
277540
262073
963576
353607
301775
1053780
1178548
3053031
298930
221469
328962
1591867
331101
295829
1235740
298927
259509
234828
1116714
258647
276895
202986
319439
694611
366024
308601
1764667
272167
287554
250793
236718
253631
1324770
347869
1071435
276689
401877
317072
732614
231520
336547
275755
246894
259660
267417
311081
1821563
323004
330704
370069
611384
1311742
213417
789128
1501606
296144
228567
326061
263195
357971
341405
517880
1065995
214833
360217
310230
531946
243435
279766
320255
2054909
351215
383807
346410
530065
273834
227948
209339
239717
313556
287761
1114026
1338813
306949
348788
309695
347283
1769342
226679
648365
1074939
356859
338153
341818
877529
290184
535488
1121722
233271
215255
240719
319446
1222978
265104
457273
240144
316660
364222
296316
312614
1503685
219879
350203
874722
1188418
279234
214268
1052339
746164
304243
276591
256703
1543150
331901
257136
962094
238214
208543
227124
234040
1366182
320777
313472
329274
317787
331388
257502
271146
1645092
247448
283633
296495
343541
330163
299079
303766
2093150
231793
477474
264763
223919
343534
344251
291529
1191040
362613
324179
310110
335577
418746
216085
261106
244723
244875
274891
1507561
581147
345262
333890
341742
917936
325757
332465
403777
309047
233657
247135
497969
2252777
304361
320394
293059
394440
316140
358912
382366
255991
347583
383625
231951
2019569
489370
242704
268235
786810
301944
305855
345232
688717
585305
414949
304730
437200
3575224
1756769
366308
375509
330860
332293
308493
741709
218622
267958
318855
303595
912358
264967
400760
888229
465620
264274
345701
735930
1527633
298052
590329
256512
243968
235790
266451
681657
998765
982803
345540
558415
343600
252377
303042
1826859
262550
327126
353267
881977
1993551
254408
222337
1304031
224021
344664
230771
1023456
240147
1599645
321472
357951
222038
267520
282244
304321
281389
279189
745530
372845
372046
279105
314703
612194
363209
317107
1323929
270294
240335
233841
276690
377060
1658351
255709
248700
450251
1084477
1617672
233000
448196
272304
277507
407969
342332
1294300
250557
317798
572769
370599
304987
334292
769242
1182984
320910
301669
234856
4306682
1010273
288181
288254
225104
450766
332230
2473523
277414
651425
310370
337765
1456287
532610
223901
749636
313667
349863
302943
353122
409566
417176
340240
1555162
242419
397342
333268
997183
350272
523323
3500401
239785
258725
237490
1150839
271884
258603
586606
230239
331716
348465
1769401
322757
228539
236895
266549
533149
1247379
329301
347728
339671
316774
291135
436672
2014632
304287
225777
1152523
246547
271629
325310
240926
1382815
354116
318808
616392
222492
226993
306315
1169378
267122
264947
380406
370159
437126
331690
321882
2046464
223640
197688
208129
250288
1280896
339943
312819
1306079
315852
341657
798801
606733
255688
370264
264348
295762
280183
270843
312117
1438634
337992
336393
300434
347004
345512
863442
207207
1559342
232896
278742
228719
441745
385116
386453
354401
1494949
287335
260369
526600
2102909
239939
317280
366802
359863
316516
408703
389367
1212209
247906
223347
221959
271485
264704
1486038
240110
1271198
351649
475501
385623
306007
315906
402687
273872
436018
299371
274922
1368068
386674
281111
268419
303172
374993
331979
1504907
228649
2550585
269992
227497
618079
1530328
262648
471420
289278
211807
216359
290877
366164
322517
333621
516526
281646
258142
458975
1464455
225107
1022891
217582
296377
254459
254157
1977397
310967
287261
379934
242403
246813
1703668
277875
264086
348784
297790
246867
367359
443448
346176
333247
293211
341182
212580
241395
226785
1109514
207611
959039
274148
337439
286000
241497
1143697
651066
329330
269045
230430
269334
397634
1412603
231188
411920
389392
549306
404426
349674
327641
1056966
257827
253447
215823
247241
240220
265404
838486
537745
285994
264441
280746
1249444
272527
264768
304652
311622
262715
272613
1004090
1548023
315410
428615
285247
342531
467891
295667
224264
253967
211861
250552
310948
309629
724178
284291
246395
798577
278206
276737
331038
558726
1403477
1727140
267537
641237
267638
269759
336804
397755
345540
357129
362495
700673
333743
353667
295084
446099
976512
1514038
232631
373396
275720
333322
296243
842714
1492914
323069
293181
277282
1104270
282871
267479
674514
327541
356577
326550
661948
342733
1944088
308292
1970684
329976
308631
1609140
1789312
192394
1665275
264518
281040
371424
897642
302940
346723
245771
648248
2834274
236801
268091
719997
298337
274227
400062
686117
1087795
1000565
3839316
25589927
206941
248774
1122009
295194
283152
660088
1615455
578062
1256598
311479
751639
485467
257486
1181114
262973
312973
317321
54592563
768520
698087
234976
877171
286601
449617
314560
356736
367445
917694
820436
339256
238001
565634
236459
321131
1323571
664369
808865
482392
275977
742381
340861
1504690
222375
926554
222912
274044
278057
453926
329171
3523735
222385
2997410
502485
367612
490506
466326
514507
347425
299552
332903
373078
331489
273093
1144999
287081
368384
824702
1025343
291847
322589
290691
343918
2807650
391333
2023827
293423
354529
564718
377979
379095
1038768
270138
298346
282713
330957
257230
261644
274921
1378041
293506
458983
351884
557265
229158
235984
229935
213346
665624
233547
4291499
1350017
304818
1092438
252924
286163
292383
311183
267503
801604
362091
307027
352847
394331
436860
332550
470433
290661
249522
303914
272832
312081
428749
370458
293517
404324
381158
522136
298610
1437204
302557
1098003
348255
821090
406458
380618
337425
356157
352250
2556663
243725
599525
306257
393144
1229617
552837
252707
265675
236359
252465
1168694
1545075
328326
414165
350540
318614
334721
223089
920500
228002
269488
425477
1176354
268449
300125
908733
1287249
378012
256039
228363
1846590
356897
211416
1487852
627874
372088
347599
266712
917545
509879
631338
254102
613875
335074
283190
300524
1168715
420208
366584
384561
1391515
260046
292830
577327
505929
299782
321432
381644
1350057
306162
287051
1478336
755588
237225
221332
313965
1016594
371478
305458
383426
281620
317764
377624
1819971
269043
360545
603594
238276
260014
282640
252599
709595
1253848
340559
551780
214752
826518
394777
1046748
320376
281306
953751
1252703
293087
259878
664467
205833
266738
1040526
362021
881494
394792
282541
3323006
303501
1080396
270396
1052871
269426
317008
247293
313474
446119
1026338
301637
939689
492284
300131
264398
447254
317425
254509
298257
389840
305513
259509
259259
351715
386269
214791
224017
518419
240461
987174
871947
333869
293105
371088
219314
1530501
335725
332272
223155
539736
895865
420630
430839
356977
446716
481668
287562
766313
2060162
285956
213467
386814
253497
272216
247120
652578
1212789
331919
310812
735026
2042033
236857
301027
1643998
284808
252602
326883
441144
887097
417954
509011
437652
214532
219318
211534
378677
1064523
287385
272948
289685
1310333
295306
282645
667464
332937
395488
207396
551034
1202183
316323
931592
248923
312181
374759
294420
5759204
261219
224300
265344
295516
516282
300117
279994
341750
293081
370613
422440
662046
234892
236570
314809
1586713
250608
324987
313440
1826496
210676
237628
207146
274961
379411
211283
411557
360218
294100
390658
241982
290922
1631225
344263
303569
580207
219161
265022
296384
312778
263837
404535
334634
872563
335813
377688
350081
655141
1694300
286070
234866
361507
768753
329428
264765
285367
858492
1548436
308149
406311
449056
262725
235331
903973
763645
555685
993302
424272
345580
348469
1323864
240168
209776
223377
187275
330857
239374
1469804
297212
383127
357913
359418
372615
396077
240952
292956
286772
370642
1316677
218077
280770
1220721
286261
472640
352219
5853546
297840
393737
1120433
386078
362406
461322
696879
232217
256512
723576
252549
375760
464323
559117
354281
467833
530871
492091
224277
260279
896713
717165
1126785
327743
295669
543945
1374287
9640560
19686734
9920580
941442
242325
256400
776016
265673
334017
290891
492290
475766
318977
380756
1569744
227750
250043
249708
2776798
341837
716739
320967
343937
1244005
909949
301635
420478
389686
866391
262001
301757
522893
714014
1173237
274290
225188
755590
828033
316932
1322123
1074306
304504
397619
379026
387807
259240
262297
268408
1634590
223618
387469
506604
355535
2113954
332015
289494
324834
209381
227560
768725
232552
224055
260984
216774
577209
301567
1242257
300905
2041749
262110
277090
257747
264222
1166746
282071
253565
518756
354778
295735
1120742
472659
866649
383869
234060
379353
585496
352627
309096
358216
551814
438265
303495
480340
1090415
1670629
423446
852023
301572
325385
290210
453179
341800
385595
311080
529093
235101
232556
294372
317538
1214703
1090162
232581
279064
391246
306988
314247
471628
1304944
235523
266658
456873
303132
1337750
389283
418682
835615
248714
269324
753629
892821
297439
242829
1356870
696650
281722
270817
471822
1233302
363796
329790
334084
266563
241263
503682
508162
1106550
341910
240922
348594
1882293
387022
303300
835318
223847
255558
326042
330818
1187387
322944
243981
414432
313775
3876758
274705
1384650
324815
234993
277196
1434947
330393
305515
212617
239090
219116
242476
249544
263980
221968
951894
230590
1357478
424285
277078
305773
368296
715340
249812
291762
332414
293027
1124344
230941
1364256
311287
215305
245860
254357
301745
227571
217314
951591
229809
240912
236953
304043
1797553
368692
284765
351284
538742
1208124
295542
318471
260109
229427
285586
385088
1302521
291323
309471
1569134
206695
247056
284691
309115
1003654
1279519
282642
254154
403184
1597241
234173
376133
277204
264334
296388
244783
1342098
732360
1432660
259190
215719
217694
229796
236418
313305
677178
258571
1005653
405158
588036
441885
347696
354874
571750
922258
217813
938984
509943
1379023
685786
315759
339242
236349
235274
703738
270350
750688
243342
276316
476588
973310
1782286
353410
698764
228127
288859
195046
319684
1233734
357820
332612
2157424
438269
225985
1104714
1124934
332307
213576
466280
231242
566400
775755
390372
616117
305889
2059316
433832
209305
1914810
259671
330910
387195
259920
805409
5076657
519748
1337292
11707291
454572
302343
217804
272561
333779
256697
351082
433696
706099
318532
1393102
250782
314376
306594
1063816
682102
441653
219304
356131
2458042
8527792
819021
19411042
331212
4510155
220844
34982038
67682918
53890526
809096
72009660
1967922
137579415
629989
20657378
59739790
445281
3554161
497460
1604528
469959
495762
761542
2271138
338708
300516
349098
1092606
378043
1507401
647129
491592
369069
4301256
367096
446810
429259
5247329
693472
365545
435188
277556
504489
480330
766587
406797
276759
409224
1082910
3001071
575146
465093
31953108
545650
1996283
15220663
357869
528205
1637031
44817595
246682
329360
315098
406540
358965
425872
442972
409300
1077792
465464
514477
490187
462397
457905
491354
414669
388207
679938
341719
445901
479530
418110
461842
408771
357127
651297
337776
358913
402370
384715
728713
2221377
8392045
312159
476456
320466
523390
574033
602151
334972
298187
386427
623048
519455
385885
394383
878926
1380396
1968770
780585
705392
404032
442284
478128
337983
2065020
225221
329666
260577
353580
1348603
572863
450676
484731
1537160
303671
304459
255684
283871
364370
918245
401004
231704
521709
439414
712481
315899
474731
2387361
606433
318963
394843
997435
1053347
313496
1133776
379136
697357
1419287
497540
447978
302447
247834
296946
443705
399431
294081
357430
250757
807094
2014390
363680
321048
1000557
282536
512531
270241
470215
227905
655555
268836
306287
345364
989414
1495550
326175
1066209
340572
792537
964860
252066
382253
301927
669459
566139
306225
232096
963409
299502
308801
297590
923210
317499
883324
1270369
306003
230789
240730
283684
459456
196643
289162
216890
719450
950872
325448
321783
982777
397932
263989
335416
515089
1613014
410064
392393
400000
359479
2030930
254115
492565
236106
343179
383596
563187
1076898
303088
582685
519331
422222
412704
472067
365911
285080
328645
319504
509792
1581166
284522
399076
657403
398932
1592769
504997
1381389
285038
1077047
276466
897566
284527
370936
1069648
720050
220991
537535
327136
3786728
367450
565985
318840
2126176
217981
323559
284104
362420
273129
766096
377933
232405
242219
448097
411667
1814549
337977
739289
342994
385729
913650
890632
731577
573624
299261
8436242
889860
419089
285162
236991
311990
310882
655193
1723718
627671
1246536
234250
285575
592115
396156
441994
287744
673966
368281
485719
537298
688398
382337
262360
303661
423673
346457
716085
410212
534458
406549
399096
1217919
783299
316617
1114355
268516
458377
478715
2944814
333350
274353
406815
281209
885019
383638
320498
338772
399868
751881
550948
1186205
306815
481381
263059
467906
382117
374022
786935
413343
340204
511266
494283
649322
296164
431140
495758
783154
331598
2128217
383580
668118
362229
329096
290427
722349
241325
1828159
880453
393520
1145646
405549
571392
433848
275473
1287468
405119
366995
444163
1355183
464391
511975
667027
531958
242004
6549093
710980
479110
1085599
490516
661191
498276
780704
572215
449427
488798
443130
449381
360323
370128
318105
296661
610995
2225545
296164
332763
311217
773778
354179
357515
258176
404038
238086
338151
391427
407376
429021
422791
359660
458107
347608
743762
262101
215972
280404
257391
340214
347747
291293
398371
832141
379140
363659
774368
326353
432098
331380
217853
224524
281099
547644
295268
283099
422180
953914
327709
972126
941621
300692
238493
219098
276116
337355
216752
218041
451468
1369423
263859
400360
323676
401101
500443
2388949
373215
321264
369949
1679195
981124
356397
509919
1146670
347286
367240
441197
442117
813321
316944
272525
1041137
399220
423918
360469
909280
481240
261149
437916
1064385
498380
330534
381616
581347
533275
850229
336657
469173
411926
303962
518563
278657
374336
1465885
359981
262859
313121
326681
366485
1133438
641382
270785
251284
1381091
1430255
329353
366077
328396
245780
401643
329060
1844849
641808
271024
296334
311284
353522
1264668
888307
910368
299319
3542266
2428552
1378650
332669
765979
233074
858618
390529
1503345
374674
348031
277349
346174
1912946
259183
208489
276352
284335
368985
318700
275484
902977
323577
1582523
379495
389594
11178255
258160
7547943
4041230
5677183
212578
8641603
432644
1869469
508753
330486
326019
251738
1052684
414746
238438
271252
646546
634883
283763
383283
2435627
381211
341349
297112
248974
215138
1133319
243809
288933
341004
243458
266714
541436
855552
313233
341252
356953
1052245
231277
348523
1594952
291277
461851
389140
332352
307983
436405
365722
774564
348651
430527
224258
1495712
327117
275681
266668
615215
840388
360984
266365
694827
284515
292449
348365
1124881
398759
251778
2573858
450140
1780443
431708
1012487
385779
341100
625194
420607
343515
316872
563172
352815
247690
323804
660790
1320136
587725
335652
559933
217570
376094
1050932
1036585
656817
314412
236294
645266
1336995
329499
307720
1422681
240546
266533
261056
390673
335030
277615
283577
400826
1088044
459114
402584
795873
213280
224973
211197
551171
2069976
257605
302661
1416980
311309
438589
343241
448428
261359
971198
392548
404589
231835
1526148
286900
913279
231749
325823
243836
403856
1671980
220304
263903
631376
277831
245508
295041
366253
722415
1195386
388768
584612
263622
325834
251298
287459
493740
283565
275087
678615
857019
322683
247004
861295
1382179
251841
207290
518670
1528634
269953
272052
1179672
958165
348906
652377
420263
801116
263765
235818
279439
908336
252038
311495
644663
1382217
332977
323375
382353
1388165
219831
252413
507547
1099863
295601
871362
326964
682824
372061
382045
2295767
323419
310537
1727338
370392
441152
501660
779004
552713
1078103
284282
405409
2219931
406712
739501
443808
972294
371314
463892
276123
295893
262370
340170
371761
539850
297150
1170615
385505
193039
210921
557197
216196
413149
234702
1293353
289492
313649
295949
872663
428619
1094822
215283
452900
568362
311179
272351
475296
285501
465382
306962
1368113
324957
1281255
285402
1307059
240412
233246
275500
422988
639846
319748
280027
557598
614130
1519573
238588
428163
213992
225622
236440
465527
359132
1273613
332418
1854774
203971
233978
363197
332681
251769
273648
207603
347657
323654
343223
294612
474954
1082876
349146
333580
531584
595704
254523
214440
1481064
334013
257906
226072
420061
1256957
253393
231871
294007
277194
347846
213184
550200
360244
294351
304447
587828
1022519
360515
393033
551987
208020
241981
268211
590542
1298725
336598
227583
644862
382009
334174
723030
812332
949950
234040
1220292
468047
840631
1148879
296040
262814
262949
209773
1338913
346109
277668
304617
246847
332478
273506
264735
271257
447907
701318
351005
240288
580595
1030209
318687
223422
1782827
299973
385314
301530
365099
291116
220511
246800
401444
319936
300243
636245
668809
258330
324354
263428
413181
336489
307304
309960
1416307
271597
320300
298527
488102
888005
321799
343201
453223
887329
219806
233256
392254
290905
238290
263863
1417009
775927
287805
288159
693031
336365
378030
842014
1112236
231231
458139
484209
271523
238963
990656
232673
971257
489434
271684
236716
584229
293724
277993
296529
1567133
235033
387443
329427
218105
235147
267249
220124
503372
316465
277845
329112
552315
241829
284868
297395
567219
411958
893551
366539
628559
243142
469864
886131
471648
244199
791996
290486
232007
297753
296675
997182
524741
327395
1328485
227071
478735
281639
781516
248908
282262
677231
375019
723593
296603
1587713
1029304
262726
532646
234164
252270
1554098
667883
1467715
328698
257035
526454
288007
229027
210071
676001
218987
300181
491065
596654
418746
381812
313681
606543
321916
249654
325892
234779
261376
1183829
220847
282550
323898
1393695
291259
1393827
216803
238751
224522
294428
351988
1314550
235868
622281
324325
364654
1586188
419770
284291
900679
264458
498268
349882
385373
309453
353237
464486
430924
605842
645838
365296
386279
238177
282268
219678
284990
1104467
234183
291248
465188
284388
339430
807872
1668452
257745
694374
993401
220887
947131
725001
389010
694117
299798
662322
228236
258707
270102
411999
230602
1391415
234950
255711
269334
2392662
315144
688306
226751
223792
266395
219661
311269
383707
257183
239388
285964
431349
1309567
398691
327591
309731
225396
224147
824874
248269
235827
593519
215640
1885548
617564
399411
307659
1623095
301577
319512
224285
280075
293957
554001
610441
251230
271026
499182
879174
196961
266471
606467
1356979
365186
243133
751821
1002005
227664
234209
1471969
229766
250255
402019
578835
824648
863427
427498
330295
266551
483676
257492
566891
344169
704862
269793
478300
373858
756193
624867
842646
346731
1436595
342184
1772397
1062455
703940
636629
2314586
371546
522891
344872
336466
452873
238635
299690
1979242
350681
582842
275727
282749
380692
616475
277703
955278
272866
907497
878492
308259
824522
786530
276067
246242
214978
557227
260343
974734
318015
458395
825063
364865
937592
855521
229567
638838
223800
338761
237334
286984
473613
340966
271314
1626633
260908
866190
441029
1166167
218285
882043
289082
259485
274149
635227
353462
1468100
511774
710634
285755
218194
335696
513892
305390
807876
373385
154006609
3497069
474475
334114
1081698
1577059
1228128
262954
371581
1529977
1461525
345308
616672
522616
640572
316984
1379761
517376
1636498
345637
1352285
3347244
398597
641177
618145
482772
2830084
337568
388000
211715
242777
1276203
368107
1333875
298623
372112
374283
2088924
49219164
2511153
221381
1124953
206755
645012
381492
438459
261697
695789
299949
1520239
219328
568715
300854
356466
310388
1019766
399357
2068242
3634456
1094892
2923764
633043
318703
465911
252040
580146
245725
1144114
253703
349732
404354
1727104
316754
1203652
210316
232296
189161
326563
347869
1481050
284596
1228259
309793
260415
731087
5917781
1758892
303442
376825
1045439
799416
382903
504191
290852
441861
321776
2021235
343704
366894
341993
792847
233046
538922
248108
576204
331345
430268
428551
580096
449357
1639623
284262
412330
248604
330724
244901
297197
905986
384328
277593
392078
326484
390331
332537
506777
244837
276611
232428
407175
214532
1552800
287546
943107
589868
562683
405664
329954
384633
306397
231729
210285
256444
259339
402747
487745
262697
1322284
466472
243312
482084
387165
235381
273826
231003
250434
877017
218849
428221
703737
399093
348952
1163585
340060
425478
241788
230544
208150
740000
208649
1116779
219481
349500
313424
2011332
340138
279227
214364
281388
217584
333974
276904
1764917
338778
288766
265526
293621
237434
1936064
218125
978487
291934
353020
239674
330437
336565
429730
328744
1361475
250140
709864
364238
304127
207758
247535
249801
1091253
232310
291183
265031
271883
609632
343614
226950
430437
319113
318512
265170
546755
718179
237560
223614
676898
314881
249103
1518050
408228
382384
390528
261416
3354491
365187
248056
295592
401414
277109
322978
299289
325727
374016
1640624
229463
396565
239265
283011
1428655
1040369
506904
351954
250182
377369
410547
222293
236031
314609
216458
310849
221026
269478
247523
2072560
322756
413503
464165
327350
263491
445500
514184
234989
248740
1284607
258846
260455
237700
696266
1100184
957461
483432
2811279
1388961
226257
267702
1452623
281863
273172
349997
1916577
271904
545201
287301
280303
289142
345414
291932
2874000
314075
415194
199133
247785
1127507
556521
268878
1102876
268575
810034
337039
1367042
320773
556261
202455
240601
230408
482576
235984
2731408
228343
610887
342516
329768
359743
633331
219911
1155862
186324
940915
251881
1937901
345512
596403
304342
246479
217520
386684
555806
236328
256005
680678
245305
321358
310084
845966
259954
1038510
337241
566325
230296
241133
210445
461551
372088
492631
255143
334433
237562
377512
1510811
433819
361854
975672
210309
369326
320815
887498
268946
714964
1513828
349191
382538
451809
272942
1167652
338941
837294
248692
2102259
539514
662971
658810
213486
221040
724005
262998
236959
320045
1038435
646132
249929
275016
590796
1267008
280183
256651
552841
340525
483865
340110
1420292
609504
562012
304163
1463104
688800
592825
559417
517288
484955
629430
289244
446811
367078
667842
484762
533417
476690
426967
673147
390444
650206
233844
233521
1705909
554608
343981
649370
268101
506916
264775
404368
335140
406754
235674
310639
892403
318021
473050
393896
242698
885932
388142
464915
627529
344019
340276
605544
333959
316712
1166784
5577930
218977
1376711
975018
1683827
284324
444605
317645
335635
299688
1057654
242275
250911
737550
398290
1305793
270938
1323495
1051063
314414
224813
247395
3015772
277949
362131
320751
287997
2338873
671419
234094
1357688
264404
994128
290472
798551
233419
1315163
247249
10134196
3466729
262759
573599
910703
1449599
308663
405122
2391461
242581
299027
751582
348766
333517
486874
334264
3634277
1319179
219327
242039
217598
1222756
789779
393176
289519
584552
296371
1076828
231788
322393
290982
297122
514121
706214
521582
291960
239156
1039917
228231
444607
295775
364305
221134
1193302
219352
765297
309988
1005142
321892
3030838
514686
276697
274082
1127780
258448
385280
258283
737933
452001
2333119
433614
592961
1827773
735385
563094
488122
1504818
422414
364596
2587157
580868
376647
305117
311978
381908
939088
3679021
672990
410162
2235736
710093
15465737
34435336
229760
362261
275624
334631
3918990
3812622
303525
225753
785395
336641
403094
1562499
1860921
351522
892583
1899835
364025
18354056
23200229
35725703
311275
271150
415645
1168296
13703391
41089410
309122
298998
529847
236981
458570
308182
325412
261902
336774
289136
414406
233489
344010
222263
356205
678748
765916
5934101
241286
226896
416422
3295263
250740
228253
355006
342792
1035193
356025
321418
235173
1107836
224879
236177
321970
475820
264298
231507
293827
250960
361361
1424762
346344
1013810
281565
298800
254859
250931
241192
1793195
320626
1183309
324213
323036
325241
1806416
211620
549702
577628
298702
262861
230795
1201795
293724
340116
331391
323990
332324
356163
1069455
254589
720719
222196
409671
441993
314933
303180
327228
291574
1566085
211624
225811
269388
1598933
278964
1341605
251458
300298
497332
2596179
247437
877981
289436
259690
191074
529083
250966
738034
1560843
337267
331746
514284
1247741
231865
220741
1237943
343075
347837
367784
567665
1236959
501049
233395
688162
271785
280375
383568
635539
1287289
323442
473527
767183
456245
2049455
427063
314176
470660
275979
315705
318185
385620
444367
426078
650043
442210
252322
283444
2105162
321806
391232
408464
1078023
389125
412419
352463
1156548
303465
736975
264395
1004899
1386652
276262
4439167
404796
529795
506581
1690255
359118
471908
391563
468830
355177
907105
1807404
487118
5207849
17461736
52042617
1959557
442603
333697
460266
338845
668807
348230
1438981
511970
279924
315006
348913
306374
522955
519325
462615
1804904
813254
363772
773018
337042
389783
304286
1367156
370208
896757
385021
599569
6630282
510294
23290554
3667604
308029
2523509
276807
335982
356522
319442
293618
1430142
296579
517390
917721
336792
237597
402001
399792
325508
448676
388193
409922
1632935
314863
1650941
319592
332817
526135
1514997
369710
416967
322974
333938
275983
324446
1480186
366777
388199
639168
384861
911271
342181
386449
249552
1454162
241563
449399
1652010
245890
216499
1415670
571129
318262
236863
747262
1020565
1236398
371113
439517
501903
514712
457261
301860
228861
298606
573615
1485019
349508
328400
293731
1825829
216748
245294
258529
263803
340073
215417
363503
534857
308368
330472
456976
634082
1293774
619481
266352
273632
279214
687482
307293
486547
431359
2151854
3090185
358735
396082
1002903
1058221
291038
602858
287610
1310325
275193
438297
355229
231400
260349
393220
283412
577051
1274892
609421
284337
524279
304744
532952
290552
1490255
284609
778725
2010300
303836
318784
486013
1114451
345631
286840
340405
821987
585939
344825
945837
356470
986244
448776
397409
1313563
448774
254022
278333
293965
1420865
245021
299253
270232
886804
242877
353300
581818
635313
249608
364692
234616
672299
303660
441316
248893
517102
245444
745306
237003
578642
1702850
271948
251262
312342
277184
1137573
220390
656157
242495
1287154
230351
1767666
243619
314304
282296
645512
287636
1349239
200935
584907
385200
1433704
220290
418850
520784
390049
248453
429799
275414
1484487
305929
1798200
3707920
490181
23245771
10041393
242286
255836
349157
731548
259487
350177
613763
386202
343063
373160
406511
402735
291445
288440
1246617
343802
308889
385607
271535
1406519
310842
535684
479412
223574
999859
381473
331915
1127552
282084
500864
753748
334004
1304662
1105063
221113
611891
241616
1975668
240545
1571257
225005
380126
253873
250950
256273
402067
948741
1089536
597574
507309
402179
359603
408378
301979
698021
716698
246822
307753
235513
697443
585328
492020
275346
362612
347392
412734
282670
287205
250052
1216078
268234
401153
298431
627513
959309
367619
310566
1102708
563308
242494
238835
594815
248691
1841854
7603420
475164
670094
334858
610893
286858
343146
299722
212241
243197
240870
506062
228642
267682
264847
1147736
224999
705400
199484
341675
407277
411443
1242873
619639
1006321
295598
201694
632282
1256813
287189
333102
613648
395510
342401
267123
271635
242596
612639
245296
435477
291978
220949
394161
276182
281524
999340
253874
300634
4150266
309334
266370
1608682
285124
823527
322777
623502
919656
219143
198864
366510
506928
311702
1556537
1132178
357476
275656
329987
318998
208437
222866
312227
523514
247848
300438
266557
568590
316607
359029
294613
354397
950121
898132
220955
557800
213910
266493
277551
281244
228685
235536
229871
735419
467831
320442
234686
458324
2544471
262067
247301
362513
305669
1503140
322399
1029197
221146
224636
275417
361415
284649
355149
275642
664938
261806
258507
351632
579688
388765
327552
227580
641530
724076
1548005
317806
534367
304834
418094
300167
394119
398055
409176
221219
1441404
271935
243895
318512
315120
344877
382561
256241
399247
1131204
284277
211087
888233
909799
835455
242319
366061
533360
307789
307352
478576
316108
228177
215824
666590
814980
347717
273197
609372
361359
277932
246851
590423
276308
332039
355599
651501
888542
962251
291289
770737
715166
1435266
396622
442888
418588
968317
353541
2081847
349467
501337
763033
629294
337945
506156
426408
390742
2559479
464360
589919
1100604
355239
595289
380159
236628
1167528
288334
382189
288005
312909
249676
609551
1003019
230557
1043344
347771
298359
268322
228840
238089
2209910
261329
295948
344913
587575
1117115
457326
431602
1288607
289265
294223
282268
1082875
292816
404278
353837
1645826
483909
366186
233137
1405503
565602
443757
434142
1794727
448725
320711
567538
1763231
388341
261488
377079
1568709
581198
332324
321687
397244
830293
4486022
378912
330446
469697
436365
5524528
5210070
1419630
38203835
9800087
7493449
420570
667027
525657
333582
291633
421276
256492
2125717
310114
385106
307372
456263
466460
1063724
367265
210208
344673
1912902
321859
663950
299358
1642516
313468
586290
375255
1687957
432415
1057814
265899
320669
11502937
264396
247852
336479
4016121
276003
725590
308005
335120
535998
392230
514326
241690
899339
429810
396682
420462
446977
1057758
253571
319177
277988
274135
337907
379975
295959
323363
315123
330097
1205626
485011
782784
297310
1243068
922105
384691
917413
392248
1555536
1250358
313625
2100222
400060
387427
376149
686630
373662
469592
260341
322764
242223
486371
570010
228609
333324
373806
253595
1313130
959502
374412
305005
314838
1909963
388110
718043
369387
732499
342660
1865735
563450
1041425
473561
320226
655235
228100
1369783
284707
425918
267844
411411
408801
522714
412557
663691
249172
256316
266416
254898
297216
1685432
6704461
1048861
499726
383161
367826
690974
1253603
2215732
466620
548296
438472
561350
974828
2064387
877418
527422
4474773
27152974
504561
443851
2174598
5259254
68384766
3634712
509209
603046
356117
394781
382207
3093228
235293
321783
1831339
207800
362473
334256
2157997
1089531
560137
305617
781768
1167378
248726
1001072
674599
559403
289206
1247109
1955633
333769
1112944
346278
447400
370615
329594
480677
502805
509530
2258583
418030
487225
1898830
362770
334112
1614860
410689
286820
375893
532065
1607970
757103
3891178
285187
1253842
329082
286479
1622241
483152
324924
334659
1736303
3824796
328745
361352
471211
817566
368054
269673
399226
893435
245743
234620
240036
984871
318694
331570
286112
279788
260613
310034
229979
230975
244376
245504
352170
1036807
233621
267299
260969
585887
316385
544233
307246
1435906
1194699
454862
383350
786622
262908
246028
291729
304689
1201504
344748
315555
457497
317042
357123
397344
280981
246818
300430
226763
230149
251050
315302
308246
216098
1514697
397872
314206
339596
1733134
260679
229328
245220
1301414
315255
233717
311058
2488363
509300
316254
442072
350886
252172
307212
354337
579147
260583
421991
348391
361774
307698
424978
327751
813715
394134
432524
255370
255027
297148
257898
291040
321290
660205
235714
856410
340442
337211
324950
380714
1786973
5848315
452444
501492
1060899
355385
380712
360553
395011
445648
1486609
446647
771752
343245
445585
840078
340543
420807
1079067
524074
519223
380551
462966
849713
332652
436950
374153
377616
3690940
1466973
284828
333231
335024
635073
264101
275197
364524
258595
409260
1293398
315964
852544
279605
383049
219457
268848
243847
247964
227569
305411
260056
224877
269077
840236
270150
241055
1410741
260864
226827
1034629
184281
251711
1080593
255530
295555
407629
321321
405961
878571
288508
334423
266156
260746
227996
529316
305544
920354
449813
433630
288743
764577
385127
722500
620970
735160
286178
284114
249393
337646
287332
464185
427815
1799119
325434
526546
422068
2276787
570584
374080
676240
330279
714347
1850253
590043
297567
726108
282642
467090
265964
357505
868814
329393
314975
305389
306286
335325
233872
212919
212440
185902
242782
1152959
238719
253157
415717
209916
306620
443081
289362
372783
368900
241584
260848
256939
676962
254187
301343
346011
1374487
335910
216973
217345
186057
241497
925390
261367
324002
277787
272860
230732
729548
260500
336297
281108
324339
307773
314083
192651
641616
318453
383643
1779183
363579
462249
423758
296507
342888
331811
416661
236576
928963
282925
367814
745663
289724
873292
408508
540171
272732
282476
346023
527062
766315
321142
332162
926624
402779
408411
320406
380909
385542
517855
276912
312233
223237
261126
247295
231093
244797
215960
347543
208353
222080
912824
230556
439747
1401886
223952
313142
1139120
284250
307562
2281635
344127
340943
1274073
196274
227992
997422
213731
261195
487744
255305
277601
299367
256506
302426
543442
325698
216062
221637
215934
222656
182102
258238
332071
210804
261125
1176226
266372
274400
1301272
313460
208929
266974
240870
223646
224488
255594
242468
215937
218448
219238
173903
226284
711796
196435
260356
1429622
231149
260578
1734519
177962
256185
815021
228766
201318
225035
206007
267698
333158
262865
296258
277797
276384
322868
321088
292487
1044662
197172
213827
949691
204929
242853
695082
262271
264371
394957
232176
2558945
530116
215185
259676
287801
219366
263463
210832
281230
248261
210619
288416
1383356
223059
318030
1209620
275260
220701
886108
259886
255230
318168
251495
273275
307420
208451
291475
274455
238669
284749
300997
282673
452959
202848
216169
1102599
242817
256869
1264661
223209
286323
421596
264162
220345
346686
205498
216273
257486
210457
246696
217083
217795
221652
212023
259458
874886
295175
260525
1081720
377379
256604
1029636
184395
257395
299092
211602
239236
408720
206256
273634
319435
300071
282708
219510
282889
324919
245713
268544
745536
173171
209571
889117
181843
255474
1260040
215972
277527
557728
231346
331528
800815
216444
195051
313229
205345
233489
295435
243429
218779
236265
255341
330004
360258
276923
1808032
286853
237997
919989
193993
223899
246551
201994
252755
233944
200619
213374
260283
280955
237879
192492
229387
750652
221786
270105
1417359
187965
295361
256729
206963
203920
1461248
211460
214988
1099628
185439
241463
1092308
346152
241107
1528364
272798
254668
1533035
221618
211535
2022887
304869
256269
880487
232911
273752
385727
253020
298310
863718
198985
211031
319337
206867
217323
184834
236394
259102
209466
320622
307212
248845
285958
343375
200039
307203
427524
835976
1217051
389552
1928817
2278994
404401
806728
297639
2047293
367696
265468
1637695
347735
1543859
381986
1056447
925580
1122542
1846861
626014
313332
1875062
656242
329742
1552479
896410
307750
861355
1374940
13884488
236723
253820
8184187
9823443
206783
227260
246249
213234
200150
1016562
223886
249957
1598911
2277248
560124
10135566
823570
262913
2463040
4893205
10304173
685285
1310032
1032053
19985075
13990464
318149
27934639
3154629
3658798
281375
274305
2166918
319129
283206
920092
259471
285171
382960
245960
340246
911760
192805
222768
204528
216407
210373
220001
231327
249286
219220
204965
1034308
196365
222726
1308384
224626
317974
835083
178622
263324
990007
205613
278179
391042
296166
308232
351179
284849
327324
326742
212396
214984
200043
241483
605149
199160
222156
963287
202231
237324
424110
314300
247262
1048524
283389
345188
314495
245996
262939
187492
209846
223225
236369
255820
846761
240564
256398
1234044
263061
303495
1245178
289138
234923
912356
190630
240928
313476
193193
220721
801180
265064
286361
278347
230930
325357
357838
285936
308731
281583
219017
622235
224760
249741
1039005
265575
255774
560382
246936
238475
330947
271341
278643
914610
232941
208526
181050
206510
202553
211145
196261
225232
198552
201396
1224425
210830
273755
1083511
343492
216234
348018
189960
249431
284419
192322
205546
296593
246812
273133
201835
275510
300292
337420
312690
779457
249281
292618
242588
202611
208525
277995
200069
232454
244177
223404
258174
166339
254757
413626
241387
287919
312529
227294
294613
1585432
196507
262842
1010432
225959
219200
934871
244472
290781
365297
311590
298760
847563
2535189
385126
3010642
514680
266413
471440
353788
563573
366729
294348
454591
819131
899217
362792
1495345
368536
345079
1404661
598795
296577
433851
1331229
553813
972201
862883
1592420
641708
34645035
1046333
3976389
351050
1453054
24346276
6837371
375317
11839715
3735868
664455
1448649
217422
236824
203038
250919
180797
261672
219951
207903
256257
1057453
223927
266507
1269216
216920
348166
1197492
193430
231186
257545
249989
217814
225533
271387
224402
259776
283833
282693
215581
301234
353735
214740
261688
843565
1424864
283587
259728
233196
252080
409475
265151
287999
330291
291475
343704
235953
266413
341982
233066
264274
902258
185143
244965
264820
249538
237941
220018
187501
209368
254403
263638
235247
235192
228611
224183
236177
296254
734050
284194
226601
327975
302709
258666
227882
328446
267730
325965
207947
353006
276093
294739
323511
227317
270678
317713
239825
301710
649703
202699
217861
612304
214844
217552
419808
214160
255470
1015077
250081
242444
226992
257815
183926
193435
246593
206153
387724
394124
411269
262300
887331
1021080
328399
293662
337744
254480
309236
280500
218648
214029
211481
241044
969417
318423
278832
249372
220587
339032
270609
223286
281349
180821
2626397
219088
249237
235724
263600
250897
292654
1609846
417701
389503
1928712
182257
219844
1041893
175463
241090
350700
241143
245226
759082
272593
261867
313851
195823
364649
920460
278431
221427
202310
370458
283761
233040
271469
247076
238477
304151
1368936
429411
283726
1214292
379507
249452
919436
180905
227072
401371
228894
234767
963849
425582
630277
336989
337709
231222
191587
271564
225595
257912
218799
267200
198943
204555
1415862
237654
360822
573073
309270
285966
635982
228536
232992
177499
236185
229602
222966
202433
1011739
242704
206275
470446
253275
238725
433049
286744
430965
690443
206092
238057
149975
246587
197455
200193
262640
881035
194287
290655
1103384
274504
363091
274736
234095
295485
808023
189441
214717
242155
199320
232691
222691
234477
193743
164416
232680
991109
178587
274366
292026
298322
276480
246158
235932
203454
176617
186444
216666
170710
193312
882891
225098
199683
275889
225005
267490
241064
315353
270022
188257
253147
230159
275205
260619
1156292
202655
191495
910566
206390
258401
281829
206191
242642
186781
201341
245130
248247
225874
301741
240765
255083
1129564
192486
228698
232598
244291
236271
764352
224084
230073
229123
236570
265670
231959
255213
249414
221319
246090
1284816
170393
194783
235591
174837
184792
1061130
198546
226655
229491
231590
217905
271785
200125
301081
230121
221339
679726
269755
253527
590692
241324
262534
288116
225300
250538
1030210
295072
250949
269640
180612
201108
215010
186993
195761
206843
230687
197180
170605
272804
205176
252535
199093
720723
254327
246164
290210
215830
283821
828639
203653
204103
211706
225939
231643
189625
191628
202554
220114
187929
702076
240503
251817
323180
266060
250465
655619
255728
328794
350890
410470
226812
169703
196156
219176
200859
182964
1000709
215701
461348
390931
661923
329453
1548073
825969
705842
339107
359691
655085
414167
427377
1597451
257538
324029
250514
253881
516849
705694
1911798
1566859
1037168
850442
299938
1208008
318808
842952
22926781
10064478
29581385
269434
1042709
1087498
482782
347294
586478
557102
1403450
578298
324652
557042
768494
308822
1865400
25102150
6277723
9758780
2737718
289228
6459727
197215
209021
235095
221807
203000
786888
255033
210035
276606
276781
318690
238867
272976
299872
197804
345558
458680
656509
1738795
533353
6326344
1347651
1093503
751959
369365
1172799
857856
594462
6234145
4259082
295196
355608
768897
1299255
1048346
387599
603774
515056
3687865
382111
225073
248195
216804
196227
278490
334198
223644
233051
287865
205550
282911
959859
206444
221427
218840
231881
189265
205013
274946
246196
238679
227515
337702
303306
297020
664324
333182
381988
1461277
326747
272257
369622
426077
320849
257717
905639
7129051
454262
340068
391049
478899
1180228
1784202
648377
225105
1102684
594654
324245
1512048
326873
265395
249614
258527
262356
244626
301909
1417543
172787
344345
1166369
308614
306624
1174492
206422
191352
995367
239669
184845
309501
418713
248896
224674
319698
250649
346877
313642
323261
294017
260067
628445
231131
242734
386088
204618
256016
396089
824404
427990
250638
230337
295848
413460
343270
1020804
195880
181999
232100
189561
241275
821056
213906
245539
289103
202447
259623
187105
260355
279166
202705
275917
727465
216866
259655
1398729
209173
238087
1249079
247587
320037
1078665
233091
248190
456620
213400
242303
348591
198548
238001
278615
226117
252192
197363
256461
260322
210179
258876
1136161
251224
281393
1079959
194438
203103
223167
194436
196692
235283
233425
258258
203331
227950
272491
198127
279714
638158
186339
227710
1007698
198526
216408
742804
201492
215367
226418
199717
259912
309140
239769
218703
186435
255289
253986
291996
290036
264703
339110
237267
1073364
187025
214697
404434
206730
2339995
253579
255037
286474
1060103
286582
311736
233082
303998
340350
164689
218289
313369
215586
281859
502574
176674
241695
234834
286163
248007
701153
303776
226713
671511
253447
303749
229676
235157
257984
224452
217787
705664
231560
258705
1444537
255351
284505
1375274
294905
294189
1730911
249281
218486
1306919
185613
211243
302890
318075
377691
759230
236629
250757
263101
272902
249203
173374
313332
192410
235343
230993
1393919
178475
259079
309547
269753
291940
1052982
262615
339201
259000
288773
202888
178638
187190
221623
166991
196095
291475
215685
235688
1162559
239988
227864
297272
216722
287835
532189
199394
331219
325893
196916
245218
209383
329580
337592
296374
2822928
454840
1024404
415474
509821
266431
243345
879295
293816
286022
389877
257737
311126
271693
311684
308659
266752
297064
809366
353454
290127
207193
244651
254654
226391
261484
374824
250807
274546
1171322
292540
269300
381445
285505
303240
281240
284569
210838
216678
208680
208772
334295
235381
259307
253172
232879
411490
266152
221022
388961
323351
271399
962982
259146
273209
240940
213218
215455
1148544
371454
244242
257647
232067
340290
269039
270767
1415743
441919
338536
350482
1840615
252663
1624512
369244
381546
320034
384972
1242373
324951
445207
1067925
351951
373615
1700068
334785
442283
709448
239519
267405
308527
317399
244080
396971
338777
336405
456207
501156
493068
234220
279289
815812
307371
381578
1169406
173626
215958
1260139
342690
283401
1333943
279083
505665
1615074
195227
238919
320851
279046
354942
3411762
637164
287310
377592
299694
202836
177714
601269
236801
303493
305369
817327
291002
319814
289561
242319
271073
310416
275757
250763
3626737
492094
407231
274488
499501
293465
2299544
330139
348972
267147
232647
209144
282101
304465
232610
303561
1486887
320255
221010
453604
206907
236582
186905
270044
245751
180956
266549
248696
176373
422737
1530026
302304
296525
1351522
208240
250636
616003
306679
251248
875618
221665
291375
838362
293637
238919
212912
220803
850157
212925
262125
794487
310062
281119
1055916
2087883
391930
2003851
318296
299841
1485359
245155
270238
1450120
290553
366795
261274
213282
243409
163468
208186
271316
246882
241004
212417
198582
252137
1550976
305465
297827
1099131
218688
238049
201922
249163
276541
162258
282147
409318
207165
282715
420177
523653
297140
362927
209088
322320
242487
356411
1087611
295530
248604
1256350
337828
354409
864089
201545
308511
344707
426716
315520
248905
217103
230926
193353
283094
1058131
234926
264218
306786
283650
232099
306327
295310
304848
249143
305982
378453
229968
326951
1037124
190076
243917
1360985
222915
443547
297164
383093
282442
1095493
285036
308875
221030
221416
328340
254529
260704
997024
228986
266168
503251
282025
235818
276240
374457
346705
326977
304547
618376
258737
228129
738172
210321
377949
237893
303222
224622
229289
265156
275137
224647
504032
221006
196397
389245
214166
269097
526703
214214
229455
690894
208184
265952
213307
253164
218267
232600
274372
275279
194457
277042
671540
279241
436547
350746
263819
225242
216225
197696
223919
326194
296889
216343
239438
197760
813253
268630
244701
1461709
258183
375251
317010
292459
340406
303196
245026
258122
414326
230054
276825
237479
257223
350342
286902
252667
238905
207987
515600
361086
213246
260916
246142
2900654
333022
734072
252433
264284
265653
229976
217089
206827
238362
284158
243066
276883
328038
919600
258191
347043
315914
388973
324008
299329
276330
309553
310222
235044
211868
189026
222395
223596
248159
354762
226665
255758
420495
328445
228465
872665
1116792
318947
1042705
280598
261086
762681
310038
204462
264765
217580
218160
189707
255662
217009
236518
205220
716544
274475
198718
459875
175464
290029
261831
202914
188699
256234
235548
291584
3948890
314001
408653
491194
1202924
222844
236754
825364
230929
213533
256352
407693
267652
245681
772537
215355
185071
435216
245122
326079
268900
939836
238049
224398
341863
1164641
209648
237913
493280
321600
265032
220176
225795
253213
226777
208176
1013469
294983
226607
214679
233222
240260
217379
218625
215892
204910
223694
213414
237530
375717
219508
198584
268013
258288
240790
215713
236908
254910
217357
196740
273953
208759
243184
247847
804040
228690
245328
1113395
190219
246867
298734
241225
288839
888267
222105
220332
200134
218538
323445
215085
219548
223271
174233
219853
886197
216229
195116
246126
213847
216263
178690
199654
232511
215131
221042
207700
203513
625631
223397
252390
215452
966249
203441
249714
1224979
228642
259585
191999
249478
296749
170462
210626
230366
197092
210713
238741
201561
214217
374851
232202
222277
165435
241880
670573
232098
216624
1130230
238041
308588
385299
245661
264914
1124873
289931
226666
592368
275077
222616
200848
313982
213238
161686
334056
346575
213204
283470
1605030
229426
224127
1076000
239260
207617
264651
239263
208003
1578981
389525
322270
329040
220110
264762
201142
254826
242345
175476
267287
1026289
176926
428366
1256234
217105
243119
1486098
271525
419562
244783
246714
210963
194839
192614
260311
199931
218165
284296
174736
238470
788444
202797
217965
1519146
219312
262251
1042761
215527
410701
421387
209573
221218
298259
262233
232463
179317
232167
257932
199658
208635
1065359
206801
211520
357518
189180
249678
229573
236620
265111
198331
240750
217540
177754
236740
239384
167107
206388
1002341
1430285
216279
1035813
217644
258615
1441587
191529
227991
434300
271122
219127
382121
296377
212709
252809
236761
395041
183063
319093
302601
226952
243761
174330
198975
275923
204630
283647
476622
183019
202501
354344
208416
216043
207155
252974
304470
315825
235676
344318
243889
249251
1192247
176958
422958
1458488
244175
223047
425201
191032
201577
230340
206299
225546
177612
220709
1013886
241640
296956
1050528
199927
305558
420767
222407
226929
1082825
257987
215381
246557
1278942
227338
236252
449032
261845
286249
314237
458636
223773
291160
997512
304281
240350
368602
348235
260193
869853
284029
243268
299239
268606
290443
244031
256073
308109
352376
244152
979111
219037
412118
356043
251398
265475
878817
265884
329539
313029
221589
313751
231637
372160
331797
319868
225707
1100942
196158
273129
449092
286889
214072
299101
227948
312856
233747
297960
338915
205251
302685
1467662
266265
472064
376774
236796
265785
278991
263117
235940
264014
279887
329221
215960
267700
1598875
267243
222399
1121234
218883
261163
250569
203144
267495
419253
258673
238342
410501
310293
283825
226569
244825
1147973
259740
236874
369187
238657
263480
208505
245021
273310
269939
286545
447821
245392
316779
1838759
175242
211253
218672
207949
233627
314783
262409
230730
225287
214699
235084
274111
223734
1140837
212189
293766
1430112
195202
240159
980962
172971
276458
509530
302669
244090
235480
345815
318285
268319
379974
346346
237676
275222
1783282
200037
292495
293548
215078
