1042163
3775448
3908826
7852459
71953585
75895446
87864414
75886949
87923427
75889588
79887072
83882159
79953456
75904708
79889068
75908728
87919414
91871825
115882369
99950321
99861942
79943364
91858761
83894108
83918897
103900380
55883475
115927546
79901329
83892807
79897320
75906932
83933821
75886674
59877091
87928156
59872904
107933168
51894821
99918036
55876863
103918406
103889840
71909325
91915322
71895350
103894733
87878622
91922656
79887938
79900311
75905859
83928680
59881289
99908786
75887265
87920486
83883100
75880593
91922408
67918113
79896027
115881736
95906341
79898389
83943661
79887235
79884719
79888276
79895097
75947249
83883329
71909652
87874134
75895653
87928746
79892394
71902881
87925498
75897073
79890421
115884677
83928395
91865767
71914205
87925268
75905783
79904634
83878923
75907507
75896321
83935709
51881821
87926051
75901176
107892671
79891836
79868665
67915182
75899673
43895592
83937421
71907904
87873104
75896718
83936345
79888211
83877278
75904781
75902880
79948397
83885609
75896946
83876838
71909488
87938970
83881406
71895759
75896138
87933034
75906513
83883852
77545322
90266079
71902126
99910805
63863093
83936923
99902248
95876343
43897749
79941727
75897226
75905039
79898770
75898056
83883074
75898825
83929443
79903030
55889356
91918750
67908016
107900684
71900329
83886930
83932667
75899501
79887792
79887044
75901663
87927232
55890530
51942029
79887482
75899656
103899209
59923191
95865267
119914831
51876013
59912425
71896265
79890858
87869535
75949559
91868634
67912273
75907798
87871353
71906263
83941172
79891071
67902693
87884319
75891737
91918681
79888317
99908825
63915675
71905350
79887607
79893512
79889922
83930036
83882858
99914239
63914687
87877247
67910545
70608122
81193190
79890908
71897002
75893543
67912599
75894313
59924321
79892924
79888986
79937952
71906621
87870581
67919464
87878799
83935170
83889913
75907114
78442451
81391601
79881969
67919179
91866805
59925041
91864131
55930879
63919657
99852628
59925359
83892850
75901906
77795111
70012380
59933386
59922349
83880669
75901758
123915521
83880507
91933248
67908037
87889127
71899115
83885320
71911306
87926524
71906019
95911509
67860849
87943342
75890384
75898453
51883411
63917366
78046490
77738384
83934785
91867538
67955849
78541753
81238440
79891877
75896218
83881204
71905359
83929780
83890682
79889786
83880392
71907041
87924862
79890813
75895910
87928157
71901407
83877096
67909579
83881250
91909355
71905691
87872975
75896005
83933061
75894284
71909471
79890801
71900973
95917069
79888661
77797948
77989501
75897717
47946223
71832224
79931019
75904479
83881859
75897114
87935160
75892273
83893821
79888483
71905895
83930006
79881962
75906942
55877580
59923573
75900512
83880709
75800186
84031681
63916709
55889599
71901440
75889222
83935791
75902958
83896084
87876537
103894906
95909014
71897195
87924809
71896579
83878535
63902408
71901029
107898206
83880715
73893601
85878399
75946467
75897636
75887297
75904864
71864621
63883049
91844041
79858201
99882863
83891736
79859496
75879243
79853064
79863880
75860324
87895190
79861463
83849238
63888579
55894194
67827573
75917591
75860419
87836573
67891093
91917597
75899285
83880578
75898115
79902691
83930341
75898122
83881380
79883448
67911896
95901127
63920736
99903217
71854061
83942319
79889717
76292912
75491880
87918854
67889064
79878198
79892819
95913392
71901857
87889083
79890982
75899000
87889960
71892991
83935044
75844048
77913559
81852349
83856436
79855194
75863176
83904228
75862028
79852522
67872198
59888019
63835147
83905576
75863689
77217803
98528255
83855886
63891334
75863034
77765699
81958246
79859171
79911201
79857380
75867344
55856648
83903701
51861861
83848097
75911471
83849437
71868202
75869567
83848845
79910215
59851538
63886012
95877370
63834382
75860326
75769438
83995333
75287219
79838563
79853344
79903085
67824840
91886599
35885905
75863397
79848827
75863201
80205136
79566867
83844966
79858932
75872053
87894281
79855029
95878019
59844745
79903170
83846252
99886941
71867932
87842546
59878560
87836395
68686875
87081930
75863941
83842111
79855570
79916420
79852613
75868085
79853518
79811065
79860068
79894587
79863464
79865857
79860505
78163156
73613957
87844049
67874929
87843571
47856684
67875378
87890893
63844417
83890650
59252553
95871670
63840298
67876134
63872120
75867558
71890696
87835081
75860553
79908689
83840013
79868486
91881816
83853334
67864753
79854783
63894041
91828840
71867862
91883953
75860822
99878094
75858046
83854125
95869376
79852509
55896060
111864186
59882656
79845866
91888904
91838117
75860274
67879517
51849825
75863456
78968350
80808501
75863497
79851349
71866094
79861836
83897746
79867640
75870805
91882709
67839843
67871965
91882735
87839924
72208272
78955913
75860538
43867831
79844911
75857840
79912733
75874681
71867242
43865810
83854676
75858693
79861090
79901643
79861383
79854058
83896690
73978743
81749167
79862008
87848306
71864437
91889527
67871809
79858091
75864796
83859020
75921808
83847931
71866572
71860332
80152038
79562080
87888544
71869463
79858525
51850805
75871752
75871365
75911651
86407399
81295677
79863783
79918796
79853624
75864906
83847551
75872621
71879690
75861069
47919238
87842087
71860816
74272294
79893536
75865509
83846479
83899232
71827066
79901906
79854867
87853023
75869743
95878980
67864058
83850398
67865900
87902854
71230334
80502002
79858493
75856671
87891161
79860785
79855720
75860863
79857891
79912346
71881111
67818337
51893703
78563116
81143156
79857335
103870425
63880703
103877541
55894337
71815738
75924646
87839704
51849743
71852822
63879114
77924074
81859845
79852290
75863245
83851313
71874798
87890853
75869367
75859913
87843760
76305556
75850042
79858668
79854665
83906633
71830977
83899785
67872092
67823872
79913847
55844653
87894291
71880154
83864390
79852539
83909525
75862471
75872049
75862324
83847982
79852612
83901084
75862492
79208415
80501862
75870691
55906577
91832805
47912531
79842279
79853257
78012182
81749636
79860710
75865382
83842111
59899356
55830303
79868379
71869534
87889243
75863067
103865130
75871148
79858592
63877188
83853038
71869055
103870604
59879733
103866038
100179244
74957157
79853002
71863812
91881703
71871526
87838976
63880715
95882976
75857749
107865745
87833819
87900188
75855294
87895792
51850320
91836158
47916796
79853279
80013803
79710961
83906082
75862644
87854197
83897183
75874848
75862235
75867887
75860158
83851241
75869305
91879061
103867931
67864950
91836516
55910551
75856209
71876567
83843203
79906390
79860464
79861388
79857731
63893562
99868563
43873162
63872450
79858098
75870721
83844334
79850297
75917368
75264661
75615661
84093831
75862319
79903401
83855683
75870845
75856897
79908556
87846841
79854440
71882261
79845613
83912363
59836195
59886770
71876108
75872131
87901955
71814741
87901982
119839252
87890732
75866367
87839697
71856298
71878272
71873477
67873571
95883599
91832842
71880872
51898373
75864826
67889125
83843744
47867165
75865212
80199084
67528172
75865321
87890992
91893174
83844725
79856856
91871279
71866922
75860193
79850415
99879258
63879443
92279855
79857406
87836697
75876471
83893875
55851628
95884916
63888418
91842630
59882980
63834282
95895779
103865962
59900168
79847510
67874141
75859916
75858286
79858679
75873374
83898279
75873534
51848417
67867203
71881696
83841054
71878947
83892062
75870181
85746303
65983746
71870446
95842095
87886328
51860733
55875766
83842006
75874405
83895449
79861583
79853301
79854187
71880965
95875222
67876330
55845233
75863909
59894632
87841857
75864222
79908201
75865904
72260665
75866255
99870097
71879846
99869676
55840348
99862761
72018834
87732799
67822041
71870820
83909934
75859857
67838174
75906161
55855678
75865472
83893524
75862812
79869464
95876683
63832617
115897569
75865910
83853059
51856151
63881189
87892858
75861891
83851376
71866389
81218902
74508902
87902713
59840395
75848743
51909906
79865559
83854223
75913271
79863457
71871189
47869670
75854207
83844371
79899296
75858418
74661338
85043884
75871850
83842208
67880978
81323015
71866926
83851013
51891381
107858532
51848139
87884601
51848434
91840597
71867001
123890038
63878308
83843356
79856407
91864680
63873193
95819929
71879464
91880768
67873389
87845638
67872035
91889052
43861949
75861628
71864918
79815881
83847568
76162464
83597319
79858172
75856075
83896645
75867906
87831864
71869187
79852608
83907290
77207572
82498534
79856496
75862066
79912525
59847864
51888806
87854535
67870891
80151757
71573101
87845055
63876243
59898011
63255734
75849467
78714661
84983018
75924488
75859940
83848489
83852853
83903284
75879021
75857460
83848894
75776254
83990027
71869927
83852086
79857311
79857305
67883491
63881545
71873461
67883741
79856727
71870636
87844822
75911444
79862127
83848616
75865883
71866398
83911178
67820875
55895287
73882272
77848503
63885137
48143651
83556436
79911811
179855623
67877273
42062756
77665869
78973385
76759746
83893389
79856356
83844618
79849484
83898969
75863776
94284637
95875931
59836574
59883981
75863707
79855118
83848782
75862641
83896451
67878571
79856578
51847443
71880055
71867420
83912698
75852541
83845747
79857625
79864574
83898591
71868676
87849356
67885658
43863054
75861028
79855829
79904955
79853451
78563649
81152036
67884136
55849853
71862837
75921961
79866791
79853468
77369551
82395328
79855169
79858853
79854194
77911958
81853313
79862072
79858349
71874449
51844851
67888378
83904457
71817268
83898424
75867325
71283556
75859830
79917461
83842796
79857032
83907433
75867810
83859644
79851872
79856282
79907552
75867978
78169057
81558778
79856547
59887404
83855172
63885173
63881643
83853218
67869827
91844734
71880359
79896210
67822662
43916785
79856180
107853713
95885284
87846761
71868894
83847793
71880401
63884690
95872727
47849408
75866715
83907659
72820373
86889523
75862111
79856998
75867869
79916662
79848211
83855399
71860892
87899960
83849180
79851542
75868948
67295140
79901903
75876995
83851864
79856267
75859889
83897631
75851765
83843706
79856334
75914189
79861170
71879136
47852637
75859903
75872938
83902034
83838491
79857145
75861475
79856155
83907699
75872843
79867522
79855445
71866493
87890777
79856146
67886833
87841032
67874413
83840425
71880875
51905828
79843390
79853855
79855875
79916094
83847499
79858863
83858123
75923964
99830340
63882654
79904795
167818019
83889533
79110337
80599668
79908547
68292175
83848406
75610027
84096933
75903842
79856593
83857224
103874900
99865671
67933883
91779362
63884462
87891425
75863028
71853637
75863654
63841063
83903682
75870037
87849467
67878025
79854297
77810242
69920833
43909848
75865570
83855916
79856267
127892092
79862342
75859470
83906141
78664022
81050402
79845045
75859942
83898106
75865185
83846211
75874824
47859435
75899629
75874845
75862637
83858116
74012019
89745527
71872025
87857172
123892587
72288610
95869154
63879884
79863194
75859309
83848424
79851556
91891472
75856574
83909423
71817536
75911614
73868523
77855731
83850434
47859978
63880623
83848321
71879240
91885863
67882281
83844296
67886158
79850038
47850884
71872084
59889655
95884077
67826174
91880620
59891855
83857158
59891738
67839953
63888319
79850402
75863361
63875834
87891794
60386548
95332196
71876943
91886198
71826586
79906109
75843920
79862331
67885726
79863798
75861209
83895130
79863901
75877333
63819998
63890870
51903743
79857792
71866249
75857000
79864985
75873095
71869477
75875980
87895689
79864401
71041850
72668103
67868991
71875552
75860085
83856036
71877393
67882993
77863632
65882713
71879148
55830065
75853761
59892613
79856698
71866771
79857942
71869968
71867167
67884072
103855440
67883948
71860960
79861992
71874017
79852522
79845869
75914756
83846996
75874319
87882193
75876293
75862001
75859113
75852198
87843034
95876254
71883819
87888224
103871053
99815869
67281603
83885509
71874704
79862543
83860050
79902580
79848128
71877339
75859404
79862144
71879065
67877641
67880731
67872683
71864358
99831279
67885937
95879197
63888297
91831810
83902156
79858901
75863541
67881986
75856587
83848595
75867987
79850375
55893139
71871937
59837026
59897967
75865689
55891711
83851565
59878359
87852131
67878361
75861248
59848451
71918901
67833896
91884125
75866903
63885708
75867747
71865291
79857047
71862515
75861868
55843862
67877216
79900801
64270608
67811561
75905862
79858623
79852701
76012868
107717143
83899392
83850484
75862269
85506558
74200606
79910236
71870534
83847084
79815684
75852227
75869657
59891048
71864463
75864888
67874281
79852586
71867333
67869193
79859421
75872156
67881829
75870142
63882388
71873685
63843393
87889857
67871885
79864205
79863846
75857608
63883503
71866947
67874446
79857585
67886258
67864329
71861752
71860027
71871678
75859940
75863245
67866804
83848751
111848433
79849751
79903126
80226734
79849819
71868345
83899437
75860022
71860304
75860791
75864709
71875908
75862449
59890053
75858305
71865229
83852410
99872384
99877430
75866468
79856474
79849825
79866321
79908890
83843723
75862324
87887196
71870452
83852096
71865996
78560769
69169239
63882828
63831644
79900236
75860232
79857030
79849652
79857635
83895147
75875767
79846801
79851641
77909279
73807321
87891762
75864265
87843428
74467388
81299719
79849248
75871092
83843178
67872711
71333028
67816006
67877620
79851678
79918839
79854720
87842800
83907828
87849341
55894379
71881224
71867455
111856151
79854446
91883534
67875998
91841129
67881819
75846801
55843778
75922465
83846403
75863355
83839339
79905420
75878767
87845683
75765071
83994250
75871760
79858306
79854834
80316182
83424076
79863439
79859360
83897344
71820514
87891881
79863214
79857151
83905780
69323154
82398271
79857870
79897782
79860989
87834863
103870939
67873433
87847199
51294400
79852127
107853869
79906332
75853355
79856908
59839930
71877152
75924450
63829845
59884146
67875025
95833583
103874300
79915606
91836579
71868688
87907298
71874722
59843883
59883169
75860213
79857106
83843691
79910129
75867980
79862696
79857090
75872238
75860798
79890659
63831168
71874557
75856545
87892473
83844848
91891939
79860016
87839081
75917077
83838354
75852873
79854430
87893376
75863040
79834667
87894512
75864741
87847614
71877909
79853425
72345420
75861676
83837279
67876793
71851534
83852033
79854784
79901891
59836917
75864167
75852812
72717464
79057709
83853445
83857476
87889831
65227319
82507380
75841166
71858955
87837702
67873421
87884373
75861262
75868848
67871188
59837329
75867469
83905407
71869765
75853129
83847413
87887707
83847154
72961385
86740646
75860245
83912912
79859124
73465225
74261850
87890650
75864043
83847207
78003975
65725450
79857214
59888791
79829506
67879098
79856756
83854506
62299184
87887042
75862171
83848683
75860235
79901214
79863391
79863893
75866551
83831391
67867397
87895040
83848386
79857646
79895935
78411046
81309894
79862544
63883430
75865907
51849711
83898240
79852231
75868950
83850681
75859439
79907476
79863564
77769619
81936917
79908404
63832164
75859985
75866995
51900030
87857411
71877629
83907160
79852948
63883732
63836280
59882309
79857545
83848831
75271028
88486819
71871124
83847189
79910928
79840878
79848225
75869939
67277119
83889858
75863147
83857971
75870800
75862270
87904424
59836887
71876750
55891980
75850053
83855687
79857084
75913246
107858973
87822429
75876426
51835746
79916603
79849349
79857576
79818681
83898300
75850412
75856479
63882967
55826740
75864821
75857574
83905554
79848032
75859329
91870342
67816143
91896683
71857466
83819122
79854794
83908386
75848340
83830822
71870990
91886234
67864361
91832546
71867122
87901411
75849395
72908411
58774051
63879709
84034982
98978101
71795374
75902879
67811127
107920806
79844758
79840110
51827433
67854578
72307366
83400630
79913040
79857782
83841131
71857324
79834814
63867904
59889181
67861724
79842487
75852684
143845598
127865971
63868839
123823734
95873765
75860402
79848368
75847148
75902073
79838393
71850953
79847455
51842139
83896425
63829827
89230128
62471165
99852662
55879760
103860350
59839240
95859296
51840853
103918876
75803969
87880527
67845869
95883935
71880087
82271619
74692711
81044280
79855214
75870464
79844006
75865976
71848990
91872388
83844212
83845341
87883063
83846944
71857193
71863263
107865688
83891710
91827028
67876787
95861362
75869500
75862997
59892977
75874215
79854363
79863874
67925470
83761410
75854544
79894362
79853620
67875255
83841429
79874743
79837826
75904931
103856939
83856077
83884418
163831585
139863513
115892555
91846677
119899556
75848629
87856960
71866282
87879878
65275919
83843315
75859380
79915030
83852172
75858908
83838969
79900974
79813224
79848826
75863169
79860455
79910688
75863881
39865188
75851275
77458777
82250536
79858221
79905477
79867879
79858259
83846010
79911936
83860199
71869044
83851790
75853422
79905725
83853337
83847764
75868016
75853182
79904764
75866411
83847254
75862280
83888237
75856525
55846081
99872803
71881017
75851487
55843915
83897037
75864412
79856604
87885059
99867532
71880623
107864057
63206174
75908439
91833623
83900999
75858407
77762823
41956521
79842355
71870102
95879893
63832059
75911849
79860841
75863409
51841080
75870931
79907255
111852737
79854574
91872382
75861527
75869275
79856535
75854893
51840895
67881777
71876939
87881238
67825843
55897855
87844553
67884806
71887557
75846962
83909795
79862364
79856287
79897842
83843705
83851324
119884425
79856523
83837903
75870713
83956956
75818084
67875532
51839564
87842419
60194980
87537118
75864450
70316346
79842877
75861961
87833492
75898606
79850756
75856019
76156384
87535561
79914667
79871049
79852648
79862093
79917211
79852626
79869020
79841193
75865307
79892694
83850182
71870969
87839730
71871526
63873003
63881172
67876451
87831369
75864985
91881031
111853774
75856573
91895111
71868143
63810999
79894838
71871617
63836439
79851881
79908419
75866314
83848904
75860871
79852824
75921312
83855012
79053493
80643441
79900425
79859791
91831494
67625151
76566199
75850456
79865876
83856910
75863047
75870508
79902422
87851181
79855041
76711735
79048950
67826005
75911029
51848881
75860070
71862739
91882218
71868652
111847809
83844506
63886309
67870311
75865292
79867603
75855269
75854028
67871452
55842095
79906859
79853832
79856988
75859072
79864574
75922775
71827653
71873724
59891964
87886738
67829424
103866133
91883924
91871362
71868695
83859626
83854563
75873656
79911401
83848258
79853440
83906015
111844068
75253128
83841826
75921767
87838418
67870240
75853152
23845831
59881838
75861645
99879445
79853430
91883143
59841005
83896409
55844138
75854305
75860722
67872600
71868042
87894426
67825418
71871243
67877079
59897202
79856027
59896132
83849912
67877133
83848221
63875581
83849795
79863837
87898121
67878865
71868529
75860021
75867400
67876465
87851746
91885927
91845878
71866899
79848755
55902693
67882696
75867311
71879243
71868443
75857056
87846397
79903385
67878854
87839046
73291369
67865527
79850985
67876386
66084832
45661083
83834834
63885198
87891325
59839498
83903695
67821525
75865770
63879409
79854898
59888015
83894017
63830282
87895630
83856612
75877537
83839536
83899027
67877137
91831068
59885764
87844533
59896173
95877114
67822711
77260359
66470593
63879921
79860274
59884833
75864964
71866617
83890806
175800927
59888413
75873115
83905704
99817887
79904693
91834233
59885066
87851760
59885266
103857381
67874092
91840110
63880022
68275511
51850229
83904558
59837296
75861796
67866887
99877322
75858131
75863079
59889759
103868963
79852792
79856485
67873211
83846943
63886871
91889869
83845661
75865419
59888006
83846553
59889063
75863691
67875573
75862851
67881346
67824289
79907300
75858215
79857642
51853427
79896944
80654905
95021616
59890523
79852485
59883408
75860734
51852295
91884720
63890654
79846167
67884399
67834381
75907874
67835572
83898803
71861444
83833411
71858646
87846170
59892110
75848318
56299968
107858190
71867501
75843495
63876215
87841426
79909666
83850361
57494671
70225917
63880371
71880263
67872641
71867643
67872727
79851435
75862796
91888010
67825126
79907696
63836030
75914205
87853111
87830006
71881451
87889668
67872449
75864448
71868180
75867566
75866214
59837121
67878512
71878017
67883216
63881764
83842085
71869423
83901153
75863539
75869728
79855774
71877277
83851295
95868324
63874889
79840460
67877158
79857885
75861546
75871532
75871796
75866197
63879309
67869647
67875917
59836477
75907952
63829265
71872843
79852156
63880940
63882805
75861067
67874087
79847580
83845561
75861391
71854931
75860246
83901528
79853233
67880158
71874390
67824538
55909480
71873830
71867979
63889088
75867823
71868170
83851718
67872611
71870783
75859889
75863424
75868979
67876815
85343674
74361826
71855954
79919677
79851177
67877918
63830203
71875103
79915689
79847302
67873785
79814169
71859537
75863896
75862930
83846522
71876108
67869421
75862373
47286211
71871630
83853080
75867784
79857328
75913838
87840519
71869929
79859558
63877443
75863371
71861541
79854854
59891596
83841225
75861467
91889899
79853474
71871310
67869736
83859949
71882327
75867148
75863793
83892763
79858118
79847219
83855833
75909137
87829447
75861967
75862623
75858673
82553714
69169251
71865738
63893562
87892077
63831434
63880199
67873965
63882809
75873515
75853667
67875807
91835460
83893872
83853606
83855676
64182801
83539620
71869040
66291691
67864701
71869860
67870917
83844021
75859910
79897320
67824177
71872731
95878748
79854047
67867282
59885194
67868749
95820494
83892460
83858929
75861753
71871197
55889421
79860122
67874227
67822153
67876720
63879795
83846980
59887859
79857783
79850443
71875929
75854473
71846821
67885479
79853018
67876363
75869207
83907984
83847475
91881324
67875756
71825352
75911831
71878453
83842354
67886656
71853641
71875272
63830188
87895827
71866540
63878934
87833312
79865823
64286378
67868416
67875352
63888429
79856124
75869353
79849801
71870907
59889777
83844404
63888770
71874763
59829726
67877884
83856244
71868454
83898675
95828678
59885964
83857514
71866949
67876575
79863025
67877644
67872973
75865454
63882873
99871678
83852130
67885755
83843569
51902556
83861183
67869118
71871993
79853952
75854939
75865411
91892625
63835099
64037078
103716692
95878124
71859770
75863052
59888399
91844016
59889202
111860317
83849747
83887536
75858967
71870381
71283629
67878834
67878654
87837306
67876964
87890329
67832567
79907341
63830107
71878137
59897569
87843583
56147582
71611729
63828313
83903050
91845551
75860065
67874645
79904784
71861199
75868086
67828285
67874333
91879032
63883464
83850880
71868517
67886567
83839072
87896532
75855509
71865985
63834386
83882488
87841653
87900278
91833446
75851456
79905450
95829989
87888715
67870327
79858672
71861037
83852953
75861324
75862303
71862165
75856920
67880009
71860445
71270945
75915894
79861947
71864561
83852708
83898947
83848573
75840420
71877961
79857820
71853669
59892254
71864418
83845807
91887259
87832839
67872222
63884218
83846500
67884819
75863279
71867810
71876810
79853017
71875276
95880551
75857071
99885486
71860771
75861539
67829293
75909794
59834413
79905462
63829572
91878194
83847391
75873725
71877502
79856161
79906417
79841048
67874055
67834116
75907695
75865399
79855458
79856322
75868160
83890052
67837729
83903054
62294008
67867003
75854398
83858446
75872750
87892142
61986825
69710954
79865555
71883694
83891083
71860671
75859677
83856209
75866709
83844060
63882215
75876037
95875443
75864850
83853023
79918050
75870023
83844899
83903367
95822186
75842680
79891503
79858261
79864180
59930280
67778115
75853189
71863101
71869725
79915895
71868191
63833530
99863133
95875690
87841628
67874503
71865284
71863295
79856881
103877687
83895082
75872440
119838811
67889407
71912534
56236955
79843882
75865250
79861681
87885500
75861743
79867437
79853976
79910764
83848543
75862871
79848426
75858223
82054052
73706442
75858499
51851495
71859626
79862740
67878031
79849901
67868543
51848480
79903581
75862441
83863932
79856346
75863334
87894371
75605602
84109388
75859219
75903624
87842164
75871345
83861467
79908153
59843775
83896718
51849536
71871300
79848127
78957544
72771173
67876082
87894035
79864870
79856256
67874194
75860272
87847576
83894314
59294304
63817820
75860342
79905966
87853693
71872801
75868136
83895642
71820689
75921591
47857802
72965779
86753125
111900369
91838918
79858164
55904067
91844404
51911286
119846024
75857876
75848107
55893870
71870804
79857077
95881496
63834583
71928400
79856523
75865700
67874925
63822390
67869662
75861817
77359958
82412866
79860061
59842622
83899086
59837480
63886211
119884757
91844790
79852556
75911195
83860312
79857956
39881961
75862287
75861497
79856963
75863115
54311148
59877116
87846730
83903047
87837581
67879509
79853560
63883729
75864482
79868368
79849215
75917049
83846124
75865071
87852445
79906679
79861231
79855138
71871760
63889989
55844920
75211424
76517588
71871381
91882560
79856254
83910985
75868048
63829866
63847002
71863643
95893705
83844440
103862467
83859304
79903679
72818916
82905430
75866995
79852586
75855521
51898266
55840943
91893368
71872226
95886788
67829257
79906060
79847670
79855456
71876705
75863556
78277828
87832379
67872586
91837368
71872011
91892849
71869968
81205252
74520415
83901565
71868746
55843485
67874687
83851300
79854234
71921086
83858389
75866212
43865691
67879975
79856953
83859014
84193236
83547324
79868049
67875595
75874325
79846376
79908320
79861228
79858297
67881249
67871837
71867521
67875855
83858677
71869985
83858323
75864286
75874772
71873188
47852269
71923935
92128655
87595073
75866750
71869939
87842312
71869830
83851221
75918381
79857159
61290660
87836266
71868807
83902839
79854570
75872947
75861809
43874095
79847686
79855421
71868437
87903182
79852215
83847914
75909983
75861415
75870171
63833079
59898736
75870077
75864793
79902265
84145720
83552285
79867004
71869256
79913743
75869095
79858465
71868469
55844202
79916074
67879458
131833397
83903332
103869536
103870356
75862993
83858253
79851227
79841807
79912873
83849493
71868441
87843595
71869169
79914779
79858862
47854814
67872845
75863538
71263731
47898427
211843745
87842630
63890956
91904231
51785928
87847432
59896293
71854836
75868344
79853443
75862210
79914853
71883618
79850331
75863635
71868745
59833551
55905987
75867851
63878046
83861985
87886551
83861393
75873257
79847177
63892708
79865710
67924860
75812544
59883313
83848567
67875443
75864338
67877564
79847417
75856333
75852031
79854111
71862572
59893593
83854851
71869587
103869159
79854038
75921487
71867659
71830204
71874479
71871344
63878456
54284751
87833407
71868639
87904886
63824390
91887788
63889811
67876621
67827088
87900116
55847844
75868544
71866516
95883978
91889929
75870435
75860710
71878168
59850871
87892729
63878036
71876284
75862302
71870451
91838403
59888346
67876876
63832637
75861935
67884538
82103061
53654130
87886950
71816627
87895538
83852921
91884141
75869579
75870572
71869586
83844441
67875655
83902235
71865797
79855133
63834209
71871260
63879803
75861433
63883181
63889403
71868657
63829816
72299235
79850755
83847316
75862967
79915855
79852109
71868528
75864858
71877748
67865176
79864166
75871175
83849827
75864973
71866552
63892154
87850719
55894558
71879465
63833887
59893043
71864761
83848554
83900664
75871643
63888666
87833976
79864474
67885177
71839634
67874706
83848218
71870527
75860152
71869457
75862540
67880917
75857074
55899167
71879800
75851230
71866359
67881770
83858482
71867964
127880912
95889574
95837370
87888637
75871344
87844840
59884817
65292485
75864203
79856265
79854218
59890414
75860212
79866263
63894897
79850157
67875353
71874308
83859070
75911055
79857081
75872495
75868792
92042057
75710373
63833667
67872962
71876941
87899314
75861475
71874297
79856892
67877665
71877887
63830945
63883322
63884750
71867211
67882420
79850891
79854421
83848869
79910058
71869434
71865490
87839374
83853439
67863492
75858083
79902023
91838910
91897752
67881732
75865405
75861042
75864232
67874775
67832914
71864602
75905628
63276382
83841507
79858399
75860538
67885311
71875700
79864060
75869386
75871914
79904316
75858063
83853609
95875036
87842731
87903594
71868826
79858691
71868389
91885430
71826487
87901220
71867464
79875356
79850136
75872642
87895341
99876397
83840985
75851917
75910516
76170247
71508832
75875105
75908717
71881033
75870052
75870677
71881074
75857162
59846589
87878006
71878624
83849941
79868767
71875561
75861787
75870564
63892727
107869399
75854397
87901218
84291368
67813941
87900998
83858175
75863102
63890212
83861066
67882265
123886619
79849532
83849066
83898583
83857394
63897988
83828707
71875943
83915984
91820405
71860685
79854077
75861906
71869915
79853839
59890565
67873371
159884483
75862662
78058703
77653392
83909716
79857605
75851779
75861166
75871217
75862512
103868029
91890632
87815212
83890135
71854508
79867938
75869755
87853709
71865358
83899528
67833633
71877132
71870055
67869408
75872152
68345540
75854075
75864222
67873503
71818375
83897778
75863885
87847701
87893331
87852095
83907460
75874094
79863028
85754032
78020873
67814043
67886175
67833454
75857432
67878462
75865951
79852771
67876894
83910458
67822387
79904681
63833416
63880373
87897483
99822790
75866553
83898753
71871523
79852124
59901037
75861568
67836412
75909931
71869416
75855956
79852609
75861954
78558573
77172368
67878099
75858087
75862638
75873381
71869044
67872841
107917178
95836168
69241782
75853977
67874511
79855526
71878720
67887307
67873046
67880771
71865879
71867736
87838519
67876291
87902392
59868519
79854600
71867464
71873273
71864148
63873042
59888090
100168812
79553467
75860021
67876992
67828568
75921233
75869930
75872888
83847709
59892849
75858145
73565498
70180953
79855294
71870642
71868237
71869153
99875002
91833833
67922206
67822385
95890207
99873322
75868030
79856655
63891213
119851833
63893049
79864818
55842373
83894872
71867753
79858576
59284202
91830688
55889668
75873337
63880520
59844391
87903167
59837461
75867745
83896815
83848769
79866676
79855330
71925277
63841294
59897131
91823008
67865780
67871629
75874450
79855790
55906536
79855488
63882241
71877623
79850106
67883441
75874148
63870289
75860732
59847662
95882959
83854432
75863461
71870771
83898925
83855197
91882823
63823312
99871869
87892377
75862368
83850242
75874558
75859264
71869611
59901653
67875775
75871486
75858899
55843447
83897652
91846868
80313706
67866127
79865307
59885856
67827999
79852904
71859882
71917934
72172718
75513093
83910268
79867217
75861994
83839708
75915420
75858636
79860108
59842803
75921017
79855242
91839726
95872695
71868465
83857305
67876369
75869850
75863765
59888481
95860829
143854782
163867437
83851465
75859019
75925325
79849549
87830696
75864160
95883521
95889713
95890939
79852399
87840639
67885257
87900643
71877540
71812174
75919223
83845675
79208820
80514830
72333665
75840370
79859925
75871715
83848522
59882724
87894536
95829743
79865653
83903438
79849405
87847971
75866880
72875871
86887834
71840074
79853839
83897116
77315976
82396179
79855388
79865259
75860056
81902565
57828666
59829799
67870583
91836212
71865070
87898905
79861727
75858157
83905275
119852157
83843029
79902368
63838759
95885083
75860255
83851113
75910441
67827781
67874183
59884798
71869511
87840115
59894735
75862522
83847529
91887553
75858331
79262470
79905080
83844757
63880923
83844018
55841101
71874402
83891251
79865795
87833867
63890640
79857842
79911072
78017587
61697376
79900340
59843430
83889320
67824489
79910122
83845564
87842285
71855021
75869579
83886843
75849427
67871386
80154220
83547118
79911981
71811944
55905270
79855264
79863212
75916997
87843368
67862312
95881933
95824539
91897260
75860694
75861031
91881351
79867157
75861442
87849677
71916736
75862828
87832878
79869216
83905674
62289254
71869639
67821550
67882309
83890423
67827352
87893415
75858379
111858799
63879232
91886019
87840448
87847335
71868542
75858699
39877342
75906429
87838729
83852082
75851858
71867322
83902020
79860157
79865305
75871581
83903804
63829432
79900978
55846520
71879818
79853790
75863412
63891733
99868164
75861768
79851119
63877474
84202068
79512680
79918879
83845757
75861294
55896431
91844179
63878555
103862391
55885757
75812958
79903357
87842688
71861698
79855726
68279104
79904777
79860508
87843714
75865833
79901398
83844642
79856958
79908244
75860825
75862192
83856212
51858215
63882075
75853150
75857503
83903064
79859709
79857672
83844302
71869793
75852372
71875897
91878286
87828768
71864875
91887681
75870779
79864137
79905103
76260285
83461177
95886781
87841174
79852348
59892825
83838260
71868760
87896212
75862400
75858583
79855777
79915168
83859751
75848081
77853255
81854192
79902326
79858310
79852135
75867217
60052247
75867691
43859682
87885817
75867503
83849768
75857438
83901864
75852513
83856551
75862986
79860096
77771089
97984741
63881053
104169533
59582263
83850119
75853021
75870518
79860212
79909593
63842409
55897440
75847351
72904181
86793925
75860595
83903469
75859586
75864377
75870014
87900369
91836641
103856049
91886667
79850968
80304107
83410472
79912473
75863230
87847084
71868458
87894403
75867458
87847502
71864272
99882873
59880203
91842308
71868755
61298113
81904682
73864960
87849645
75867372
83842366
75912572
83796252
79859158
75866350
79857653
75923536
79890361
75793804
43853139
83837841
91880469
91889889
71813602
63887453
79836127
75855589
75909199
83839434
83040694
248671976
119883086
111862690
87849219
87887977
75841126
79862180
79852797
83895199
91842768
99856569
59884736
63833204
95878228
63882605
79847389
79866575
83900275
83853648
83848627
75857269
87896556
75871010
74030813
63868101
91899355
67820127
87890785
79851797
83850520
83896635
75853927
91838422
67885684
67864273
79857216
79910122
87836527
71864511
83863362
75843812
79912485
75868066
87834191
71867790
83902921
79859026
67874932
95834721
79913671
79844359
75864380
79853455
83851537
75904545
43866587
67860977
82157550
65575941
95821088
127876701
83856702
79909800
83845244
71869215
79859880
79857399
75864821
83881722
75838528
79853076
83858485
75914431
67831907
52293592
63882447
83842470
75861412
83913597
83842545
83850582
75858269
75862589
83898015
75860260
83848396
75857825
79902543
79858863
79852703
67880457
87838871
43871666
67886299
83845618
75909648
79868964
82054194
81654269
83897754
91831698
95874472
71871683
79856446
63889706
71862435
87847267
71860350
79906515
79858930
83858141
79854624
75862822
83905700
75856606
75854943
83851599
79903067
75865147
83846733
87904461
79842495
75859201
79868507
83846442
55302699
87888804
75854874
79858273
83845206
83902483
75849537
75862147
79859546
83845693
75910320
51852838
59835402
83899821
75853257
83849336
119903993
83851752
79863482
55889055
55853725
79867346
83909670
79854923
79857260
75854289
79909400
83845098
75863275
79853687
79857668
79902162
83846551
71867105
87846299
79903170
79862308
79849356
79853520
79905740
79855753
75864762
83834182
77905346
81853554
79852096
75865532
83844896
63881127
67878478
63885294
61278676
83844818
75858364
80157899
79558374
79907651
79860809
83842655
79856251
79902953
75861857
79862567
83890330
75814440
83894922
78166734
81564937
79860375
83902861
75867861
83848543
75865495
79896189
75864820
87838364
79854288
87899070
111849421
87882006
83855367
75847142
83852581
75860143
87892999
75862245
83855954
83895491
75860260
75859254
79862857
71872753
83840523
75910411
83850427
79866011
75854306
87892284
75605957
84106667
72029301
76168789
83838155
83843796
75853137
79905040
75866202
91834863
67884427
83857533
75920225
83850370
75858665
75861572
83898847
79854357
83853639
75858519
83849779
87898921
67879046
79867310
79862610
78151189
77611020
83848679
75861560
83843517
75863176
83898687
79865367
75866775
79850827
79902888
83861813
79851606
75875113
87885290
51849604
107872541
67878296
87847488
75907758
83855698
75862210
83849218
71881582
87898784
31833603
75921457
83856662
75852419
72270947
67864593
83912980
91839302
71869191
75865133
83892204
75863561
91828927
75859248
79910253
75855646
79867546
83855321
67877830
47859571
75847181
71868735
87899265
51856911
59874814
79855888
79852374
79857706
83896194
73766060
85958921
75859811
75871040
83908710
79851477
79845999
79854232
83901690
79848941
83849876
71865434
79853244
75916074
75872269
75848298
83852168
47850880
71866831
79858470
79902179
79858516
79861881
78016604
77716595
83907997
83845914
69281832
79906237
75872013
83846823
71871775
83834436
75861665
83909113
79862936
63882967
67870425
59839029
83852175
75916984
79856436
79860263
79856893
75868972
87890302
74422097
85288305
75847901
79903627
79856322
75859609
79859913
71867163
79867232
79858130
63869776
59889654
79862065
77754167
77935559
83905685
79851511
71866313
75858828
39887521
83850157
75861661
111894752
87835607
91888570
79852305
75863953
59833551
59889018
79863725
75861667
79906314
79849563
63280488
87835915
79905890
78006577
77711237
83849853
71869557
71869922
47855485
79922600
87823784
95879304
87832299
79854409
83910582
75857972
71871181
87838078
47895095
79844414
79845663
71868143
87896516
107855209
91830593
79852135
87891536
83855564
75856574
71882432
91873387
83851863
83896964
71878377
83852412
75859104
83848858
75869544
79905082
83845489
75852619
79858720
79901829
79855394
79869383
79857858
75864257
79914690
63826724
83910178
95838236
70329221
87831248
71219002
80507900
79813872
75863925
67879692
47846505
79909131
79860960
78006293
81758481
79849715
67828392
91884049
83855174
79914730
75857328
75862825
83844252
100181290
79544450
79849184
59889591
83854188
71870022
87901365
71867709
67874810
87847150
63888745
59839094
83897082
75863355
75871915
83844556
75863919
79905517
78956396
80748615
79839441
87904390
119832109
83904489
79857885
71878615
71879328
83856062
63893722
59824611
75908826
72238788
87830700
71868593
83904381
79851943
79857895
83851457
71862424
83893162
79853715
87846114
99862613
79857791
103856681
63886375
55895132
67811420
78058828
81692596
79848146
83861833
79912607
79865924
79859124
75861171
83905129
75867524
79047546
60646725
71865525
71965907
119785812
87837558
75865940
71862543
79907064
83850051
75861021
79846896
79898770
83852366
83844606
71869786
83903666
59832048
83862808
59891446
63880827
79857884
83851706
75512723
75657228
91825031
99872215
75860676
79904129
63842415
67872965
75866530
83902039
75862624
79867906
83856198
71869357
55897783
59837168
75865809
67879714
83907443
151831069
71863477
95890513
111762142
83950478
75860644
79905626
83849735
75858500
55850385
87889447
59887788
119834607
75860355
83902934
79853247
79855997
51851170
79904999
67835510
103851664
59888587
95872041
103877883
103862485
99870725
75862931
79859652
55847882
67865456
71870305
91882362
79264938
99868330
79857950
79855302
39872567
83895239
71869462
55843265
75857945
67874313
75865099
79852068
115902355
55836363
95886428
63883370
87831354
71871229
67868032
83849165
79906681
79853833
75862132
71869359
79854586
47856993
75874937
79902209
79862186
79849613
79857769
79853065
79906829
95840087
107857858
55893083
87848446
59892265
75857525
75858809
75865601
83902891
75065251
80658199
79853895
75867604
87886876
67873047
51843404
67870188
77856531
81864378
70268881
75914552
83852244
78408064
77310486
83836739
35881129
79891444
75860408
87845330
75867063
73219778
82546889
79852023
79858968
55853022
71856513
63885886
79897977
71818506
83911024
75867060
83851352
75860818
83898985
75860720
79855598
47856382
67879873
131868720
119852284
71861754
67874613
75860612
51844200
67874264
83898006
67827378
83888927
67870426
79856817
79855031
68274837
75474084
63880852
87848986
79858885
67856829
67870309
71861009
67882883
79860186
75855865
53303740
83857788
75857690
79912986
63835424
55901851
71860406
75861069
60130933
71578967
83894890
59837204
79864244
59887490
103875908
83851320
75922089
79864190
91830215
87895114
87841682
79908387
71815517
75914768
59834496
103872196
67879711
87848999
63886913
91885566
83843550
71877382
71873914
75858258
83905985
75851724
67826063
79903024
75858439
87854644
63878368
87855034
63881874
83849484
63880611
83891553
59834966
83855520
75903124
79857873
79850966
79860873
63286585
79844288
67882767
67878740
87881211
75863969
71865922
75860434
71872938
75857459
63832934
83911304
59833379
71870689
75862268
75859217
55895348
79839783
67869964
79859212
71863902
71873268
63878946
71867304
71857600
55841611
91867526
75854046
71858922
63881714
75873717
79852561
67884767
75861920
71868024
67886485
75861559
67870533
79850501
67878052
79864780
75863750
71866162
75866606
79850561
63891435
71867250
67872939
87842530
75855247
71875339
75874290
99878172
59887719
64289634
67872061
67905557
63813854
67869119
63884679
75867474
59884092
75866967
79850699
63881029
75862871
63826349
71869489
67890437
71851749
75860136
83884428
55834264
67876764
79850261
63883070
71869222
67876620
83854607
91868655
91823332
71852864
87887270
55846899
99866929
83843246
67878203
67867801
67876879
67878551
67822350
91892998
87877877
75860866
75865355
67875641
83854862
63869793
79858626
63881094
75865249
59838714
71879164
59881892
78657172
69085681
71864065
63831249
62274775
67865193
63886571
75858273
67868499
63878500
95818944
87892959
75851125
75861233
59892183
79851225
67876281
71869042
71876645
72015306
51698984
95883167
55845963
79848764
63878089
75865272
71872663
71881405
67871121
95880216
67832204
107895281
95821013
91886735
59834800
75923991
71813744
55895023
67876702
79853043
63883753
71866333
71876183
75857482
75861817
71829333
63834214
75908769
59846708
63883720
67870071
59839797
59888775
79851433
83846100
103871385
71862545
75863718
63306281
75853542
59837741
75856794
71869262
67863844
63879184
63879888
83840319
67874620
79870134
71862258
75864355
67878257
75859236
59830353
63865920
67876635
79854785
99868186
60290208
75471921
59836441
79895182
63830406
75861059
55882269
83836321
67870394
83853507
75855835
67874830
63891590
75859646
59897624
75861795
75853504
63876781
71858887
64183613
107512690
75854369
75913998
71864330
75872093
67836247
67873908
59889925
67883112
67867252
83849748
75865775
75859083
71879089
79857687
59121980
63886280
83846887
75864680
75846754
71867898
107912795
103808441
79917978
71863921
63832340
71878990
59893300
63831886
67882381
75856443
75911394
71811893
71864839
51900237
75855891
63881552
75862613
55838502
67876437
67871613
83853105
67867454
95878912
75860939
91877687
67820406
72819378
66927613
79850742
67879102
63868845
79855244
71870876
83845296
67876591
71879557
67874708
63888565
67876847
79850992
51844288
71864069
63878205
79859020
67871847
91834612
71881973
87886926
60302792
75865338
63876995
63830406
75849384
75910413
79857487
71865362
63835471
67873194
67870716
67884441
75866419
63871117
75867255
75849961
87841220
91890890
87898185
83847723
75859256
83841575
71866562
79857068
63879236
79849492
67879475
79863315
79911277
79857165
71863695
59839718
55896935
75854834
75865005
55903668
79847468
83857981
83850552
67875355
91881834
83846749
67886639
67886132
75855572
60029385
103705458
71864296
75866688
59831631
87903168
67824410
75908571
36292154
79848175
59881419
79849453
67868998
59838911
75866671
71862197
75865889
91879865
75859839
83850414
71872355
59887287
71874103
71865374
63883693
91841958
71877040
67883720
67870702
55846320
59888664
71871029
75874044
71863936
83844752
79905415
79847079
55848839
67864720
91873166
75858773
99871943
75871367
71866934
83854770
71780091
67984761
63830895
75912124
67824068
67871388
51852234
75922421
63827811
71862498
71854740
67883182
83861426
75910895
71810169
67878384
91880413
51323840
87833862
55899139
75855315
67870709
91836557
71859964
79855881
63887822
71860471
55846177
79915957
59834629
59888585
75873833
79848792
75863472
95880772
63881278
75866290
75860140
87835831
67884610
71862981
59877651
87821909
67873746
83855248
55889156
75872782
67876369
63838120
59896785
67887705
83844517
59881216
67877154
67820267
67874629
79845565
67874081
79910224
71862850
83859812
67883332
67865300
63822207
79913499
67824454
83901552
67874430
79856748
67874372
67828824
67878704
47329191
71859769
51859756
75858978
63876144
75864086
75852366
71867270
67885975
75857714
55854617
103862480
59883139
79870539
75861225
83897751
71870831
79852275
67876087
71868468
55851003
63883239
59839014
71875543
63880071
75845325
67875532
75862743
83842895
71870497
75862545
71866235
59886976
99879358
55839426
83898941
63825052
75913682
79858429
75861288
63830512
83888943
75860117
75864081
74362796
57335244
67871268
79902694
71867957
83840681
63882204
51851167
87833034
63881745
75863450
70245028
71862176
75903357
67819631
71867755
75862473
59894613
75875189
67871185
55851538
79911856
59830449
71068242
56686127
75857736
59838616
79865757
71864915
63882796
75851915
67885934
71977090
63775343
87832770
63873432
92186352
59539323
87891194
55845287
71869744
55839632
63880344
63893189
83839931
67875674
71876046
71866200
79853668
71871486
67871546
75862839
71857454
71866645
51856848
79896840
82160694
73571069
63874492
67828918
79904807
67823921
67875328
83880649
55833150
75867309
71865735
60289334
67866612
79850804
67884284
95870339
67820326
75919007
59827171
67879296
71873409
59891295
79858507
75860889
75857672
75865789
71861881
63883591
83862739
59891484
63841966
63884481
75869618
71855719
71874414
79858859
71882487
71873270
59896936
79866148
55853667
67879309
71872927
71862361
59889471
91836794
75867993
79907679
67871355
83849395
55837881
79895279
57198261
66536915
63880226
63822448
75863891
67870913
79856821
75853772
71868765
51911124
79859353
59899640
75864927
59828686
53409800
67767502
83839889
71870021
75830330
63875396
59837663
79896996
71867044
59840718
55890252
71861162
59846814
87885884
63832979
75865621
67872524
79906106
71810033
59886421
67879219
75852565
71857892
59895719
95823749
67871580
91888103
63827180
79908522
55842996
63878836
63884105
75857468
63834752
63878327
71862803
77867539
73866946
71875552
67875650
67882542
75864057
67873932
67864144
47858258
71868913
71857407
94925226
68775604
83896996
59838948
71869244
71866113
79860006
59888511
75861942
51277993
83839694
59885659
63842640
71865642
67875493
67876367
59885998
63841128
71867442
71868051
67884295
79837790
83899135
71865336
67821418
79906757
59835952
59895295
63820033
79902035
63830617
71867004
75848763
71919998
75863871
79841702
59831860
79914961
67823238
63889430
63883929
63832399
59883723
79851757
59883328
103878926
75868238
67865301
67871573
83854649
71872007
71857912
67874847
75862046
119837605
99874025
63878643
66427084
69327072
55829730
59887776
63834202
83896137
63833045
60329381
67814927
75864389
95866385
79858534
75859965
67868380
63890286
59827515
67878158
55900814
95828354
55892792
71869545
75857734
63884428
63834589
63876617
71872574
63890565
87848265
79853758
79888346
75860782
83852981
103858040
75871810
75846841
67872927
99884672
67875154
79850176
71856983
83846182
67877296
71866266
58540411
65172352
59896799
75849533
67875656
71868925
63872521
83853259
119888237
99825235
87888232
83847292
71866238
67883776
87826870
67873364
83899399
48261779
87876577
67879131
75858320
59845677
83890521
67832033
79909186
59831909
63863469
79843804
87890142
79847691
71859029
93744583
65974357
75868913
51908969
75864142
59827933
79901993
75848778
75858192
75866047
75858404
66677354
65030705
67863530
63892635
67876351
71869766
55840859
55900551
83845956
59887439
75865207
63831240
83898303
67868788
83851405
51854039
79855731
63888330
95880076
63875306
107856148
59834175
79906615
55844804
87889120
59840866
91885371
55844879
75857065
67876672
59282627
75857146
67868473
67879700
95818031
59893122
75860691
67864343
55904212
75860654
75859662
79850494
83848756
83847274
55882826
75854360
51857600
71866967
71858031
79846475
67861755
103861431
71867406
99857083
55902127
83851780
63872012
83859286
71855333
75862560
55889448
83839574
71868667
83853024
67871440
67876553
79855885
75867289
75865794
67867333
63872928
59887367
71814575
51901103
99875912
55842080
75847126
59892515
91824439
63883196
79844342
59873094
87843738
59893262
86307863
59832542
83846001
63883369
78197120
49554527
79850629
55835925
79859052
67860202
79901770
67823349
91881859
59886918
71809581
67866724
87883795
67874919
83857583
59893944
83846575
63876545
91848304
59882175
63831972
67878667
71868232
67870326
63882141
75862506
55841844
71866240
67872746
91884392
63870561
75862529
63824887
83889076
71875467
79851871
59836872
67880091
75856226
71865076
79907401
75857769
67826627
67876087
71867359
57501602
66275213
67824428
67871922
67847427
71865618
60292138
83839514
51897936
63822141
71857246
43864837
111900717
55837135
72813573
66916312
87839914
63892582
99864281
51840049
91852839
59837096
75919080
67815152
75858398
59895239
79842343
71863983
83895401
67823404
74459516
61290427
91879514
47857317
107868686
63868452
87841274
51897609
95828465
67877932
83848021
55893702
75846119
63879522
63838233
83890984
59835479
91876285
67870196
79858578
79840420
67873004
59889325
83840675
55858766
87895865
75854095
79852797
67914680
79802794
63290557
75852209
63881373
67876010
71864908
71869097
67862381
75853308
67864265
83839781
55848094
87888610
55841263
71851765
71867526
75859796
63870297
51854640
99874582
63863327
84186583
75512132
75915659
75856066
75870578
79854278
67872378
55852147
83893868
63823541
79899009
55838576
95872990
47864082
87828784
59888290
87842423
51900991
67835261
67862612
83895082
83838955
99869094
63882183
95819088
63880277
83849616
59885288
63880099
71867124
67822909
59887710
71869995
75848721
67875558
71267273
67862440
71870098
59834133
71878976
55894600
67879910
71876519
83845100
79839440
71866166
75853722
71858256
83899505
75860329
63823902
79902772
67860488
83846567
59881738
91837209
63820439
83836805
59885486
79856766
55842486
79914540
67813602
59878436
79854884
79838611
87895029
71866282
63878557
75859645
79864164
63891636
79855520
51847113
63878575
63883027
75849373
83841896
83843063
63877654
71870686
67864101
75863789
63881766
87841646
53445930
90288716
63875538
75860273
79847283
60246279
71860070
71865849
63889150
51851533
75860503
63885738
79849093
71872487
79860075
79843322
63875195
51842120
103924328
47858060
79855950
59833033
79913892
55843965
99855079
67874765
103859864
54001480
89732427
63886178
75871643
71852779
71809486
55889920
83839577
75861646
79898550
63819718
67872543
71867782
67872494
59896386
87845999
63880828
63920790
91773570
91891809
79848384
63878912
69568430
62143206
83898125
63832011
71900220
55819378
87836315
63877489
87841668
59880297
75849883
48248798
71847971
63880714
63879387
75853316
59843628
75909148
71861320
167872300
103863793
67823259
87886042
56386197
95328459
55822915
91878534
59867071
91820145
71871122
79903432
59832224
87882130
63827103
79913940
63829093
79844952
51895887
83846095
55897220
107859591
51846368
79857591
67874571
75860630
39870696
91879426
51847116
87852290
67867017
87893802
63882783
67821582
63880899
67873484
79852081
71858712
79854006
59884745
79855611
71858248
87891173
83819643
83843622
69274470
71857959
75864973
71867336
67862039
63876853
79846598
75850060
79857397
71866708
55896263
83839893
55882017
75868024
59828361
91868584
59884198
83846227
47858888
87878262
87836993
87841884
55888093
75872957
91886236
83838489
59868227
83849646
71864777
79861234
47852413
75865191
75911414
91830884
55905133
79862809
55842168
75857519
71861531
100317980
55447253
107859458
75859621
107842129
63879110
103868910
51846771
99869828
59834548
87892580
55838773
83897197
63835586
75311858
39864137
87839351
63872488
83857518
67868008
95874736
63880551
87844359
79854023
83904727
51853378
66977685
52747769
103857587
55882728
95826262
67862718
95884945
51846842
83897821
47850084
83859824
63884272
71878012
67867335
59833605
91879796
67872806
75864721
67872812
95832204
83905463
79864716
63873021
75856703
63179425
76555384
75849951
87844659
67866629
67875065
71871610
59833505
67871563
67866055
67882467
79842567
79855971
91883448
67879639
83847393
51850143
99889436
59866425
67886466
56691305
71008847
75850808
71856279
83889266
71819626
75866277
59886308
87895709
59834943
55903223
79857791
107860200
71854404
87884908
75865848
83832305
67881213
83856327
91882220
63829640
91889715
55844353
99874095
71863616
79908173
75810924
71866339
67874687
75853165
51900690
71869178
71867494
67823908
83897554
71866644
79850417
71850622
67876186
67879141
83845518
71867095
67892750
75850033
55882609
79997449
111697148
75866290
79851034
59886417
67826147
58290669
59888037
75862455
59883652
71869073
63819180
59885403
71860506
75844604
75870164
79955263
79762172
71844849
83899849
59846645
79893341
71864807
69872126
69824159
83899870
59832383
83900980
55853856
63880162
79860559
55846496
83891044
71865156
79853556
67876494
59836083
67876128
75871641
59890453
95869438
67817121
67880362
63882444
91882969
59838332
87894519
59835578
63880517
63883597
67832708
67864799
67871300
55891180
79853194
75852959
71867094
67878388
67862102
75862500
63831796
69424404
65733436
83889745
71872869
79851617
67870413
79856497
75861380
75859494
67874748
79847480
59892243
67868072
67823062
67861868
83893124
75858531
91836156
75861247
75869366
63885957
75867577
59646851
96134169
55833957
83856972
75853329
87893577
59832477
83890101
67866102
63842581
67873368
55895560
75863163
67864055
67822482
75896701
83839069
67879798
75859407
67874760
75865496
67882844
67826792
91885818
67872868
83850152
71856821
91885440
63873604
91844872
59890524
79862475
62691500
61444847
71840554
51892244
67868476
67821492
79906681
79856454
83854152
63885775
75866736
55854230
75911643
79845153
79839353
75858173
75859563
91886640
59883368
79846397
59832786
63871644
63871818
71871817
67822404
55890691
91839508
59885951
79856124
67872449
79605053
76120834
75858936
63879588
73412052
86341928
75860483
83845934
87890793
75866165
63836328
79908644
67829329
78915753
64777670
67863290
71869498
67876440
87838569
63889389
87888238
55843773
71870612
59891859
91837322
36212107
79884152
63820617
103853282
71862646
79857702
51898654
75861871
63881609
75860083
55833115
79857637
71857927
83903140
67862803
87837668
63876108
63820969
67775006
79955308
63872396
63877316
79851326
55878950
79855459
79838465
79853090
67877159
79851439
63879805
63891646
71859640
67821532
67878624
55885592
75863282
79856523
71873384
75864743
63878042
63873165
67819410
71867422
67875668
67887387
55840843
71906548
79855214
67817900
83898325
67861284
67874896
79853383
83846037
63873482
58280949
75858837
59834101
75912935
91834519
75866383
83826705
67875663
83888774
71862585
79841323
79846134
71855400
71866639
103860909
79857294
87886888
59837370
79848614
55893866
79855636
67861198
83894578
59841157
79851968
55893964
87846514
59887324
83836111
65620464
63777161
59874630
75857011
63874750
87843422
67871340
95874618
83853171
107894955
83850379
67875462
67820861
75915646
67820227
79909236
75848661
71869526
75866062
75868772
75858133
75867292
71876947
67876160
59291231
47845568
71861807
51846195
107864657
67867001
75866785
43862735
79908676
63833033
67864700
83844404
51894723
83852830
75861039
75850576
71869955
79858701
47907068
99874265
51861240
91884270
51839326
79842860
63881863
83846686
87895896
95823997
63229510
76523043
51854491
75911684
63834641
75857096
71866799
83903589
67820808
75916010
67820608
83899640
71869698
71861184
71866028
75864485
51843893
79859543
71854464
79104781
76664847
83840480
127880113
99874535
79852395
83837946
69322195
75797811
71864158
79906560
63815507
81202831
46568720
71857500
51858998
71865537
127868204
95875693
111837141
79855135
111857430
63875347
91885653
51857717
91884575
63811548
87888390
119842450
91884506
135867656
83846681
91889967
135869073
103865517
75845448
83851337
71857347
83892027
71811776
75907207
67825610
75869076
63879719
59889976
71858077
75860446
151888410
95823184
87889002
99872070
79860301
75840541
63833636
79914081
46252501
75855696
67870909
75860665
75864024
99872233
59885249
79861778
59879980
79846702
63826948
91886659
67863577
131869262
75852778
83847476
67876903
87899842
71868589
79851000
63823097
87895621
95870467
75858882
83851080
71866303
103871991
63877600
79856600
67876889
71865179
63873046
91819748
71842737
91892095
59834097
67873280
59896131
63832406
63890401
71861580
67860198
67864991
123827082
83897851
79846134
63890173
95829856
71862494
71865557
83903499
67823782
67328438
75851546
71851033
71862287
71874233
75859769
71878283
63842482
63875789
75842888
55876496
91840118
83885315
71822798
71869596
67869319
51901408
103878022
55836509
87895072
59838037
87889679
59831401
95876215
67875318
87834840
55884807
75855382
55835461
75852405
75862895
63875737
75860493
75863757
71866519
71873042
75855961
63885686
71869220
79867060
71854964
79856963
71869589
68172962
79551217
75915743
75840552
71872694
75851299
79851824
71864798
75861322
63888918
71860753
83259025
87836238
75910179
71820399
67881964
67885244
83909728
75852197
99834205
67878341
83899330
79861093
67880805
75873536
59844281
63890372
75873638
55903736
91845130
67880448
71864371
75868839
71874434
75872515
79853174
71864628
67879818
61441161
78308238
75860290
67879904
67876754
87842277
67873704
67874334
75853882
59877811
79860801
63835715
67523638
60233496
59827737
83884990
75862391
79855645
67874518
67884800
67874437
79846330
67883963
71868992
91834629
67869709
79855682
68330752
80897548
74817275
83853969
63881385
75870560
63891111
67822184
83911554
71872831
79844027
75861458
75859860
79857828
63880500
63885879
63840441
63878801
83904135
91834833
71876662
79854730
59887452
67876214
75875163
67873210
67878898
79862093
51849151
71869125
63886535
79854729
79847481
83892124
83851202
67876610
59838134
71869388
67865200
71867491
63885678
91827400
75912860
95830669
59887708
79860027
71865799
79855329
71871029
59884793
47856205
83852332
59872789
95877595
54406845
67717337
63883452
79863164
59888439
71874806
71879340
63828566
91890629
95866185
87837632
67874155
91889345
67827138
79903969
63844364
79906680
67779171
79918179
59828498
71861796
83859481
71868247
63882451
79863517
59888889
63889916
67826046
67874000
71873669
59871614
99865227
83860019
71867871
79855144
71916049
159827978
43865577
75854441
63868785
63866819
59837460
75861400
59887668
87843565
67886940
68665127
75065667
71867780
71864642
55851146
63881751
87903929
75850875
79375583
71868937
63888423
75862150
83858601
75877566
59887138
83842731
71863539
79841247
83898255
75861007
83851334
71866191
83850767
71867969
63879692
75865043
63868280
71870740
91831604
83896977
75864310
75860637
63889642
75863766
55843476
63882873
67880699
71859289
75859241
75873181
63878528
75862413
63840400
67873787
75871344
75872418
71868106
75846147
59878285
63881903
111862400
67872412
71870326
63871099
79858000
71871332
75859289
71862757
71875550
71863306
71869467
75863211
69283648
63868027
71866496
71870017
67823671
67874102
63878691
79858466
59881603
79847594
99879551
63877244
95842250
55895376
79863617
59895948
71868204
71820628
75899224
71858301
83860158
67871474
63822951
75920594
59837302
67884128
67876660
75861584
67877271
67865829
59835503
87890712
83858274
79854269
67871429
75855835
67873909
59897293
71810293
75913816
67819360
83899389
99876753
75861975
79855770
63929643
87786774
83854310
63876155
75862038
71864834
75872009
80014721
75773290
72272805
79845744
71866248
71880846
71866390
63878812
79854896
63874062
83830609
71866547
87890026
63830940
63857316
79854962
71861506
71513594
72219304
59885695
75860845
79857218
83853918
99870363
55885367
83849283
63875170
67872482
67823445
71862664
63877558
79854174
79845696
72965730
74817646
67818741
67874557
71870473
59884533
51850143
83842116
63879162
83858001
67866132
63880220
63885674
91839596
59885273
67885779
71873438
59832688
71861573
75848667
60184194
83552737
71861522
59888250
74263299
59879209
67885867
75860083
71856306
67873287
79855170
75860531
87839667
71864679
67880506
91887733
75863838
79861935
59884901
91840150
75904147
71819285
67877518
83847841
55896171
75862258
55849699
71870443
59876251
67873908
75872569
75847679
71868567
83849312
75858746
71869740
79916071
79845956
71880840
79859905
67874430
83866647
59885976
59838017
71870978
67868368
83901945
79855089
67823093
75902996
71857798
75862407
67833207
67870636
75865866
71857118
75862461
67870278
69330656
95807832
79851897
75884097
75862232
71863564
75860361
87840709
75859251
63884329
75857929
59886127
79858700
67871295
71867173
83831280
63877460
75863946
67865625
74412977
61291013
59882150
63881940
87849051
75859675
71868691
63880582
79857351
75861227
91877188
63830817
79909092
59833396
79858128
67884828
75847727
51904385
79849725
63870656
79858100
75858500
71867910
79857825
71862986
59889445
91843272
59875287
79862043
71857404
75864164
79847837
71867909
71863166
83899592
55150920
79985730
55838507
71861252
75849824
63880734
67873605
83847366
59885213
79856951
67866602
72815350
74917840
99872762
71870718
79848633
87838659
99878116
63866491
91889844
59837520
75857879
71878813
67873304
71866701
71857279
71863210
83850899
79842847
63876232
71872397
79844521
63881738
71885256
83837485
79900263
71845771
79853652
75863322
75860628
75864265
83848456
59887110
71876624
63887154
63837928
59883816
67865535
71869392
75866339
79851429
71867599
79867221
75860532
75859707
67880051
79893435
99815735
87882629
79848892
84043696
103672864
71862491
75865686
59885081
67871426
59885563
87834145
63884745
79855498
79847564
71867997
67877488
75869201
75865336
67872308
67872358
83858194
79849109
59887525
71868651
87838322
63882303
83853492
63879172
75853718
63883469
63878184
71874458
63814661
79903299
67824422
75855993
63881110
79858722
59875764
67875278
71877622
59935979
63784749
79849556
67869147
75874104
75820875
75857583
67877244
67871272
67876079
87273130
63872893
75852136
63858477
87827807
67861210
83891482
67823855
87903675
71864737
71881489
63835667
67974389
79809901
75852196
75863616
79855766
75867879
95884331
103861825
63841243
79891116
67821762
67877873
71861461
83892982
91841079
67869555
83852234
63878419
63882783
71858825
71863537
55845690
83895365
95819002
71871288
91881208
63881891
95796311
63877047
67881713
75857565
63874472
79861108
75852649
79856746
75863991
71866539
59885474
79855890
83848306
83890299
55237149
71849805
83856236
95871057
95830426
71871058
83897022
79837680
63933865
83796918
71858477
103870689
91871590
67829703
95875096
63878435
83851051
59883630
73478451
74268021
71855407
67878451
67821808
71918449
95825248
95866543
59888153
95832272
63876820
79864442
63894165
55842842
63872972
71851780
75861912
75865350
71878155
83830528
87902263
71865295
87845283
67872130
67877534
83857142
63876343
103878915
71864347
87893961
71875596
79853527
67883826
79865009
39258516
87888510
75854265
75860183
91834381
83896177
67828242
75861229
55891839
75873689
75857365
95880968
67861166
76149781
107556336
79839185
75863214
75852651
79916656
71873398
67812469
59889184
75866606
67870874
75862597
83840099
69466238
70272907
87868641
67814056
79909541
75854819
71868745
83837475
67873687
91889139
75844477
95825976
75857071
75912151
79853488
79850364
67879099
87824352
83896016
95830581
67873399
87896159
63825918
91876899
71871544
75859570
50302477
79841157
71861870
95873490
99826486
87892386
79844083
75855987
75864644
55887367
87847741
87873605
83846407
79859240
79900255
71822389
83887063
71864405
67888014
63815393
67875964
79862106
71864389
83900695
79849163
91882904
79865941
67872917
63827635
87904975
47851523
75866645
67874575
79856566
83853174
75909677
67826172
79899063
63828192
67876517
75851539
59886025
71881733
67876573
87842230
63876144
83994755
107712335
83885960
79864086
67873611
67876235
72278353
87829110
75901080
83837630
79854069
67876214
87839397
71868557
79910635
63825004
95884595
95865250
87834667
71872594
87887434
103877167
71860705
67825149
75911546
55842752
71869999
