337690
335777
259954
277318
228758
234953
4187680
364963
297866
262047
160065
163705691
342797
98229954
213488713
284675
39290660
5946006
100270869
288748562
29887882
19685050
209813373
89897368
89762128
39738435
19812320
29714126
266206
181164407
11860823
223531
35424597
3108848
246031
808508
212895
14677996
43629507
6246273
197201
217877
138600001
69716821
34378770
217951
228273
134364089
159769171
149884897
10315889
12576859
220981
5576234
29790114
69823460
101533643
38052113
159861907
79722378
121242460
8432501
9699294
10173636
130624190
28387676
43629990
6272370
59127077
139900657
139758069
149799759
3491524
5965944
53692043
6145553
153249260
6024939
113339661
6084192
139423304
149803618
78291290
120882744
10568615
202592
228290788
89745008
133557000
6030138
173206229
6274970
902162
217782210
159706572
9856005
59757344
109771748
109801727
10564681
247055642
187595
1278914
310502013
12181164
65401035
109817485
63625197
5984056
139559983
189695502
83713069
6022216
189205241
3311020
6227176
129802236
74404802
194706
227353
1509978
71217315
29762056
29834399
29729812
39826491
10499183
128386633
109784313
113549350
55955347
3081850
551403
5702106
119772803
189785460
39781307
20315429
863056
173069
266803054
139894188
79751281
129770368
29818152
149888383
249815
220567
1031810
178085
265567
156199088
3111108
17210080
197003
227309
298670
208918
243510
266217201
69787972
79173664
12305118
17880920
9788419
23561026
5946577
139841354
219735359
139854652
233578958
265796
35321792
29785574
9766733
3188115
16349954
49739698
139852089
49720298
89763451
53706954
3643685
286299
101985819
223226
221726
228325117
3154602
20161789
6213385
229211952
9849676
10363171
128723627
229737916
23236070
40214292
986446
195917
217926690
299198251
6321983
159292929
10305033
217722
225679
1246543
506027074
119811201
99792324
53592519
5964732
21505843
4276336
86558372
20320694
5767866
41487014
8155573
3225840
3735146
322479
35228619
36265963
49800411
193692059
5908801
119587645
169636181
4105501
25523563
89801164
39789354
49772688
140384510
224111
208782558
3169187
20145201
311791
5549657
101172348
8412140
49653753
101419876
8227347
9849159
225760
61027187
38621150
219008
250982
188126966
49850690
221575961
35727187
281171
3453514
2248799
208596
24931890
3169449
244809
3316663
159214
271585
71424548
31162900
18378467
10428648
204725
246415
1133206
276099605
49429689
113301674
6418390
149528629
3117765
46393938
139797929
157204629
3950089
1219414
224747
217931
255071
65369610
9813159
13500415
5967621
133710236
5802359
235264
269120144
3245977
46271492
119745309
99771629
69800172
11573415
230815855
6517290
209036166
3605291
95444507
89768824
109809316
83695176
5959849
129699349
83573441
6009077
73272165
6014589
119756103
89775338
3068939
237348
3365888
175816
279936
51603951
3151908
272259
3370178
7939136
262514
87371921
6118307
229222015
49782723
177459880
36921445
14942112
69732516
213582784
6330639
169147493
3229634
36341790
51542045
2858337
228127
8273406
5879191
60304984
220333
98907322
153712022
381519
253736
64700379
89326398
267805
3344207
20178291
794409
64765616
129736359
59789957
99747730
39813477
31662043
247520
2908905
11697363
269054
22005066
141332430
18200617
173552473
6375840
99154865
9871526
3139302
267363
699980
44975761
161365654
3797716
258867
316673
35192565
37835853
169768708
3131573
16534435
49776161
173550731
6053101
89608770
69777309
69784991
19829500
9817309
351290
242402
263721
139631538
18379202
59807810
159716938
39821547
174909712
24689218
181991859
7127799
10265602
1397471
252618
248537
214565
69789584
20321677
75887797
3111076
257731
6037961
79831411
49797761
19811503
79799689
24593032
270886
44509644
10175556
150443926
3792585
261272
287738
93231330
120334324
225170
219318
308429159
49777099
4394894
213549
188684416
5979352
133511896
245038
7384207
17991443
139938762
173651968
5830859
81613015
3680780
259317
73514068
93799579
262817
35384450
23736855
3289295
205294
95940759
250875
35357697
10349703
282819
238250513
39846577
13574058
87418799
16648428
101121451
109714275
19757553
59825961
11647325
37533247
129882577
39760371
29786382
1348806
8194303
3237090
21302579
263767
173042
98887772
64742318
201701
178790312
69731944
79772674
39806557
43711557
5857160
59518596
124386956
204053
74768170
79895118
337193
28974358
18660431
89684664
99784924
139871281
259679249
19762932
109780553
29788779
129740481
19855893
39752679
23499729
1220603
174434254
9790854
9789874
3181952
40008746
5883930
141756230
37855123
101631986
3399354
4236042
828609
702366
197801
228259
1581082
186779754
7987944
3308230
279628
27463893
28505759
29327416
193692198
5896680
208638
199334308
53320230
8111275
18018608
9842947
45425067
219584
241373
133349804
3065853
250892
5985634
101556669
38046039
10393584
148870502
29733337
39764935
2054692
328070
97049581
49658614
119896317
129715193
91592010
8065126
9801019
9756179
9489228
4549423
11866784
23627623
18116893
141609485
11326346
56460400
23588943
275174
25897452
108158187
23693955
25902235
99800122
161152107
20348964
18774914
432820228
5873092
1059463
251731594
5852312
69771356
69306588
194235304
1517363
228837
918373
481651507
109759084
59804126
29743144
29745832
111451955
3675456
10471557
211962
286329
102685854
9785360
60030401
83373821
5857960
59565242
109774618
3064375
262994
837149
74499839
111089594
3968421
252407
47412975
5975021
319432886
139771690
220064445
294376
252389516
5890652
141581257
47903291
51182061
4050838
27975682
5911232
60987444
221266
4005050
263303
7403996
99603384
6221866
189259893
59846867
23517590
3419304
262573
61916665
139858440
159656809
10325971
190348
192525
631672
316676294
131997317
195951
209682
211828365
220840
199289
43420456
113775918
5807399
269695917
63735630
7481522
173867167
159232254
206487
190889
19252204
266893
363228685
199670495
141692663
7938301
9830283
9681220
9833520
1319971
187858839
3254734
36322571
23564852
5970546
41708162
12318524
225028985
130282959
23153976
261679
194642
14975026
59799236
79805672
5288745
263890
64345074
109322531
20986516
950052
268711938
3498469
261757
15525928
3265630
417529
250082
73519983
219513
238805
248136691
109815061
60207941
233317331
232720
7511032
171183951
6712323
280187538
38441642
81609397
17982029
70645466
216980
221965
923942
346493537
173770644
5890243
217521
154551255
211266
266622
305344
189334
210908
122195050
159754954
10472351
139048137
35116712
248438
47758549
243122
632137
895578
223104096
61624774
3633342
252175
215225439
8183443
3266335
6251205
113756546
864140
74712845
123602982
5957283
109771468
19806885
19766864
85454439
119219558
199711
203739
113208235
23554914
791989
35461425
278844886
29729623
69805342
29741522
119827543
189771758
89788373
169819518
23666712
976207
220885
286779
23745704
1240185
277331
3498650
303502
67567578
19805213
6818253
300732073
3228835
262543
115653282
8166332
3208522
254424
274776
287811
66724576
17925856
9790402
10502856
419061085
4765799
252208
291670
63381741
29728601
9786596
19810506
29765015
49856656
95209214
76193523
12087289
79204381
6154855
172941592
6441932
141162891
71945359
256236
27155645
28019286
109802471
139809847
173563576
6480196
914020
257375332
19823925
133641556
5990804
105149379
280226
67844255
5900149
29787067
43464354
6045554
119416002
53842865
223700
146813125
3298271
315645
27439564
528551
79096549
246532
6462567
8479222
3142917
255513
66911940
258359804
169729603
63627909
896292
255511
349877
195208
25051132
3583105
34326133
4487558
45087274
71415890
3806965
293230
73673772
89889232
79701955
43359356
6477334
229329841
71431089
19917478
3586931
301078
78716949
208544235
5870692
199624961
10327684
109084658
202520
119451373
189691298
29798993
95310603
233229
117830385
241294
5375039
193641884
821419
98759521
5968480
255687
133059778
6135393
119749223
121594041
40008354
227295976
3046531
26526869
213598916
5940991
99505869
194648
101253586
15598742
15907390
87206196
58537600
121051107
236805
132006780
5929990
59640801
9804332
29778993
99766289
79764794
99805715
133724862
3170708
192116
22037659
150590847
193534
170168
178832
227337
258610
106102386
101213057
224892
239485
244129
46987686
83648202
5851303
120997666
28813766
138822881
49742066
21538344
3776855
314517
14868041
38130039
29688010
23678901
260378
418748
1177353
174861
222294265
129804041
30031671
320651308
3630994
47331188
234869
242345
25554857
169747682
19853851
9771057
9813676
23500763
3555351
291805
71704706
23541131
3313003
301947
66844266
285199
252712
63707660
19895459
3018628
6957638
252070641
290490
6390661
1128084
255436357
141658906
229676906
49751988
89811987
3058352
228814
1115141
150386
236978
106116092
197049475
150715093
191901
194183
1124297
255859875
83645475
5988757
139520099
81580339
3628984
243776
134442708
202131
168494248
225967
49158351
39827610
70209743
39266727
19784932
43659006
6016617
239399372
89803396
43627856
5900278
93295701
5837356
69479531
83663197
6098093
139338702
109843112
69713031
73681378
5954062
199481598
73626397
1115234
165928063
28627771
23056137
1128949
282844
4920632
175369
58454180
109770562
99774652
19786759
23590928
993568
94925443
188691642
121656625
28571653
250541368
38222199
13303074
26232079
173516538
6292279
128757925
7582726
22399258
1280733
3938116
1070436
262536743
3123960
251341
252699
5752078
129516829
49869008
159881714
152993172
3774499
262847
257968
277377
30941117
39736148
83715666
641324
238119
240031
206105
43503063
133686758
971640
214667
114111314
59743367
89674536
129825441
3191976
26378521
89694014
10153162
193249
233332
127802209
69808241
199726284
130280951
9799921
140547253
51728560
35969204
91624934
11840713
79162067
6052428
104716525
34350898
1429920
3688253
5049175
74124643
14065280
53641059
360466
270271
621458
183372407
139912554
10489521
207863
210533
245053
828060
335521058
40288522
63612323
6013091
154901007
14671639
89782385
39838561
109818590
30368214
1038743
18040384
9510430
3093561
4294939
91477936
23750019
219132
5549790
59371908
10995524
202317
213885
875985
427355845
20073785
37929012
213563566
6190533
279320420
10605497
198674
207075
157777483
23573289
253487
5576620
3639531
65403283
4234906
3051955
3919456
813366
223495
50079240
35692580
10369418
231089
242589
248253462
9839668
19682434
9776334
3602335
208539
304829117
149801222
9747551
9943406
3014142
20170283
5970979
81634211
3561989
276703
47577770
6183352
399553880
29533111
39796812
69729047
109843291
3018349
253186
5979023
139898211
179766582
10604201
228507162
59877240
93198398
6396672
69440400
11644619
137581404
213054150
244650
6629219
301013705
237858
35310778
175484553
6267474
189284487
20492101
168576094
101626279
3625950
323236
35361144
11319664
16382297
411389891
8303276
753921
296254
256824
252834
1327776
245448253
29356171
119669656
19873384
79778042
39752544
69794896
121735039
3381199
7846086
217652
5640744
121391049
56927336
540924168
130572030
259046298
59868888
109784802
89788758
9837966
9921489
69629327
39815726
69798748
3621868
67734400
2879169
257462
54393795
138968919
210629735
3278335
240464
3262192
278635
3737489
3783369
729552
212522368
141746049
28445653
130983889
37985098
149942616
3354543
6094726
109930770
159679211
3165047
332676
1571814
176335
133510354
3142583
1685540
243916
1696479
283188
1300399
170146067
23691803
1017229
1287369
252637067
29838194
9767147
3283342
26274425
9861035
103545811
6017809
1759512
287199573
3661654
5884270
73217658
8134550
38003174
99811748
169768208
69828439
139935305
19677438
219782005
119832656
10175156
98812953
91391458
20383320
59872993
195641
81329886
206513
186381
184327641
3133560
1593678
228953
345658
238869
72989204
3128782
6585124
9705353
49760929
159721588
9884270
69694616
159741180
10643503
241899200
20237974
5915127
71026759
201474
200185
1159975
266332903
207021
134561034
221807
276334
332730981
3021369
222569
780132
65076812
133552660
16692805
302474099
4963184
120781283
79768093
9826943
9978778
49835345
83026733
5793403
61255892
8385754
241507
229810
353877
1081101
289396
208091775
18038466
5126010
119252327
214675839
159754122
9935286
43514640
6077475
179641108
73595173
248551
3479429
135452171
9393372
201402
77652041
3535997
235241
281440
270071
42645957
91710525
27995782
19923796
3039244
20271015
5790784
129545702
10451667
271984642
16425913
69748883
149937952
83520952
3755098
272294
23427386
17905082
61663147
12066494
65563357
169810934
10321316
132035828
20338530
5834956
174921847
104970197
29501259
3075583
266042
2058436
254713
143479035
59558716
129768291
79747872
29808869
9757219
43661287
6084313
101290075
10436980
190960
166341120
81671770
12083391
675159630
3349773
76072090
23124775
6212343
464860
234011
247149
92006490
6125707
229386911
19910107
1364970
225546
247602
239237
256285898
39761512
9907233
53577714
1174152
74459469
99846872
49690680
173528033
715785
20059340
64774268
1323861
3862300
7772016
1102558
244281496
99843114
149810883
99677755
83686479
304221
215261
1013691
189761
303069571
242936
192378107
241331
267468
212580
257889
236550
28870674
15974033
18082987
159729925
10228466
118938568
69605908
181620165
17962892
159602047
59807171
10059851
109524892
89761470
99785110
69782225
119781979
81646124
3608267
297128
1427491
233160184
28163878
49693832
169777307
29773729
120094310
209501467
9854173
252940
805635
38262448
10457333
102793915
6175554
289507582
31504917
247136
37622246
1245245
28302500
39821943
3100976
220338
3295737
272860
782971
51010368
103065364
247808
256612
5508028
119858794
159889421
19689363
29747385
43674589
5876139
269469006
49759767
149917839
29682880
89770481
89803858
119812238
9729151
29752769
153670126
19759678
283370
35480531
49811761
65950110
223609831
3217619
16408734
39866473
9695595
10020011
49572812
89825435
39772189
23792910
219208
207581
54983305
259800974
39830728
59826670
20359855
208920029
97293562
12519013
95241759
27789997
175608838
9810223
10073896
205917
199817
258599
279235
224883
326432622
93735420
5806385
78508134
441088030
129808791
149734904
41584043
37890812
10416304
268588292
193611792
6242437
1317334
257363302
89809181
59813942
35204581
6193930
241277499
222433
5552766
93562813
6164511
259224133
159814633
10228535
157460249
309682
80712030
60051203
89848979
278895907
218855731
110536763
69826001
49735657
39881143
29754311
19755847
126199267
103400854
49829876
9842913
3181863
387364
1144699
279228
85612745
27379635
29951035
59800272
89715610
51521586
47898334
30056149
502868310
306132696
30598227
380731922
19859549
48200123
39906375
119110300
42314058
294790
308370789
68049478
119575972
69703386
141708151
27831388
143680124
155990045
3918404
214907486
51642348
17939807
19885133
153263452
32953732
532530021
9806763
79719516
30883485
48308627
11112185
348636021
995352
1192310
316786512
1194529
260127
1353366
279476046
398832
310537
94557473
95496328
35908198
39535151
28117284
191482465
38321700
199302139
9839395
119947964
269527980
19601070
121650272
57920538
121655242
12724416
15027097
3085489
290008
271454
890078
124227094
99798316
175038789
238867
54127409
23804623
230678
5581254
119375386
139872545
249733047
83606520
248403
188483
25037740
109853214
39749377
49712772
69941164
10138237
235369
118310101
179786745
10225290
178664902
103748069
5779894
159786640
9801319
79589821
19810651
39703272
23752281
256772
19236879
1205723
227543
84640626
251129
128276258
19811026
3144281
60206891
5928506
89561334
29795619
149889424
20828698
963319
234456
100347789
5960871
159496081
109833652
49786795
159778600
89875553
63613143
271264
16926318
218506
213919
1069699
205700545
109868991
79769210
10211601
196306
258433902
73685911
6086110
141548749
17930983
855171
268268590
19912133
43434159
593393
298207
35342045
255359
315654
329484
376519512
59576561
3044489
196060
760131
5039995
21539104
18072412
169833025
20833785
282517452
243175
5305527
174826262
54683168
43653431
6027762
389178265
43736367
5809675
60172504
208485
214986
268372368
3684894
150801976
269591
63928095
23661907
2832518
12782776
79740299
39794463
3257669
6260252
69801840
39852206
89707691
119860490
109757635
19826953
99792057
3106146
4031925
289194
64095452
157089373
9880054
89688281
179061686
102288625
8032853
3282784
6267215
75341577
190319
61116556
200176
92179276
39826685
39670671
139790362
99693315
71814998
137325488
10413967
220007
148489952
39675861
175598485
226038
244689
242911987
99750217
169787654
71548223
59402744
15900520
32176628
3095894
80358784
484168
250970
911099
157187774
383509
623150
5966958
98039812
139869876
9656971
79830214
29698202
89750333
49767346
139820260
141594240
39459237
88245931
31934240
270706091
28064339
1321260
169821428
245286
105190496
378695698
29752098
95523762
24035124
23459514
6651192
232763303
5969974
269347016
43652691
6382542
352784468
5879225
69816571
39808440
23187349
20273561
5855542
99733998
153085029
288629
265479
19338430
3567652
346908
31797523
109315566
153685520
273861
259331
1155618
244906621
11689373
126414138
207178
208784788
3113949
6577877
49716881
59804540
29790972
139826105
73557885
6313798
149347117
19819728
9808707
9773474
34815044
230011759
234225
73976425
9946777
278981117
10319356
168918377
129720750
39792674
29835121
149783608
111520566
37992754
10367188
98807768
68504479
90961202
49817903
149860107
19710297
69772579
133762221
5843336
81203445
8170850
51623639
7863639
3099426
300494
332024
271360
35012498
287995
179179122
49772640
179894157
110639150
179759645
259503
298043
367981
380051486
8523818
198564003
38843273
239607
140629939
27994964
39719261
3288374
6297677
97159519
247197
15594800
284752
16390336
408341366
39841292
101498803
2899760
407485
44331208
40449428
378666263
39805413
249455
217063
1061670
234536
246844
219942758
6492230
259460272
1249081
7954477
3131293
4348760
255004647
273961
15554485
9773201
19771352
99813514
219878
417916
428062434
69802406
179638625
13660064
5873851
61245026
28197809
119768769
3034561
20492297
5749068
89772711
1426666
431305
277152271
3176710
16371240
23518597
147302476
3735221
267436
23707596
3234466
20109350
247512
25544516
10422762
189258
194689
231967
915151
225821468
4717674
244838953
3099782
285702
3777830
7276929
34411852
139844053
199779065
9794359
43680831
3186401
328305
312995
27314891
13884178
9807048
59800955
19841210
43670408
5959651
99759220
73615285
896511
232735
1048715
162919910
22493637
127048922
3076761
258470
219072
198559
244264
65508988
248430558
39783541
39654895
31329917
18242900
101644579
40094247
67544102
3125510
245822
5966174
109817098
10370675
318565533
173559688
6372871
219033496
79810239
10378065
188251
210883
1077103
365978203
139880684
129751803
19620807
23491895
6035255
57093792
8692474
63515488
89878059
109715184
21360747
1123895
177920
243184
165741884
41549620
2894569
249981
14373680
93708073
6151811
293671824
5301912
169745727
10342768
178692700
102042815
47545488
29808218
169731935
10509212
199753
420065041
15591544
22079481
80274447
80988965
15541895
10685406
218370
40237404
30264182
79801520
113603374
494817
6585747
3796152
3762236
20404100
3231300
7110882
252353328
5451725
110821400
22945443
5953595
121707935
7962485
9769641
9726379
3067268
251297
1502254
225553
240069
175347
13071689
49796115
9864699
49743171
95273331
221235
215462
125033872
8247310
9883056
9704995
3507667
6005224
79998383
15261264
170333
103810875
189786612
3260252
214596
75968335
9884844
113408786
301100
15479395
19770413
23737165
922260
156098
244098
43895696
79820873
10297625
168855549
10377698
258693611
3166773
16421183
3208426
219944
3340991
42424428
19763358
8419600
56607546
14403262
41476577
7849681
31769933
2860970
28644485
3320943
240227
255663
41496490
179701231
19807646
1103370
217939123
141674304
7880104
9826031
1239903
3607330
1642164
186013129
5803594
101661144
19410402
3788956
8224636
105352937
139902346
59643896
109775037
47625892
583070
21212670
141435548
8169567
3187945
6289143
109848974
79726410
79803463
103551251
6501262
234285451
62487563
21961027
173568996
6378893
59187665
129571548
9744228
19774558
10682846
337924
251321
226197
230825
220406240
1070575
1153410
262722705
121685436
12256686
235289723
15254001
249453657
74650386
31669450
3499289
320329
23649297
69764447
113731036
5866677
139673480
13565392
6079575
269439976
3020393
6362798
149872845
19783381
30258164
231610
225118
172077497
136040299
43198183
266953
5943782
79760646
139879757
201483774
2885250
266771
44383858
3261650
6301763
149880419
119743575
10820147
353608973
228518
97775264
5901743
139446466
309107
89216428
777738
214116
1052424
200805
236346173
23582115
231760
5700670
211079661
247348
230695
292266
230027
100183118
4712248
111013878
51561755
28558719
43161120
5942967
169727655
10448904
172534897
6491757
197814802
41042682
90210954
9921754
193950
140314963
37872540
10326835
181854
214226
1036573
326293676
149899097
3122282
201776
15937163
39741058
23518538
301271
215544557
3151327
16454203
7460326
16213971
272253
261559
2159323
225958
51903300
39813859
51661535
7951454
3330030
253129
11153266
44324156
131631619
17977436
29705368
63627324
6239850
199223949
159786239
10336966
218651032
3151372
4102401
12073252
43180563
16463261
9769417
9804166
3212872
59819788
7165699
236395
3348509
803172
66785572
6186065
281285058
47960277
63644149
6062177
189405617
29831101
95278761
238109
123850040
179773599
81686883
7710744
43833656
5999390
89583572
3175404
7910065
28275770
49754350
113695168
6136110
274268375
74616494
71502817
3757833
14059742
109790349
3151624
210286
6027369
119807022
149841205
3158298
249721
3453679
22215265
121647852
3525159
3800145
40163087
29781039
89765561
43745087
5793607
139801102
179677342
53818568
228037
39142994
6276450
129404154
3113936
46461046
69808196
3128357
16453665
3243468
242356
5930090
59821774
159797861
12678232
4172965
581028
63469455
3350515
4372264
3171291
1117139
84828455
219826375
10385903
191789
210404
220750
204995
223027
196627803
10379681
213671
198379267
10631315
198031
297380
950306
376083813
3116287
245149
3340531
240540
11856207
266827
43154651
5929010
149507576
59710028
23798648
231501
19299788
5754628
59761398
139194155
209702683
263156
3942022
263733
55429523
89784538
171055588
220081
213415
238921
231339
244597
96329849
3149755
282357
266217
5638730
326403
112893922
208153
250890
1294513
193074133
3355225
56187755
10469184
400408585
20274061
27514628
69850302
133711963
3619631
251048
31528072
79805504
223675964
6171829
169320360
3220818
249595
3733209
1174344
130542940
23161837
20209340
6256276
9925675
9440943
1300767
3993404
3699384
23944580
247546
19468704
5908727
239402976
89803528
109792282
59776928
119806951
113604947
3240059
268655
285747
21502375
119790626
173662870
6088867
129340691
23740834
215071
219299
18360971
6118576
169527834
23607301
3446312
195169
287478
41472887
173593347
6286932
193124667
5568127
120227382
99758656
10292579
181070
206695
898672
441915031
224884
93809292
50061363
10418794
269825972
240785
244565
1326725
105179050
59757165
23734883
230142
207705
253994
4388353
119784614
89750301
103679483
208049
235999
51280530
113430483
39736704
93669892
6076242
281113592
59783603
2887443
234841
14626092
169527716
3614683
5992965
149898984
23684448
3176851
252987
41596685
119851806
1304907
3671566
4199649
29948514
89784454
29379766
226626
136891689
22963576
276550632
7989623
3207256
258908
886629
78039364
5879088
69408082
31659586
7914220
3148247
2096836
177257
259274
183053780
5341536
288182200
255423
5410403
121588136
28018072
29766229
109763925
3123630
261324
3526791
249107
298266
22914384
3492343
14322322
9735181
9801825
9836462
9798422
1249428
206499
240510
219565
183832
2257533
296559
123743347
10350379
208838483
23588282
270703
5747739
173293806
270563
15688881
25399267
245463538
7960268
3272441
6229125
120299485
119298193
159812832
10282919
240811
203332
1087543
507992101
15671531
32025986
59762490
29804659
95273101
249343
276778
103259073
49981779
9646793
101860339
7691517
59707571
31179040
28341369
19818509
43345404
6290806
189142913
39816198
51635961
3588107
241668
113653710
93492525
6281738
79204244
149897274
3010159
20226635
6282292
132760967
26263291
210322193
19275953
59778480
63203720
4006455
330935
86304147
25142437
3077596
277195
313768
5529284
139816988
169656278
9982309
9783141
99589350
49768037
10270016
195550
189408
760300
218109
346208037
159761605
9812783
39720684
23607461
5870076
29778073
29812223
9783092
59823503
3640774
15923190
39744143
63713450
5860381
69581999
3078025
1663088
208270
172572
195854
273597
150782
212459
15583050
6156327
133638611
4595592
280178
120585958
21635371
17884732
49804829
3158466
20173266
6246138
101124757
8168894
9737612
10001145
119386191
63556784
6191906
149560373
29726212
89750259
63705828
5821466
113304064
6235561
159073077
10238140
184855
188842
204501
204209
189952
236675
146372222
189716431
59795347
19791271
123342146
3271570
307165
13826875
7950673
1147334
182750
222564
19298280
37894348
133597142
6109832
109403592
3447224
81082351
219714
93918792
3150922
6327794
89810648
10420395
207281
208007790
59802614
3185965
20173695
6224458
173097936
6335118
139397011
73596435
866196
4762890
93614059
3266571
237290
272154
160402
31151799
199469
110763954
12180301
65976587
99763547
10270007
186872
197829
858079
216449364
167451
19892268
2594278
26443287
129780342
51624201
12902817
26668907
262802
17367055
81543551
2926378
251584
64409851
3125018
16516564
3110277
3675549
257302
193124
51652711
63601396
26000227
109829969
129763716
211473
113137347
6471354
200118
212538369
5924180
79126347
121680857
12025309
87248860
17914600
9773824
59725592
3187524
254487
220915
5644824
169495475
19856820
3663099
25437918
9779871
3236745
51737660
256860
87747558
5927235
169206926
23837633
816669
167468
77762195
5944522
133758591
5786341
73607312
85977849
119761430
33705045
236052
208271
26331303
8318583
69782314
10147842
178033
190940
991704
308229775
77909517
93761149
233945
6684379
48505613
7118526
221043
63705675
18032485
199730765
1289781
3606413
228695
189522
247471
106877726
6093666
93209718
5899485
99467742
204518
113105638
6210822
156811000
16268855
6404935
218981160
139845515
179618566
9839375
43653491
192459
5441523
133152014
236696
226183
5484267
141715890
31819840
938620
857905
165042888
3597725
313730
63593259
36600724
142979494
109762450
1340940
249763
855164
164627
188750
15681650
19763192
79808511
169818853
10481730
368607784
3222728
26372393
139875364
139855434
61516820
27934045
89759410
10252089
201139
188175
900552
216674227
30099244
39461383
213645844
5911821
119646070
99241584
120322866
149874210
3077007
195608
5959851
69790316
69779703
69788082
39788493
9338981
249680058
59759454
69744192
33148139
16397271
103693573
375257
230256
34835457
19743483
6370080
184293
285096
428413
41581186
119798405
160536861
229239
228885
163010632
208568625
6424879
369114862
23621034
1026707
203741
113185667
19692299
100349095
23021544
3282448
267042
244229
151607997
29720127
89761232
39806058
43749860
5851955
109488964
39887706
59651338
96794805
146776051
5850881
81416256
236697
235386
856654
185479869
10463794
193292
208285107
30111481
149528602
3010499
251141
3360991
227532
387116
294036
101004959
149844672
3015916
250190
1090140
166861
213424
33860304
79818338
69800619
149489713
45355892
219569
74041176
3145731
251525
5980641
74953351
215346
18134531
15801968
109725243
113619015
6017574
89746214
109764768
109833107
80089932
69528429
79759998
79778113
149999968
49565589
9958056
19697548
9727400
9833444
23536029
5989499
109683260
79824684
29762865
99813122
9838341
79752193
69803224
79782462
121857223
229768
192617
649443
95509795
173536341
6351185
213053638
6235307
172850464
6134337
209302001
3560286
265468
214570
753893
105700402
31694579
235103
1044260
184706
207490
123190201
79783162
199749568
113754247
5789523
69804769
10334703
338950049
69814293
39800505
39772736
3115814
270860
5983239
9827205
63581554
4657580
81587194
79282462
81380766
250831
37755247
109813144
29803716
161303222
8151134
11980118
127502099
79831835
39787854
43678051
5963147
89511576
3516190
99269835
568448
5460431
95371931
225261
216683
252789870
29735045
1744401
37752768
10613084
204221
222082
929910
355633114
3171459
238596
203322
5601704
169609086
10190776
201058
148508620
139750865
129739543
139926452
1263324
3873911
276903
73588637
173572274
6251606
219452565
85681225
13901219
39750305
149860630
9781023
1350531
741824
809874
189580310
1468174
24045004
121977160
407560891
10650956
200803
218193664
121539613
15720406
15887531
15978123
79805741
63618214
19749858
6043030
166622
173155557
6012052
149855317
79730117
63701959
5756684
109838411
40874855
221648
223374
1624030
225370834
130134713
10441981
120047330
18109871
93540258
6252663
129390192
19827316
49770539
101558690
8056226
51328434
32189426
263176
1067607
185190228
3953061
268521
167471907
5948400
98294230
102618586
28063517
3089123
3934821
251526
247978
63081656
2970594
249588
4436509
79811797
3083937
280934
6039038
41653896
15691994
31980703
129799074
149853852
9825001
19701682
9360002
371329492
3996145
44033469
29807899
9800572
3199560
16390880
39765997
3548538
6006416
69794481
49826993
10319377
200784
197861
980515
336404106
271160
9351668
9776757
79803854
39814918
39792915
19806022
23672554
5852426
141671032
67952383
89798731
89831086
39822659
39800456
23582828
6005152
73568620
251271
75564909
23828130
268676
5386183
169436965
10488396
108643968
7339023
36100286
250443
6969920
319707
71260383
6317182
209123775
23606638
5934724
117607176
32000786
49794858
19783570
1401133
22501929
636357
189243306
214291
97836934
3194198
228667
23875367
3669586
3761149
23801040
255959
221106
15148420
119692899
69338740
142078828
37985469
10490250
98878311
43698128
5927974
133753016
266030
25363430
129819792
99774045
31232149
266553
3880776
223216422
3108973
264698
5954143
53770237
5810765
29646409
59792391
79797866
19835592
49743870
75196342
232855
230297
93485953
3072197
258712
3326772
160438
11644452
280020
19191948
30354404
19792635
139864760
195193311
64292726
93766534
264973
5338401
109801461
119753987
89846312
179773692
53496271
6273850
239282009
149910464
63587974
5847666
149602759
103623848
5910913
99736517
109851224
3203294
26336446
89819730
10607292
198566504
99882782
169713249
39831859
43565851
6012805
121527255
19894805
37910353
149884924
89740298
69313003
11014306
298741582
113764016
5824130
109729156
99876025
19791833
19695881
79813883
9844317
179635716
113714501
5917748
172982800
6089984
79692221
119929992
129710409
39251359
288143
3698011
25954945
133779318
259725
19290238
400530
261510
34822552
49830151
129750351
23600744
3347010
228939
248067
31609327
19735750
43653118
55838146
39775180
3187307
265249
222681
212792
18840353
3575753
253765
31650876
39800398
19779282
69677473
89779445
23609851
5955777
51431745
218415
216219
77217251
129754095
69787973
1535193
205762
1059165
126255996
109771735
3069496
269011
1029467
1381770
222737704
99801162
179755171
53561991
6233129
219309436
129798916
734364
217930
1197705
268196127
22772005
284399
45054674
9367121
208917
331264
91834957
6186039
200771632
3903640
422661
319747
6633421
240884292
227298
211421
129874895
103360493
212973
83300107
5880693
133096245
7742912
8327890
69550111
9924500
139330185
24907985
245105
169145
113784847
12066272
157192543
10305783
190864
219227
1284144
435692714
69883234
141633065
19535648
11607630
20028035
6019101
93595486
6283533
219386284
53858659
276960
15213604
29789948
61494267
13362954
144392818
149852203
3167183
46354380
129799644
34074150
235346767
19842762
9795119
99801670
123495461
6396249
259213820
1266289
8157241
3761141
140416271
124555849
141679556
47942263
61137935
196951
213599
1471638
187162434
3034177
4422620
23992662
3296649
250580
289763
210429
296051
40289175
174915340
94701328
39744798
80318609
2619404
36459808
59798368
29817643
133250357
1281418
237071
1002583
84772147
3025013
232221
24350071
23781622
5794214
49842490
49729855
157064296
202049
82188306
19733175
9822632
3941885
195161327
10403338
257650713
130931561
123612059
6033165
141708325
31848372
252929
1283301
133390055
23802275
229539
302059
14803592
19598354
49778970
109781461
43567250
6028885
189348825
103685363
3219737
217792
327575
41417886
99763454
113600374
6243359
175040142
236381
192920136
49865730
133641354
5930906
89712086
83749642
3115953
248918
341247
111532868
71589284
17937451
349660
212804
216324
300179761
251655
18024804
216310
138903856
29760977
49757557
121276487
20174803
15510107
12153421
74829063
354682772
39795470
129797806
111275143
18325490
366485
199661450
29270279
31446997
28224581
63720788
5850038
75280663
257628
224311
97314508
55766121
3079307
250440
3376261
22398909
113711182
5941581
218071
78730443
81698478
13035152
190896
225546
53782513
3070119
213805
3410085
158843
23870363
19894677
17856526
175029138
225024
24118669
173607883
264415
5426279
120317675
220552
258839412
139860895
60238174
226941
172716557
6139639
279325019
93817642
246970
5346391
72957807
8183560
19497678
217708
11975107
55763101
10594609
238450241
79810286
179780210
10293572
130245218
8370440
219331
222050
252313
196294
226852
646806
146713031
101543163
7936291
9829799
9707869
123269983
259054
15536623
139825335
159699612
2250319
223423
1082120
115264942
3132504
251412
6039012
109752751
89803213
93634409
6072819
259267369
276940
19260428
10509288
208176
207101
1011183
365918364
179875539
1253823
229012
1072557
116380666
141683883
71763384
256636
217153
18532817
5891100
59777054
99820528
159689499
10300449
138887461
89705887
101621525
252992
18865895
8445788
47162817
236388
245218
55125049
4805849
31007046
65272324
64813373
80856340
3855230
248407
43687024
3185729
26402140
173770372
267973
15339450
70312378
222699
178883359
169799253
63707552
5843373
60296836
101156507
3547889
270268
5639777
496257
205702
126826378
253390868
5973425
19633530
9799911
129703356
99766274
19782208
173519561
6118801
9736010
3689844
5884122
99837502
149765736
99748379
119832441
59807057
29824582
139840115
59730908
119815330
149908892
23497151
6010134
49804283
35656376
265158
63482169
3165524
16412499
9846786
1357421
3622695
4340426
9827770
9828693
43642084
7114638
228678
3644495
1078134
22977864
3083881
7046565
330431767
197088
208745
1312844
465357960
121712823
27889653
3094503
36464102
24025112
65553107
201312751
266669
11240008
20093638
6220088
199308891
99767372
93670267
6183612
179309307
99745945
10326071
194359
213799
1076276
276033955
59760632
49796583
129774455
3075548
25257060
111021949
23828357
217469
7101098
7940940
3108973
8011861
272381
187463
247348
274401
50092178
6305898
219155369
69798907
23592393
15943440
29739372
133663660
5945055
189265721
225438
2732493
3769831
220978
41992164
80374491
119302494
179745300
110922942
215784
227679
1482094
299255953
6444913
300789905
3022743
225055
28233695
250997
35339888
10352790
274501
238349771
81720451
17861618
2063316
198024
206680
71830901
54323288
23762203
772369
202827
14247026
100092397
179470972
39891432
265461
213995
970813
233441
246368465
113811472
219153
265052
1096762
305173449
31465513
269815
976990
263750713
149807659
103391628
569939
266048
1247709
185994
264208746
27931628
39636893
55140621
263552
123913599
99781285
23801354
1107319
54303973
224699
19371906
13476508
86038480
3056588
16402767
59714086
19808141
9774463
805207
198408
28281187
119752204
210144
103128589
6211143
249238897
3159947
291489
5863154
181298999
20061515
1126754
194161
215721900
89863725
39775431
29762923
120272684
224131
108838192
49742584
129775251
29766719
19701834
119814714
89761979
103676197
5878051
169271462
3167033
262029
5834489
69790591
49811754
89768598
29920949
85078677
290547
255496
107309323
5892060
79229319
193623780
6396458
192994415
228990
394056
34956005
49762657
99803777
141769778
17849681
129969922
19602410
71627411
27928942
29757222
169812994
3183985
16363610
39775741
63295415
6553687
249225241
3151178
263017
3344987
337844
11898213
3101178
20282815
6129149
209398669
14644924
48703147
6271113
199297580
79836807
109722121
104004424
15638651
23498690
5930988
129402028
48908835
151051238
85224935
214879
65697471
218412
27482239
3174214
211816
25857495
149801864
59715980
39752637
49758804
93574124
6522389
92883858
6225512
319085376
131815319
213075
197336
1216304
125127298
149870108
1825190
223275
881484
167759334
37930181
193707169
5937300
129783396
225227
79318433
3176552
16439427
19827532
69775726
153136785
20461140
1809237
113361454
39745774
19830373
89702356
69816601
3185108
247138
228896
207407
7104156
3285716
14293828
9814637
23643431
350701
39235579
6117669
219323067
49777496
7195628
72425512
3117377
46389293
89835930
49754589
109807340
43684460
5891851
113685927
250454
7163701
3953753
1492446
251731844
159788344
10468948
298740240
80501959
225915
226210
1222371
366247561
101710148
7875947
9790233
10138711
99298857
23557595
4916068
260836169
139815575
69790893
3104141
259372
3287316
159811
42096927
175049890
220516
89378961
14562005
180098
237173
178858695
139877072
101571234
19832196
31627175
6389450
121059222
3613703
282689
163559068
3140637
253507
1022721
214650
248698
133724821
3667903
126915429
20265355
37902919
119846220
9794484
3507021
66027340
99767894
267945
179233391
69796528
3167073
249871
5924055
101668457
17955213
354726
206826
208800591
10583913
243375
231838434
5995436
33575939
5974481
101447180
12710417
140954130
229253
16558514
246017642
61657369
12145480
135309231
43747479
5825025
133546318
206640
5427241
209786773
3089451
262230
6019866
53693799
5946259
139347327
189700939
3154542
213797
1437130
204020
173641801
19821854
139823766
59726411
39790209
842234
218205
1079128
204610
186242114
124538626
8793653
76082549
19760010
139857154
79712456
59817835
69775642
73720445
5938146
9733780
15191798
450788
318228
6454450
8073085
28094087
39765512
19790305
19744166
71622814
38041210
99670090
189768356
173788
2969893
19950943
6063352
98586478
80998261
106633085
132965967
133823584
5804540
75270040
218396
123869774
113793345
5858185
139742486
79813044
89760370
69800994
61693707
12234613
130963156
8206373
79736510
1224077
230209
1205554
188678
135961893
6065396
53534642
6002029
219315583
109794801
69802787
10504978
168583861
53764461
5847628
252241
129339476
39806298
3763158
215921363
2656399
20500142
5854803
93735835
253203
5360641
89834357
59769165
71527466
28107810
3480050
27445058
8424183
3126145
26461799
113704996
5918330
129780011
69815989
199773415
33726752
6430781
178776461
109791670
89804121
141633083
37976220
10372345
210653396
19995537
7593692
39987990
59788779
49811075
199787015
89837393
59778468
103718665
5871680
29384622
71649146
7936969
3177841
266351
5910033
9828029
3074948
251812
369525
5477399
179722402
10276335
178702
224205
224185
210377
241201
311065
259879396
6324503
381085623
31919424
288453
1269620
344919796
250294
7427737
9789503
242997
49240897
60260709
2556346
16500585
83701530
4784535
260858325
159752627
10358963
198695781
3624099
156593950
215060
218083
1256336
180017073
6563721
90690764
205458
247387
1042484
407413997
15721426
3481109
68273090
39847360
3039060
251400
6011767
40590615
230543
238791
251865523
6341780
229223643
791716
230746
1147521
336520113
83615723
6022674
79367765
149859657
103706066
253465
15323143
43687620
5918062
119373415
141577779
79613341
259603
262604
1119578
189294279
266179
221493
24921121
209773455
3779948
25797047
121332443
244524
57923418
110223302
23104321
6003427
9917935
3316286
75762371
79816717
1659988
225013
1035506
187992702
19697349
8033544
63689739
340105
5363644
159841217
10426122
185698
209854
1015030
326287435
49837342
216173
63372084
247628
75362737
50142447
139516208
133560692
279494
7287032
31436634
36406517
49791609
109772103
22470911
17150004
29748375
119800851
169809904
29779836
4999496
1303855
192799824
149889486
39724810
23759558
231460
204577
24982310
141736076
47889693
29782050
139847206
10292418
70844145
19779278
7929478
3458926
236095
25660139
159845556
10405793
195467
218642
1325562
435704269
29901009
173477388
1140215
227120
1024973
142904770
21232262
3902263
3864848
40024227
19825267
119777241
59760066
19791750
16099305
87332736
5973298
179371799
59834683
119792538
49803901
49788459
149911320
129743493
1342149
3858110
24141214
19777510
3354606
26174966
59769759
139867401
159970916
73466248
5935599
264778
199318446
29808031
31453403
28166861
49734919
79823099
69811884
63590882
6055610
130876806
206729
218703
1266604
287390239
3608918
24166594
41388022
217821
219709
1325649
325212388
173603668
305759
15491215
43625258
6118679
133370568
5962774
89793875
79762663
29863429
109784882
23777319
3411406
240640
81770506
101551695
19921555
3705712
240405
103434316
12140864
139238168
37849688
169821818
19893743
39732326
31690354
12739481
217241
484731
191095
57341142
392864
59041666
3612390
321086
316778
195278
249901
70219013
43558672
6256064
159439318
10374745
133437760
5149295
3220356
265535
6147006
288890591
3113788
260443
3387353
252589
81895649
61322825
8306483
3684122
253925
45313777
169809976
3707624
220318
219314
270138
220283
716861
13079538
3147207
6095399
159806952
109825662
79777425
79793725
69775585
93616564
6195827
219374982
10912451
216535
47374927
501509362
12557993
105296206
89745555
3067658
16483604
39801722
109825340
154682137
242825
24421005
101581658
8067236
9760602
9733156
23531048
1021044
210987
211101
909788
136453190
5929429
129833142
83656636
5892560
79774489
10350211
183070
203780
944101
268240806
12230618
175500169
59815647
149840043
81554417
4249168
48964037
209350
225928
53442946
39821183
49765037
93697918
5890521
109806708
15141356
24247875
9763528
9764437
3108661
9748872
665532
228840
175090434
59820926
119743864
29794141
63604608
301360
775008
1202729
191285
142620945
179758946
10427338
201649
219935
205843
226410
222149
256526034
49868108
119729867
141654042
71754397
274298
48118993
220996
210772
90164083
5878064
95292953
230085
223450
73346792
29793840
173514939
6355401
159196601
11260744
218626
215673
1274447
226628053
249251
18043806
213657918
5941514
109389234
3113862
34024441
192115
25559656
3707069
3907050
107333665
63615900
6268342
119140348
159828909
10348880
205697
216990
1280049
375564308
9857447
9863139
23267979
8047361
3976427
307141077
5860310
129416221
42249978
218737
4152227
22470978
181299314
19702874
17067022
100991382
119743642
99801568
99769369
101699623
31683707
1292630
1228083
152619951
3093064
6461864
9728391
91617141
15740359
31955112
49758011
39725490
39764948
139906340
253547366
5881846
39825557
21586485
3565314
255215
298948
228094
66564435
5953478
81652941
17948833
41487457
2884711
227946
300122
133897812
95248774
206241
226963
125344795
7738915
119921069
9798207
1251396
216054
339279
188976
6490238
59301988
40247502
21855864
363680
174260
176706509
59783593
59812067
19800867
83657064
5938861
139549457
49709730
123598065
6221075
159319599
10497084
215744
223620
1179692
395849733
30052808
269434350
79781605
63593992
242843
5490690
179708447
101665682
17896053
346173
206399
158791647
9876499
39554127
10608951
298676659
169802564
19829157
19774739
63555886
6572365
89215952
39768313
19803416
29790330
79788392
129891139
43522052
6287133
153251174
251022
2099904
514342
222524
281797
3171066
37926896
149864592
159645043
3126340
247746
1694215
203347
83281164
129868461
69679600
121601442
38002439
10327754
192771
222393
1044307
388174395
7886095
3268140
266298
5778746
113759751
5829528
29780132
103746218
232731
256943
20862746
245261
1008724
501274214
39870169
33677628
314331
316739
172618
258552
1053569
222151366
10611098
238557071
43655375
3275008
267955
91956666
163612513
6256196
69306318
3087943
263515
3337888
171618
272373
71624370
39818446
59698342
89789171
129790498
3178686
257406
221269
244599
241745
2137797
204269
281962
62850991
3738175
256152
311831
53275784
69831041
3662080
3702853
21971277
10784822
149887097
3655671
36234072
27962689
79786177
63709564
5844180
141106455
8146223
9781946
9731745
59757431
39804772
10418757
238227
288241760
3268641
625397
768221
183754
260971
23575711
81650607
7967620
3268257
237641
1056466
184067051
109797853
43612178
437564
255250
55712558
609195
281850316
5941718
209240362
3180022
16388585
39870219
15302416
24224190
19713523
9852397
1365160
3609382
4316332
65054150
213498
53834292
10399399
221521
258245060
133553301
6494510
179023262
133652568
215385920
63716716
196353
15458083
63768335
256728
19215691
6061466
269211657
29843890
113526383
6226183
209018
78933001
21480153
7871739
3665775
95486002
19793313
59729723
19813357
23786789
19634825
5913658
109522493
59803128
64965373
242282
104250182
53545146
263317
5435956
53735539
275537
224875
1113013
282936651
129879142
49709086
85568671
271503
3316110
1554270
156188
224953
226707
20257653
1014165
164635805
9874458
63622971
5923518
89501896
3064473
257167
6030918
155115021
216504
206238
73605653
69736627
53606715
6234319
229092851
278765
9280895
1359637
250334
31574307
5857781
73681320
5921345
109292314
89747777
276634
136963018
22591498
261767
9872033
195409
212376
223034752
59836630
89705680
78396959
336142
204445079
6238299
129109784
79793963
39793042
31179573
239337
7916421
3987780
175186814
3117864
257759
5978428
99836585
109802225
30363248
225962
120267396
19609121
28440743
70312763
113191777
249819
35428269
23773285
224634
211259
251064
500918
169049
83416216
39707420
10879193
405580
1015228
475552034
291623166
8057580
3052407
284096
6349283
219266221
121764889
12597657
46855045
39756949
3473150
246425
288234
13419177
69573205
39766053
79817183
19767125
9766821
9839645
29771852
121536454
28531175
19259283
49830505
69867618
10354113
233900
298132410
99818098
173665225
5938617
129376632
19992893
23651920
3627670
35885420
6118071
270368058
261789
260129
1257215
305716590
121367374
28238388
19754462
10640014
221597
231923151
5949424
81683094
17979420
189789457
3444388
79978380
5992215
45363370
14053937
9825564
10157120
141234068
39417314
18269279
113586090
270402
229089
1003781
198241
200846339
41959305
193567345
3378261
3827565
249871
4302678
73210196
89759850
63625562
255602
7386127
37849564
10424002
203223
217807
1098913
441350907
74415952
59700409
69793727
119801588
10789890
194244
198000130
23590714
3329982
235731
121722839
119778717
199753967
129813773
69895910
10335575
190590885
3648365
261322
113559861
10347210
201158
300481
1074951
375942265
51612995
27951636
69715584
39786566
155960389
53528499
3065862
3795733
322889
43608276
18042401
173543426
6360287
299107277
273167
204721842
94350513
139822327
169697944
19872067
19681463
49780780
69790864
3174647
27806177
28318636
83765340
263445
32080923
122932596
29818361
33617880
5965933
229361554
3137396
222442
5882927
1344168
3110397
216473
4372254
3190787
6104779
69798526
69745670
109796238
3174969
228444
269016
45447109
119801188
189719660
49798113
159743728
49760372
29811071
89707006
59879049
63640740
5896432
169484371
10504210
224623
239570078
236240
224902
1064748
315781
145327427
2984218
26575387
121572987
35464365
12219554
29825175
9789314
109775051
113728800
287509
5913472
224136
178974
52373361
427751039
12711543
210921
219046
45703814
18226340
219743322
109838847
103616703
5915792
179403799
129816566
3182474
264210
5926886
129805418
49849438
45213126
24393855
63783742
222514
245734
45010993
41326482
8053792
3081681
6483204
1212223
254955
234653
229389
2284089
218298
10063699
249137
176142
227933
83988336
235686
256709
37509658
189769778
51653302
13056193
183844
5749791
3645340
28366475
5929698
133036455
60134717
252016
19467263
5848413
129603099
43682419
247031
959785
1139211
252729559
51494067
28476402
2818080
26283315
116120859
65169929
19890005
31610650
6512262
239020823
30937401
224436
261583
239112
219609
306329
225975879
159851390
10364457
202674868
6268920
179261979
10370689
185948
208936
1071333
336239123
79787339
29826572
89745850
39818177
103758228
5814385
133798500
5813376
59628872
247352
239257895
133759638
218066
5395129
29806810
23629782
5937023
93682064
5998730
109369307
19823106
59783175
19811512
3202927
6550837
209499348
39814067
43608286
249580
15458126
85305074
207124
270265
113397623
3120394
302915
39884284
5862022
100133568
29407226
39785568
39826455
79797431
39821477
89775377
61335677
20198976
27791754
3679748
15866885
7478412
23973039
7883334
3746190
175379377
99804316
3062393
456286
15817705
16398905
63236913
10360621
318658442
10470463
226379
199383
957305
339824015
7234700
178379932
223241
119910623
228379
218771965
53682373
5981422
89357591
59803409
39784293
59774076
23608824
3363722
157045
275650
95448347
6265796
299331935
79811758
89801417
10566417
252423267
262232
251311
1022692
292962179
63710756
5877859
169535887
19859291
19966342
2772490
26456085
139851378
139820679
19739333
139822977
157448286
22023971
149801981
79724367
49770868
79787501
141723455
37881937
259753993
89828824
49785572
261519
149402601
59699599
19795271
29794491
69813094
3229734
260221
5873632
59813901
210078464
2199794
536492337
30421331
216063
192586260
6285795
189367061
21123671
1134679
80146876
286305031
113801414
207551
210109
38899550
749471
250156
223558
53988684
171528217
3691175
254071
127402803
6311052
289182456
237228
200007
378878
192577
202938
231278
196047
128951463
126947883
29817441
49667828
91526456
3722296
236988
53603750
219797747
101402774
3929858
266272
103632643
51637237
3384868
34282805
33804091
337163
1460028
302828046
189776490
9900763
9798934
19728339
63680895
5931805
1045161
291657088
6545337
132606769
271600
1057391
878545
160159
222411056
99834037
75302493
4260549
331652
237683
229011
118452490
159762694
37142338
209865
52104746
131541480
3635739
244489
85110313
1280745
288393855
11625023
46116316
193391609
25896371
882562
288723789
3100478
16477415
29837253
165151564
28215052
5911634
61707870
3535195
3774783
69778573
71798059
213078
219010
266920
80427052
5865893
100323404
221610
178930817
89893527
19680505
69762068
93621549
6003238
259758515
49868735
43542537
267753
993397
123860070
99876013
186769114
62782603
49802203
134326055
284778634
79839773
9856802
40591388
213595
1158206
260806520
5816721
113779919
283466
265676
321937
217641
245491
302257
93057359
119708034
59816923
3147206
236847
3616585
1089569
142645292
275172
202870
96911783
141736735
87664757
59739380
29757593
93672992
230596
64913764
190295799
43812594
5748324
89808257
10184395
220196
3906718
268008
44004553
39696718
29725146
121622735
13016223
192599
74332350
39850261
39781271
218441
89370627
73377944
20158918
270346
19387475
7682904
397426553
93821957
741348
66683476
31725793
228815
3256330
15719328
525422
39129475
5846521
140558510
360489898
8011152
3183917
6213773
129853537
89773478
129724508
3112968
191081
16426481
189228
833987
180494679
6269377
159705755
181920
188399
192114205
4110915
21691782
139848337
139783627
49691634
3159026
1595176
189836
147880
198350
1074946
121594827
119650429
159875019
59811263
153776756
5755842
129822075
23717977
969106
184813
97964576
205387
234546
15007172
9790778
1088152
131788484
581033
239093
212164
181547
206138
113623548
19867035
5285015
264732
204138
24098232
69102534
69805325
159828871
12484898
76960818
40925606
208667
202908
908860
327758727
3770051
236749
93735621
59754842
119865111
59747087
225292
49399996
23567455
866711
66322624
400162
170413
868307
155707288
121582056
2878453
34917098
69825213
23774100
706052
39801008
195385
86133561
199535
16211288
321071500
9749103
99787094
83659289
5938317
894500
291978330
3406469
1884760
613294
425666
178299149
1559356
3625781
244944
225032
280358
102884799
31461718
3769299
14173797
93606765
6031324
141406540
37960071
29834971
123571044
5995238
109797607
60186258
84987689
194656
201223
103492016
53699304
5931633
232648
189311236
71612741
3587724
285324
193638798
209802949
19823243
83603263
6006690
81593241
15613702
246093
31656556
71722253
20674316
233963
136480974
89719495
44166291
4990588
99364248
79804573
33760456
5754954
106093902
27540431
179281414
6018882
173615926
5888419
69527522
30055779
319466630
145554270
3993947
63636938
512814
211484
237547
173923747
59815505
22128666
243297
203842
136594369
71650540
13052338
222147
1787437
238806
237249
31425133
119662039
43210566
26389349
39796806
9878284
3117811
36381517
69826167
53635242
5967455
69623826
49821900
9849768
103638424
255246
5481141
99712723
10413942
143544546
26690148
7704382
70008021
161460829
8176881
3746619
246538
890958
73944857
10179618
112493684
126182016
202894
104229969
14461662
9722456
29790808
249845291
91164020
8977315
438831718
103561394
10020459
25538245
49778449
342536086
297249094
155193743
218244
240129
183089481
309817660
189969685
39618891
215165631
216867
217695
251139278
62198733
60221470
70605977
92222425
6038776
353611342
14895439
151603251
452330
332046719
15868430
5384232
314055950
229850805
329586416
230803480
152083033
45073117
252498731
108286324
429738711
54807874
36406981
77955070
459753251
273347554
145901203
349746926
20331095
359313142
193353675
312548
58847291
36367122
177305512
72312460
149769899
109808031
59657981
3053311
71595993
24604471
2979771
26556720
381603750
47926210
9788108
9713745
99785375
43539754
7349917
16150927
22073078
319342029
230760314
362710526
16095076
103415971
12290663
626770484
16084864
179761713
179786339
111973335
217208179
249830169
200413220
358225158
101543525
388200942
81198750
58860547
509019
492213054
619864
213980
134687770
3089009
26448659
265170494
14437188
229724935
44543032
504630178
1489822327
229727339
465431924
25515263
219481
235882
258434
98160467
1591758
787992779
57357111
600273838
1569833416
231301774
92321738
245568248
385334934
68009556
14388638
121157369
139796570
243512711
14024081
371620494
179805753
269731760
132119513
118619956
100352298
88076024
299511976
99895546
143615898
529988
105009607
309864141
109666089
244449239
34877152
89736771
250636
29366508
269748464
54407673
214603
134649373
362381522
213399
270506305
15826627
729776613
419580148
341631274
47996961
154061099
1419963
44239785
592707649
29709969
5769463
159836657
371477399
78637251
338763477
199750940
34962840
444613613
63794812
15818036
39782413
119763191
3047960
108345135
3512854
11077425
786951
209155356
132180899
189828008
97687118
33935823
127653002
231380447
71858725
12450636
522848629
199743304
109840902
279608875
289753551
39803479
191183933
52112172
239515798
16131323
259605549
257422
43016058
296022960
43516158
284296
35503762
139719427
183911048
127737955
827609528
3092529
96445563
99724744
249746808
8397022
101040999
239719464
43526881
260757
85415750
362982460
228899
136112634
333707424
452412
195022675
35437394
92757185
61057045
21638182
87850793
159711944
159779035
150004376
99408876
273760549
235802107
3006888
16531243
103542937
954011
374543756
75648537
127248851
16051888
54745689
109747755
313348
245407
304942635
779352776
72050636
5686468
259848530
19793730
39709979
19696696
19717999
265408036
114193398
489702260
23530023
845935
14800340
862566059
205460126
314491
10525336
2989203
3777939
92502421
129755651
73133077
66514276
999644
731905807
40057305
405982
167204197
282501913
44228351
179450363
223733897
16112565
109539512
329494924
99714167
119738464
9764064
1352075
48192831
3766587
199074675
147923711
3513565
353233
667477746
11228337
252051661
255045033
16176939
59673911
35433359
24110139
109754050
329768943
3133825
398051
231176304
126301541
7916744
253501427
6062448
399246145
59750493
159630656
39886457
133558005
15952355
169751022
160621262
88814304
2720176
250796
3676876
64420507
243459379
113609604
10730671
222199
216727
161280851
15971254
33291536
126292007
91311829
100087357
37836015
390117975
39478311
219607261
63728112
6527843
128751765
10069278
788935982
39837973
158597980
15064545
148825540
249681
16033375
499556295
42192447
137253978
99798498
149999910
129298994
96582932
113227400
1002846
52285474
4362684
51300666
159769358
910336948
338852171
253758220
16599228
270604250
97894048
10411414
442590307
16032236
199735635
63642517
15905218
175859131
53620523
210300905
329095925
361330329
58216107
285167385
72132013
2908391
138566361
353575052
16038721
99779525
3042258
270450
268965
65512555
489901231
39853640
83473953
972213
34715029
177136623
83903430
218744
222637
816631
515517861
3776316
159946542
233465054
124840790
310950391
25017829
299676988
179936760
65591683
333586635
43520900
16016681
60384657
129086299
249783056
203585109
1642192
1868740
11999214
99779482
291206543
368002450
71628808
87911225
90275303
672907462
16076978
834278
220312
220914
206844
357100050
119666986
9836164
249638
533402524
171790500
208314734
224182595
327032193
77754040
104147540
39958485
109796160
224907951
34627926
393198963
100130791
258426
25495779
89853021
90164535
60190255
233819
246214
578805081
9134032
655845408
55275866
39773897
151792666
285976
65356718
173647641
16615851
618781
273508762
73959684
549726038
3143617
76443147
35392394
144214089
171541209
19598426
4009802
37786150
81716308
90798843
52965058
119775369
209702213
289780575
59760807
169849047
59722068
243931396
29362194
3738024
1201103
366495347
163442532
2994543
5224413
51203429
89542196
232377718
67233724
319740518
193537751
16123789
99717555
79745820
219762454
19787543
123226737
56320613
49779117
289770529
3201953
266439
15953669
29835135
79753189
315168578
14892047
299220315
57442488
46004277
255682
45358011
307754160
61904848
103409478
7786316
952707
210135
179436322
226449
49842302
15845360
115287770
114128978
390171204
169043747
333515383
119548886
26293953
459701567
399821095
10549471
402737016
16002231
39668974
149690413
45381235
44268448
159674317
259934
89000503
267606252
1008920
44465437
16646217
361988999
17023105
139225867
10623098
538653548
19835048
133501598
963250
235935
1080524
564162852
79685278
98167190
339628
516795369
71978790
92979144
66820859
69724420
319755229
279923621
309620865
55178744
1832584
244078
186369838
85288134
330967461
158385981
18859184
21517645
393217415
1290838
34770821
78593967
329800799
112768008
298269591
78199658
269705770
59762514
219738736
190134800
212837854
16039651
135465225
44151461
264759999
280900
154399296
2977002
36413449
150208283
59343864
139763910
444638721
217944
48313436
252780
3618596
91548972
263522336
16053570
23660984
139706963
15850491
43196988
67665207
8299584
19812458
149909268
213383958
6501790
654684970
266625
303848631
10587281
229709
548691012
262325
188767022
79781443
199749656
229699699
233773059
15310263
200288942
149768230
233675613
5786079
213590249
16018696
39735500
149765837
133551005
16720617
343038976
35773049
156909471
72704944
369677055
119801968
159755543
143781302
257534
304011
174897199
139783229
159548302
7114861
167858487
84421771
229774900
331927740
121208217
926698
18736160
7653332
47941634
135160139
24905013
199367832
63474137
218155
65306682
460363740
158629141
2370852
298438469
58470048
365256659
88044970
1175943
184514829
69658626
169630005
221344363
48187364
43615427
15630020
63735915
15554226
7490389
12307979
119789900
163160810
236256150
69753240
199743743
113629065
275868776
79665814
179639099
151303796
48194207
91359589
68143079
99751386
3056767
66562407
10499287
438774315
189724969
297568889
12122992
249667505
299702781
346781195
106239764
7934792
131839209
6037600
321284296
48196205
143656598
909941
232913
124711898
452892825
362639
145277758
109772574
189768518
19805522
1425375
32673026
44898857
259769725
173542898
16046672
106328772
260257
132847160
499932948
79472255
29682942
19758989
309857616
199692294
89846988
249502
461348295
107610925
296300056
43296307
237228304
45990712
258885
95555572
43671259
15844873
829757663
311420079
58183914
239804359
190694909
32782345
88178641
750590
163234584
92833983
326512897
82980341
96892288
226264
42321964
59628431
139920778
303338503
5878493
476678218
132895327
3101094
60294116
6028591
273467360
11883597
758794319
224382787
3054467
20362574
3417952
12197230
119757164
39742037
258743
63063339
1688097
308241
177631047
118746340
56472286
83127172
6700660
759917685
269560
288401312
9860251
987564
73273125
164809446
22572770
50804065
13627459
185801742
25895377
321904171
790651
250435369
263242
94716868
60313015
63568379
15968598
29661948
85221253
184350276
30916036
52362273
14006377
364905858
5362716
430419736
79797134
62979861
40240354
15939127
11149863
68377790
269716598
173566762
16024413
23631967
9771436
56448487
245088
348778403
111531135
131630476
12288516
866994452
347173
100038785
185087445
21658295
76305784
142934385
98163956
176539536
73057693
17264313
12255330
72682607
244157
56268310
9911344
13459173
419802863
16053742
3086018
20693176
75844761
50813575
11910659
337878544
77295099
3027242
16526785
169812338
327214726
1818558
50284346
347185791
53918244
28744606
99945955
209493887
140899296
51682998
251196
55509989
203326338
56249912
50245922
231759
599269109
48975972
199755065
89791907
409644290
99863579
169660488
293230715
140309790
155759939
18697372
24269567
20250445
251707
123484011
71582152
2090585
232687
26895756
293800404
15833456
49760765
19848010
242593712
7134308
