201189
497244
385274
1320439
346159
481251
380247
275511
253954
4856130
221348
241000
142513707
160661511
233522
241998
39178532
310530
240400
85906070
123924849
51910779
31993665
227047
565985860
88994863
79158533
29849842
152292232
274629
7376781
503576488
359021
286925508
37622928
59311899
2837786
7719163
11602937
11601566
4079430
43873722
3983766
314096
32045463
190078253
251999396
6912561
129544711
2799738
39790362
6890544
120159194
268757608
10641430
308211
8353889
2849532
2823598
217394
182803244
148821928
43771969
275562
36192519
19776276
2780167
7151774
19420877
229844828
51317800
237909707
192807785
6895199
100121751
59186168
44477155
272729
135723059
18483118
129723014
31021850
48523690
29786059
72800104
3529048
276538
42451118
70304348
204561
268696
188290
197706
187474886
79789129
109778429
217645
50875781
227921291
11339860
127877387
50809057
178626213
328948060
22226668
301054
36067028
42770333
1936505
269373
343533
209819
271261
75527427
7014232
211110
189164653
39881530
22580496
3366663
436415
74958240
37428501
20050670
2098135
7109412
288353
134534490
234599
273924
1138676
214699831
7205666
272391241
260378
300200
1042558
213910049
29782931
9805479
2695903
2976159
265277
374401
696486
41260068
10615758
201783
206489
217730915
19713067
59783365
22784533
3590265
259388
55497132
3294027
13320405
89820926
112633172
3260719
258035
300338
10332360
345387
371907
372461
3240053
257542
1362402
278702
284685
44706168
23317544
54994641
32109284
17382252
182048871
28871921
108061864
2159506
245031
3411080
243978
284582
35286639
268179
229891
1045422
254227684
11874451
137187338
732534
265188
78325943
189727979
29743159
9767127
19799372
239620
19366993
2705945
6849867
50388025
282044
53684623
64575564
59736984
62128209
21536143
395463670
2728128
2126912
310626
222660
76354301
2458037
107458445
66091303
190378469
228632836
2642682
3375900
15903218
42603057
270525
93794785
69617984
779827
68695860
39820529
2631177
2003540
258392
425504
75819346
36836109
141250283
458497413
22188878
1709990
217321721
27559176
72896578
46507851
69174811
449913265
1172130
23087288
35876175
558383552
20888093
78681212
159616934
79963431
29413346
122218516
20352173
66829170
9672610
59648276
120637081
1413742
283577136
1017393
152190247
1852937
7995060
11624346
48011639
149147452
330966
499619
160544504
3853585
33304621
59788574
42315038
1166567
224568
254860588
25968979
83367536
29381035
122216051
53274279
289767
165116315
57374273
29835558
747126
49008233
40962996
225538
78873242
169471488
38927844
209074493
70856345
387671156
179811311
50939653
430365594
77754934
9568251
321505
29095025
22197230
57364890
39755778
59816197
10864117
271347083
313535
138513791
19742923
37410066
42049108
17424027
9826941
19797841
1159368
111350871
240917
602355
75398654
11303863
569945393
77418924
91372593
169164442
313750
225788
100085943
77397645
39787476
39764220
29812318
9692651
82146774
37491974
19776480
21984811
47556564
1708669
249578
27123536
9715845
212644
274570
294055
23006240
1158894
133984152
9111014
49805587
317438
28933338
50730360
78827836
849403
50974042
11754378
15517792
19577838
39767404
191989341
8502153
8767977
62511239
37045994
109937614
8039619
31378380
19692598
252000004
59777463
67785649
168929812
37612118
201901122
50556483
268591260
2073492
101705390
257335
176917411
2706958
441131
54423504
206718
381493
68565482
219254370
40755677
128654632
30640776
11201342
28332716
8959087
20069546
61653789
7680526
39587031
789541
68716702
81998634
48456739
71029621
32232254
194974556
319437
3763631
27352924
19655316
4460050
42780561
109520387
150117263
12079942
48370719
30981724
3746702
75891734
60328919
312475
244922635
276360
422594
30715604
47520612
8023378
81094585
2506340
119227519
67536595
159590383
29689668
89864165
1549003
270778
49457194
3231623
535479
43455133
606088
261336
27681934
70409518
149859676
10627950
374831510
33606604
29660344
312248
31831528
7754378
219073153
413085
266190
18514393
71974059
37603632
10121872
138836974
267723
250776
220320
231370
90054605
60181856
236630844
1756297
7601332
947087
3100589
4230884
81011426
81907037
26935499
169667221
59669760
102069392
8016199
3914917
318926
34519619
271184
245959
9572873
308773722
477064
168967222
9903622
131070256
8151480
191633606
37335269
49791818
285417
3776862
5186222
79846784
54320445
35247198
39796619
239325
3662609
3910647
330347
50311007
60251274
40193773
38958614
51885872
17597792
160468460
213827
250466
89035877
298375050
248717
9325386
119753690
449688020
9962709
41777818
17660683
61613000
80118690
27274574
307950
276865
620617
108029869
49690091
32237133
17311486
225009
275842
260934346
2881240
320263
297604
73428537
42492015
223497
121598441
16064128
2010608
412679
337023733
37322723
130453792
68882442
1801247
17776730
29829647
52042137
28273313
108502446
110071644
51646913
3831324
133712995
49697672
264781
11231208
17686016
2218140
97093741
59789791
19669746
9818195
467169
38794044
189604330
19627206
1756740
40202380
197452726
141589926
100152598
210233
230331
265677170
209751525
30942036
18493018
69724904
21900690
1437209
243245
344436818
941224
28526547
99854539
61753151
39825979
28930051
229493469
4290975
24467154
88946093
69769886
376507
9233394
169745817
325672
3148475
35755486
49255590
40176022
2477430
37071322
69930905
259413046
99639533
261408
9843522
277348
20965625
99285085
37295562
409889322
457715
18971454
211669916
87819672
30056905
169378461
124975033
23464411
359345525
19783346
121925173
67568509
288183
19205663
269199
3470164
35558302
111791317
39761960
331455
227093
408371
242094
1524754
203707368
277901
3459954
455439
94788231
160069189
323500358
7910402
19599491
47510489
10826564
48209626
491578175
38689262
308527599
377104
30212294
223040
332482872
5423197
169678079
278765
240098
371912
1786922
206093229
1797180
221641
307336
18964418
19334794
17706125
39755430
150645151
3082738
4241881
140803827
30797709
388173938
1792886
17789458
90781885
298191235
179742510
149870982
69759285
49806843
59912928
634995
213251
148253918
270921
426639
1145408
277128876
3982975
15554690
79726772
3586328
25999418
53976664
67413907
17923762
61749525
51458734
330451
251873
3391176
180499222
60753619
72857920
382412
15047757
79749401
2379453
303332
363458
86863078
225408
232233281
26698397
230544
51988699
47843683
3683420
15886807
38176858
109284295
266014
39247576
123623158
25992316
113514039
40062008
15537796
69824703
29871004
223003
143130619
312254
5537832
198966887
43009985
221166
221166
241699
244402937
50818107
342180
188176231
277111
23581581
55423431
59793304
119617940
79758051
29816610
49851102
12053599
17522927
753196
298701
228079619
260988
19303811
10469198
291835
220043003
38921072
322460
48024294
30882323
226400
318059518
70563263
518467095
49831140
573477403
96086306
43495133
28272881
148337764
158125018
9861632
1515410
3103895
274840
579948
49418490
231498
302301125
429953522
99632018
51528599
249202
17450960
49796164
3429912
8490377
218625119
28142909
110087328
140916004
39467560
437746011
169836621
31571759
28021333
83805825
332350
436829
84337940
189730982
69820251
49772358
3655153
11605359
3744144
19951885
131690695
3812424
3554608
30032984
129798845
91544152
48873302
347385
251987
1451259
467720209
8466603
207124
388202
231662
314389
241968
386653
396016917
128864838
130555293
170452957
240452527
18046589
701530351
17894718
179610367
174910437
14686805
63728717
420514
54829403
61731490
230347
264370
569365
334715895
79842386
110323594
229256
332971
280054552
37951887
59760965
617557679
379476
438391272
101471380
236912756
100571706
308161384
3491289
36000953
43377705
322746
1958255
132799798
29906471
41635975
19644730
27823485
71525267
18087563
138897603
140817169
1522138
559237081
40324069
207090732
2999560
20318361
5481160
119500872
109815432
32122114
87486657
123723193
609296
44870429
29620932
149999486
61608582
47697588
39587802
19791767
29726145
1528622
317102
19613586
78852739
28030670
29844036
89595994
41953847
69572756
379815256
57703466
259655562
119810148
259755527
39970528
229608565
89670521
21813221
1197994
185917874
9676348
59749741
33466772
16250204
79464200
9844847
41687097
17831073
129784994
99822947
99593480
19818725
19726346
91815357
28411217
286008
750665
8517601
398073542
119828732
189651599
10766843
388459853
39601916
111768461
29007175
1634281
248149852
87983264
239260659
30689204
428628234
11951257
197356150
10182944
49387218
150361259
30309599
460529799
250541577
56196355
23539458
64412899
131090413
151201467
4043661
83806111
3298137
297557
655990
38972565
135573210
79405617
80647741
179421478
158863443
3535348
356563
25965151
220993
864610
497257614
189958728
59218248
131605592
40777065
78738883
35839333
263686233
75521467
61232885
39705181
157177073
52403688
119578882
120565972
304487157
125450306
28446077
522179222
137285634
328753438
169868564
69713768
180347671
99234566
30468408
158820305
51753508
38005467
129385133
129639659
162294652
14731982
36642490
15576602
9636091
129722766
94462495
4486340
39724022
69977467
109527440
89887997
170378058
279384017
247025
360013
225267
227191559
199705876
113735874
420365
355627
178043149
5843767
149841151
85087573
290409
1301715
402145288
139528958
189357896
69850129
1179156
28375799
71441512
18441293
279666266
160175768
225564
108523112
63675345
4913277
314489
1239779
288382234
51637381
3676739
272533
955251
25637016
16350646
111584908
4378569
233232714
159938836
21497924
48014034
79798584
2868878
76469245
92104936
136771397
242070
89396992
1695782
248611
236539200
32358467
127128615
173372834
115550166
241509169
19759039
1493399
125205106
179404580
51493551
31902664
5960820
139789511
119714284
62086473
79285859
55572110
309670
81384651
289662
203651
267966
72185054
6358665
320789883
3888317
24158659
20410660
188757372
81544916
107891874
59874267
109670131
277841
227284
140557255
18297594
209703327
39550871
39746536
29815437
159793170
9701949
79817055
59782994
60041763
3233730
315592
138739870
464246
35460533
7496632
122794914
11413544
20951722
440127
289186
214136578
49346849
109937913
126658646
324168
278577
1204529
379721573
193456660
125804354
210530550
416322831
152225077
119753722
31528147
117945840
79704762
20051793
51195557
79200449
175999269
24049558
110981377
267537
19468686
185610689
119775505
130593869
58963643
20283939
166498127
52776746
379105599
89595143
79733421
179738111
73435922
25967925
9654220
19814315
19719478
89794944
179874882
907348
52133830
6568847
228744867
170540345
3535585
14562010
244534
360811507
38019433
193547346
350641
2529424
32398888
40046605
1262788
235721
289714
268096001
40412094
78303202
71754493
6250815
532171714
66625621
279182821
289609816
163336896
395114
155465175
3002273
22190317
414944
277538
153003645
23343701
344575
26657562
48684111
39287748
59751366
10361056
252424
158245891
113398305
6379503
181088661
344443
38426299
8472099
131243023
38124831
1071420
3703474
54542864
1100323
4691070
182407360
100625575
344568
226767
327681803
3613304
18118472
26023868
29722024
119820907
159647237
159760892
21464277
44265993
6614774
46041568
119708548
174936552
374561
944407
272145463
29803601
9763555
62855085
40151695
3832899
484627
75187558
209272
283137
316460
239867
63985638
231154
219249049
1736362
177463416
9766530
2984353
26662976
81213327
58109530
90112520
127162148
407912
14407375
80159799
3503649
22569179
119515527
80400733
34064094
228955
114213407
9870352
169989413
83566741
187370
5865460
738960
267148
10894635
16571216
20541089
828063
230183
308443628
31551440
556199
65264155
193256246
6442879
389188312
39729801
29654979
140023720
60133402
181610187
38693388
58168078
19853632
50275416
149218075
73492573
6385577
219216054
29686497
59781429
19825461
29684886
10674478
139065429
201852
253138
291919
176919199
63564664
6836699
252070620
3561808
288866
63551083
8389083
299669512
69882289
149831298
123090839
6963645
471639864
16676688
143312486
1281799
255684
365061
284558
34481857
285135
263307
469755
119946155
16459031
29736890
1225895
19048983
378573701
951438
10966122
232069
60296463
7732464
76411860
271464309
9828520
137882982
71924155
227193
301981
277065
276836669
1967390
136539531
159954329
9683831
94842893
273860
312219
140552880
52732968
102887742
40030126
108396725
130563175
27925111
471978050
6342652
289478450
23233656
1057467
155186760
19686056
2595096
12043313
402060
288048
83983195
29155577
21241642
51485195
7847527
367927826
403467053
66269447
239596940
232756785
117323352
208785852
151374156
187122815
761903
39444684
19927675
38451904
152426329
8403291
37917150
1011975
3829351
14420400
53567805
119450035
204042
477966
311695
272950
212897
24159923
238444379
49833421
22608466
12142778
2804411
2051860
220512
232139
265619
32961214
202747004
19893362
16538994
39714472
22836096
36756978
49782948
1115790
68324927
6889181
112575714
430997896
98834858
84340086
104822899
43469272
20953358
106202678
390930864
46601137
132616144
16331532
41363170
258458
262802
208111291
3981080
67487214
23742656
302371
119899164
417542
72005013
217172
218265
867216
296607203
20551146
1674402
707504389
38462368
189698987
19730989
99610517
99897003
29655734
179772847
129826184
19956847
79376706
23069558
2084191
14648393
98961583
50808602
19832543
3719386
64674835
11698347
530374193
86771896
70195565
251330
148774437
53101493
570758
518698
70156695
15236302
358933
178280300
9762016
102529652
2813557
227098
153509433
2452555
7129039
159670627
751472
19980808
48718723
320303
48978238
179933409
9670349
69735778
10454932
109215380
300989743
130840751
267607
227511
1318681
214081
313314286
9747776
9960931
162773058
79473031
56829522
39762848
243605
62189683
299716
386198
27292830
3084233
24895776
39418136
30908858
43752740
14941008
119540012
152667488
40122029
274549
2025900
202565445
33695721
403241
291771
203756187
755974
3808799
79524251
604851
173973360
73053697
206314361
150082955
22191766
27079038
20250021
304330872
280090
189833016
236191
435127
212790816
22406118
7173802
109684084
29867345
1092965
150934983
17120337
2812287
16039763
110358809
139753808
789473
440871573
341747
178445399
387541429
1027417
224774
303568
218886
159797666
38110726
40512127
337196326
40944247
234591
352250933
44987188
129670852
966396
5965460
318836
93459706
348056792
26488301
91988146
71576161
251849
314945
288123
50637685
66740146
727969
3377124
27459710
37134098
19876804
22393075
37218618
39656903
70757236
11739433
51686947
15875587
69345308
210581
231925
317515595
39690690
236503
79368868
2414291
4262283
215129771
230199
210550
232478
25285777
49678139
29754410
910681
341151
197189829
258739349
24275899
45350478
101723980
27514897
19264796
92846260
3286421
332586
3690929
18784135
94834590
438495
85129935
10825468
26901187
21091704
69073980
200555784
365698
19136631
136347542
2380002
20128287
106217090
793297
4172204
64376423
42368826
48195893
39531970
269352989
79234280
259587
1792456
17246348
99750665
22341230
67216151
842179
18808951
192263975
39478057
20063409
144795781
559000
230447766
22167511
2485191
550845
43706583
155439591
309394
83604914
742648
187652
3282285
328674
164529575
39617666
19793883
2684081
1430911
304575440
734709
3742901
1756541
182311589
42281954
17247431
59784132
39758737
2488112
7129913
209477963
29832510
825023
3008297
293940
174542126
247064
9194466
2823604
4094660
81948026
212270453
3907629
43003754
149934109
19668928
2206456
27205044
29722441
19824102
39735341
22234385
3692040
311376
24281925
378177899
159373422
242417
39032993
780202
88602744
863087
243898
27651825
24493565
18342315
1507271
156224864
240120
48719338
284452
267426905
794672
8881606
179522767
162404864
39584410
47186217
819785
70879115
37314950
38648938
380252
150421703
743122
3573054
34978578
757078
3488575
7790317
16966463
62221950
17341447
39697490
39686767
9869875
20827882
68558087
20870581
1267750
87251459
17844782
73866875
17302215
109717073
757488
28665471
39822148
22170442
48206370
51422637
27562721
109770793
150148279
302223
3394893
26992425
19753857
39774638
2619243
1752562
134894655
2821233
34472231
19495028
49737030
1568888
127845744
29828191
20827802
98655664
790772
28707277
102122474
57685135
1845005
8180606
779746
77412282
943341
78482072
747386
10202169
40719533
419676738
47215015
116547903
22805569
199826992
962072
90942481
59891367
27283271
29623080
89720073
9843781
82174251
27364920
330338649
238608195
2730548
19263998
19743847
37397825
29790145
10373972
219022485
22274398
56262572
63266867
19813169
147293840
797716
58610766
1562130
30302428
3232598
96684110
216296510
40671182
1008345
417089137
77939803
185072921
263480
228807
75393392
217756
247435
310738
178323807
99809793
10036471
148929054
89835943
775465
51092736
27400479
172077857
27526001
100063423
196028078
72814958
59811118
14533810
27132585
167135439
4421221
3694007
9308974
40842293
12583828
108668657
2429265
95409831
9859790
139806693
122137158
37083490
362191338
28240313
171449295
218870295
51843440
85159477
42058187
27558622
179670398
69752779
59342927
19728933
22045736
47390999
30553548
296849
359833929
47499500
30411118
281559
379885359
17379416
49744277
246613
5074816
66325552
17436606
49772144
10428611
248741937
227741
427534
50016734
215990
298216
57463261
29630738
833210
38734622
296091
9276330
49771667
12310756
7742206
332012
19692005
71217496
39605517
7830753
9348601
100705102
233519
317660272
19764499
29686782
19862545
231772123
28280999
78831954
20586685
28760803
81979575
12115116
55112458
811817
38731477
19760462
212356155
17208867
62017651
47723070
171771213
19096622
18787875
239352
238061423
20306747
99278784
69812504
19855074
298340
3381340
483871
226947943
48603281
43069000
434345
124557384
29704866
152163490
39729011
57455320
9723425
803220
70998230
17606668
249642098
262868
171655130
8311310
49669982
209593
147964183
11932603
77507771
29769928
9791150
109746815
263149
411526313
17588249
21943248
57457816
20288079
100967945
39660917
3891357
55667724
17580385
21911486
37532310
22041236
17585741
60221016
81502704
19738182
18630464
178559521
29869454
244059
252394
28710341
19795130
9730612
754287
3534836
35654700
9008238
39763074
1934411
3936359
15949969
3777640
41174749
21957398
60596439
18860030
769230
28767507
39775109
59820661
521845458
2806665
253451
333263
143553045
60172397
20225141
71045684
17613176
93317201
126198156
21925431
57669034
59779473
81899786
17666266
80513391
206117
87963971
271815
3745708
7796043
15837342
71046393
264225
252327
28824854
19818084
21885600
7508546
9773591
122046343
17486007
82100463
45540400
153678836
39837954
3704870
16670091
284020
315286
213156049
15794863
25510587
80365046
39245179
89823793
256243
328346
1282644
277037615
239718
418268
1155288
226218945
60770241
980128
38505577
276614
441265
437660
278502
257438079
17524331
9586042
258439
3754256
68452049
416004484
60549142
121153859
32021827
27369944
7614042
39835155
264629
380258
48746295
49735387
246444
3678605
15312594
90449023
121214709
27711248
274549
232665
1294169
438848
185929288
79156747
41905733
39733275
17613276
79861845
30570930
3345609
7799599
57414102
39669667
39829169
122460653
211768
186156250
264275
220815
254956
18452733
99116746
91669123
8118026
263490
28892281
9707214
129744258
69642664
794753
31406034
201250
147039374
279054
2868674
3885905
11178485
152102412
4368860
75041479
48236657
55143842
33585937
239644
286551
121056043
40532882
220412
233498
337848
137215965
63817084
13317041
256558
266497
141163198
38600414
168730258
80075975
51328381
38000817
101856022
17754625
221781402
17450200
170162717
272669
470752825
31868906
27438415
497260406
70258797
114596481
230056250
446373
48643221
33700123
244454
289763420
262906
90807484
47992361
71770349
19948446
28089462
15421667
74592639
410362
8310718
3910133
59924458
26181801
256283
116959877
174629992
32259127
102606875
138766651
101032845
31901321
28409924
439128845
1129857
198110943
49823178
27786874
22998978
234142
204118
251935
299750
256907
375799520
409428
219578
321009
219877
1380501
432606088
113447393
73577693
25550208
40616123
268966649
39879545
49711232
419764821
21910274
31605166
60104283
35495646
253563
556672
215408
314436
29469995
4048905
113266507
49880986
69620387
29231744
52787417
51465095
35518411
19860369
574284
264122
214155
2085524
39836035
47470839
67882494
59774782
22429619
260639
216544058
112906206
296023
186126696
271146
29175604
50464779
212127
263574
235941
1377129
446003937
1897219
87562693
9765219
54043871
15570846
259773
235233
30756573
39735680
27811475
69799077
29652456
140362722
1172987
317560424
103934143
5723916
90269300
59183630
342011
389419
284647
230776
30054574
86439833
264674
3128764
1214246
338395
334734
93293235
200087130
479644812
22948988
176217122
579787757
132003947
77592694
39776720
1830498
19158222
222756
3588228
7957081
85456475
13693488
65860095
99796473
10737286
318328952
99551780
123935057
15547495
79782618
289744338
89740097
4268725
490286
74567156
29753996
79715898
49849427
90046281
129395628
59882003
91804923
17653601
69518769
242335
39881569
109131130
9885960
103363701
6044813
189816434
18772245
49828958
29638442
19857404
10613935
260298961
27934387
29617951
273432845
16030935
19776417
69587526
119880071
141899681
27613754
285948
29181880
93647398
47697505
27847949
91586957
37981590
93561116
25882524
39618428
11274830
209718174
7944749
268932
9308911
81927965
27626819
19669359
71885007
31441497
36074004
59699798
71520357
8063987
69800146
121729422
11842731
5592070
13612835
3811268
398450
623231348
3995901
87399452
56078770
9766928
620061676
1317613
4065347
63524352
3353075
1233173
2953863
142657329
417877616
1620674
3892175
3658122
3595894
1379182
241710
371199
272358
102897843
49736337
71056152
252472
71657810
47884264
40269462
197162231
17469329
41762512
13732619
3738067
21797114
61990082
231335495
47706657
28055188
69687608
9777280
3433618
3701787
22470936
109328776
39643239
69688084
9843819
19640648
993723
1178429
6453273
409714954
23548783
27104449
283522
195578
147875492
31494573
18006710
39830456
216076
227458
251530
395646
119341030
285414
39410714
3964720
33820113
30709542
29964056
312190069
75609979
49647209
10359330
208858840
59862005
19548310
9753647
59829871
19743299
90717267
272515383
3657372
330972
41617377
1570507
19931546
3799518
310611
420944
32948618
319750767
1656151
27577439
49713137
41576108
18051694
199590907
100978742
118143227
9790079
9803368
33387035
67740386
8207527
221937
371398
1267388
268157959
3690844
14174520
121054357
17752985
19677818
9841165
99730863
43392043
19787270
26776974
278566904
149899230
19620022
89894884
81443314
4037529
53599570
39799816
21543602
37721132
10849006
407285
86975658
301731681
17796959
229540709
348166
1992615
1444705
304677470
14365488
26788444
407609504
3431111
7375017
306599
58053753
10399513
178808668
52113357
67369905
69869741
239695531
9904308
3342885
36917670
251024
243171
235650
1365244
355449665
11835553
207764895
63456727
20131606
636745
245735
63830984
10911680
207387
229275
238818
415017
328087327
3118386
54621167
109598573
151376170
27976941
9880186
13270971
46154606
10790467
206335
254596
262008
226847047
29793671
129751269
121853840
27771465
79720912
51524366
39875089
7852914
81024146
208296943
1322260
4152897
34000986
41534944
20536308
174330596
356271
41603018
208947290
79360052
30139018
200707606
372060835
26810959
340622445
78759223
527942764
71863881
77823142
1356233
439003445
8206809
10044598
149438525
3669279
1334170
297378
310483
113325646
119910386
278291
261793
1117116
223616
386225837
59683528
1253760
38311302
149751365
79608736
60112978
235290
239292
394237
220049
250171
322377
328262116
2804090
44846734
27241068
95702576
66464311
138855535
49733593
149506354
50326046
245854
312691
207560151
99838842
355619
179175317
1152164
251988343
35932686
59823296
69621679
99570654
181565425
47829825
49813389
179733454
13061097
27146369
355732
407848961
23232277
272324
1254637
341586
332332
123172488
9867172
10243898
253941
9382825
42181111
27530666
138060936
199759481
140052914
272126
287307
430956
137783054
189679791
79710669
49867788
149763747
3338691
66730901
69158343
10057368
588771559
52611846
364032
1646803
308160610
180914204
262946
145908810
27739165
59663809
99679339
105684578
294207
261804
282559408
189711354
19512481
20279079
549673557
148773871
99655927
49657759
29786354
3576133
272123
215383
24986918
9873457
90573293
299990550
31249935
486420912
219777143
139831621
237810
128592840
39819341
63637697
5923393
121359574
3924451
426779
43183732
63549855
687012
55640994
242426979
302162
340605
367128
1666625
375947081
4072292
131514953
109870112
219703768
61256623
60143877
19600222
38105531
174987884
240085
299693
133460706
43557997
5963953
119355706
29681832
39846638
21675466
348793
12237014
33789882
522451447
52139191
74893549
80004674
79783628
9850965
859479
284242
295081
15304144
12481535
357764
160315849
3895061
38269526
258067
246929
193676721
227280
250233
1105406
415928935
79599971
69803940
189576259
63277930
71574650
75736281
28278934
30898185
16298530
103861195
27380857
15618888
264051
55498646
18448182
60126675
255178
351910
279838657
19794386
47893191
83592165
67290856
28194269
84809406
133726607
276223
84202868
71596682
31460386
45733695
309963
115846881
17834151
85600883
205467
215253165
101804230
130864255
33149150
197469
206536
137509701
74123331
128753043
70193095
220791
144674988
3988868
20109339
27364839
3878732
1208232
169469215
257001
478467
18950361
39649955
291078
3340870
52044723
41989738
239253
238633
142120130
217907
209244
45192738
57819548
78448139
222673
107273864
207516
254654
93430494
4126327
40679855
73299790
133546743
45939427
5197371
12534527
142351722
259790285
20083287
43954259
102189612
227126
143974875
247324
3802612
327959
181019
82500708
8273498
79377320
20161203
11435189
8042769
33941083
215769
228966997
335328
27412174
211468077
276793
27480856
107260019
1190872
208394
503872
213141
214667079
104885242
26586018
173410525
6546794
349128536
10419813
359116546
214232
268934036
49677964
159320901
49817276
91453578
28146965
39753804
63545582
200152
267092
34911133
29809627
159721768
10444811
109836552
243181
18093805
93085026
20194386
5957053
99850327
188582526
109715706
119820502
119752281
160115989
220345
152063791
16165890
39812189
90214265
352461162
213469
244800
72812451
22143856
29762848
9690490
31414155
3545499
509024
63135974
23886810
1239188
179173
299920
44251247
112820705
79776686
6610254
239101017
140661693
218801
28397472
79800382
23309991
3257673
340789
388074
81545257
871125
341125
1047857
130161054
6669001
209637108
109200736
109806915
19722756
39762393
63543277
5987567
109649862
61374800
254115
269725
216968614
9967651
251061
39866622
8200543
10004499
168957775
237260
210723
128935906
779006
15894037
35967876
7348744
68510611
80298640
42896910
6453681
359098328
73376420
6824316
330725434
275850
1196339
135489048
69795163
139933193
152781872
79645102
3771561
12746577
69881172
179681166
89819220
39399787
70158746
105405209
313307
426064
13102088
59253436
367775
59096021
321705
229011751
323647
275478
210036071
78248948
7013541
321617339
343503
210272
964432
240675
238550
279958076
36560364
69779301
279896
239319
204016338
66421976
231048
230612
72072809
14731435
69716428
69811191
194458
64944512
22094396
89438415
62172182
88449152
260679
200569870
49768479
4891836
258580
283478
189657
43174003
84994905
234883
236236
64606666
28710956
29758778
1545204
273868
7444399
844009
198586075
2844022
4533180
71925718
419222890
40337492
10275409
208681252
78925893
387476849
32529336
67362473
292733
111642048
79865552
10824683
99457934
448313516
23242430
31717182
3871366
50289280
160124352
209892169
341729
270220
447649874
10763645
368169211
141392357
31162979
31963679
24299978
156056197
23764524
3070102
7577532
271709
58077090
231110
213580
140059668
27212067
225098
15534912
24810052
90187389
251768396
19645863
16772057
55501077
393950674
109814413
169613637
61975127
247371
293973620
22635251
132611773
42299308
232715
234856
148782293
67704673
23788257
1740273
153182639
6663711
252244197
16751723
554114
281085
240296
400383
306063
216693855
9745470
253735564
427548
362639
304860
303529089
239767393
9738714
179547870
47300810
112183952
119760813
54904858
94507561
149701575
50043680
152278525
384371
1950362
43744824
9835401
49834376
233123232
1613633
213695348
41625404
706895427
79897931
19687121
239808405
125014010
48407123
55749450
163078355
26383043
199732088
132983115
6864491
292338267
1021215
252655
220031
246366
273857809
2735144
36739659
236084
39863299
281568
234357
301029
227113261
8475310
103719915
3857057
32768877
63275957
7024319
252067139
6828022
212478131
6530813
179263893
16607987
23801137
298196728
752360
3712487
4304546
70181043
139853658
169659896
19991178
339560902
9818944
179591299
288841222
4893412
294511
44029340
816583
3585416
472987
203274864
51937244
3545889
343719
44116954
79703479
2922148
6573629
109754589
29856618
64602023
255407
44376050
11225697
317869999
129876160
39724510
20244959
169922798
109143095
18308540
365939
654310
9338498
52328911
7109147
89744032
42946473
6803894
159549621
10846996
187551
245478
327416197
890820
38640664
51674213
243315
254822
206821088
92976111
3724509
347302
300891
66577077
14827104
704599
3752322
7519753
8704821
48123359
39731706
31106938
8711697
59489523
3004759
374440
206031457
159811180
39677857
170211720
38435792
50628001
116570369
235888
15696945
3646738
1490664
100310313
112872424
6785586
149614861
49645099
69806007
11621801
278799045
12324162
386773409
39755312
58493985
112833812
7207187
159174088
9625641
366406
480708
281486151
7302902
189025613
49732075
152335873
355842
7890386
31545226
4055183
27346991
54837496
149915013
9467820
552742566
2198776
104905762
368711439
295817
119282427
2735291
6686630
119887322
89642337
2886437
273363
227988
10893794
55811047
18608670
179778378
99779167
7917748
318022
284514
1073775
110572904
277950192
92784608
46689014
152404821
17172837
29824552
136642228
47582584
5513672
89908345
318949726
69681935
418697
373926
193234106
159225265
83694894
131400325
38712812
50375603
202146489
419337
55131747
342328552
28451985
98581674
200135230
249530
257148
76550622
132029239
39414063
110156513
209169341
2252622
27261960
109724930
22627195
1954430
279550
34320371
79552791
11238132
442575204
331964
164680090
122566826
7300602
179474030
69349181
2715038
35038045
31543569
59734526
52168460
28355707
28791467
29752037
10428187
218830222
42571250
36870107
2443967
57184931
39746269
19979271
29686548
32292709
77072939
19711204
372396
129121870
92657604
179814076
301182
265435651
385230
129171333
82588030
721005
65645650
895054
90972638
47393137
744953
266162
266665
2431250
35016760
152114480
7592094
39486774
780567
48602258
103318913
241762
305155806
759602
51223794
37642571
78909839
31746938
1132817609
85319260
412335561
87100972
99707529
269364
9152893
419819269
79758276
162172038
187330424
1875218
267741475
301375126
77389096
204397799
431290634
313323271
39906205
259554772
374544275
64936138
166629383
163146451
67730450
29889466
101278652
19818964
239783901
1126637494
182902970
99669103
176139664
63632342
49478734
299657670
34779476
394496230
840399
111460377
376640562
29037655
261285654
131187241
100504354
513384411
60119778
167143976
785470
155756859
1472779
53120831
99790149
60213277
520719
228098
359188473
288323583
452706
536796810
393467
43699803
104235229
409570876
20638754
118996468
544903
518373219
70408759
679216714
79141546
132217162
225051
472239545
94325459
129804340
310752
19997767
258510917
19953779
329627784
1049530364
314990
89257078
69859671
90968826
57548796
84024881
155510284
40196661
261448822
857625023
1869785
547615757
83285131
500526
255601936
84262946
135990346
958276881
319735968
804578
218777600
99765139
99730291
532006869
8097503
281264
70987644
257279011
20028749
994732
260298253
1378480
216386905
558308796
134974753
172571935
168760358
40732012
29839527
10107084
29349197
159577039
10853291
338497
557810896
89484970
21237443
50786906
351159571
76106097
7724501
409513341
15975779
163535622
246877
109320476
81864735
74230766
163043299
48296643
240793620
72006470
120147978
199330940
75982359
41575482
261615530
32894978
86576452
37733973
129639800
209743677
217602633
161448968
1696525
34434371
224867138
248855344
191429159
347290811
258498
255274
27563939
100169280
69193348
270656
259609
85531074
403027963
58822343
24387397
13055224
154252114
175139351
253725
30199713
465331
456040615
86611182
344231458
49719309
261806131
119983618
77486462
370283392
91289979
137724795
619027096
240627802
533072628
635447067
109722660
146215690
93349648
138939772
58173644
580207232
101186328
130652056
120842729
158662113
1523058556
154769363
71516097
76690463
90894133
99356737
239718408
307454
139212819
329661677
1786357
13277818
321845
85931587
87969096
1159133069
184209207
25586422
894136
771131689
159737373
165344929
154363451
8409395
337179
186962381
189270111
2861760
106397828
244160709
107436685
77643676
199804495
279701035
182002267
47598711
23825913
25578797
189840023
163912809
296486
124952670
349701832
262039
19275756
72595046
374183
211984539
306125
233894
421609462
163147483
131397446
56437235
841539
557648685
183985044
5541820
112029166
42797929
230667038
3788606
297495927
153649810
171857532
1011157
433878162
247275
108946606
451634612
227944
328817
716093604
200184198
229416092
236700961
127459500
44250779
169241046
147694849
71833868
109728845
1289491828
237396576
231187545
457502762
211581092
79769896
127982887
19752212
43808376
301485
59250637
405230
119719929
564290486
179744628
1343580
257554788
1010662306
51187881
38340412
328790823
19841167
40717993
638275919
159708183
93099377
381170
265400162
3378578
96595951
70034071
68896720
181960584
252844626
512736993
279759002
359705861
269810234
139241771
133258741
250631028
6989209
137778866
221707601
147850867
271513089
35120976
32566454
104120667
187771931
296838248
1208397
20232765
87819990
92199026
87235838
23926674
1075764
74263246
840711209
302053772
341809
135995876
675459046
92880680
141065888
234290
147972702
69570680
213198144
100115102
336872
115157854
119799900
163166742
116192084
119788926
159701878
63577929
135962704
52087736
558271420
37211174
200441354
153629638
99562480
5657886
201704068
71999096
91119112
24299936
89605780
239978730
329602398
169827917
13587001
289603
55363623
17176200
142188478
241022223
958014748
231562235
71984387
322622
175034540
51402508
99961746
3463611
68109803
291535
64373034
50643227
191575295
1418272
595919770
261504104
72343995
19674065
2134808
25655942
453007270
203857962
359297148
269578790
60493406
312566359
66704920
330127990
286158
230685
432177747
15987166
298019154
380812501
9811772
91616974
777410907
59742728
223746048
411019
196053656
122662788
15737028
259566501
79841020
219697490
183318530
9017044
270306596
106081334
87659258
51888055
297357451
4007932
108052573
69510036
396234660
153264070
60596871
638142866
219965787
1542879
821101744
16088259
1160789
237269
617310011
379361183
111394492
68053869
129742570
330686
9352164
671613692
107723725
143004645
184181972
133439781
241976
226397
157171727
69744633
518251050
1260882907
381311293
98243321
178268998
271257576
159748471
109814564
453570501
309902
222952
174808877
233975899
405592833
143494683
278328
9082953
9815399
226252840
59507765
381553921
226453032
92357662
278030780
338759083
90185550
367282
5414910
273046
226576
253359384
99814550
175220417
44317021
159726083
169749433
80118711
478312131
122348776
95472198
88528829
147570400
56044162
1154611
275250
37222274
723476215
16229659
219576905
7170632
152237722
23553418
1314144
231211
244629712
278846732
99839970
444754670
54759009
479858377
140642061
388028676
219821054
203303912
387974
106990037
139415559
638590528
9713677
91055553
79961822
171304813
7656543
378401120
292943178
19529171
96737728
49856766
209757905
143533759
265426442
349579244
79849056
459045678
51861679
177165850
60736936
49788214
9230169
33676181
6924825
4375478
86120482
227488
211887
197253438
242484250
46531927
29731094
300258247
1104024
224810
497020901
83227775
6658602
279702733
619263169
209724598
159961151
139570166
223002993
31755054
76557223
377116843
292789151
76849191
129591989
479805666
288937434
140712670
257065980
45146116
697667
365407165
140590778
638715472
47672376
362261849
359659759
79405882
59798838
71392234
338542767
158465442
79353463
400188481
273326731
339298339
666503079
13146418
416390957
63144019
245366
4831439
50719332
31136401
128288598
2503587
7006022
379748450
159693289
173092624
319082
168537677
455429076
174352716
324996
26865716
213578368
105072909
169459750
69713540
380350580
179074122
389432998
1939109
516490
356723750
171265318
668112860
43296800
147470215
18372590
92737517
67698796
112221216
186089170
17461971
154700826
46963196
300696353
7798278
1078036674
71235527
248176202
60196418
110542207
38505561
392532308
79838719
66745453
352963180
1946454
94574342
62338496
88369956
318002260
876383
28691543
39868266
309627308
821790
108709892
89755293
209718722
70025409
152567156
26675565
804296
3978147
74702979
235066
40554146
128741880
319293977
91022141
994325055
36188402
6378941
38575133
157633105
55946127
76926231
421153
308993883
389865184
108505037
394237242
704931479
488188928
289806677
843753
178541426
70259030
258127
301247317
47239790
429641550
39798776
829911448
324744318
383908343
150893294
191369423
67042651
432741155
3428897
128870412
293520784
41041291
171129504
106783887
321172563
467493091
259671737
149938137
19268499
332326577
111410647
115878901
89516013
129632337
905114
18583952
300446292
59209613
32347397
101669716
196054470
565413597
12764351
450056228
958240667
4926861
34715680
828520
71075219
139879359
98350415
291883
460160071
98140603
243229756
97516409
108581589
577852900
838175
271111641
21250727
190128175
794887974
172027385
27109322
284440311
73090641
134051868
59689910
58438899
141132156
27434282
240839
300396
138594318
252115902
167333694
794974
16033785
163247212
179222155
199445455
769815
84053652
345125885
236900
148455409
79742599
40673325
137888704
350651339
182320778
92396437
555838118
218865635
148433708
29627347
72806861
946228
4811298
872155036
29528652
784409124
52441206
183764857
75676189
40313895
109107695
29162734
279785079
212783316
716574452
160731730
2080686938
17302766
78730278
132004911
309889620
72898107
26817960
777197790
1944191
55778897
381298658
188263084
202595091
790581340
98710327
340593331
28222213
108853483
805268
188633977
39773478
224738182
94561652
439743516
59735838
169616615
29841660
267194
48627791
19975506
159604559
42067119
77347715
50766532
28867070
39605012
265131
1549106
48303403
28970346
179649024
402056526
27784757
170136544
128722195
92340228
28010198
270915238
17740066
859203
166193638
121342718
49483874
20505588
227571
227885815
9686737
16097365
165603703
28478862
19034141
81412303
18640707
88846745
41769176
19692283
37586592
81861767
11992368
25910781
49274319
19711046
211716770
79973866
59501354
2413776
482557
73931529
21721069
27689193
49617915
39832341
42055351
17381003
82591163
198703522
37590359
42027188
68280946
9043265
74284521
25173917
44115042
65315073
30791467
208496555
51994281
8794453
448199055
42498041
239488099
396564372
34153426
47806639
19588522
847453
466720
274901657
39818180
10414274
111015842
7707003
11801845
59663772
17441591
61686914
11572155
4346518
11116662
63934064
85411514
19802011
22455187
159061687
39440867
4003544
34061451
269119420
258396
9247007
89563576
31792513
47538234
4019219
27680313
346657
302546
2173496
732605187
29844898
79663830
19834662
239692808
313999
1216599
254094
36898674
379114836
432839
255062
317926
19896387
87912329
49787252
806698
1560639
257000831
4327516
3262814
71616063
266920
4158536
724943466
119264083
109709892
99804947
313133
230160913
292828
473528
117557390
1747918
3882161
24354777
43092251
848368
441304
118350175
8140581
79133496
59835202
12481638
124597279
5612535
383508
4826034
687299
167590194
358688119
9841456
51967504
107458232
19784875
29715555
119803229
79760293
99699810
69600300
436360
4673042
543548494
19830035
21749640
67738616
297573
3600794
6741013
348128472
827274
58736925
10383668
297399235
75796218
497361
6264438
17604867
69782012
320619
239845
28679848
562267699
57428354
49620237
79714408
365504
605337
236768
229269
348188
186127398
34035967
15463601
151829436
7747469
1380881
293752
253974
308135
236337951
169683096
459742019
39973719
201542156
47884849
258127
19931732
1102849
129560833
243554
12014457
215074439
428273
9830560
278982701
9676148
281917
3431428
1960118
325044214
212015
228515
265811484
79523922
329872415
70747522
158361887
252097
267673
59003155
20314922
69106588
50091742
119268058
298598
51826074
253858
94426561
21475736
39814566
54016889
27345954
31966362
16070164
9294296
10355487
198748217
4218322
1074655
113905323
99828920
59473580
199778595
89734649
179849582
821460
567025
116261412
147129899
129725870
99659385
54102600
36021626
49086187
207862354
45938495
245646069
29620057
180522309
221619
231302
221296
321502
141259945
99533900
422209
34622776
30088525
89789744
240176
171197815
27795062
109545536
9892776
123619523
35766005
3699962
65970775
179861075
16802702
62295625
9646606
9918281
41606096
497013782
1670048
86236398
181618129
11439160
3658898
290920
1050813
51858902
122170787
577066
215903913
13926806
45689604
9760546
51748705
11885678
7985220
87488692
189729855
42344334
67080070
19817994
189989807
109451302
9717819
256113
270243
600605066
39188997
338072133
289588577
50120731
221629144
119296013
28266343
228948856
13660272
35835780
29841729
9698737
49953329
101869078
39298814
5177087
661717361
9497493
49758170
99908109
43620685
364372
65119570
129773696
129863602
119540054
71127827
227138
219350
315832
368646258
447452539
52578348
52692935
294702
310528
123351733
140857579
248652184
304445
205285
1031640
223780
206810405
11112588
622110948
155616762
91812279
37729199
79907428
29679020
63426925
47843752
3991004
63426733
89915412
214958
61124708
40254012
117492499
59675087
89838654
9778670
10528119
261167
232466
272477
990910
279409800
15749789
91990667
1115434
235752
226257905
227907
554186350
24026711
103605974
105747190
49694401
99540438
59988355
249431991
59675482
29614252
3389576
1689943
368654
289689
23033158
39770941
49751010
1878969
219819
209036
235187
140142360
55941912
4359827
484617690
62473810
238968189
357531
210400456
234980044
3572125
25944140
10057811
20231126
48789281
9829248
71543412
38047888
139751256
179722565
19777533
159776172
22415047
244450
176600974
30240162
183054870
316150
195156901
51079519
18545055
358728365
9954654
89476770
22329813
186584167
9665098
10390061
1096997
254239
236181999
3630082
289206
25344993
169843178
59877970
199594228
1647679
38005840
83322734
99587673
76505634
156119489
143048299
249688036
239825986
119662138
159764960
13117131
28564860
3504473
23713748
39782914
89813949
169754149
23402698
20036522
105625402
159601088
10495473
233893
306930
269614
319884
232367008
289474
53270375
173412205
16083454
1815563
275321
218199
254153
128363932
51382257
1209110
238021
324640
2065245
514612790
19615347
66238612
20543304
298615531
14476003
366501
54127214
139891201
39976845
79296290
76484849
93189902
33281700
28100492
31499284
99907399
386769
332313
475553
266599
83433684
10454174
230618104
39573296
18016920
169737744
4101714
164883772
120003149
20350813
414261090
304411702
68870949
49764483
59907066
19469030
29785552
10578032
238827433
791835
218173
264895
3691648
3905313
23876179
355626
55008463
70132271
249282531
3356324
3708901
22223163
149884501
359186
90820961
3506497
279715
815001
205560206
26308466
119275504
39733022
33691169
280506
25184325
9762018
44003459
215400873
39964336
179451785
11536198
18064875
19715954
129659496
29755318
261585
149302069
63250241
34625025
101300142
79802228
84093449
115327897
102992599
267702
1378040
225662296
4480946
82696382
80586972
218543454
323554755
39570158
46651277
149440473
119663947
69741948
69707011
83415954
1687852
1110333
116490251
39624311
47870452
331761767
335133
222036
22699075
281269
319454
50853034
50535351
348101511
105964190
149715342
19841078
71602718
3542604
4062551
16367041
73240842
173286446
27738423
24166853
44164342
119374080
119785315
31687011
79462206
38039870
61677310
239772663
87707550
99943727
43118655
56076461
111013241
502434207
29199733
5793358
159665902
10548761
244523
822853
346642172
109872055
29557902
29484211
99802160
51755359
51943575
235324614
49467822
139840122
119985780
79474111
169818819
59733975
59676280
54458137
1926486
282524436
95317647
73787946
239642458
113876407
5703075
159880202
3309365
406908
203754725
51631103
31652210
278495
2007740
182805591
169758561
9798594
9695486
3530093
47887181
7555243
11870052
23841399
366388
53410644
141111117
559661658
3620222
14105082
29315039
23967939
6068499
139738246
119699541
170775609
237660
219917
223162
977608
313506948
12669653
360529171
78012917
61240265
22921243
2075573
213655057
11944258
35910793
19267559
23962295
1389934
74321568
143564505
999186
236063
298604
21437135
16052202
384492
50859128
246126
42537298
211568754
57818547
1338421
188155982
49706485
19763139
193632219
292222
35418103
171472685
67655114
31141469
47533304
371947409
18067527
157564193
56701961
27302203
198676965
38211915
21466425
18636227
90126302
229031008
121435568
31644109
312713
803500
54304278
139940965
123318054
6117906
189613020
95323626
330973
53756905
199703709
13357959
6162258
179797440
181430991
57958131
1731058
28428930
901007
288135169
3172882
5078724
278628091
30197146
233066714
46442551
191880316
279655
72791819
24575288
99193594
91878328
197529246
159758492
435029
67998996
39760187
79898634
150532772
267030
88307892
89711709
173119393
46720002
140701411
578071522
10911459
548061728
89835906
90048300
249313930
90031994
299412727
99611240
160072729
129266310
39795226
69779340
849533
350128
271835
27603539
9691520
119792650
133569730
1004458
252186
177765759
6125129
53236693
3781011
52272333
139636565
129790899
141275588
374313
27667034
111501151
91544809
711808
5333929
192926936
46545719
9701141
23322069
457331
55486953
70907429
21224929
187057689
119766723
63348360
318786
1148901
787272
260336555
483764
122558021
138478005
173070565
37043590
69881087
289104557
79832298
79791503
31455375
37947812
9855351
63111050
1318344
357279
57211381
16185120
50207973
152770175
7019103
189926814
154468203
424989
169437583
413816
123576825
9788876
118435615
653677
425612
1085183
239999530
39967887
7026364
68717606
1318994
517811052
119785649
42835383
68232141
38132249
141613203
619185668
38337753
49721928
23241093
330273
322126
263827
34461515
103275210
6693456
239940740
248631218
43711060
284659
297884395
239808448
6732454
301220814
218845139
51812755
6022996
89901352
89617502
10506804
198848
233673
289258
156856454
22997514
56702506
79524265
232240
19305990
103333429
1150004
253737
243355
224518
33463558
59872518
129515049
168165860
77044218
107266848
3264023
52774072
109858670
173086620
3319996
397202
52095851
51542416
128017633
79798371
59688012
29705641
129725664
75092575
5036320
129879118
48383703
159466840
83211005
320383
3164587
307749
294851
61397167
149945176
9807092
920750
8516439
69832951
121073841
411247844
2638245
57111328
19771489
46138329
276851
200789470
48389981
297430
159135809
71076945
11452715
26851194
59722811
99729524
9790372
62993764
99826681
7247934
212316747
1559696
228719
916156
422288754
125262985
34391626
89804190
183262154
304636
65616304
918831
20199020
91583808
1573688
238588
982322
135874676
26893260
100028731
269121564
47048420
348527
91743130
69857888
129681388
31529297
87688157
10537771
208402747
2996956
6321922
119846424
293004407
4221050
201461996
113145884
6988431
212535359
1749506
248897
260712
305928
42719416
179746446
140157680
249442166
3245434
3475573
313115
132142682
46499925
36369916
6320303
120536049
192416816
3216547
24028452
371460424
368128
1756116
453374632
49858816
440380784
219088913
101919235
230911292
297567
55956288
300073008
299186802
2656022
6930104
129832493
89841643
233216
179270169
93000890
7035547
228928641
31161086
26376043
191729580
180529531
88946219
29721404
10324074
9316284
9875560
59436884
100374596
22437240
6494235
39754783
99722829
188922108
90644332
231763045
375361
357105277
38960674
1435958
235406
303180
232893
100522727
266285
6296595
109830942
98584367
105796211
309770
245753
462523
92546053
26678090
280484
12241800
139742740
82840162
3460392
100933751
189994200
229371570
259681947
73044771
224129
1401362
253908217
34814179
623343
166984111
7082567
181244233
227839986
59601413
89801816
81289073
88218196
29982845
92724992
7066064
212254650
7226664
230057724
245773
231099
223279
233593
186868650
159859033
289478
68640494
401562
69579253
149829196
3207173
425692519
912094
198469066
39717908
209849118
89771701
209617268
10809455
379052953
39750050
428457141
40289832
240377764
353702
39167594
4515039
171608594
40038394
159192254
342468050
1882665
214344
300476
56611992
7169808
249094976
31764196
287797783
61752951
362915
100236275
3273992
326989
22706494
9631868
74737308
312907
194271365
10511731
228629328
765317
3570554
296193
247444443
3706776
2166479
49686741
83465880
6978739
185562243
53970053
159546834
19673093
149869026
10135069
148934753
83730959
47470022
48946773
242664
208677
228355
208609
78062062
69207428
536748
3570268
4969604
2018672
292799
6702730
112387562
7118699
739781
4278325
14279295
877762
28557016
39298086
50215130
112800688
400179
231027
98722104
7569240
418858604
149324425
443208
159486600
69811121
112550443
19629919
17821278
141641946
76917072
44514571
201886
222872
44021010
52791412
2138854
64130456
141751411
307333894
70753960
210480
275037
77866382
72772455
217586
213356
220428
260084
55015798
2738079
26845287
172757911
3313970
8094722
15228176
79595583
90311029
102212609
230237
26364533
817546
3214552
1098570
33803598
29280750
22780159
47194234
189766598
22360800
250426
3601710
371881
32841923
138926758
69709144
199542825
813401
273285
3345972
4533480
2232476
3780278
13222165
62591353
3416460
3991752
23512071
64973191
10024402
20653446
38470138
40045000
20338205
30631524
361228
127413158
790977
287628
48487604
1875997
20346990
1290668
157394599
37275954
2745333
26833423
899176
18647342
9739103
131678284
307631944
10077659
51918057
3560277
4246264
58650146
219754319
92129498
8007501
212096864
341750
146492797
31131438
68243770
98544447
797853
3459728
4277014
90256482
966085
123308915
47469685
17217305
50560272
188329415
29812265
433694
70762888
4061976
83023201
788937
3652171
74992545
740013
378555
440514
264855
196702060
294053
246597
384285
48129107
42163919
47350758
614896
18997220
259714852
39728644
814927
91487584
186521411
288095
151552087
12268632
114854728
49653035
22588062
19410555
47340621
745562
3599906
3739686
12260680
150941286
3860111
43243795
73014356
196451852
39772339
246672
234695
929450
312172024
48016773
16970342
1156570
221637
332987
219698751
305167
6947603
59696532
4423343
35094471
777152
8649016
62097405
20190820
232535
218276723
19683137
39919412
57102662
29638492
742359
8839004
139767306
59708098
37724795
12341922
259249344
739034
3595719
913001
34853560
8844547
219627785
40545785
254832
98055501
39810135
19067128
62799745
3761148
474655
22596655
942466
149008469
230750
225836
117772859
59581867
11283337
2807074
27529167
17554731
81990071
47968948
99781647
18712746
199805959
39836795
758440
675965
209260600
7388999
823701
3149705
3609316
509538
122493250
75254234
164174070
37406967
42137601
7956361
280378
18732502
132316008
77104004
139891375
82002197
27614206
34852864
250456
1125859
54544147
37489917
2532070
7479430
248074
28919866
9809567
109670230
29790046
171290658
212922
79881773
38183034
138999480
202411781
179526540
156472465
642303
251033
245436
207757070
259062683
24419408
35342421
3648653
5411444
111436181
77802293
287736
9183382
62150791
17394480
41667431
440601
47300553
259837234
40186767
311643
250987
2321504
75236736
189898760
121884335
57540835
42034034
28374427
39070244
40643976
584266199
514285988
92394357
63144279
203749057
519797
51266894
27350490
79826123
19819809
239627338
786076
31158887
17441154
1935371
17427899
237548
39234839
22061076
17493947
39811551
19760927
49847262
281013
109069452
39770463
39734723
22261817
17171428
22113480
57391595
2476790
3368998
7985136
25422580
10502111
258661670
290392
278950
58581431
92033199
39856982
57443472
82010718
2715343
235712
24097720
179801237
768226
8779872
149820988
12036479
3847564
298908
3043765
19392654
109846624
49681819
151852514
12348247
145053361
49876539
235431
3613566
325332845
41250077
219801
48079529
169650456
22023053
27554714
32164291
2342466
303060
56539816
27562787
129580072
30673556
398496650
725654
255425
48344815
99662612
29880136
248434
3847086
15114101
99771590
296536
3659500
55324880
234846
256081
68767866
399769594
59863414
22149954
2199065
378102214
9389962
136490061
49672838
59364611
49983830
191895998
27624940
59733242
19797658
250519929
440675970
47747124
349405
296617
1420966
316083551
485089
59127573
270482
291228
2749023
16267654
111563953
315071
236981
58762942
178846451
37653612
40624886
138942379
61934723
7954498
3646185
3875804
3440448
48411199
39081850
263038
3858000
55124619
239794269
254421
23666267
94118948
222760
231252
920626
58402768
18991151
11492729
295664149
122010892
39586769
21869758
7666941
39789801
140693138
318573740
32486250
226765
865520
125796375
38958330
330062
253607
1255824
187065
164956131
131192524
263998
3764371
3596957
323936
10883232
273597
9179927
59767092
50572501
48958403
29796450
360772
3657416
146872728
27827596
265454
3365410
7868899
38647118
218909
240390
47816736
247423
3622647
356236
126878895
57499473
119731786
57800386
335176
111136819
4012769
7885548
7732547
3822248
404331
27135878
31544026
21582222
125780813
49037158
300133
286922262
101431567
67667615
294715
401680
57564171
323736
280814
18895418
68904819
79670985
79579237
59580838
1561984
39783839
3801863
33568736
50431366
58977692
29690453
139828764
203434436
330237
55143491
62290381
3565377
60218179
121675509
203756775
15925614
74464381
56268095
68584310
120313099
589731473
209461818
171724949
37399290
118082343
15376324
27939953
37686925
109738832
182046834
338624
109321042
25735268
85761766
8136065
170872655
13237025
261881131
210175901
380045297
174655922
599289656
345572
313949
98062590
122488642
41656557
74256492
189762786
16492773
827794
115192618
273918
229862
116702319
35510017
7572966
36847505
737902
224622
120959032
1075019
238464399
2512056
243312
96497226
7935012
19337939
212113760
244323
2833683
2451496
141697865
79520767
139291595
282497
59350625
19717643
80664594
478178880
318427
29122695
33751416
25922640
39668960
60295448
199286628
39756034
161707098
272280
359434
76671362
29822838
393564
1142468
182817394
54187941
59871470
285837
3529494
7793594
48056161
49027207
1699093
3920554
312309
377201
397727
22023873
472795
48935510
88285186
64288592
377975
24441309
101841458
77683294
69813066
103810587
32913694
94757132
27592469
51449954
331902238
36650346
170572127
287912
226206
1241083
260198
224388816
91636823
39921585
17705581
39668659
10895638
308101196
130814528
258253487
10003631
129505921
233230
9309805
9836795
311375
1025379
622557
309075853
19654360
27657940
52148642
56985437
179749786
41786446
47647375
19791117
129510373
119911213
181646689
27856174
51691951
39755112
17867259
9761077
4125291
1074758
154141645
129097716
50012557
103799654
300518
4838783
59840581
39736879
15081283
54440381
120038465
11411727
39794126
59618513
17544680
59739785
17637163
4153334
47530744
34685422
289561
47926772
75972014
29906694
49663715
71902312
17584761
1608215
3883700
295566
47182944
27892468
47847032
257195
79405469
89680002
173452849
27813327
37896932
1661456
17865842
10494512
170452427
28408355
750942581
31630239
55738584
189623412
9784600
9732916
21747379
37758904
59781711
139689945
39761770
49816126
19770801
99840174
31449043
15936145
448200
111938541
58503085
171557058
27899882
19603932
49726166
1684019
27830866
39803928
9918955
148718593
159554800
3605482
65920281
149886453
32001334
59120344
37846417
9846209
3242026
278104
1228203
64005973
99797641
9779393
71892974
27973266
343590
791413
325381028
76165663
355555
317684
244947200
88060567
179641001
9693032
9851896
99806764
211605289
51976902
416917
104952823
39824199
39952238
69508122
331660
23366907
287912
312125
74253960
39727365
29766031
39757799
109843481
3431774
301086
367925
701175241
413032
355245
262225039
39840464
41781683
37750537
10871789
341408
439015434
587542281
10847061
187095
323156
993452
385939109
39392335
60281511
39693851
228347
25294564
325913
83322433
10335175
234428
188244628
221412
9325655
1610725
5044190
94208085
51899211
343134
4943353
113944294
238162
5009086
41852553
27781157
69890976
529546351
3516971
257568
25553746
159757705
10358508
755447
201936
940265
395803655
312563
20747915
19005697
382491
256596
217044
366310
214022
282661
215938848
60416512
214032
203916
49626583
297741216
181554547
8059053
111858567
3330852
264765
115834357
7630909
234962
2924385
27935340
38020328
39833953
142211626
57236329
121893769
47710074
3408321
68247762
7625367
9349709
110289585
59890245
71573265
2640594
345420
14314610
49812013
3362991
36167499
39760398
3357670
252504
290599
297759
243509
34328210
19849283
9627901
691055
210431
228962
92104557
252627
15220168
59759295
352398
9169885
9769978
9755306
9817639
129773981
99795378
1530628
227014
3395518
280913
43554993
89769841
39840799
121748063
11699748
65912137
1534902
3937070
295528
263404554
43846345
5679737
99813081
141630428
37955280
101576219
38003402
139836259
141733113
7800202
39800887
19712378
89796973
129836679
9762738
81815673
3610873
27958653
1044861
230452
1015774
144390444
79873263
57824278
21503833
39578775
3950409
281501
234789003
243099
15952952
31747319
19847658
30095762
19326268
89748733
3352725
250131
369033
8275801
198094833
2676451
34989501
13385149
2332959
5363004
38150430
119741762
99786527
159737676
99870826
149764200
89718247
213752839
5954777
441604071
3543135
34020485
41647783
2722074
216109
316974
279788
3196276
20052267
9801197
9775598
3311328
1080781
34677034
362251
9794169
469806
254303
187969663
39777748
19701440
59794952
10586970
215469
219007395
251644
4311572
55510820
2722574
225306
4464459
3852281
205395488
159753570
10510926
185492
200099
639593
228669
272934
406078850
110518073
258773496
23680720
5886501
130424541
168597123
113578062
148390544
136657458
30484429
18387955
419570543
69768028
93771968
392938
266714
26447421
3608911
311802
103356548
69336273
70207440
43693481
5822130
99794496
33744441
247571
59270977
256450
5958390
9071740
43685007
6277342
313016326
3739500
300694
61348754
49772761
59851782
9731867
33031432
76251643
3233001
401846
288003
400671
332027
13669335
3136777
26311005
1286130
2677943
290436
74795313
119740678
10675292
177128
221483
226651
240531
376466679
61698416
212936
227482
1077563
199289714
5718935
93602238
5933689
149319294
3676715
251968
19376146
5747382
110468509
308560537
61676938
11943874
107160136
38026894
23052334
2244890
54369006
19702828
149882868
3130757
20239388
25814698
93638252
5954867
99251467
113530171
6002581
119189672
120271926
222363
226402
228356276
79808399
100975214
17733553
339717538
11421552
267561633
83739538
6069627
259469299
33727177
244743
5390488
346184
237935340
109896800
143639757
5945550
225564
168674361
10467670
392349907
3697440
246769
31495804
3057810
27267333
247094
52217761
19841529
962075
223965826
130685493
225875
215094
994267
319519677
365953
5309675
61543179
3521622
257877
429959
103046885
49255001
190673952
162386175
6753588
80422691
20008259
53117779
86112681
12062919
45962207
109757520
39823629
23089796
76373717
83639841
6214359
222393
278671584
50288130
2532587
16478965
49797866
79724542
119777598
153386783
6621501
180843470
3555947
260408
287564769
5794705
145296152
14365737
9820131
3590370
5902681
109885653
2966965
249503
3345097
323565
41898689
113625942
5980329
213018
112499527
6154825
519633615
119846778
219700922
139929425
279699069
60310542
221040
235995
178271736
59792620
139856801
189638700
19678007
3063898
204423
7762155
237949474
173574252
6476467
192930133
309450
39180707
6163931
169147079
83638228
5905108
170075448
209211
195458
269724
211852
203685
196260747
2995602
1921653
236587
114040872
17335407
5580659
3792712
12373262
25301680
154212127
283673812
6023609
251573
212193120
11472944
153893955
10563276
859528
17238862
423618720
3615114
257336
57125838
225509
73861252
23397486
6119715
91151334
97958973
343516949
6072376
199176411
109919675
49689178
129749927
19831619
19769722
29871773
1065812
3355431
16035177
4072824
324634
23757883
49747747
194750221
85329181
129311664
109693770
99813402
119716061
119789557
1145259
3758206
4962313
38822223
49741001
99878887
199718286
29792147
59816860
49726153
152911673
36612340
2848332
1834770
301784
215223
73263031
3007193
6567129
69818203
59775158
43445537
6473055
259177645
79790369
100940903
3960302
333759
13748370
9823533
3016181
201310
6131990
53559164
248128
5508422
173080070
26495239
130956556
213286
229655
396682373
63571063
6029039
172619460
255193
7059228
139634410
28405805
63295775
6682733
156878113
321888
51802473
179252660
322448025
1106328
276583
325572
241609
63329008
79799503
133538885
7068490
158501649
1319824
3693717
361846
267966
114846352
3636866
314549
135484833
28032016
39781708
2757072
6669410
59794325
141328250
18186698
29760913
79736418
89784998
139881257
130961429
67836367
349788699
29774085
159720469
