229792
276944
5483399
9794046
5521739
2089072
1439126
213629
549448
200956
204927
146552
193620
230754
161551
230801
1196769
188138
195792
626496
319341
2578687
407142
439121
300063
191135
315407
220962
165940
295274
1438124
347926
9292314
955990
1639521
8765138
3225655
20320167
249738
222095
171763
266831
1396683
71996987
3194430
236736
216405
193202
222746
1111103
200080
304265
1313934
1763305
5989370
5396696
8053900
620040
240894
325974
244009
216428
326630
632171
298128
63549388
3045080
266568
5916771
9882354
549217
19016596
9771010
238836
226026
912765
196067
7263141
19758772
5469702
316879
323595
260163
243866
756866
259329
320181
734004
320828
261017
152453
248112
529999
191051
263128
1479735
227056
265075
32115663
29828218
3259064
5835182
56590773
3088346
19770319
15326177
168945
231409
289335
208940
24028472
3546727
259004
23913198
217834
214954
160872
205067
220946
199022
249075
728409
269088
260348
2353842
11650448
3035639
4655828
34929829
6280637
193856
234359
32278411
6011880
201990
225140
158656
600939
1340537
289184
5477958
3102460
3863248
275691
285067
672373
198565
1509789
1567067
6692082
59163933
3101702
243599
1105858
285987
232184
719727
225674
263744
1536740
59958010
10478539
68665456
55318892
227371
6231820
5928867
4723996
3823179
270856
31488792
359014
779231
1167689
61270631
24284098
9789854
877154
174237
222347
1432716
95639559
870342
8798380
21568167
11324294
16454479
9655650
9770629
183099
2771431
228186
6006110
196055
174061
170166
188024
232496
193867
188698
979072
210729
228080
1496216
220415
582929
2209009
216959
251077
1438522
67974428
245764
243074
3342598
228620
43352163
29779498
13580262
5993144
9790637
3066268
4455263
234519
10861383
858437
299496
194830
692136
4679560
51347102
3352442
35716058
29826506
39796530
10416930
68837706
39816959
21679647
3756513
232334
20499858
22931484
32115809
220218
204309
1227340
179791
275627
1395864
45774487
259903
5418820
9823314
9900048
1630623
198779
272560
1314656
54881919
724154
3866876
965130
244129
276579
24619152
386050
3619634
2439263
2145881
27145368
39843226
3281537
264887
317391
958258
816615
22248777
33627831
6016714
9743517
3177283
274298
6664498
60823973
3584832
386718
343316
204251
286341
674392
11408263
19434327
49804286
3150151
251025
6030475
9835632
483676
220222
191089
153644
247296
247226
195590
234823
210824
202795
273197
703850
183607
206765
1472282
210039
243183
748906
204322
208895
294685
296645
282491
248766
287777
286844
186320
275322
289324
195065
250730
1294436
180764
203955
1114938
55458020
3229069
233769
5955146
922368
205011
212983
185349
230091
238287
180315
191593
241355
183510
212646
282156
281228
239593
1027213
285849
311903
223694
20893388
23043064
243471
6441189
19336103
9809303
9768061
508086
213858
238998
7300259
30618825
53604988
203759
248657
2818903
352571
346278
1385384
236355
1638187
260017
5734941
29710150
28324301
9760433
193444
601588
4130822
253066
323865
13641745
203137
31927347
5969447
1144858
244295
186188
236191
222395
183550
245586
268870
140770
213510
1204585
74681069
3675829
230586
301562
253178
262810
1230001
20272230
9817631
1262213
3824406
263435
1215114
212493
358395
916182
2504414
6513476
9768473
3099564
355035
226464
789602
201167
196662
264582
205618
194872
1206840
232847
10015982
187996
479637
192736
188391
143749
180804
745788
145620137
40235468
202951
197012
78981132
204541
194205
28445313
3587155
6000036
9833749
3126350
3809222
179772
265131
675200
2406417
4406474
291694
232757
5593660
16394326
195197
841381
160173
190695
246435
179687
214618
193762
227906
190723
186331
189606
215978
156705
351094
869565
202109
264115
278049
217235
195532
197481
191230
229038
145511
189424
656235
203667
193916
1080877
227538
287453
203563
225615
293139
1362331
4013812
240219
163819
239175
214201
169445
794351
220504
191677
250867
319368
248279
259656
770224
201581
237728
4374631
55067207
246440
3307356
289356
23604204
3713699
6145449
9948345
171081
172387
766811
47934880
201720
183123
1004753
190131
242155
250251
246385
241665
848178
22400873
5352647
187229
245795
933320
81467092
10176702
181022
174770
259809
188125
244552
20525718
278810
5819546
195708
3927836
1371919
74075378
3630675
271807
315732
208448
22700442
3741017
5810262
9800308
3123061
315064
5953899
213208
713787
204109
258440
3769492
239708
264879
1436049
30375739
9735500
3252713
5980123
493212
1213078
2761922
399265
238717
293551
246765
260491
280679
226067
218691
327332
303208
9950258
206395
1367318
218017
258141
322914
207100
259807
305211
285111
281669
217789
25230544
206874
212206
4391106
253171
254540
11521142
3154151
205966
6063048
9802587
222538
210638
225136
727719
182856
202955
965321
2838355
879703
308082
30323837
9753145
9779416
186573
162402
181911
184826
181870
216659
1003642
5812614
239753
205977
58134702
9748703
3244701
3674056
218917
251011
249740
251809
236764
279322
146248
204159
978766
205227
231408
257057
204408
182518
186717
194758
289171
205986
227278
837747
201243
234806
328407
266991
29927024
1258868
208579
965861
174131
227064
273153
242154
207535
299614
274302
289738
210684
355428
307297
190045
260705
922417
165581
194638
1316846
36047110
3577369
5962490
597533
199220
31904961
5949547
9857029
9700809
203341
9267113
909315
163276
183601
227046
198681
212386
6584227
178930
221878
1705829
317830
206313
176129
282769
292592
214568
267180
905921
244298
267495
997787
177891
211306
271909
244171
213369
153142
214806
176320
229097
200385
265919
152853
186100
1215166
199985
216647
417320
215875
1036925
442464
167207
211598
137820
220104
184187
171254
185689
1693189
225004
214527
1373402
246375
3074020
3838595
206868
220509
4228775
276179
229502
1154960
193506
262516
385140
259988
295160
723201
254294
3515253
617573
195145
267771
164746
336517
216331
213477
211090
262914
182937
237472
970138
164387
28445731
3297337
211725
209368
183402
248936
758604
225314
239070
614851
229536
267622
193157
188446
257215
151197
228175
713947
229129
198303
373649
200262
729451
999997
246052
286337
395281
275059
310273
226661
207381
239767
153478
251380
1057338
201639
249161
1026931
182251
274238
300793
236021
298009
370805
1679865
3879803
1278910
25812705
5693785
49722385
209317
9338120
235210
297175
28774201
3149957
510068
5603143
9786113
3103210
3791959
224821
245384
435752
1357358
201628
209010
191825
208043
941573
232981
289609
1199614
240610
196336
1755474
9731632
199409
203797
247611
48271847
3148798
218054
5930024
230136
178020
208195
166760
232340
3451881
531648
228810
280746
32331980
33763486
222622
304526
183684
223061
1177323
230027
241071
312451
268393
1730402
4771205
42730828
3512267
227329
232584
176821
190779
1071934
177809
234525
277405
210354
255830
174085
183671
183577
152347
185677
810591
180028
194765
304401
228010
225599
173739
316930
259046
216011
33525842
69811498
43734246
5848679
19724216
1448479
3924582
205638
325108
246026
371162
1372041
277496
323447
9379480
151340
219642
1132601
171858
246563
649408
14850435
9800154
3169310
274740
289147
164900
207916
301891
289565
229939
1456336
225722
234361
1311535
172545
319963
1273801
13108151
203409
269239
15458896
5853869
1016276
215691
3881085
298803
13546104
10332436
171170
207730
834198
179708
210296
1847093
249877
239124
43581883
226569
218638
44342405
3435496
307934
3010538
209825
255874
300561
201496
244322
1497880
265633
265932
436115
271161
301407
186259
217356
274891
238484
254457
2456350
168775
333261
330072
234435
273782
1376508
140731022
19757488
19802008
233613
3106180
5551495
49786393
3165044
258862
229207
212898
260086
1648062
189394
262407
1512059
10721399
58520978
9782700
9817207
3160436
741435
399638
230751
172473
243486
321339
164454
286535
1369669
209787
313897
949658
28005917
3646567
358193
5249379
15296076
223486
223312
8935981
4261607
3096643
264219
243129
234241
5172157
217755
165912
232168
248576
319061
222201
1058077
242069
234852
351169
274460
13535557
9783862
9823899
9826275
23665841
5968820
9764880
3098153
265304
6407368
68655582
3110799
262746
6041337
9855394
3584733
55380576
10621755
88459317
3111962
253172
232635
199405
226492
1217276
232298
281226
476897
274157
313041
739843
212990
38536878
89822708
23566371
6004438
9876831
3752787
65389144
39810095
13726775
5900752
9926664
208712
226895
164180
223805
228440
473507
240112
1036716
224039
210956
1235066
245988
249512
330251
1640591
4230242
1450320
51746217
29790303
39856777
10266794
98866084
69700481
19842795
3319626
6367874
21097612
302556
254253
223759
201003
252686
274003
161532
230161
1630834
254401
312203
323074
245383
673479
377701
206091
221674
157006
207102
232787
233645
219671
1261581
189602
240287
1388715
91299670
3237600
223755
5914586
9860339
3801897
65471798
9793922
3077442
3809882
213945
270640
327511
228776
268155
30191492
9883125
9807672
2943363
261794
464042
233259
228526
1141632
235187
270121
263536
284199
291466
166712
223991
247257
173460
329976
1117884
420119
259501
343120
260579
304167
1026808
264877
303415
209652
258522
340179
3574677
5670340
40011869
233257
702903
3558819
226783
250661
869093
216290
277859
1744324
10430944
108334501
10451435
98575701
59777625
10751928
199886
212515
1434274
75220089
10530081
206908
247479
1128170
176567
15662123
21670031
3538318
285242
306715
265415
292972
42215684
3744675
5848128
1380475
3730119
284327
296267
1436591
53187365
3684140
252356
315403
206377
284657
744218
232151
261753
1477252
178355
218352
1524011
85495427
10556873
200679
257518
865892
106413848
50966712
228021
234710
1695522
245262
5398779
68813323
3127352
261252
230987
213742
555128
2278693
270813
373167
237906
207940
201830
1218995
243449
214427
201065
220750
1317332
2719891
303214
225711
196514
214425
235207
190619
217542
259196
211186
293746
1132997
202967
241682
1389543
41343349
41388635
3821077
300831
3016134
238844
3807331
5911983
1317958
17834426
33572205
297269
266156
399181
519681
2176972
301109
395731
44227304
454009
222692
248105
190664
1120629
335976
252661
291160
256748
243243
1366257
16912090
355410
238047
74221168
82498206
253603
5322619
1410728
229065
1128952
220634
210300
208079
257811
4266198
31271779
2846102
616986
281529
35313690
3709233
282035
300435
200877
518501
331366
181598
289257
1471377
176721
228696
1563785
5167630
29791833
9708127
1158413
70052865
269791
295910
7942950
281176
4101795
3334715
2524720
28354520
46952256
3183394
6371546
13583118
5966811
21577040
2881398
248485
4393888
3247592
304885
5467551
1106741
227278
235129
610102
260272
226752
1113999
221053
248531
1639831
31048524
59795123
89835726
15390764
4055991
1139976
267431
2122642
324422
354595
382363
313818
983076
460964
20218309
53675656
339136
433104
329731
355938
258535
988466
92537307
2406351
268624
1111045
352272
12562923
3098583
330856
262327
342445
324549
427354
425772
549043
321052
416198
731102
30030753
280827
309416
293218
1309282
24460165
39706886
49817385
29801475
69757402
10360722
186638
3199398
275648
293457
306890
383058
12825561
13680086
6422228
40835659
3699259
259656
269436
298801
375601
290762
217525
264238
1020911
166317
204407
280355
192976
202877
1076076
232373
223841
206608
234406
376026
187656
244145
250249
214007
279446
1131232
177480
217312
1208858
11088263
35402593
3550994
254876
6432142
9351625
109134909
219876
239128
8302781
3967827
75102496
3134742
249412
5919979
9835224
574341
194214
208200
313265
247708
16644636
3275735
6266294
29852515
3063593
257007
5967471
39798623
13213086
188794
5981449
9810338
3212209
1524360
221161
247086
1342228
698206
1436616
5057934
701316
52660566
10574422
361763
74622147
1145877
211298
799776
6955228
29897573
83027528
1780245
372785
638387
380212
576869
32861880
242757
5500557
9821987
3041920
243916
6044604
9824710
3131119
1932020
180093
214458
1658442
410465
277446
1263471
51549210
251150
6182636
9829380
225876
3129554
242027
225262
1101462
306113
327842
198695
240654
296885
236464
243074
1369221
199289
239537
892694
196721
200798
434374
231908
268963
277077
272008
288444
733654
240957
314950
182268
10020475
9800265
3624511
293342
5460935
49212913
9952863
40235315
58967858
73507966
586036
1289002
15888979
15961262
3194994
698877
231250
258110
813736
263336
4461040
3745567
230990
23809727
3052453
241355
260934
282022
826794
299362
296073
286857
1143384
289594
315407
1708523
839347
36529958
59924458
49682705
279856
214837
1527910
209326
20315032
308156
5416315
1384241
3986454
292503
299354
925793
45582043
5963458
1257606
3777545
395220
381411
341283
470902
342069
1404876
212225
208643
246619
546640
213963
221229
6544304
210385
251859
4556995
263349
2287712
1294314
235755
199299
1206765
56007463
3130271
1581879
328814
325900
240062
325430
228207
246140
399713
285543
313349
1017780
219914
19592386
3087604
272942
1773079
45970514
6243556
113059749
290709
5331200
1218094
3963417
382293
306595
873482
234863
310312
273698
267074
1912404
198217
283466
221792
225413
379769
274019
239892
220546
1011831
581944
517234
1567834
214051
38438713
10662294
78340599
3218240
255063
223496
163516
263919
918372
184609
271822
1669824
343129
229743
2222934
66152267
3180188
255660
232535
212487
256971
3772531
226926
258122
241149
425686
320954
3118237
398293
3742507
309550
218916
204102
269472
194464
209351
240786
194788
233908
268273
247069
251695
345761
341461
708249
315476
248931
396389
282155
338675
879413
208282
228470
1457685
242751
247738
1190048
25192853
225230
200530
229827
27915465
3081387
5373430
19280312
3209537
256648
5910659
1470104
202597
222869
316731
257687
265886
342612
259148
28238753
5823141
1728193
261586
228462
249703
262092
197384
333559
407980
564866
294621
303584
350707
913792
591889
24100598
296839
979409
311571
644157
318803
12209621
19724120
3122746
1763691
14493740
23398992
312172
905321
278080
239530
907728
289494
293180
2314010
3401918
297176
597956
514133
22266313
9801010
292918
19135038
509753
20901416
7936604
344666
273158
239157
232493
242003
240418
257756
1145822
4342530
1030241
302414
305673
224270
1508542
246181
24673074
10006523
89252771
29710765
9803582
3179924
1566275
299724
301407
12723034
960922
335880
334105
329552
136459658
565946
2605966
22853905
42396800
1286874
3701186
380451
13633092
49789465
3188219
6330655
19803880
9896629
3135384
4042414
360090
459282
342694
1087766
276268
281500
406695
250382
268709
336363
355666
379200
367493
95317435
3717886
495685
13163444
1444974
3900485
3897812
3292677
840542
282657
573271
1335050
15792885
11615675
23147621
3216246
6357281
56929217
76445252
265627
351211
319904
439444
343173
889228
432392
380902
10175295
3680844
316985
264750
331731
283850
337452
278331
71699066
9828829
29664697
239848
19336923
31474662
3485699
358685
376424
10805451
15139583
328103
390871
252319
985288
556105
24042262
3826687
1410846
448932
787701
387535
3800890
47505558
7932297
9699341
342340
446587
337809
418290
386239
428776
394166
1572856
44245080
247471
258988
337807
6342995
39740169
29739585
3130033
1295380
38396748
321201
809978
444224
279912
482734
1158396
42380759
3514917
303959
3402379
765871
231610
258633
357654
257672
422066
6325613
334327
297741
51444804
1624831
329038
326226
240384
327441
507133
3546291
218840696
39684622
29900880
318902
7648371
369712
299136
441390
343275
980213
35465860
59860976
49678362
29750238
33594744
397877
456090
401371
358952
973824
3116444
416641
372278
8922183
354409
318849
6080381
1899879
347184
16714422
14099246
18849398
3757714
4766327
37404830
266616
40816047
3018394
361245
592393
425235
381690
1340805
3574723
5810101
70333695
31144718
47256179
765081
291745
387860
521682
6221478
3346923
1577250
25525034
15352112
23438241
301285
921841
952858
44814105
126606598
9866018
236529
9241438
3235652
3702561
311904
289586
11260137
23789009
319972
268879
214731
269784
282801
181549
624310
1829552
21306389
2918610
180274
284613
665188
261941
250631
1154100
60698171
2974693
330229
222569
6177914
69023931
9902845
301121
375421
327406
669217
348801
308748
287492
277756
433098
320657
373948
298916
287131
1107665
11271940
48615558
39692298
10515795
33951524
223140
253069
192052
217794
922406
267477
306962
13920062
1577305
574354
253728
37773241
223274
219802
1445798
61592563
19774192
9854255
3836543
5362253
59668369
39808809
73744407
5885811
9789428
996605
239111
155700
229951
233538
200865
242489
874164
247554
260714
419142
242158
301125
758163
316871
295801
3933542
308999
237861
320888
307760
301199
292750
294031
318457
306580
16649609
94452083
59813422
13731133
47382803
3579441
269439
698439
261921
284639
1290834
288266
235145
316161
239902
277343
210285
251716
1854008
1093068
270854
271401
253982
219670
811559
9721085
3280269
313866
214192
221609
290738
258274
212133
213361
1575742
229022
283970
995789
223904
203609
1171704
175228
250683
285598
244551
294572
318350
1967643
4038625
649885
5764506
251153
253343
32027113
254628
242598
240215
220260
1374045
4566928
6520040
19764293
3185005
277982
933454
303412
228107
406381
212005
274269
321286
6333257
607490
23597116
3165810
1700433
630858
4494656
286013
314816
235086
300926
332116
243762
370404
14366309
9843240
10106000
89807623
223842
230524
992057
230306
6267919
9766622
3084248
271451
254935
5542956
1774881
12641743
210387
262334
13927152
1018493
166329
225577
232444
160626
239856
689637
208729
306629
928112
202823
314225
1540671
232820
1347785
966257
6947039
10305339
234701
297405
276001
213511
248847
302925
247060
430774
8847861
212373
14811766
19785147
3100273
241258
1067253
181338
231957
789191
354113
254103
1085062
10623025
205666
202194
1650810
55577831
29722857
49810188
3190793
6294488
19850615
19748437
9767107
3582908
183970
15145382
9780028
9796528
2987329
301682
420773
340552
243915
191778
250610
930946
347427
309687
429273
254588
241252
211864
193292
269216
326934
265862
260241
199159
197100
286267
361839
326401
1276233
189440
25442801
6171840
21546658
3768443
1446407
65627094
5851744
10116239
224914
205231
253119
191341
220314
156756
185483
1398189
280475
274816
827505
348995
368062
338635
438082
363556
532564
31769067
5984493
9892808
23600252
228278
197467
314995
185305
815565
247456
232405
841093
196934
189433
285691
194466
950595
682626
237471
267438
5654674
183465
2638317
301291
234815
5273070
13506331
5987723
9334983
805196
193272
203519
171114
185572
210750
144716
216697
207859
230070
254035
902663
218174
259988
1217344
210667
233125
1428170
17839854
9783891
9823328
199488
219972
223738
168617
229555
1119371
193552
250768
1244370
14533677
4255900
260377
289047
265327
381562
1480494
130700917
245610
263208
1062657
5730795
3175885
249490
6014057
1386101
269519
627858
262302
213808
904999
229845
275102
430488
262484
369773
1022517
10602973
49756864
39815484
19814891
3233461
6561761
19477923
1341316
3692717
262643
636914
334338
280575
369003
302254
12568077
2794574
570145
283246
280184
13245893
9829554
3216997
234266
280347
213085
265425
219696
391288
232879
214512
187350
245955
361682
230390
262225
1294997
210845
242731
318280
234246
237648
333126
250164
330892
306209
264078
340556
237624
299611
355937
318021
9978525
9798957
3314841
6263515
2130139
1276478
279652
191083
306719
310801
216756
13174718
1537784
551137
205019
253748
268691
196882
234368
441006
212403
290422
73572257
74927730
215580
219989
1287545
262773
31305821
189455
19378043
3116676
240866
6029500
701218
221310
18386717
19808747
13729593
5866083
9781122
2741642
263208
702371
296899
233069
237161
229326
339078
220095
261121
323914
242569
277936
1114930
59836796
2970663
291804
332343
73676651
21561850
2971730
179335
275739
384031
43234161
3145346
260587
5878332
9820529
621004
221883
224541
205911
295685
234033
208258
331611
275881
252973
220410
460745
249288
231468
315637
250410
323294
248330
238510
328747
205125
222785
219913
177023
258630
1219542
240657
233136
1327709
46788405
5847802
959771
57732810
9859544
3130326
6247354
75805138
294705
254682
1136603
34775076
255791
277284
243006
344142
320313
297343
239391
383801
349270
327175
198822
257221
288913
5705736
53550479
39549739
29715829
29820491
29778815
43654823
239181
213650
1243724
311451
12276471
9761783
9714685
9776573
9772949
201348
173043
199841
204119
164455
205100
211183
182267
220887
2072576
276708
286825
1229276
220153
285521
1558332
240228
213279
1198512
264425
342202
319090
463350
340026
1857745
256473
3368706
3666223
340464
390248
316079
263124
277347
1378694
3765559
286799
303479
202425
274282
12441958
19750511
79703337
21619363
3637635
288672
252830
33020608
13526984
59957707
5968711
1235008
3951694
1481580
238425
244630
1024248
186106
192957
1032442
238944
231205
278858
227108
280284
478324
260826
233688
243391
293353
285106
2532721
3702517
302125
377860
190560
299680
249805
275599
375614
289846
274600
1063235
171505
229156
374973
120603313
255326
397368
391270
388704
294145
495241
317685
11663368
3149996
3826846
388414
391840
477101
436627
1517559
1669003
287747
326910
4852412
30270289
39353914
69659193
29727335
49819555
1009476
586585
476240
298753
46224762
265924
237414
360029
37925461
9642608
367205
414139
990723
311896
449893
596778
245165
419762
1062343
33293415
218389
232537
286568
300661
3824452
1356162
90452445
9864442
1084173
299107
510175
272664
344994
329244
369290
355650
371886
358285
347255
373481
4212773
1018525
375589
423594
398280
303326
307729
12060302
2999902
286885
369546
433771
241449
393103
345283
505367
493228
278636
31067475
3529805
5978142
29821996
1869817
336944
48641430
2965652
330144
1055589
66594448
6451031
310066
271818
391986
343084
428990
560163
313446
294893
360594
793975
457631
409548
608295
401169
3025934
345828
292188
357755
539697
4732561
16814094
31995872
16508342
3241525
332139
5647616
1939798
294266
314493
452270
257112
305621
47179527
7317845
100452254
2915454
381697
3703424
661019
685266
327562
28356657
8007541
9718703
9816884
4090667
447491
315473
398954
550128
354955
544709
30087898
3506536
241677
258796
461634
367242
32175552
1180374
291976
290022
1010329
197985
217797
356962
23563346
39788940
13272792
262798
269960
271986
281242
260739
324637
212043
277884
340439
246199
282322
756418
1251846
3787496
516104
14911042
201788
248364
1067560
319331
340897
4232945
9778291
3915016
348008
5518503
1183000
17148721
109779088
13622391
293653
217205
819262
253682
231177
4079226
318002
401141
460052
308631
263120
412966
877531
590618
355635
361264
11515927
1289203
3993845
330515
14231920
140370697
2846349
222615
335488
1011970
311574
21750550
29747340
9930914
517016
87562248
10155261
2559616
6189622
13595229
5992172
819029
28345748
228893
186274
202208
226728
210051
193931
222350
1142854
546433
198764
189911
241186
315899
245758
265993
1262854
1307513
3743195
306755
285369
225740
1027257
41177259
8855716
265021
284167
9784013
179841
231077
226478
204385
196936
350960
240362
660643
1234214
230056
234753
321183
239227
259489
307871
268645
292419
208132
217379
323547
3376679
259042
292888
262583
290535
310150
246792
1298634
20571769
207160
773432
56900986
3628670
271921
216431
215071
263330
933734
205706
1777349
203760
250030
234442
326232
263008
281719
297569
271970
1231108
793050
9709991
227992
202016
228174
242603
967239
191635
213327
283435
204350
231504
284370
421951
26174484
257281
6295202
191115
3287274
214216
194335
269501
234285
288601
287982
230313
255169
12817993
3606000
243409
63613827
3223257
218091
1321334
221661
306514
206247
194994
305632
974526
228132
221208
1627743
347291
16139372
9828280
3055772
327316
6554544
219410
52272840
5953656
39753060
9840008
2968839
305732
5992040
9840477
216374
220818
338922
189808
210255
221583
220566
716185
238357
196842
201737
198191
273380
945417
196441
2426757
261994
236956
210335
576991
184658
254162
450082
284257
288952
216977
210203
979448
217833
278966
1047237
23082685
945730
158947
226831
995617
223696
245263
1193617
19949773
9934541
9631904
638020
363238
38225163
33818690
263991
618791
248094
191911
1170044
201383
253173
1364656
240454
8137719
204175
856864
584254
357027
219125
238971
198366
151518
228286
732896
162163
220300
1567041
308667
256576
892422
211157
879320
972921
8491610
3853050
294482
898855
11076093
19231291
3250808
227523
235397
840056
194211
210265
1188857
243585
40981120
1305439
3605895
273655
185136
3147129
263391
633846
210201
212759
190752
202840
253531
272408
214691
273817
244408
278985
971383
243581
228460
350751
238371
549921
1088070
3683968
411225
522480
314332
308702
267729
239903
4087587
1061891
18282082
5790084
29848959
19692083
3115266
233954
6012280
9844579
3396682
5440333
29813858
3241151
226045
5872389
9848743
416513
212907
197390
360824
234561
244027
231556
237336
248279
196867
238418
1500972
241557
232976
1183685
226853
225760
271556
225810
226027
288879
254364
250984
157754
215070
250734
194409
266987
1186946
224424
265007
694854
3249948
299265
975809
174988
289870
1939850
71434870
3707887
5854562
9777464
23665246
5988915
9739592
11943673
285997
266870
217470
226964
905138
206535
239766
1213243
222769
242671
1147386
191394
188730
275150
178037
239849
4727895
31273289
3067020
1908759
296435
218488
295397
159181
252071
1694915
10567484
172841
201016
1028885
26441396
29857274
214967
39365435
23805054
5772206
33596939
4684606
338761
284835
10052542
3072079
270477
6062463
1949294
265826
261316
1385569
341568
246404
1407118
64696863
193642
226355
261469
290004
262161
750362
262032
382328
1805636
4810307
344461
575779
30547496
1469698
3736673
3634660
1558374
1426523
26297819
69754031
10176272
166323
283913
409126
259526
250229
328314
234833
235586
165873
294461
300147
379891
240333
318081
244680
316886
680599
332089
3085143
3998332
3933827
47631030
3141018
3789252
3815083
2384682
211898
281892
438980
817593
421967
231657
265426
298556
325556
19860121
3218336
247635
218268
6050996
39130675
29755153
1438285
7726551
843241
227102
209345
214974
742897
284231
273004
254595
208236
293129
272516
266047
281306
10183205
10408776
59063005
10163252
178635
20379845
3515282
258554
277896
192072
358070
453143
211131
277514
1016476
2958153
6171427
39808611
33600161
5939401
9782185
3600332
8133779
77570387
13652842
3907700
261335
12697455
199633
328882
190428
230311
233611
1065636
218430
185961
252366
214689
187246
282972
1146662
10576895
185310
202927
460942
56550683
3588234
232033
217199
216425
288600
218063
186289
201092
1173324
40914817
10203674
42703232
235192
5412270
1389037
3399854
182959
236229
706164
262783
258199
190881
193894
11115027
1374608
4209168
226178
13066362
9766392
3763367
202197
5394208
196328
202343
156704
186553
4065208
252206
47306117
6005814
9784253
3172423
264351
224446
211855
333058
181751
256808
300679
154298
253977
855530
228487
259046
463783
232924
225539
241094
208617
198199
188874
219945
249572
205910
181864
878416
253888
251394
1167404
219394
231273
1111931
188076
166065
1113250
5690623
9816771
180081
177466
139296
180992
1173635
206704
284019
951374
4293226
178237
19418525
74955318
200133
189281
1068666
200789
239365
1025961
14963657
9752199
517247
1092785
31725903
33721727
5903575
9770057
174064
9544952
179887
194224
210511
121696
174200
228022
142981
243722
957089
180756
252114
346053
224935
259011
1314240
295058
328517
468823
248120
239149
256034
970784
276181
263459
217662
456859
454167
472331
1052318
704109
4505722
785627
25198239
286518
1048714
417708
874144
331101
467126
344027
53966085
304668
421482
473199
375792
296546
1474280
15182508
325738
34452026
23662716
320316
356002
291555
488916
413620
376272
22356072
283209
372031
48338635
3011374
403581
338517
392133
270197
1518686
314845
41123812
38634551
34760200
5826036
9855226
3683908
6868906
299703
325093
430016
366235
1700083
1012092
366690
11140003
305147
262137
307697
98191012
41467114
3525445
343802
1539991
1422870
19883059
9849075
19502163
13409132
301856
382206
224360
503299
236391
315616
290759
1142802
321329
255214
1262707
3875882
259769
25264051
216441
244821
1128922
174866
267445
313572
927057
245563
503564
233223
333187
2010392
3778357
255525
73598353
33139780
3826322
291865
368122
301561
288484
235928
1543419
260222
213038
207308
963233
231102
203107
1230219
2610686
3013013
259013
6411382
59022588
19719525
9821010
3667801
5506551
39812389
29778233
3405717
3512131
221066
238033
352977
281113
251959
10055642
43669916
5898295
73668308
5930486
210681
240485
3224421
200108
292009
343237
297590
287465
603004
248832
395918
248469
204614
478671
163696
204865
219813
215188
235974
262580
263212
5776475
1119036
221407
274613
1171536
9387482
5988747
795104
724451
252933
258924
1139624
270397
299546
4299605
3420796
17182196
118880192
29710469
49733766
3076482
284703
345161
286475
4732230
5296048
449066
318305
26502043
311567
285973
580288
300968
211757
312083
316187
294196
869877
1001711
3253740
381765
349507
239938
285169
399595
747390
342290
334818
29835568
41624394
8022623
9594053
9794884
9929559
49561638
3367219
7104152
40332403
927406
235515
204105
271480
363220
1011780
2118461
3136085
436559
275699
283427
1314513
1579777
90761622
3117752
432969
899792
282818
242830
436329
421104
391879
812578
376478
5186701
4729666
70832515
3684290
366555
919754
345081
33330563
917485
291732
2012399
83539076
23411092
1392008
54232575
436887
262603
301727
293597
335646
1561198
328270
278241
358147
536309
2018888
11362185
488369
409983
134243352
3112546
3670841
330768
41764988
39594994
9692202
3097003
12037250
391380
3783324
82727966
441970
2547305
1160341
1533170
28284140
3291513
8646796
116265820
4832215
459891
12919212
343937
377744
555747
409128
7312638
100544511
117897084
30612908
280717
28746418
68950351
9886874
9696918
254816
1697213
27234933
345100
352589
1616093
326100
109108841
3801069
9766390
393530
317858
420483
3760034
4443479
261129
352003
745463
322179
336223
304851
1119216
428545
36330781
2043674
300541
307236
24427320
3615384
335424
1526444
52904343
3577722
14170672
93015347
6326236
970307
413316
3603431
3831658
9891170
437481
294395
289536
3566570
733925
357452
1877969
1331287
3353477
77867212
350123
2352197
2341856
378414
188986321
3121720
4277322
55014772
384941
307113
318748
499733
476901
1758689
31309876
149625272
4024287
33934377
73111247
6402803
149265702
19553091
823812
1403318
383491
82607636
403250
78596697
52328734
406210
736625
34745372
3025774
283191
608409
305975
408945
1011453
353513
309762
397935
1546044
426139
1067061
78174752
71207410
16283214
258430923
39772453
9753310
974739
7856735
11407495
399088
357540
348269
305053
359088
286435
975019
374806
380430
11584093
811344
51285947
5834286
32804186
624310
490867
507391
37093436
288293
395992
1073109
256121
17592361
267778
535889
2271065
200305575
3631308
3860980
386242
257794
465013
433269
297757
6181834
9778868
23387494
234636
398982
456987
387122
398440
1067901
100328860
41585787
7908506
50914037
167913890
39759428
2988296
437612
1203607
502168
8927860
693148
21316434
9798356
21367687
3775638
496690
1237201
382038
436636
1324714
394822
7472565
169685858
3145572
258862
3137828
386487
2806603
28781090
23548379
316008
5955735
48863190
9835846
391721
345845
18338822
69675243
3031040
405815
423247
400377
325065
1895452
1458272
359264
92558964
369321
342468
393331
261120
403650
24659482
86855681
39683918
3087172
312208
1313395
317282
43308324
22341322
26595598
159828354
39438382
3021684
367720
1315793
314609
359601
1954550
70213255
51464183
3588383
4630550
310275
250544
235438
1752446
1228164
386000
270949
36430380
426456
3526252
54980015
3740388
32211062
9840896
271250
1301302
37286741
69707818
3091827
350027
572939
402501
345392
1657904
401046
34140572
26448405
49616748
3159487
6231997
92944863
3839926
430479
41539111
29710778
29738087
9864642
23461040
1475613
285845
270806
32733914
9887037
1102804
4145686
1612382
65618310
5880041
29685791
23076683
472071
446080
339456
246467
1761897
63477407
17948823
1060509
47608957
10508092
4764901
324313
25071837
3806112
12203892
1347828
410807
66285467
49715475
39797228
3581364
35901293
3147682
357763
1553614
305885
264616
588916
40716725
1051654
38249058
25490350
361133
43841397
264224
260813
8789860
361109
1918069
289588
96633529
15640221
387832
21412375
49630536
3077818
354014
281331
307946
436400
4426533
300832
8623688
10884817
341947
1017275
36657833
9802001
272080
10367770
98232800
239966
29303588
59787144
23609477
791013
338633
342994
353048
431843
881606
595802
41413071
128346655
30470551
109088576
19652757
2965028
352543
344156
486800
402622
482909
376115
500126
9558284
103528083
5915073
9764986
3076976
6215914
628675
282175
317732
442793
17471968
3820396
43869588
9557666
4329086
15257288
33772044
84794569
9820096
246659
290114
619110
284330
285953
7179736
37966743
19827092
49626660
9728421
48631077
229616
274317
334563
260481
283357
27811193
7811209
3040551
2467250
52983247
3161988
339391
978418
319388
438061
790003
2930468
8656551
42019252
3993152
380686
351909
11434145
29095412
73565553
5963521
1302688
117608280
21590993
3331913
339838
316773
319134
355237
309042
4974747
36377902
3152845
827363
26911185
3545892
587421
14969783
38507309
263501
263368
1651722
1114651
293395
370199
872681
5101256
3430146
405847
419363
11161819
246019
2742453
1500082
248528
270718
308463
358821
352801
346621
737280
1784029
254944
562127
256482
243115
419408
397793
345921
310206
322005
21948225
9833609
9758456
19773227
23424836
6704508
100350414
4339240
377160
1643093
4235143
6052761
1291803
47227828
3211324
272547
316637
331147
272765
420743
282238
1364340
362930
1695640
3646787
407952
2946343
6301260
19762781
59748237
61411558
3639366
488544
2520483
24118380
403474
1700480
96419927
5887213
19009896
292398
286487
3687787
282396
343580
1535780
304270
382219
23576429
4181114
3578760
1986821
264476
308902
822751
484013
403143
22249475
23010716
415620
410991
557436
245902
357753
5114174
392637
211974
1747367
127805151
6907654
29790761
122187029
36079680
23818911
25701787
33572487
6251259
40770162
3515853
337835
315451
438766
414379
12149589
93507670
5933350
1437216
3660620
880722
3254848
30973046
414427
398539
48348029
607379
1529815
341638
32239583
3524644
309450
5785849
1390976
86814817
3158700
1662815
1209510
56631866
976041
17744385
26341208
10636031
413233
60766729
6040762
39271320
40705756
91891995
1661630
503109
608654
1317237
51038662
9728546
29845763
19655923
9796989
9794093
3126730
282498
224312
212174
1201719
274499
297733
938316
308143
1803150
1370327
237777
25372380
3168361
235839
5940706
757000
203047
28340133
3165662
256364
5891037
1530798
218720
230338
261692
229632
240263
267778
234455
256075
220639
316386
301369
222438
266194
1481334
207854
200799
815879
226290
212728
16456072
29811625
53716691
5998895
1794316
17398066
39798851
39835912
10338007
62815710
5998768
19714073
1349132
3820074
307329
382297
251270
316622
22158939
3666488
5956954
9917806
197464
215481
866062
172645
317266
289488
251943
5389112
1435956
3754395
283093
3510369
10201594
5671134
123521192
301335
224934
1019379
190888
16797557
9785696
59822617
29818045
9782703
9810591
3222369
855637
234002
275108
286056
225078
245096
236522
267700
307078
228161
282085
1022537
1742379
280447
1457142
14826015
9809003
3256323
5942553
29842184
244264
2884634
274986
5772468
10135328
39253104
19766329
3270360
6290217
9765471
3092653
937600
4889042
815154
260249
222783
249946
1102108
177057
226721
1290575
43172680
9848823
9830316
9677021
222186
238110
4936336
34470650
2683375
731467
264084
53380079
10497080
18687088
3614346
19749134
5950910
1334903
3621197
244968
227649
288706
13070983
9733957
3244596
1056230
24977114
19842974
1214044
16571238
23194507
5985428
61280198
11205421
9032303
158508769
3630154
248122
227894
171354
246415
1020694
244914
267455
969511
261747
228081
1223062
7427767
10094278
19271860
29721987
19736770
3211972
245362
222010
219610
263819
350734
192555
459120
1405241
2156093
246413
275390
210104
215057
1457463
14576612
53587216
6024070
25034210
318076
302848
332130
3187718
39079808
3118130
252344
6077525
266224
738080
253714
812072
895678
29337317
5843311
1421396
3882098
472073
276259
270969
12432979
981221
58063680
49782392
3154807
256610
5930578
1826232
37462713
39795557
21712262
3719254
249014
436155
792163
61572794
3206289
249675
5912516
1899150
19140057
4499646
6692326
5966463
9804152
9772023
1329822
821422
258747
264444
15806617
49814104
10804227
216508
68035528
3112678
254630
6009716
9861979
3682489
25333541
33113604
238523
5485951
352698
1365169
3112393
287956
670458
285150
46737402
3311526
269602
319279
344543
254651
302931
194625
218400
1250284
238118
256901
1494692
271254
280740
1490261
86802375
235472
102689720
59779110
81654459
197386
232361
2790378
362791
9230097
278443
905892
251825
1493861
3790991
246838
297435
272366
200534
284118
973160
216668
288613
1101864
172263
232593
359277
219249
244980
829996
330703
354193
305057
320395
878960
22295277
11770995
337526
20132252
327906
65324462
262618
1110156
36016542
369209851
4169847
293762
295536
302578
268923
228897
4568575
758411
316328
246181
220664
901485
246346
283352
371398
307117
320097
252956
343317
354676
179889
9762891
225765
289797
216280
255152
347673
252975
272934
253776
288607
223492
260854
309907
307121
408883
322917
1749822
3066082
270958
223924
219871
225204
1374038
235158
268971
1313113
1431717
221390
1250419
16400569
232359
214279
223392
204448
3791058
277611
260945
270166
295895
249470
277384
51276637
9872010
2997921
263019
3436549
486591
278541
11298282
39771563
3136685
232788
279459
307852
282027
1933400
32256959
237212
849317
197467
211389
66984286
19813668
9774831
3714793
221734
270219
1221503
211715
292624
1185837
62157334
3572472
281490
365673
23131165
1339342
179735
223330
240305
189619
241750
1099996
180891
215986
1333140
52060311
3094106
489619
5803225
9861888
708922
197483
210614
172712
206690
226461
189561
246728
222853
165739
256717
1648002
220728
260879
1293292
187203
39247113
1377757
209759
917545
214972
257119
1260657
87845682
6007433
13187417
20109810
310831
259683
5028249
9867142
23058464
251343
5977433
252609
247157
597681
236330
191192
436945
234753
194594
308582
296595
4019475
1054029
179259
218735
1424448
75069912
3224488
240575
260071
268290
218539
1222682
191621
16480496
5853189
9805002
234284
216109
187415
203426
1430522
226152
249031
1119683
179515
226124
1535587
266313
30736819
3137775
257858
4815136
70934069
3087601
6487727
29785123
3123836
261678
272969
5795154
209785
228872
263192
52133604
220901
253435
1383618
200699
216104
1106603
232535
33828898
6063636
232989
219958
178242
38496921
69820203
3228912
259225
486858
701486
211032
208401
2353641
299730
1436234
20205897
845905
221626
206297
1804900
23123893
765738
185629
196186
1063686
28288067
3527567
1142893
259680
51998405
49801934
3231037
255806
5903092
9844579
3136443
242572
5924108
1273196
187654
244509
1011343
178333
228917
1550825
286748
281025
2034739
23828278
4527274
595695
343453
19571248
49858033
757103
225006
1254315
197206
95922534
23619975
206245
201789
5169230
9789393
3106358
233929
240378
5590712
316919
195250
207242
772314
250801
231617
228361
216465
228492
217649
289290
329860
225746
254059
1113794
230189
12375081
3497816
279702
295408
343110
2497647
246149
3084043
272068
5937538
10522262
82582479
5952224
9734159
3159243
3753470
810233
239755
10802753
9812292
753817
192004
221159
245469
179874
206885
232443
233945
259778
1085222
243751
302982
1475341
1117368
43645913
6022668
29798707
9796506
1229426
200231
345568
1352502
253444
206629
1443526
4402901
211134
212452
190238
213891
357441
232483
210366
1532002
208079
272712
1448829
60129876
10434256
88791379
33723973
248466
234222
185090
272471
1223609
221211
2498984
1044455
199331
322116
1040255
15216585
29780531
3715264
247442
4815871
80255033
41159991
214506
3560255
228362
255520
263282
1056059
1158246
247325
930960
188146
202793
1560482
368198
244999
18451015
253516
5821417
60826391
243897
3419201
292814
243829
283824
5184655
189545
246740
246742
177699
246726
231703
213726
258774
917331
295071
239419
4516356
253730
215833
266296
272956
245375
1022059
232069
253511
25701735
199489
257671
5075544
19792150
21531311
3582495
335350
103218434
7160433
232457
295881
296009
294556
337473
179066
209112
212740
263982
247414
993132
215606
212948
1596044
187224
2913839
3137264
208011
293896
486718
218857
233371
473366
196779
211439
358056
220368
238703
315997
9798370
22698977
322454
243399
5415154
1326314
184753
261666
1012098
183118
249968
65151954
3215809
262999
5909028
19773755
61614595
3057920
218854
363108
314175
255056
381596
230555
272832
1737805
192098
214138
1528460
85724623
1393227
3880928
290915
47339026
6377133
32952435
5934992
9820941
2952447
202412
220051
224905
211194
345664
1125885
180227
287338
1453085
10742399
78284062
29863650
21613775
3636727
289408
363615
226606
42623024
10805507
111026345
223388
256583
1208785
24504207
21543884
255004
267167
208393
259511
1833359
250793
33653329
13642821
6048040
9944505
23462077
274278
15359533
19795711
3231239
208909
245178
289891
234620
221479
1359953
61754460
53740550
5908463
205826
28939963
3731976
5890496
9736851
3593936
1060530
35997465
197411
213519
165264
204970
313746
6251648
223390
213947
241745
246311
255799
189531
213181
309615
151055
248617
1120855
241095
253984
1262034
112661961
3652757
297425
13561700
212271
179473
217132
247141
11447234
326892
4590787
129567139
209309
286738
1240492
202730
190701
237266
214708
247916
289911
207297
257571
199162
219171
295314
193502
247519
320825
209025
271813
1038860
163119
214831
277441
18513193
39728545
39843399
61737747
324431
282130
25464396
2628297
780848
542842
46100228
274117
266911
1034179
215965
271131
426674
473502
393642
1895713
285846
504245
341224
289689
247156
526241
6150752
1637264
3915758
143189836
9856804
9772138
11536098
117994543
41254887
3607456
600727
73075210
10310115
243369
295090
282438
4740802
28602227
62668078
238151
206229
1172137
6050788
29819437
9785917
319203
21095140
8679178
99074408
3122855
979787
24765798
21680467
365401
249007
973211
208015
300758
312835
317348
307957
937459
51205471
49799560
3170306
280920
6479646
32414150
836797
24504852
33700408
5926505
13645178
260451
848454
231762
265792
238320
187013
238156
205714
232707
246772
246664
1508377
3115931
825549
282747
275935
22627138
3448324
510401
20528036
375111
44361085
118818625
9939366
3188763
6817442
40569055
3696831
377271
387169
307520
2188519
3121322
187650
6057993
9760558
3108418
1174503
252904
220997
1399593
31659959
3097679
280829
6273739
218701
736178
242041
1217413
282166
229223
359624
422449
23622070
9554451
255284
232785
872728
743402
216448
286672
199537
277319
307946
288955
13406737
4823792
28114961
269284
6524755
224370
92230753
6251270
109136617
3191273
462473
2195229
31563964
3206302
237788
6565742
222568
38316404
29870785
3721597
5848382
242586
253438
216709
20294221
3570065
3584421
289179
599643
237361
222041
199431
208490
232178
161985
253488
920395
220261
205303
1314572
236078
260594
1460708
337533
3780381
318427
63598247
43749376
6745532
98941240
745008
3916086
431517
260592
256968
366381
301476
290040
277361
10428508
224233
898990
3520745
848658
300279
342837
262837
338143
289136
250604
199927217
3128187
253253
6002291
273217
204094
229204
635728
2774682
258272
323902
270209
308113
253223
342655
313470
30807234
61567656
2908105
224804
320677
301891
300510
1521471
84462694
6418959
207606
229602
11958687
16276256
19724183
9772939
200528
996538
3569467
260344
359644
1478591
322759
24478266
35315089
3206765
261050
5839059
297029
785834
210990
780043
228853
251702
297732
4902068
3264971
4045766
348571
258091
286304
199630
578936
12165766
31781665
3050546
240079
5941239
9837143
15800549
83849851
29691042
66170437
13315032
69623340
59722967
3606584
253389
256795
4934048
39798427
59738268
49819029
12706925
8471590
108190893
192730
231683
262867
288981
833165
36171933
3371461
249069
284720
227151
282665
319593
210183
315697
1466779
196871
216861
1223805
76208359
10878609
178254880
1156255
313776
1024922
217200
252432
229977
317493
287671
365922
329935
327886
781364
283329
20362829
3751785
285052
283815
410185
357148
294072
22440109
61641662
3507382
279325
261795
303603
287544
1049818
10501450
49715103
3588590
5982433
940079
79817015
3742416
264912
47304666
4766232
2451964
3647455
361679
287788
325516
850670
238329
319707
285075
3113770
4033154
659222
235142
251353
189837
216764
219893
175514
222103
232520
1932200
239688
277056
241152
364853
345538
22667826
9622246
8436994
24889079
5973419
13558982
213382
5765630
216134
9186468
3102246
4339882
35589211
250785
281276
1181323
241197
11992138
346302
9836942
198740
208738
851516
288041
240823
292732
243411
215133
218661
251806
13962850
9807557
9771989
222688
162621
215218
243549
4581810
25278556
267289
1217793
35506296
3147183
1431453
221324
221734
212351
1473761
322150
250924
1270661
276098
294998
295515
351107
279462
444875
255959
279632
407023
450022
308121
10410111
9730711
3687596
27580839
330355
3076193
269691
7112841
20132585
5833858
9864472
3432285
308482
306903
241686
203133
1310439
264261
298666
513684
272259
1524632
231644
207777
231500
846375
304906
250295
240963
762136
350511
228246
416038
492080
321586
11251077
208508
250797
2848255
585869
43591645
3354858
3544348
610095
1960518
78547558
21634978
247093
219477
221091
521291
247046
322838
313703
244058
316900
23214768
9786819
9798739
3726070
305109
203294
285756
216396
240304
337211
217149
216417
229968
229573
247129
1241221
173002
222696
4096829
234152
3426405
2227840
230755
238977
1318333
237984
229850
1129999
236579
236793
357562
232726
260932
951941
109194760
10566705
215573
8138560
3143102
1115358
198282
256029
1238730
122201971
10356881
195687
226768
1583961
47408939
252696
263088
1394254
258738
34618554
248166
919053
3708615
459929
252842
301877
276332
301073
21216050
3053361
1604035
180159
225875
291025
243524
215372
1029634
1988986
223685
685699
206149
218654
1514086
54411122
10577267
238590
224568
1163068
107520709
273330
246303
242200
254348
244912
296609
306394
1154727
26485426
210435
227608
205184
306800
1151888
290814
264209
298548
277537
2270334
31750684
237389
812608
427665
219231
223075
331018
949959
1825348
3874506
311486
243912
1143928
81170513
19878357
29570493
61653206
3606395
254651
350282
13058040
9787185
3599265
243799
303389
262721
225928
312769
181425
271451
1050874
243060
251441
1583350
3421719
273752
1380420
31594388
9743773
9750222
9795262
1078791
1068133
2177403
219948
1294150
131842074
3111914
247551
1052325
165002
262577
384927
245425
269968
1051358
14413148
221248
5260630
1380470
3815763
33910566
9661589
3123647
276482
6106580
993634
259821
844451
196839
341284
334539
227670
273946
275623
265754
349726
2747279
2635339
215918
179410
255495
233243
5371887
1116896
254492
840733
270856
229671
192738
274748
381487
225197
267214
351021
308893
265803
11670743
9762132
9810546
9817925
783485
205464
217800
225678
270938
257015
6286514
9526194
23293875
5999429
13915686
290003
303774
770732
231676
5090264
313781
234462
223677
322162
207708
309585
470661
498659
1885630
38863913
3186007
271762
818214
256134
306906
1193993
72099840
23701653
5893715
1570630
199207
261099
364718
253055
233303
277421
16190992
244397
243926
1604729
275439
265283
14502542
9811962
3259149
199323
409171
336437
253665
235721
217407
245732
276907
189584
287589
973572
178573
218895
1049642
97753638
50006804
10482951
98480217
10511002
195513
224106
331224
194177
244474
45787480
811937
228932
4557321
290698
260370
312005
227454
290772
1383328
205985
226299
1225004
56402200
3146190
271456
230884
5803011
224516
233777
318868
3696331
303155
1071449
227949
11931765
29817020
10345988
68809538
3206969
256511
225969
228838
75079512
9925033
224005
218670
4451158
23490359
3332238
207494
248159
269689
208334
221512
804139
291596
286394
1321812
1494890
230128
1008580
224269
228242
360499
210804
285556
310026
276199
288561
202644
273989
307806
11069804
10656912
189000
203823
331229
199665
250555
28072863
2905833
231094
203360
284991
331315
13134130
282222
261055
375936
39787037
3824923
242902
360081
220241
251898
1217959
80306384
3069238
259610
6043845
9818726
3567182
47460111
3680123
250942
350824
212987
2646138
3101744
196212
6121821
9793831
3121262
3877561
223000
286693
1481550
29507769
3502918
999050
50059628
318139
261007
1361974
41323784
9812107
175234
225123
738464
198860
252127
761567
198443
208937
1436747
25233280
212345
164169
232139
702782
226197
252654
1615748
7964808
265151
317141
207556
22544669
3234442
6296616
29843719
3436261
39723369
7615675
2405227
234206
445571
246496
313976
1416342
299334
365430
3738736
5896700
29838531
3247748
253949
5934441
255368
721710
3578168
1302945
5889656
251357
225448
168080
255512
249038
208994
279029
1535625
262062
341217
1474232
211936
261827
1323029
25089483
3098427
283483
5995976
9818112
29784482
49821233
3115790
243206
274017
167925
204589
1626364
243556
289986
1522114
59494221
33629153
3446961
340573
223275
230104
307338
200258
1652006
3947403
242758
280318
294029
228675
275689
773548
52593014
3575165
242819
23706219
3128867
268256
5993953
9857525
583559
204638
211449
164860
227157
235949
195938
6346181
237491
516532
261970
265580
207919
257104
278383
165207
311504
1061354
214219
236750
1706685
195528
294339
1120157
190684
218193
1148128
47135965
3894164
262070
23659749
3246247
257225
275061
5751316
29534610
11328804
3663987
315766
246514
286761
210796
296960
22035494
256608
9302428
1102789
48139554
3099932
264820
3326414
271377
283622
349018
279970
242958
1055076
28429954
3570379
248302
5522973
1386560
272218
210415
214660
702205
219778
263040
1340676
43017850
3202136
6315888
9803152
3228112
1005581
244656
228540
1580633
31410283
9762759
9765852
3126169
1119742
74621333
12074318
241879
239061
388552
245626
228773
348343
271729
289101
385691
287677
348514
168939
263307
342190
3164807
268006
226255
5659884
9729943
3010719
266508
334417
205449
247559
215320
214208
315082
5093754
242335
216180
381426
250247
241015
222435
225684
320140
227152
27166986
5949991
219566
256554
4085488
282459
216843
12931366
1050842
32235230
5952020
9845862
9671246
1323635
3522777
263331
283638
246959
267597
1470424
60250674
3125805
254986
5933396
1812355
111274640
6194854
851212
3521272
373952
257524
305556
477907
276974
320043
240655
303923
339147
2957389
257487
6068945
9889183
3790113
25672728
108794464
10606823
24242619
327279
219346
266973
732324
1113534
277686
3345078
170164
217983
690245
204080
264668
1686275
252909
10992130
3037377
3869258
241779
270261
21384943
1391598
3822851
598226
278472
286383
229242
11755657
13387039
6953038
219403
148262298
3197328
6237321
9805129
3129814
3849551
241455
278695
570014
250303
246750
1040689
3675828
315660
306318
224426
303021
1651513
90455191
108913678
3117177
256177
5957724
322111
207995
212380
189182
206630
217798
166366
206775
293907
225568
280332
1754749
299392
298780
385467
304824
269417
3610354
35459226
4080139
5506067
9889652
970028
217331
233334
17282871
3102242
814354
245738
24909446
49838301
3207361
304095
227629
203094
259905
1389296
22509915
1358748
3855266
327895
13560630
9816281
3241734
290038
5877442
231734
963792
17879385
222479
9221561
3095531
3811605
764503
226025
11059403
3107926
4773004
11852696
78607927
23712248
5922159
1233278
68019959
31297721
223996
1075194
178363
232644
383758
210303
322528
278542
261908
314663
328874
267377
328912
252077
259003
1174550
180272
209475
1219732
75472154
3136519
253655
5992365
29829023
402137
211337
1059995
202642
249948
6210313
204291
226905
8957261
19778952
3764765
991718
66395051
19546010
17555722
9815889
3179176
268370
5929717
9817947
23693521
5960892
9711103
3234662
270365
6658468
216625
2929038
251519
283297
267890
1611349
81135668
15325984
220182
277506
338807
196959
306542
1435923
70812976
231907
3923906
316379
209972
292154
331102
32225610
236479
1171195
11892854
132694935
210373
272638
1623181
68401896
55804487
224740
236381
1114320
234994
271281
421937
1463656
257570
946349
233920
276351
226783
260627
353665
222750
264437
332667
229920
273627
25679869
250021
224505
158980
258999
2026604
222585
391677
1630122
196589
246278
71967121
6012850
9709043
3204163
276762
6766920
68517216
39777145
9823333
1270675
252923
834835
221761
265911
454048
269501
275661
943329
292416
320308
32985582
3593593
256552
434946
213580
260954
867510
216457
268090
1841575
151241
231034
727563
75975408
3200613
260338
215226
210260
5012175
9850505
3216405
200881
300367
321866
286814
875651
233035
230154
203301
1079281
239117
234827
954443
237317
280007
301467
274717
1747689
418737
9671326
218596
1106049
4281641
43156163
23687622
220284
208495
210916
668986
210952
220924
1345253
21093599
1369716
3715549
239523
346086
209800
2531166
3346498
190820
245396
5598158
9824023
3826147
27533421
3385419
635972
2488950
394014
4160393
58773593
6071947
39254539
21325570
218353
245339
1273756
180545
307655
14434679
1226780
3812702
281268
338838
7217516
469342
304003
1727908
210707
295316
20895330
59763096
39823537
53712808
5897647
9754672
221220
750382
216581
221799
250419
188584
242319
1064390
225269
285097
331280
257712
254186
983660
256437
283347
10084348
3424347
5942019
13614574
259162
229671
197594
261811
1642409
218915
212450
1442115
61265203
3524556
524491
224532
2815441
233663
3010631
258221
230718
159640
260342
1048984
192083
219996
315610
51753071
23565650
276581
229800
2837489
334109
195185
284479
1464691
195595
235539
1334032
16237511
193420
240175
222074
3849844
