198065
168442
162780
160498
166005
148696
159376
161260
211339
179934
176584
151825
179631
158461
178076
160844
178431
181384
158235
161019
170937
178310
176939
160502
164175
175048
161042
160443
161719
161566
161721
162285
178309
159125
178845
158799
180266
157181
161085
162143
157832
200605
161431
161396
162292
161964
180822
158255
161824
199644
154877
162153
161772
179058
200883
176599
159596
160985
170956
171092
178436
163917
173632
158957
311002
202460
159063
161135
160962
160759
161687
170701
160454
161052
181127
158045
158688
158500
160396
161842
177980
159668
201822
177965
159133
159719
180396
163015
199749
159443
160147
160886
160825
161771
160554
161569
169948
160237
162523
176827
163163
207722
160618
162200
210878
179376
205951
161138
179787
207516
160882
161711
160988
162125
178689
209656
211611
177945
210509
179153
178143
168627
210028
179171
210172
213271
208803
210758
176025
207941
168592
210100
178580
169852
208973
178740
210299
202208
207850
210655
211242
211702
211958
211122
211691
181075
208007
180501
175743
208474
179645
211275
178532
201704
209645
211371
212575
179258
209210
177546
179178
187115
179812
181351
182837
178502
180612
181742
180479
181469
189952
180074
177964
198524
180236
179976
181038
181534
178517
181576
189978
180767
198428
178997
198527
179260
179361
221841
179118
182451
181635
179719
180952
181722
199890
176128
191275
195500
197221
219389
195460
179033
181323
182995
177476
178971
198155
223220
178105
179060
176545
178676
177646
186525
196150
177517
199421
223547
221296
197400
177551
188231
193855
196093
177940
196995
227382
181116
199707
224857
229787
195562
186010
196627
226833
228786
220850
226232
218995
228600
229070
230785
226831
196226
195208
217254
219249
184479
234825
216674
186702
216619
227154
229528
231860
193767
224207
227700
229689
235018
220449
229234
197141
226624
196379
226458
195632
196342
225178
229156
225279
188632
228895
226964
229096
228627
228647
186045
217462
227495
200043
224875
194682
227702
217875
225465
227622
229140
229504
228936
227625
226339
194348
230821
235986
194056
174507
177506
179398
227522
177468
227430
227361
230504
195241
227276
187426
171258
179073
228701
146994
218296
144575
176601
187940
188088
178201
146295
176778
176215
146885
176208
168078
177361
227562
178476
187774
176424
172794
193230
178003
145233
181102
173940
171644
193884
176772
176018
179371
180035
178136
149842
175642
147438
196419
192933
176671
148531
177341
169511
146992
177950
194612
178993
148044
194484
188454
167020
178190
176208
178451
178619
180333
177313
178231
172175
197118
179938
195153
193905
193379
177281
178677
178378
178637
179845
180110
179264
196063
177995
194687
178213
180924
165030
173551
179253
176362
176754
176718
179127
178597
195344
177822
196614
186774
178657
166143
193998
188143
176336
178797
178900
177629
196121
184875
179447
176308
197392
191286
169551
196040
177541
177469
179213
178501
197223
177787
178872
187835
186665
187691
177028
179653
196802
176630
177902
178804
195973
196344
175659
188008
178637
169416
177320
166579
177985
179142
179434
178654
187496
196073
176479
179093
196529
175085
175742
180253
176338
168501
179303
178702
179499
196764
176353
177594
178391
178496
180398
185246
178397
176982
179795
178524
179591
180086
178215
186842
195011
194853
177436
178762
177504
178236
197674
178462
179565
196657
196103
178579
196837
176190
170296
175547
168314
179000
180295
175875
177541
179714
196737
178567
177519
195667
196038
203898
168935
176466
188970
178701
175353
177967
197840
177155
179293
196216
176882
196813
195832
189404
197018
174148
177745
177681
178589
196635
177444
177514
188664
178143
175966
179585
179065
179349
174559
180068
178339
198048
194269
195133
219562
188664
173173
178771
179454
178604
177454
178642
178419
196135
177532
179133
195935
222830
179654
178779
194431
217577
194193
224512
195760
177484
195575
179050
177682
177870
179565
212154
192728
217835
177825
181920
180528
224271
194462
178597
178329
186065
195877
218827
183997
195150
177825
196221
229730
215389
192038
227430
197201
227515
239876
197116
183206
196259
227141
228487
230788
185820
224467
187925
226585
229237
228484
185078
192893
227850
217911
189877
217799
196304
226534
195810
193407
185100
217958
226911
229412
228374
230287
195557
221898
230116
224966
196195
228760
227051
192920
195229
226183
228665
195634
227507
196765
222607
231781
192061
196567
193497
194534
226630
196356
224499
219271
194662
177619
229416
229325
225334
196534
226770
170864
176203
177714
177256
177730
218344
176251
227089
178339
230602
144844
144057
177825
147799
176798
178088
147842
227286
177684
178311
147934
179399
143676
188049
226538
145476
226070
178330
177422
187022
226469
178371
179326
179229
148691
191294
166875
175720
178935
168416
175311
179689
145602
176714
179356
178716
179959
198524
175118
160765
195918
174354
177201
176140
192060
183295
176120
147075
197218
195528
176760
180585
177449
178397
177793
179050
195161
178965
187469
178271
186632
176158
193778
178221
195541
176461
176692
179406
180042
176824
180476
195449
178266
196489
197793
175649
196215
164628
166255
177103
177584
178441
179255
178804
179376
179303
197286
178020
193171
193562
194719
188434
186466
185226
185018
185629
195539
178005
196081
179679
174356
178705
177291
179619
186564
170080
188970
179076
188188
177634
178562
187619
177700
184918
179647
177348
178018
177949
179383
180073
175451
179131
196022
194148
193817
179991
175742
169268
173593
178301
188629
175416
178943
178028
178491
188000
177895
178777
190968
175240
169193
185667
169937
186446
178167
194970
177062
197229
177366
178522
196198
178083
175975
181125
168700
174491
188449
167829
186942
178120
196043
170689
193777
176266
180800
176238
177285
176704
195299
194502
194760
195657
192955
193104
196813
178279
170434
182972
170405
176431
178356
179416
178411
178632
195840
195873
178165
186542
195421
181209
176077
177304
167797
179827
196427
176607
196381
186812
194825
177943
178507
180138
178379
170632
188207
170912
187386
178053
197636
194622
177998
195833
176419
178141
182544
176251
180050
170774
178281
198173
177534
197344
195190
187566
194374
217567
177509
191006
188644
176965
177982
196163
221336
196917
196271
176820
188895
176827
181344
174513
178118
219251
186799
178176
196359
177140
176757
187607
177547
178146
177519
189712
216782
179070
176513
178830
178599
213363
196487
176852
192985
187429
191444
180120
223326
180160
228256
196492
195654
226943
196975
186483
196211
225805
201190
221016
193692
226608
220730
186740
228668
227517
227074
195617
228675
195932
193837
225746
227121
226653
216630
227029
226036
229124
228686
194739
226102
228666
228389
227771
227694
230213
225328
230113
228686
228681
227635
227963
196211
227093
186702
187957
227341
194835
229188
227628
196630
193429
229474
196464
195382
194690
194131
228820
217873
194707
230454
223045
188940
226066
196010
226748
197118
226996
220572
233781
147232
220948
220356
218685
187777
226830
193755
175141
236880
146087
179200
144162
177591
178516
177609
229891
143982
176203
176130
178748
146093
176840
145884
144849
176007
146371
172185
147842
230712
173892
146977
172113
145749
144985
144255
177666
177837
173820
169672
177772
180591
174629
180606
176321
194254
194829
194991
196161
173598
195629
176532
178070
168184
185238
179401
177885
178188
194893
177225
179669
179805
178201
179667
177852
170679
176692
179847
176930
179471
180571
194547
177341
195780
176323
170446
176303
186205
169263
196552
181617
174572
185519
196667
192997
176902
196334
169393
196657
175952
196745
177456
198438
176767
178551
194914
178822
171697
184081
176922
179158
170008
179552
176676
199542
179451
193677
176707
196344
195576
177476
177995
178218
178887
178692
178646
179248
181311
175764
177156
197046
177960
194366
177268
178807
197842
177213
188940
172804
196734
176028
185710
195073
196233
178704
177774
172088
175639
197667
177379
179587
197524
177366
202007
170298
196196
184806
194108
175200
179411
177634
179862
170624
186647
170346
180075
180494
192957
194887
177175
194279
177739
196483
196314
174659
186120
178892
177544
181178
192923
178527
183666
176609
178930
177533
179870
179073
180080
179286
177885
197233
198890
181100
193941
176806
168193
175014
204483
176415
174859
177719
178327
178704
178193
199085
172712
194898
185434
169579
194489
177576
169960
187718
177948
180071
178759
196068
180333
174859
178958
178850
178093
188168
195624
175855
192318
181774
175897
196178
188226
191496
175458
178165
179168
179273
179013
179915
200607
183339
172892
187311
194973
186050
175646
218567
175333
219930
179178
179338
178509
176359
177742
178837
195880
177183
198780
222961
196744
208349
211838
174436
188075
176867
179060
179461
196158
177840
178283
182524
224801
178058
180566
179321
177874
178620
180561
177278
196687
187081
195619
193737
181471
194384
227753
179601
195351
196659
227474
195228
177516
186917
189231
226788
222266
223164
220068
180041
228519
228852
228274
226830
229164
196486
227487
195100
185720
228778
225099
228585
219045
188131
225835
196123
227214
197770
227033
228257
187982
231634
225936
228535
219477
226479
227660
227946
229632
196566
229344
194208
214026
226158
221688
221835
227259
228008
197246
227282
196171
232535
191907
236144
225933
218124
224545
227868
227091
228121
229126
229490
195956
227688
197362
225768
137644
145398
178531
182506
174762
218730
146549
177592
197559
179045
197792
179271
227176
178351
179553
176416
179433
178339
229583
178414
177330
178965
177398
146391
144747
176481
178847
177695
179609
180962
225528
179240
178088
176439
187944
145734
193670
175964
185858
192436
176913
186529
189616
176283
147285
178835
179611
193289
179734
182529
184887
179506
192704
175689
190006
171880
184674
178609
179376
177604
186752
177053
179070
179013
178188
179263
186632
179529
184630
177441
197509
176523
195758
177820
193848
177065
179163
178908
178980
177619
180446
193135
174647
196379
195286
167584
194574
172657
168047
166421
177822
179739
182637
173338
179298
196975
177383
195953
169649
194233
192845
177959
196386
168489
179298
195239
175986
196782
195905
196481
177314
179399
164499
178614
187113
177714
181463
176110
179534
178975
177005
194399
176523
195925
175603
177128
178607
198865
167792
201096
174501
195662
194526
186414
180289
174436
193888
179190
173361
195961
196363
181674
174922
179274
178141
177045
195489
178106
188567
187035
195077
187819
160915
177410
190291
173867
179524
177559
195254
177789
179456
178671
178003
178967
176895
177980
190351
193647
173481
193812
194359
177991
193805
196282
177345
178630
204399
178922
178289
180740
175679
193399
196188
193208
178484
178231
198035
168278
196081
194677
177629
196915
192855
177489
181634
192840
187215
175040
177977
196612
176506
186549
175220
177764
193877
178684
218752
193260
176436
178391
177959
177808
175509
179660
218592
175701
179193
179622
175807
196223
182412
194544
178198
177457
219154
176529
178509
195203
176872
179481
189153
172904
195760
221257
194506
217998
182865
177462
196925
178225
196266
178393
195363
177379
194314
179725
183131
187329
219807
195131
218973
192632
178890
187481
197661
174789
195564
177463
176782
178185
177995
180148
177286
177339
178186
178607
179774
180617
194715
194093
195319
226680
179090
178749
179235
179118
178950
195269
225502
199359
225710
185795
193078
227541
185128
192331
218532
187321
223850
228384
179745
230728
225306
197577
226485
187647
226605
227943
228507
229098
227362
227211
229352
227683
231347
225876
194379
229963
205374
223384
227856
196436
227194
198138
229981
228911
229437
220269
196792
197745
223349
229053
193492
227723
228670
229094
228567
228712
197199
231544
194118
223862
225036
218527
226808
224983
229570
228863
187479
230029
227983
227868
231557
221577
195694
173827
145691
226314
177882
169576
225316
189301
228693
179692
214129
147197
175569
146277
147396
176644
179147
146245
226762
180148
177842
179236
180394
181852
144104
176168
180048
177509
179008
179383
178163
198858
177742
153709
188684
148248
144205
182083
167148
176707
177468
178028
180539
178121
187784
174742
146626
178384
194872
193980
176714
175331
197557
189619
188269
174932
186644
175827
179224
179375
186649
164052
177907
182451
174662
177792
176260
180351
177236
178371
177541
194642
193509
196717
183178
177632
180484
178004
194641
178276
179218
196459
194712
177977
197654
153722
175792
190957
176208
175491
175940
179807
178524
178311
179950
179328
178962
195862
186188
193248
184767
197497
173754
161536
188002
176253
189333
177720
178323
197342
175405
167599
178706
177814
183131
174413
168148
177832
178353
185830
178767
196506
174024
200373
166964
177799
168419
178328
176068
186725
180341
195123
184789
174567
187258
174446
187627
172987
170554
196828
193453
176533
195699
178880
197249
170386
194016
194045
174253
180536
176371
179839
172982
173809
177097
178935
178359
179002
194973
178629
179182
177664
179291
178115
178411
180203
183659
178295
178977
178000
178619
186691
196116
176669
179429
175391
179834
178561
179200
177361
178368
187344
178158
196322
176870
186359
170077
211888
170692
196263
195870
180359
176228
194812
178210
196539
169604
193729
177528
180697
175330
169890
175484
179551
183725
179527
180028
195198
178020
179441
178812
177827
216311
178115
179647
177048
181542
176088
178243
178680
196028
194990
217389
187268
177685
195115
176744
180231
178110
177613
186919
194832
196015
194068
177714
219166
184642
179068
177760
179160
177569
179228
177810
178316
196808
185998
191850
222151
178635
177812
179160
174569
178552
176364
181632
176882
178697
194068
186325
177506
180108
179949
177614
178253
178968
178571
177185
178960
179045
194860
194494
194083
177980
197860
226247
178178
198885
227582
179191
195612
179014
194987
184487
179183
219286
224800
228993
227637
225918
228041
219487
189536
228098
197043
192910
195619
194840
188421
185255
226372
226978
224444
189862
225487
229464
221692
188802
227252
196479
227750
219735
196542
194264
226836
196940
185549
228239
228261
216772
193642
226833
227016
228580
226565
227046
227369
196103
224842
195970
226938
196150
223261
228831
219015
226091
219242
226818
226991
226286
227665
226968
228717
222374
235236
168872
148819
171985
227555
169756
226031
227550
176235
226644
228056
178331
169794
175366
174373
178851
235216
177061
166197
219794
177158
178874
176422
178206
169180
142984
177747
176095
178415
168368
177719
145260
192681
178582
170538
176326
193426
174419
181564
172406
175027
175752
177208
178780
179516
177023
177073
176582
178947
167151
194817
176980
192882
177514
177775
170165
178977
176980
188131
177401
178248
170781
175326
180045
179075
175769
178554
177285
178877
190273
167736
178193
177423
168213
191198
177928
177895
179827
174389
178587
177636
195807
174411
195449
176531
178254
196472
174884
169240
174458
176845
176689
180712
178938
178466
179045
175609
186945
169737
193507
175757
196468
180190
183080
175199
174847
177398
171469
176253
195278
166566
175970
196283
177270
181652
174589
177955
178634
179679
177619
178428
177459
179374
193429
192472
176895
176997
188239
193660
178145
177792
194824
174441
174441
194303
185085
194093
168261
177264
192025
170232
188654
178028
188261
178070
172240
182022
168922
184228
181717
170692
190477
178012
166664
176313
177875
176446
180993
180067
178230
169105
176446
178303
182296
174549
188123
177378
196517
177298
197273
177938
195006
167253
193957
177238
179436
178086
176148
180877
193411
177095
176503
185982
176461
186220
174691
178542
168321
168238
179664
174694
178103
175776
178199
179052
186762
209592
191526
175735
178822
177909
195860
217286
174431
174065
192819
176691
179090
178950
175180
178824
175559
179474
179266
176995
181674
176932
178025
177649
177835
195080
217620
181096
176416
178792
187424
178474
179108
175840
178715
175787
196484
178153
185246
176552
217388
175286
178237
177942
178910
180626
175202
176577
177630
178476
219811
191364
174099
177013
185402
178165
217827
183328
180511
194138
186045
194501
178198
197992
176719
177419
178463
178838
177987
184672
226758
215424
188627
176625
177158
216951
192544
226488
178654
218155
197664
192734
196881
224767
186735
195311
217855
184284
227818
226427
219176
193336
226680
226362
197928
223727
197099
228281
226632
227738
193153
222079
227374
228487
228757
218203
229376
230485
225324
196121
224698
184130
187245
224645
195955
228798
227956
227594
187331
228742
229064
228249
228700
229081
216836
191993
227194
228268
229607
228214
226652
230003
187820
228464
191579
227267
199904
220153
228033
218359
224712
195607
227557
187412
228504
193630
227712
225654
227657
212159
172241
227550
170007
186306
169017
175915
227960
226429
194489
229720
225080
170549
202539
159979
177373
175995
170210
176900
178599
227056
178233
149104
172491
219983
190564
176105
228025
228409
179188
176832
179378
227898
178208
145307
181546
191604
166922
144240
166765
173456
179426
176719
144824
179817
177112
179038
184905
180200
168438
192654
174594
177052
178742
178697
168158
188183
165298
177868
177391
179439
179741
168983
178458
179125
178492
187582
178303
178206
179519
179180
179010
328050
229264
194544
174647
176902
179301
176361
179162
150473
177724
176762
195767
177373
178331
179707
177650
167213
175050
177932
177451
178300
179699
177366
178208
195985
177839
185612
191416
191724
177188
196507
195558
204828
175255
174973
202133
177503
177569
168701
176516
179797
180441
174539
177429
178085
179653
177844
197273
177958
177666
186868
194534
175607
179145
178804
176333
178474
177491
188110
177988
194313
177546
196479
169576
177233
168363
173839
180085
175694
187704
178843
182230
175519
176699
195634
196930
189940
175571
178344
178420
176529
168238
177484
179002
178892
178499
177995
179752
177310
195635
172819
177674
176629
182414
164997
192456
177486
178033
183118
176677
196718
169534
177010
195452
168644
178476
192988
185288
179313
194339
184532
173657
186100
173759
186033
175904
175281
178709
179869
177698
176491
179598
177439
178656
170577
192391
183764
169125
192082
188185
217645
181160
176459
177592
195519
178567
195434
217978
176988
195432
178115
198559
184313
185621
189063
194747
175160
186577
197838
194344
192599
186188
185885
187524
184170
219181
179777
177285
178424
187579
179401
185503
175135
218795
194040
177947
179303
196849
186012
185948
176825
182878
185198
216258
194509
175428
179048
177196
179474
219562
185198
210610
186403
187910
184819
186456
215384
194694
186682
176681
197243
180116
186835
186371
180286
187514
194910
186441
223810
198171
181065
225920
187206
186882
186166
185148
194753
215228
194915
227632
195945
225053
184372
187822
229918
227730
228016
188509
185025
186112
186667
187715
185448
193822
191063
225670
187868
187103
229758
182864
187580
218795
226793
190872
233846
227627
184359
186817
221088
227023
229445
188005
186113
190037
233840
185662
226485
188504
196150
233921
185028
187391
226833
228437
200840
225547
189779
233464
190148
194709
226577
217667
218983
234043
236048
233860
236114
235282
217465
228509
224948
237868
218414
185186
234527
236908
168428
188366
235439
224176
233319
234890
228432
227113
167619
177411
183579
187757
236732
147839
184724
174827
212627
187537
144905
187413
175449
191804
167151
182323
174790
187215
185141
187825
185789
233984
187473
187053
146526
176075
192557
171295
186151
194278
180442
192418
188077
185230
192116
187080
194576
185409
172619
179197
193842
187007
183641
185055
179343
173524
178558
188023
184158
177178
177441
185491
174826
179076
178523
177111
168764
176452
180978
157168
177551
178033
195699
175649
175845
179586
170264
175629
194621
177537
177352
197242
165989
193788
168078
177724
195273
171551
195953
176569
185170
187028
177406
179308
176072
177082
162035
175213
179178
177238
179301
167764
175496
180744
177624
178716
179448
199090
173336
197712
175988
177900
185471
177308
197321
178163
177984
197538
171389
198729
174153
193772
190687
194827
177932
176880
195386
178190
197361
174391
192915
179932
181368
166223
176157
167694
174933
177419
180096
177617
178496
178389
179328
178311
189055
175529
193006
175655
176311
177716
196159
168963
175573
179548
179088
177732
180757
182253
165227
176173
177241
179568
202860
178569
179646
178408
175105
177949
177862
179063
196449
172510
188905
196670
178419
179311
198018
175780
179997
196923
176945
178553
195145
170484
167070
174892
179215
176739
179496
177195
178569
177571
180624
177865
178221
195842
174127
175464
177320
177977
179161
174694
194141
177564
177278
186895
178890
169842
177747
175727
179025
178722
179315
188945
178393
197652
177677
178829
187444
190849
220871
178306
199033
176900
176388
178213
199787
176506
175812
187075
177717
193927
217830
217720
177030
176053
177547
179837
176722
178875
176667
177809
179914
176784
187133
173130
195003
194291
173240
197214
221311
223113
183373
197065
186436
177903
220517
224249
177608
176621
178057
178486
186366
178597
179037
196349
223966
177253
177233
220825
224577
178509
178270
180787
224283
195053
226091
195378
188474
227585
202887
207812
216880
223357
219690
227790
195483
226199
228155
196289
182761
196738
187330
186306
231491
222089
187363
225645
229232
228206
184987
225361
187797
236550
226732
227665
187211
225036
189845
225996
189574
226692
228108
226334
196264
226090
187275
193171
199504
186760
186609
224870
189744
190814
197707
222530
195265
194692
224376
192241
225915
223882
229116
224357
235018
227642
234549
226521
238091
226113
187760
227332
240467
219496
187320
175213
147159
175273
195574
228632
149265
226048
238948
177336
147064
167438
237004
225176
188599
177661
187514
178551
187784
226975
186587
176318
187691
184195
185566
176018
187201
176800
187922
177536
186900
177250
148205
175108
145423
166684
184930
185892
183918
176644
186742
180088
185100
174628
148310
176334
147260
194604
176320
192549
186764
177067
191887
172070
187429
177757
194895
164428
197236
175000
178789
174586
187487
176493
196777
177266
196489
178617
185947
195391
186486
195219
187566
192942
194228
195556
191665
175564
196291
175245
198326
190250
189621
188552
187920
168594
177839
173634
187882
175368
188516
177170
189216
177559
187273
176020
187266
196609
182619
167687
193860
174852
182506
173865
188268
177543
188371
184791
186877
169326
186694
176518
184892
177793
185729
178449
186898
178238
187992
177185
182882
192924
196938
175651
198243
177741
184834
193860
197281
175624
198213
177413
185419
195008
179449
166884
183549
167939
187258
180075
185216
176597
187739
175824
188900
176463
184737
180694
187386
176544
186430
193559
174955
178925
175656
196767
185771
177373
175153
175419
187343
175020
186373
176802
186186
177298
187015
176887
191283
172855
189532
173972
186398
175188
188208
179659
182088
176366
186494
193854
185264
207863
185143
166053
176862
172354
188785
176634
196136
176800
178476
186947
187782
196153
186251
186263
184724
177126
183759
177276
196998
173313
187122
176075
188494
187030
182574
217800
186486
177627
186393
176085
188378
174624
178529
184566
187613
176908
199677
191111
178864
184912
188591
192992
180325
194552
192781
173030
198808
176681
178315
185290
175749
215762
183762
176722
187334
197767
185672
196456
182667
196338
187309
176704
187421
222520
187140
176677
197559
217659
193875
178686
188980
194629
184857
194551
186033
217359
193394
176907
197614
185401
187749
194940
187371
177953
188662
223733
187406
215494
186229
176642
189899
177178
188968
177955
198101
220339
196516
227367
197007
219835
225710
223221
189444
225821
188917
227482
188108
228096
189013
228103
222151
190035
226993
215562
197126
223579
189537
225990
186381
227497
186599
225763
186960
227171
226682
187370
224429
229552
187832
226537
187739
226805
187160
227724
188256
226492
186421
222916
188479
228316
187897
227768
187276
230164
234773
185411
235728
193005
187416
194787
234993
232642
235084
218333
200844
226089
228385
229529
193887
221974
195205
183623
234213
183968
238693
219280
235769
226444
195945
227286
195509
176765
147724
167052
184852
177403
146724
184068
148100
175870
188686
142199
237374
177130
194614
178377
233254
176266
188547
176049
189546
145370
188512
177902
197151
183684
193504
175245
177993
165090
185955
173165
187388
186201
187581
178621
187273
175338
186539
170624
174800
176083
186757
176875
186391
195669
156749
187797
182587
177844
187386
173989
180178
192689
155260
194399
187952
175131
186634
175859
186225
194737
187070
195719
187990
191551
197346
176905
197928
173810
188459
176143
187468
194123
188080
194627
187083
167671
197634
171649
196662
177058
202123
173498
187045
178729
187612
176125
198649
192105
184647
194720
186880
166712
194549
176353
190439
174398
188925
178930
187476
167934
185955
175890
188997
177839
189551
178704
186163
176779
187654
186995
185259
194739
178263
172143
187917
175642
176414
190298
195193
177411
196264
176869
197534
189852
171648
164924
183689
175799
186067
177895
188496
175656
187732
175982
189396
202045
174809
176687
174551
193306
186139
185401
184053
169271
197759
175757
187899
185329
187524
166544
186589
179947
185331
178594
185456
177834
188080
174098
187228
177102
179503
166408
184697
176276
187374
175456
189170
175183
186552
194837
195632
166876
190987
214877
184597
171844
178458
184549
188549
178103
191454
175932
185503
178622
188970
176875
193354
175058
188792
184739
179148
193732
186945
193815
188980
191997
196507
174849
179381
192619
186775
192792
196301
196827
194466
176740
198604
173220
187987
195091
177426
175052
187208
177471
187341
176113
189411
178489
198664
174451
187083
193305
176676
216674
195164
221073
185539
195555
186469
195830
187388
195258
188238
177085
198042
213955
182745
175992
187150
218449
185759
176516
188466
177767
188048
185913
187943
217985
185246
178649
185376
177603
185597
177779
189657
177100
186806
177022
187289
178842
223001
176699
188110
227321
189296
191793
189724
226175
196010
217181
198346
232023
204068
221903
197399
226647
188807
226392
190093
224191
189055
227327
189857
191604
225444
224221
188125
227286
228868
192925
226950
227725
227760
182769
185388
227278
229363
225680
185932
226396
187609
227978
188163
226439
189038
227063
187762
196180
223970
223407
187599
226581
188997
227327
186937
228101
197534
225702
194514
186860
229081
232968
234674
223740
233477
220529
235341
226898
237803
226700
236961
226083
197369
213873
227835
193489
173122
212651
185837
178335
236564
227442
187406
187271
188355
168371
185283
226321
183524
223772
149473
164904
145553
175549
235983
237462
145776
166172
184935
176689
188684
174195
177487
143982
195724
189734
235850
176952
187744
173050
177548
172872
179283
177178
187494
178095
186260
176514
190975
173804
188408
192336
174932
174328
187048
178033
176890
172060
187673
227863
187243
196193
189767
190587
178779
175862
196431
175338
188273
176200
188594
176744
187679
177702
187328
176503
201128
162481
184812
178401
196386
175473
197738
175694
197652
194065
188093
193424
196133
161563
194571
173215
185273
195316
188113
195298
179482
176178
187647
176649
196221
166857
184914
176483
192424
181466
199406
190018
186734
175657
195983
185160
197296
194589
177311
175108
188449
181584
183929
176158
188646
176815
187476
176749
188842
193321
178877
174536
188126
175691
197368
166536
188642
175117
196677
176965
197125
194582
187764
165246
193579
177145
187384
176709
188108
178223
189359
191702
187537
185479
193190
163556
195030
176170
187924
168699
187907
175326
188933
181985
185040
176303
187010
166373
185113
177238
188271
178388
188782
176742
187529
177443
188052
177198
196981
163276
185804
175571
187789
176481
197742
176532
199128
192629
196471
193280
196062
176168
191283
168237
197782
177205
187644
192910
189401
176491
198196
189847
186920
193722
176577
167529
199356
171168
178348
193128
185910
180306
173587
188597
186012
174479
176691
172548
196584
176797
200875
171110
206131
175880
186100
186587
186744
195348
184609
193452
185173
177200
196417
177163
188830
175003
195494
173594
198657
176325
180075
212579
185905
217501
187195
185060
187672
192973
190261
173461
198003
184977
182732
215334
185792
175524
188529
215288
186835
175343
195509
176319
190388
191494
218755
216855
194782
176841
196506
225748
196539
217306
185181
194431
185185
197686
192255
208291
195554
224587
187657
226058
197190
222801
187248
194576
229271
193086
188915
225662
217570
221126
189351
224943
229213
224289
188370
226441
188769
226717
198781
187620
226151
225129
189077
223434
229186
183107
185178
227286
186859
224476
186263
227048
226261
226409
189234
194243
186807
191967
195634
224115
197369
224823
188406
194624
186616
216970
186398
227166
189270
227953
191817
224619
197489
223221
229344
192586
194664
210186
231416
214945
236153
226251
187325
229367
192393
228078
199231
223021
236324
226650
234953
193160
185265
145300
235845
176160
199351
191612
194818
174654
188348
185534
184858
142509
187373
144047
187514
188948
145421
234683
193218
226276
147759
174474
177130
177468
186656
176887
187986
175606
187045
144523
145959
178012
144704
143704
171085
190226
145506
180862
187404
175140
148167
145039
187078
147664
183526
186027
183892
181637
189108
173558
168849
173143
187363
174842
190088
167599
147487
189190
184587
167787
194326
178320
187183
177253
186727
195233
187486
193722
187877
195048
197526
169158
191905
167278
198033
177262
196047
177030
151646
184787
197676
195372
189025
177071
181844
170494
186587
177760
158012
176325
196291
177279
199233
176423
196038
195970
169160
183537
200714
164661
186862
193268
184070
237316
173957
186369
188286
177038
169963
186411
195296
195241
189364
192462
185879
194393
187068
193575
196609
176479
196962
165651
173098
177228
189301
175441
189120
196020
186448
178072
197166
174363
171958
172697
190116
174586
188995
175993
187248
176370
163225
176511
197140
183554
176544
197148
184834
180213
173542
160014
188484
195822
190694
162904
198502
175218
199105
165995
176499
196672
186581
175556
197206
166100
194787
180007
193885
175067
200258
168068
186809
193026
196426
169293
192642
175436
184822
194446
190151
193190
178343
217244
175797
183195
187679
176876
187562
175373
187784
179353
196383
175123
200266
187680
178060
193090
194531
185932
185812
176453
190013
175787
187742
176769
189343
194950
176355
175115
196914
177895
197770
175692
187633
176784
188994
175505
188602
193605
178608
175880
185107
176114
187849
178012
188604
192456
194020
193654
196644
177233
196607
208622
185153
177997
186143
177508
188273
178015
197596
177504
197631
219975
184040
185576
224906
194161
185715
195280
194883
181491
185458
175434
188579
178381
188611
218707
185253
176752
189037
192724
186554
196963
183889
192619
188235
176524
195774
177552
179163
225599
196341
226840
197685
195449
229229
194604
225203
196476
187647
192258
220607
189539
186808
192654
187193
238865
184534
226271
189927
192449
187770
195644
224507
225170
187488
225547
227740
227289
186486
184682
187852
193499
188827
225476
195993
217670
184727
227379
187904
226916
187499
225807
184303
227717
187854
193942
187273
215943
235644
226850
189125
195191
186125
228790
195511
194837
226195
196863
233676
227376
234001
215148
198945
216459
187795
194561
235534
194905
197216
228327
194903
223286
228833
196283
194042
142865
234362
188310
227104
215266
232434
174206
186722
177672
228798
174403
187912
180024
184784
176566
237088
161651
185757
192559
144523
174306
180320
174042
188455
183839
188140
179170
188824
192872
186125
224015
148718
174308
173381
171313
185787
144579
186002
191981
187481
166699
193372
172599
186273
195318
234993
167816
184233
177405
177794
175186
189271
176365
186005
158830
188378
176395
178235
166588
186791
174158
190098
184068
187346
168057
185479
177805
184987
193053
186268
171115
181915
176145
187484
175611
197549
173719
186581
184052
187399
194569
186479
165689
175538
194955
184917
193388
197178
174584
188181
177767
190398
174384
196982
173403
171075
190684
186704
168834
182499
195709
191948
192917
184842
176732
184549
191270
177893
175218
187629
177589
187967
180336
184468
177977
188382
174729
169688
192753
186498
170528
186552
177445
188374
175594
188480
178070
199629
174716
196209
175200
196910
193537
176248
176143
195972
174860
187654
177815
188251
176907
190439
191341
184461
168501
185732
176241
179809
175662
189017
176749
188002
177153
162934
187273
188551
176195
178628
175461
188185
177258
188967
194148
177406
184905
187591
194026
195634
192835
197892
173171
185316
176865
189221
176123
188840
194742
178917
194742
187772
183048
194646
191802
189467
175416
186132
175494
188689
177583
188134
177137
197196
194163
192391
215639
197561
174315
181190
190216
189341
173411
186821
175669
186554
176677
187950
208810
184201
194216
185868
196226
188983
173187
195918
195080
186558
193712
195732
215827
195928
176639
187441
175671
199942
176073
200813
171107
186426
188449
187161
197614
183363
175992
185996
176772
188120
175977
187133
177396
200393
191181
193732
193704
177498
172802
188865
218040
185762
175130
181168
188293
222838
187689
188388
221546
191809
222038
186578
177158
187624
224136
188481
175454
187654
176283
196501
227474
227099
223085
187554
225961
187423
177013
188238
194106
188255
193120
186617
227154
222830
223051
228978
224570
184734
227213
191875
184040
187231
194295
231615
223346
187902
209700
195294
224609
228978
226197
227486
220813
187442
225308
187827
228294
187943
219441
183002
186674
184502
227279
186744
220106
187544
230213
197977
193314
228625
228313
185339
193825
188030
263405
234381
193276
196325
227945
193714
217479
234329
212226
233554
215928
237617
226404
188637
226509
237913
227215
238449
222214
195960
220316
196756
224417
196350
216607
235838
234708
239276
193233
186992
226449
237373
178897
176401
225630
186878
178253
187087
175816
188138
174569
185709
227334
146518
175870
227470
166015
189035
176809
188646
176022
189476
143287
187398
167160
198265
175554
179062
165607
186318
179311
185656
173150
147381
145164
185436
177277
147504
191789
186514
167596
188137
175994
177694
178751
186644
185661
187585
178265
187406
177368
186431
169683
184822
176313
189195
193857
182629
177686
188674
173744
187112
193936
185788
175933
179694
174981
189239
176361
188154
176136
197686
175764
188926
184564
188416
167534
175403
173198
188022
195423
185329
178129
196356
175178
196957
176549
188385
180611
175619
174880
186038
167980
173183
175334
187930
176624
188308
176012
187187
174691
189281
167195
188072
174047
188531
175899
187694
185975
187920
176749
188220
186534
186808
168013
186424
176180
188052
195437
186809
177218
197487
177148
194864
175265
188689
164882
191694
195607
187553
176378
186928
189010
184702
176962
188316
194804
187068
159315
197502
191549
179175
174225
198581
193644
196794
191278
170004
187139
184068
185441
177924
175912
186641
177935
188491
176426
200311
167864
197839
195752
181521
176756
178639
172458
187877
177814
187057
175283
190165
181028
175221
184153
194862
169509
180120
166531
186318
176351
187305
177426
188976
176924
187624
177885
195666
173435
178998
176521
184694
215254
186869
176226
187108
178015
187112
177537
187621
176318
188564
218699
183812
188634
184529
175336
197709
218171
181521
192784
184050
195547
185426
183792
194258
196471
190009
182937
174919
186541
198132
175444
196168
184751
183316
210883
184153
176669
186847
195875
189304
191649
188579
194528
187076
192722
186807
176634
178882
176573
179478
181814
187796
176938
194617
223176
186429
194120
188672
185301
186549
175326
197333
176885
188931
227471
188285
175636
233830
223760
193579
176318
180326
224131
188308
178589
187827
225682
188373
193499
227697
194695
185839
225588
187999
215759
184859
227365
188634
227783
186629
228767
188426
227201
231297
225068
184865
218318
183799
217299
188800
224677
187817
184702
188434
224855
188111
227387
188338
216461
185935
229243
187090
226887
188170
226990
187623
227429
199010
234937
227530
196095
228755
191589
188944
228291
185561
226780
198098
225739
197166
225657
186360
218897
227401
224465
236735
226732
189571
227307
190576
224078
188574
226496
198817
222730
220394
189664
238682
165887
236271
226654
198514
195391
147811
223336
187993
184251
192526
171492
187990
176170
174647
175754
188474
177617
238098
227755
200549
188965
184243
164957
185852
177444
167531
145479
186127
145300
187229
177162
199021
175917
178847
165752
176485
176651
188328
175897
187579
179489
187742
237822
146631
185326
147067
167862
197822
173947
169190
185927
178644
195411
192965
191428
182894
186478
196674
168543
193747
177637
189467
175556
186524
177922
187403
177446
189852
194428
185090
195997
177000
175198
196402
176431
198950
189346
195216
194326
197183
193915
185710
166373
176984
173637
188343
177120
188259
176697
189852
175085
195734
175195
197757
175065
188226
191787
187777
166403
187022
195168
182473
197917
189063
192461
184870
177830
189388
168887
186553
177212
187278
177118
176137
175366
185020
176814
199392
173927
187050
193561
198248
170040
196080
177301
198579
190461
197136
173291
198524
170791
175626
162822
193399
177627
188277
177619
188395
175826
186502
176945
187543
193620
187438
176317
181571
172471
176659
176079
189526
176472
188384
185539
185794
177050
187840
178531
195128
192151
188100
173573
196151
176267
188967
176438
179574
192546
186333
176631
185486
194341
187516
177436
198386
171674
200607
163872
187220
193546
188805
175982
184553
168515
186103
176568
188889
178168
188960
176945
185241
177090
194899
174637
179633
193110
185709
167820
186205
177524
197391
186877
175246
177794
183521
176649
197521
175180
184055
193870
186947
177746
188440
175383
189364
175584
188168
188564
183582
185784
177787
174371
184095
170241
195331
173631
186977
179130
195715
177912
188348
221469
215739
175501
187371
177188
188125
177664
188988
176566
199486
192072
195817
189428
178488
173729
188892
215943
187371
178097
189466
176065
224054
176110
188145
177050
219168
186566
174975
191328
192487
187192
217860
198882
216153
196744
193095
194766
176223
227920
223925
187990
195646
184261
198231
195401
177566
196576
193131
187719
218931
224820
224266
188987
218970
187448
230337
185095
214677
189631
217629
187131
226815
228542
225292
185887
218314
187383
227332
191183
198905
187629
221125
184467
193912
221549
185088
185809
195341
186970
227740
186599
225712
188371
194704
201000
222201
186962
217527
185418
226747
187977
226026
200298
229922
186659
195123
197566
236772
236873
215763
192794
226524
197516
227579
196387
227131
198952
226767
237637
223933
239620
195118
232021
235727
184795
194264
237767
226283
236405
177811
236715
227296
187340
168851
185559
179882
142340
228151
177195
178897
185557
194410
187760
191943
194875
169528
179237
174714
188175
145468
175847
183699
142869
176614
148282
227872
177624
165774
182823
174569
188210
176571
188426
174809
191950
173446
186571
169689
186457
177400
172875
173078
186970
170163
193170
194742
186606
187498
149613
174428
187531
176554
185797
170436
193960
176408
187523
175995
189809
176957
190875
176063
197968
165917
196998
166977
195250
176546
186674
177030
188142
194694
182285
188712
186684
177331
200958
157997
175103
173954
187572
169731
196544
177877
196992
194196
195203
184631
185380
179684
176233
165015
177811
175188
187699
177338
188960
175443
188867
176245
185980
178967
187719
178732
193556
176744
198737
172160
188366
186363
197030
192073
196068
181037
167456
176867
191448
173058
187974
174919
197739
174907
185080
188015
188726
169373
184634
175083
187230
176183
188210
177195
188579
178136
190266
175658
198350
172230
198879
166055
203566
200178
184389
196544
186885
171521
196818
172876
189135
193308
188078
176344
185083
177581
187473
177716
188601
177176
186276
180258
195341
174915
189025
175005
179664
175852
189117
194644
196616
195076
190208
193787
197123
195362
172170
174824
177321
183556
189340
211582
185844
177217
189158
175707
188513
193624
186602
179358
174722
176137
176168
175744
189359
177165
181496
201186
178032
184939
185884
176955
178982
175514
190930
174443
189266
176597
186346
186458
187930
195426
186922
176524
179759
173784
188557
176556
190063
177188
198943
173959
185977
195110
185135
218276
184358
219340
185724
177887
185486
176338
189639
178892
185041
178158
196379
176185
177643
185766
185539
219256
192960
176739
188410
177511
188519
176599
189403
223665
189201
177534
192716
175365
184178
176161
197097
216865
185737
175975
196274
225760
189368
225567
228527
224549
186977
195339
228379
193684
186770
177553
197820
226671
221389
191416
231354
183506
186073
195621
194100
227951
195363
194416
187669
192426
184521
227065
225719
227550
231434
222025
188055
227229
188564
229925
187617
227204
187215
225282
188790
218629
185328
226200
189864
226930
188529
227229
189056
223902
197988
225037
188684
209502
230351
225883
187406
227331
185837
195865
233750
185398
185649
219700
233858
217547
196795
224501
187248
227093
188634
227943
189890
226254
199208
222462
237750
227950
229352
226098
195281
227223
146002
226725
198461
192930
187404
236161
181005
173877
188858
175752
187150
184935
189274
176994
186978
228752
188455
196707
184779
175758
179566
175912
186621
175075
189228
177702
147806
174739
145907
173734
199394
168136
183696
174191
150513
186785
186591
177255
147034
177018
189381
170165
147095
173268
190087
167448
184546
176464
186975
174408
189190
183837
188737
178095
187887
174729
187771
167461
186345
178263
188968
176513
188674
193391
188937
176371
196734
176504
198253
169857
192917
177461
198166
176227
187166
192857
190023
195582
187115
175178
178987
173004
166233
170840
187980
177027
190384
177561
185997
185541
188030
192797
189762
165568
186017
165411
176002
174751
187863
178837
184192
167444
178621
184123
187123
166811
189471
173238
186968
177799
189037
175864
189770
177150
189155
192870
197686
174416
165406
175784
195068
178237
193722
174824
196589
176303
196954
194775
185088
175601
187471
175220
184047
178521
186372
187448
192063
175792
197897
186034
181970
195082
186744
193418
185754
170869
194496
177005
187531
175736
188543
175809
189037
174894
190125
167045
185509
175032
189897
176784
188547
166571
185514
177879
192659
175145
188338
175226
179634
175611
196193
174784
179850
190987
188563
194340
186892
176658
174376
168468
177283
211067
185914
177213
180310
188995
175687
188330
179167
197108
175007
188953
187787
182380
194022
193038
176173
196281
178689
189561
176188
188594
178007
186469
176278
189769
215980
186393
174411
188656
176120
187998
176551
196732
174706
187142
177150
179601
174475
187694
178391
189835
190862
195880
175015
198594
177847
180055
174027
185200
173779
186150
172649
178797
195101
200694
200048
195173
192579
196887
177637
180271
175080
180360
173316
188899
179725
186400
176260
191509
223742
188902
177090
188509
217005
187286
176130
188433
176970
187779
176323
195253
193935
193938
185007
176143
227933
224930
183496
224038
186677
193667
186602
176607
197314
228005
227965
226151
227422
224211
187616
227407
194553
227123
195519
195240
185469
186113
196041
215632
194346
221231
224514
225927
187679
228329
186868
227125
188101
226604
195975
228206
230218
186689
185650
196629
183849
227084
187458
227088
194609
193774
198098
223748
197519
218822
193602
228424
199624
222023
186815
197509
186656
193296
187644
219195
235788
217877
228532
225872
235545
227740
187659
228472
187935
202885
199138
219066
236868
225599
228366
216715
235214
228357
198268
226298
239574
200361
211434
237078
183554
175659
178323
175005
187223
178982
148651
176882
179536
237246
192699
194400
233168
176511
179358
184554
186514
177767
176681
149611
176519
187082
144386
177370
182300
184339
157330
185172
192760
187958
176874
146834
145398
187848
177378
146947
174390
194290
184386
180737
179079
183339
177003
188498
176178
188689
187827
185696
178584
186436
178088
189353
174729
191295
173275
187020
177707
177719
176439
186511
187017
185150
177744
178677
176343
187431
195388
179789
172105
196417
176548
197858
176045
182180
154693
184405
166420
185435
175619
186807
175814
188755
179914
184265
193951
186212
181067
184650
202047
177115
175982
194661
177744
187972
178215
188436
178812
188681
173681
186960
168702
183664
177253
187834
176401
186320
177369
188057
176215
195675
175759
188902
175453
178034
176524
186200
176669
188143
194779
187980
192311
188175
177228
188388
173678
180895
174240
186787
177002
187887
176779
188755
178967
180514
174280
188949
167949
204116
173133
180231
173188
189523
175243
188368
177681
189243
177248
187857
177764
188326
185301
185629
177160
188937
201461
188827
176062
189028
193834
184902
176962
198862
167256
194636
176131
196148
173761
197043
173970
197489
178724
185128
169222
183258
210083
194138
176353
187744
175247
187033
177408
187176
175621
198045
172488
189481
172157
199098
209374
183569
176373
187429
178270
188564
176845
190516
175042
188817
174691
179105
172997
187022
177526
187980
176439
189296
175481
196875
176125
189067
176453
186383
217080
198406
177047
184270
195151
188517
174806
199123
175890
177909
174697
187323
218800
187661
176506
186814
176814
190396
176174
188484
191589
193203
175774
197636
217734
194882
174468
186524
177070
188433
219612
223406
178025
223682
187707
185037
185403
185343
176272
188940
175326
188511
175501
190408
189878
185378
193992
188038
183900
185719
194789
185067
225752
198574
225046
197689
225662
187599
215953
183017
216506
186025
227870
187499
229198
187845
227470
189696
197513
182579
185047
187344
225206
229475
215885
183469
186261
186288
226108
187862
227820
188410
225387
187682
227010
229143
227933
185709
227467
187534
226892
229434
225083
196456
225075
187637
226312
229467
225757
197885
226238
228697
188316
228993
191436
186714
226697
200898
222244
187115
219254
236296
225188
188829
228006
237321
226857
194637
194466
194236
216035
194799
225178
234296
227481
236038
215780
199413
224852
190438
193005
236952
195053
187448
184391
237115
177628
187781
173238
236381
143080
229484
147435
174263
235817
147092
179433
175263
148042
143635
186320
142907
187156
177634
150057
175742
238890
170809
180336
166654
185629
176128
188579
178811
188373
175942
188380
191386
236612
176002
180045
165829
167667
186364
186819
176924
198704
170036
146723
177439
188211
176676
189386
169427
186862
173985
163122
177599
146809
164919
197213
193344
187311
194731
186731
177373
177937
175122
191606
171150
186475
179068
187055
194233
187201
167695
183534
175780
179646
172489
187659
178132
189557
175799
187952
177506
194676
194208
185286
175673
178205
167583
188055
176080
187767
176940
189353
179135
186742
175897
188869
174185
187198
185251
185380
177809
189175
177348
188396
176534
186349
194689
188446
174641
197925
167015
196030
194426
192890
194747
197419
176746
187358
174922
189213
168173
189942
163563
186055
175829
197442
176756
188862
194692
186925
194275
185305
185708
188013
204110
179481
165513
195208
176328
196172
177984
180554
193745
163548
184168
185641
177256
178630
175206
190601
175822
186827
175974
189411
193336
193752
175170
188679
179411
176831
174609
195335
176326
196170
182752
187912
191385
185864
185602
183451
177589
179431
174719
196140
177135
188231
194141
197198
174486
197345
190669
198659
191654
196584
205985
186701
177456
187469
177234
188368
178523
192187
173254
187531
186625
197221
216125
187285
193912
186674
176090
187985
169664
182569
187945
199747
170518
187398
217582
186348
194506
187012
217421
194135
176690
187928
194476
197113
195203
180384
184082
183240
175990
186634
177315
187546
176610
188185
193977
185073
175058
187486
175894
181281
213208
185711
176192
189448
178804
197531
175686
195002
195398
194537
188363
178354
194639
182993
176095
198128
225500
196073
177651
195343
193349
195348
195308
227965
224046
189815
224640
189243
194461
225825
196328
186554
194105
229093
192400
187568
194687
195180
197007
184316
226314
199651
224868
230076
224733
187661
226133
188854
193802
226456
225399
196193
229755
193998
226867
196241
197829
186393
224462
197772
217602
196722
224304
197629
231211
184386
228030
186095
193245
186258
184634
187711
194473
227908
217305
197201
225035
196188
228204
193092
226111
187564
218121
194664
225581
196326
226278
237238
187513
188098
193363
187937
236875
197715
188250
236557
226441
229376
217321
234421
225925
188559
225955
238063
226096
188435
228705
234196
226930
149080
162085
144761
177544
185045
142187
173035
227381
146636
176065
238582
173571
187441
169012
144212
176622
187155
182829
189223
142353
148250
143586
179308
241166
189782
190567
185268
176331
188759
183351
181825
177055
188002
192925
186436
167088
146917
173541
172233
171533
187381
175443
187539
175779
179085
181436
176990
182448
185491
166829
187577
174920
187940
176691
189359
174568
188950
193140
187218
175436
199667
175223
178672
167989
186907
176907
198422
177503
193130
173834
185651
168027
183675
168774
177934
174225
186308
177136
196113
176385
195249
197140
192907
173466
189742
174912
179600
164835
194238
175426
188862
177273
187414
196135
185957
195298
196654
176904
188286
167704
183887
186541
184922
190456
183311
175481
194594
182571
188306
176581
296981
165453
195306
175275
198621
194604
185461
166100
197684
176353
180258
172942
194461
193478
184366
176648
197356
176852
198076
194569
178717
183756
186968
176117
197331
176596
190115
171787
197146
176922
186404
170892
198249
181724
198662
176987
196894
184395
179539
184198
189972
173769
188680
193363
177549
