259809
291162
349264
340905
274625
318635
679143
278590
321922
289919
300209
314188
328399
329187
354158
332146
342402
1260498
306420
336955
1055771
328094
342471
1080996
301840
315938
1036897
315479
355842
1120932
225309
298864
336464
330646
345652
404029
282823
292675
700044
323013
295436
321437
321113
286292
319819
328236
324334
281551
330492
1259079
355172
320060
1171337
321681
353224
300748
319646
340824
925094
284675
324283
332442
306758
280382
302326
307260
359677
315647
321026
250294
307687
315217
1102554
274118
293429
1115931
292855
328455
1356489
1264500
306035
1409081
311618
288995
1250828
319077
316278
1097760
312662
340526
1240102
320881
320550
1078264
340965
300575
1222227
299291
317185
1182701
311301
312919
973742
346885
318319
1137316
307669
317479
1070350
318979
320184
1136271
284991
331926
357172
321949
330190
307246
307127
332933
322532
315480
334085
327078
328160
314747
305563
267550
1006317
315128
348530
575269
326795
297473
1175526
317117
262580
1251150
264860
314935
1178269
326212
1323164
1466820
319083
351032
1289099
337988
323844
991257
319085
343765
1156127
319403
317988
1313232
322869
307875
951958
363632
330847
332459
319182
281898
805104
329512
304549
356637
307190
259565
344518
298302
300277
324829
254884
312853
346782
315621
353089
295442
312664
623388
346758
327202
315178
288458
288694
339099
290126
292632
310872
311985
695430
307646
315020
1144344
301626
312157
1213280
308913
297242
1031854
313528
375975
1163707
330456
326829
368262
273386
261531
325434
292723
324103
288023
313413
343940
322384
337349
297800
305135
335885
1136282
2004070
321403
830069
316179
318449
346416
294475
356860
1157549
307714
291844
1292215
313901
335143
1050930
287485
341077
1288173
354907
325968
279131
306728
338962
918080
274958
320792
1249193
346894
325851
1041965
324114
320859
322339
257919
324569
910895
313929
306867
246938
315886
310855
314975
292262
277444
312270
331833
324685
320909
282672
254267
325332
344575
391570
266729
292078
735196
316187
285325
374614
309680
312170
312012
280671
318579
312947
320884
549462
337346
323009
1169492
326543
271574
1231973
318061
290340
1034490
298870
313105
380141
315634
345958
896308
341685
330087
332948
289778
273757
338322
265808
350210
340974
313041
1020799
272985
317924
1217481
335456
370742
360336
315760
315487
1027290
324596
315299
341961
307376
316068
743728
288910
310792
361365
278980
325705
381861
316807
317608
360648
285861
815482
316425
315625
1206215
310656
319510
1360052
358927
343344
980412
339584
341624
1031312
314709
325270
333475
303757
278901
347732
276536
290987
348728
349621
340563
319701
279896
274280
312704
1196490
484069
289578
346486
1492325
326553
315776
1075642
351502
306889
1587680
256286
313013
1203605
348061
306351
1083299
300562
318361
337354
285206
283949
308137
372016
323608
302899
353031
339738
338642
325408
305654
306335
320427
1163412
318743
315112
1248726
324239
285494
923240
318508
331643
346778
326836
356028
822994
330785
589220
334249
323276
300961
336575
304804
735401
370451
324175
962620
286591
338707
399915
327545
352839
989903
314593
298988
364157
294642
281568
290640
344207
350086
280160
315288
1159166
280116
270689
1374283
300168
321012
1108666
312237
348013
1050660
327098
329343
1272869
328932
328367
1151295
315673
319111
975335
314561
333564
357209
411559
973733
771792
348088
348442
304874
314002
336827
722783
315703
316073
265664
312740
332956
291621
313546
267308
334011
266494
1032186
318851
329403
959952
314254
312853
1199245
344954
350169
998357
327992
344692
1009078
311433
297368
365633
295897
289448
861409
308749
297108
336432
358057
357990
360815
329612
299098
279785
287347
1585507
266088
259017
1195083
322852
304413
1090503
324001
330673
1221320
291258
330396
1325778
319835
283758
915266
325188
301699
970010
303065
323468
383724
322662
342049
389841
290953
333323
360328
291046
277892
347813
290324
306322
358712
315400
861704
299347
338672
1229065
313310
343777
1264124
295023
326424
1185694
253854
352041
1252514
255336
257772
310822
327575
317596
357758
407547
328746
312610
342339
369596
314687
317674
274248
263351
310345
1161612
306131
295606
1107539
322872
312671
1179948
315486
314192
1235688
319559
292221
1199924
315996
334265
1140443
295344
311505
1217377
328519
309426
1188489
300682
286607
996089
290973
355127
329185
303795
316455
708975
297998
265175
306265
294464
298628
249961
319171
829237
319943
364137
1043957
322830
347695
361118
300684
235767
350497
282266
323049
1144240
363124
295300
328855
361536
423798
317734
342258
359569
289398
307803
275036
340175
260981
963607
289556
266486
376670
316859
323343
836388
320733
367451
313218
327349
296107
348132
325171
300895
385574
299604
308166
321542
293289
317791
302598
312903
769090
289233
315936
320220
301620
355732
358081
308629
340525
349631
329963
328071
344108
327736
1078976
337689
372164
1053308
359238
337213
1305316
332952
308005
983223
324833
341125
346102
280827
308080
295249
365886
267823
874345
328040
333232
338136
334630
303148
334347
366992
334250
324945
279222
312193
288650
318092
1018615
326673
315495
1071976
313146
335490
1107039
281008
323568
1245022
339105
305664
1026306
323451
308406
1020354
306901
281891
1034371
309194
328593
389607
309567
306339
308049
315647
299297
318622
279164
244116
326555
328209
1097491
294099
221727
1463762
271506
315277
960839
365884
289011
322642
293365
321100
1308339
297122
228164
351182
281243
262465
1033088
343445
225847
353775
296735
356215
302428
315653
313646
296322
339357
1578323
333826
338744
1077659
345674
349742
961280
317790
299359
420510
314206
308988
351872
300744
317724
325370
322145
288788
336543
321769
343469
354552
306827
598995
307863
347404
1142465
321425
325847
1130652
346031
1083294
342334
315443
328270
337966
318498
362389
1009974
289135
295235
358092
338439
303988
317924
293762
303106
224493
366519
1151651
307514
368577
1256648
344868
329163
1160481
325903
312781
1081816
308655
355801
1270893
330723
315802
1237088
364684
354729
1107581
314480
387715
1285369
325772
352030
1018448
328870
344661
1097001
275257
325230
343314
258481
305213
757080
305329
315072
366827
304912
308695
338983
329594
304264
238516
312077
871012
277714
288995
1662653
353303
279294
908530
325334
305903
335067
313310
340672
407468
323169
304952
363203
276932
235389
290053
290146
279068
300682
328820
1194231
327350
331964
1256118
339146
306819
1071149
328740
327102
1051955
273847
1085110
290675
318503
293234
428812
344405
288326
916360
297771
290943
359216
294405
275934
297321
342186
292367
294706
345189
1118251
312293
313453
1249677
324296
298651
1150798
289093
314479
1122127
288365
382715
1344309
323430
300686
1148497
361401
300845
1150424
327258
326677
988518
347298
313372
1244001
316484
336514
1173598
277730
358679
307813
318686
299080
288403
282207
298110
363372
301500
307963
290952
306494
311512
338565
340099
1135249
301159
312115
1149001
279296
316333
1148862
273869
279708
1047139
295544
336635
1109029
279651
325317
334132
291475
290572
374852
376374
288592
314962
310086
301881
299471
308831
299307
289694
316240
936617
278230
340830
1259340
294791
248564
306355
322215
311245
350261
323299
367955
771707
328482
346451
295243
291705
262870
258387
277221
347119
353273
332364
1113090
343098
330330
1142686
280256
302050
1269838
314555
285793
995993
306924
321964
973740
315850
350126
318435
295360
318366
345956
315641
343186
476336
295463
229062
317600
318398
294341
310337
316593
299988
286511
281401
334688
333638
328858
397241
347242
291366
339393
341158
259546
777791
355776
327261
300877
329197
324148
315584
329119
354737
314669
312330
716557
324262
328742
1097905
388606
326234
1069976
299574
317933
1204857
310387
325479
1195538
343220
271938
993507
297797
295670
331585
290989
317469
347715
309262
316790
325120
324706
618333
308789
294692
344613
315683
341492
305166
312663
360111
473526
327970
327576
1805548
351451
342583
1072515
315777
376450
1483927
305375
294991
1195302
317542
291013
1176002
282804
319101
994031
335151
330895
384284
331470
292763
852319
332734
312341
313053
336320
251639
318372
318959
232133
340740
364536
1119359
334365
286781
1121167
374293
272389
311021
331468
257088
651801
288083
339906
327806
283883
331433
293806
328756
335027
357600
322798
695069
297543
368193
1075590
288536
318567
1269182
290118
313009
1124450
316945
320617
1212302
325154
315525
1090946
333465
311546
977957
343207
313839
1066704
277339
305905
329626
314609
371615
328123
338138
333259
926977
284416
2188406
276822
313250
324270
319966
294479
321030
281618
323468
381795
320185
324909
357231
296763
335524
1112305
314026
306740
1652371
286978
334942
1153925
311203
317251
1079820
300137
288779
990034
341923
343542
360493
290300
333814
373974
341783
279965
327351
289945
307558
272957
290432
318558
305427
315168
606212
266654
327247
1204282
289123
1084242
336048
321922
303206
399497
284016
317243
745145
361854
320204
324578
320787
296883
332329
299681
277592
310650
282583
1309217
291356
315142
1062034
338341
321826
1138632
296725
300734
1109259
364193
312550
994085
283309
299983
411898
290592
336557
687812
322772
351359
349064
326603
328658
284318
275016
264249
338490
316008
1104368
239522
349114
1137304
288610
319190
1045514
322397
367926
1091716
324989
312401
1274998
310112
329566
1047552
341690
318873
1310420
266632
326149
1083749
284746
293913
898378
302426
291990
332398
309377
307993
293900
346480
331568
286647
311594
263379
288211
288255
334363
288584
294429
1416449
319244
343692
1066824
314377
357916
967158
310004
258134
338246
344852
319470
747592
365313
361362
310050
352566
280777
330750
319037
384022
330022
365159
291864
323670
296388
470303
271525
271954
295015
318301
290139
328531
337216
321034
322305
325661
385293
319969
309383
1349951
345936
290438
1153279
319699
332698
1105113
296160
338717
1100667
293802
352632
1191093
322521
304063
981353
244773
311648
671339
312416
313947
358069
300620
322243
340828
293686
274569
347903
324300
1108588
328485
346616
1050658
317067
294259
1049218
347590
338815
978606
304862
329001
370310
320625
593899
726139
277963
286596
322273
288980
343455
287886
357441
619243
313316
350550
1134653
313795
304602
1200770
332937
317798
992016
337290
231071
1126557
333892
284565
1321818
298413
302605
1109116
340010
331139
1168829
325920
324494
387899
267306
319372
1054395
344795
330188
321134
339074
286797
308470
342645
327022
313391
301301
1178231
352585
295329
1021641
376124
350518
943023
320070
337094
1338946
318044
319972
942179
273261
306149
310533
304183
318079
776680
329747
316458
306237
241763
302073
301281
326639
346239
309368
281371
1054585
303010
316026
1069776
330294
319824
1167143
317092
349762
1274034
332325
272450
990292
305919
333646
497758
311754
295694
347468
376773
319869
740050
342474
288145
288959
306624
300963
286989
305908
276401
287665
307982
465932
294502
282299
722928
320743
281708
1248103
341417
318520
1465882
331040
303491
1214896
350665
317474
1086602
314446
346833
961200
302893
352573
452650
312953
303082
371017
301845
288129
825805
313965
330230
283563
331595
357444
313047
314835
319635
298247
313328
1249410
359727
313193
1086304
300529
310668
1067255
316002
320419
1414408
305650
307599
1192523
342129
328810
1081688
306169
323835
1124864
253535
311750
373944
376262
311666
346265
317101
325406
260999
332880
341406
318568
922272
303145
284213
343114
1234016
263138
345778
302608
318514
315569
333025
319763
373349
1073912
313376
337958
1218115
332942
309094
1043746
355854
347418
328352
307644
388837
625124
312947
321816
366747
341953
325217
312564
329033
318569
303743
304774
3079901
298375
312250
338184
371290
294870
1241001
301557
326575
1085590
298886
325508
1184803
286880
349247
1312668
343088
299404
1420613
290106
315030
1108479
293582
302563
1433090
337272
308029
1230042
322864
330426
1135681
316395
276876
1231093
332153
311398
1106731
325004
314816
1188692
311453
347052
1262656
372429
316772
1051176
318102
358578
1121983
289792
317099
1301789
315028
283064
951226
314972
310541
989594
318739
320705
1113829
290879
315411
1097902
298152
313797
1053950
305136
338826
1048382
277446
311800
487084
316044
287034
323070
316048
266404
289009
349096
300137
231291
306133
339838
333860
317592
746040
312639
324033
1331303
312951
326014
914898
327828
319248
1139775
401677
1284198
1011820
305558
321868
1039491
293750
327942
1041041
327371
313759
1032022
337940
354831
269224
313544
342853
332236
269304
310853
361798
347833
299460
315298
272755
260321
340247
351283
1110705
328368
342719
1118375
334125
318192
1219149
312298
293271
962631
341493
323155
353376
330574
312047
309310
315696
368920
302557
281595
259696
363141
290554
303858
318919
326906
1210131
314200
356843
1181585
333235
222318
1383975
321719
300141
946751
305419
302362
1060208
315872
329664
1253484
315362
345080
993764
363072
321900
347556
332936
279893
525718
301402
305886
285305
274938
361625
358455
272444
374846
336997
345925
1113222
370220
337077
1081834
319081
333072
1237840
304894
311617
372449
275451
331988
613036
315371
294695
305028
283268
358458
291160
245228
1258013
306778
311577
1038611
328856
316462
557544
345538
353016
1167322
329993
317899
1169736
287188
330609
1037942
338540
339752
985617
285582
288112
1226761
309501
274437
907245
307837
319426
1133819
290672
335669
1165033
318731
330230
1068958
337573
300239
298188
351228
355793
644839
333050
317590
352298
338038
298481
354593
204444
286162
349567
327563
1119239
310922
366047
1248664
298344
332142
430409
324668
333203
330552
317298
288123
323228
317542
273236
338104
326533
340014
328938
339443
1219478
326377
328630
1110188
279460
268228
1019264
324923
344400
1182104
323020
292024
1095108
274627
274829
293760
332423
277465
320280
301061
308208
290843
298351
297923
268880
323506
1429456
308328
299343
1037947
343331
307097
959738
313665
284763
1215163
316844
288107
1195510
306870
333164
1091243
298443
337755
1271378
318019
317160
1144861
309879
291138
993582
289804
240269
1011167
314681
343054
393964
311682
309457
366240
319879
279414
228292
318051
306939
288542
354712
286058
273820
345904
1142307
292056
274270
1285848
310381
245779
954197
309494
346466
364163
306662
358831
309006
316909
308404
338924
298923
343542
310275
345329
716524
316644
344040
1062185
314946
342669
853701
289025
288267
351696
308643
306922
285941
321995
290968
333970
306715
303841
309341
254468
300813
316679
332421
367750
291924
343209
1218681
353536
304978
978389
337176
323058
534375
290215
315132
337962
318416
276670
1020912
307886
306372
323424
337486
296276
291374
228642
267765
310716
311872
648405
320806
261171
1258971
305213
299564
1306436
297384
290773
1045037
311324
294157
1108696
317527
304987
415063
309653
290387
2392124
248080
311520
340334
322718
325839
314781
311925
355986
312424
322285
1112050
1174448
296142
626349
316636
332814
1188212
316842
259538
420584
321022
341841
411092
346943
316155
332252
311177
330136
299849
335206
328897
327288
272883
611843
314208
273969
1218352
319994
312303
1050809
312512
324183
1093186
281401
334799
1193433
344244
342236
1248290
314171
347911
1050403
315551
291517
1248045
315002
293166
1013591
365286
331937
377368
313544
330430
677459
315437
304729
337924
292199
301382
316588
325953
748075
321090
310521
1037611
273590
318621
1109392
317753
313324
1146683
349904
330623
1001759
307939
323879
354352
318691
312426
362630
296902
314099
830729
291659
322540
1721256
215190
1269666
380171
291055
289328
322038
336717
312153
264076
291555
1092306
283149
308789
1144456
326096
333197
1045652
306574
336578
1102624
316004
328101
1280856
284009
308333
1002072
320789
292970
386704
307707
317795
712860
269104
325488
342156
293366
339455
361215
323193
336580
338397
387446
641452
300053
318388
1155113
312490
1392882
301546
296809
312957
895784
307899
402313
340552
342747
343020
953943
330097
319486
360302
321697
246641
319560
271544
304452
314206
268671
752710
338673
332044
1125043
315756
318683
1051262
291593
305237
1181316
337513
317455
958496
341175
313011
986588
305660
318272
1039014
318676
399308
334157
327379
261725
717671
350510
333757
584156
298745
1266559
308068
327427
295430
344344
357498
323009
350408
342011
1250816
318111
319048
1292681
342134
316073
1110087
368636
333335
1123440
322512
359224
1413746
331973
355280
1190153
311065
340470
1041024
343950
314280
1246391
306839
320841
1043962
313075
350783
1150462
348343
298577
1131750
335738
299399
1034869
312692
295670
399148
338858
284634
305093
313228
347759
460594
317009
314963
336063
313402
320392
343514
239588
1049569
300927
335062
320724
300610
269359
1166004
313382
288542
1236308
316141
276852
1107022
316290
280154
1062317
332661
339622
382250
330974
297070
380065
332626
303182
903355
362270
332220
305322
353595
252976
278486
299479
316688
305832
314856
1587996
951095
266602
831680
292654
316972
1091521
290430
293756
1134791
315703
314360
1094718
320634
330666
980368
313320
336940
403800
325481
328238
318045
305614
314475
788157
360325
339518
653776
288195
346063
316075
291502
287440
327144
319448
347278
330525
357587
682339
313717
372491
1105229
269575
332804
1201149
315399
316627
1317558
1032950
249237
376279
389839
361236
326998
317293
319294
317329
328604
366403
321367
289418
307108
349120
326096
1179201
302290
356714
1062843
318067
330109
1261964
317324
337202
984630
318736
322153
1146507
333325
342266
369055
318117
337681
418615
317594
306915
521696
293620
314723
308580
287673
295378
314419
316589
332737
352510
353606
666195
1274337
334588
673626
329911
309304
1083361
330365
371865
1185646
321748
327393
1243488
350300
330166
1219566
303531
279401
1117197
314651
277722
1236679
364689
313542
1144037
312120
341329
1191028
316022
306748
1141424
312809
308096
984947
318981
314889
1098443
254897
339365
997557
311538
304525
1078732
317579
350959
1066461
276578
341145
3810260
303226
350004
774263
326624
336999
1260495
311057
267205
1080784
375049
311373
1278168
334301
311139
1035178
290528
306630
426624
344637
329821
732174
329842
315375
336581
343329
297084
328951
318603
350337
330344
315255
1384506
299267
335826
1108373
315914
299386
1044218
306564
359394
1174905
301193
277135
1196711
312622
288379
1121546
261590
348714
359222
268778
323612
339265
317736
254431
321724
305101
318842
343391
256926
811476
338970
271417
541776
308719
366855
1314052
328433
325691
1171332
356293
298295
365922
336555
366406
700439
288725
296382
321000
288106
323382
242320
318027
344102
348080
326423
1111864
358512
310265
1038311
289129
389104
1283284
299425
303052
3525430
264281
333989
328092
341799
321595
765015
302664
287421
1211662
340256
313408
1147224
327724
349933
1162587
304920
284777
1379665
333155
312979
1120520
283270
295749
1419172
289941
331654
1187425
343449
269888
1002855
299090
340063
341725
263250
311434
984566
317565
361174
316790
292674
318842
344151
342681
314683
336079
353208
1165961
259411
331900
277670
277985
307399
390022
318281
317614
797233
323588
295063
314559
354838
282483
238895
295340
299417
288830
315842
324169
332260
318108
1401955
331352
317579
1153978
318070
330276
1087599
313873
314701
966189
237132
298222
1127925
325535
308545
1113176
326798
336404
344709
291158
319741
878710
310601
303982
340155
292449
833127
366631
338621
343218
302188
367305
425762
314609
369795
1091532
323574
316151
1164649
309178
324396
962777
354871
311145
1183850
266496
334770
1139981
338722
301819
1059853
279894
369901
327384
300618
363123
403952
253321
319683
694599
338495
1041052
385526
253756
279396
291342
311392
370673
226669
308036
1092883
329913
338976
1194928
1069741
302575
303864
314040
316066
313977
312468
309353
315965
284743
323081
338287
328995
372948
346666
339850
1002201
324051
353787
1248558
307805
317153
976295
375782
295829
1110538
337198
332912
1175396
337950
371127
1189423
363804
325547
1048592
350224
349671
978153
315305
320020
429439
277408
329640
342928
291537
299975
336052
352646
311876
362103
334245
305398
350618
315349
1280991
339007
322479
1343267
314056
313118
1225993
288480
245491
1041120
318512
316331
1223440
316587
300190
1235428
336843
314970
1104714
338842
297721
1121334
330961
329973
1353321
344836
303057
1132739
300396
341886
1089875
320333
319805
1238581
314885
280798
1025892
316033
267703
1026495
288645
324445
545338
287888
291094
407471
341436
328273
322425
283606
286926
333686
372753
276080
292686
287499
308799
294422
276576
1332397
302138
283576
1090515
314472
297380
1016054
268547
336430
364420
318663
325502
379383
321856
306957
849525
340736
320200
276734
333032
321863
290827
325763
329802
282029
328592
1251372
299908
329317
1096792
330523
1877612
312943
295033
325561
387642
290035
284594
802184
257641
306430
312285
272767
329995
316690
336998
393055
315237
337128
281307
332431
356906
1315664
287989
308217
1129471
367990
319103
1057616
315012
314747
1245716
342808
312392
1243372
355377
314399
1119975
337788
349228
1037494
306440
340244
1097694
334935
293868
1051241
308030
311618
1292824
947588
322500
1234917
318464
315577
1103037
301815
332662
957305
316584
313064
345046
315623
311569
350337
359061
311387
774170
344992
307148
282936
345170
331208
328092
321472
357103
328463
337437
1238342
307657
282352
1173851
297118
308449
1179735
289123
317600
1162637
291791
291208
1014587
345982
302861
1019160
311975
316391
1095477
287267
299065
361620
290153
289779
334550
356738
346486
300870
316062
318438
720112
344850
312267
304499
317825
291050
294309
335885
339690
332108
331555
924461
329607
329257
1155017
303230
316467
940349
327432
328660
1156246
309577
322820
738514
311201
341502
389363
316920
340474
6847721
292820
300349
293579
308603
318001
1003591
284053
279139
314308
339245
325711
275355
313334
323372
296406
291727
275704
319488
317554
276373
369096
342446
1237619
312987
360232
1091631
314485
319232
1239187
312843
296039
1219188
336150
311810
1024434
317188
321074
1293889
296093
278027
1103843
325551
289382
324304
314316
309324
652372
313168
309213
290801
313146
288968
316567
290214
291971
315637
297312
1155532
308897
245178
1277176
345477
284284
1472132
526308
313586
1071709
324141
300651
1049986
330590
332796
1263303
357224
206398
909236
333718
341113
395710
314366
296122
701223
300727
315220
346087
257958
322896
329948
312959
292004
313019
287277
636734
341903
248503
1185308
293351
306474
1204735
313535
315573
1162038
345194
278099
296530
307126
334867
337118
287379
347914
505698
351678
318408
788578
319619
288347
364993
286281
289722
291729
315956
303092
280697
381636
1000480
322718
352640
1298547
306558
313653
903677
293722
274760
382095
221076
339703
626876
285793
338130
299848
321122
256499
291865
341047
276467
337737
332555
1102244
334532
310161
1149777
284045
350267
363597
328874
355391
543822
292270
323428
318009
362395
303781
307375
341606
332665
314049
339116
320908
330672
281850
326004
316307
315133
1344413
324873
310041
1099202
312688
333861
1200112
291152
294524
1164349
319404
307681
1053378
288454
305614
1262277
307078
297210
1226962
393478
310389
1154939
320403
303297
1169176
318907
336855
1545151
313500
324563
1150724
290015
295773
1022881
315477
346115
1241105
258874
340145
1138703
346887
319717
1034761
341196
348791
1690875
379652
291907
978652
252503
329763
322421
322070
294472
646839
322367
331196
397701
319607
309393
306873
315070
301677
339710
343789
974779
283620
317057
1154726
294111
289777
1098947
326104
298106
5001863
331069
311690
296983
339060
315178
514214
349780
357851
1154148
249504
299463
313732
311143
262418
336715
300537
299407
786241
299533
283139
279794
318011
310770
289881
309192
280142
311883
310561
639282
314577
317708
1427537
372867
304434
1026936
339620
351267
1071337
303380
298867
1129842
313452
287505
1139732
314727
343968
1005166
297218
242574
317860
348318
330156
726110
360885
269021
312857
317285
303202
289620
318689
564828
328421
282856
1172147
375537
303832
1233842
323360
340429
1089527
318027
306371
1438433
291728
290627
1123267
261559
302627
1037028
344107
313592
350083
283915
279583
289197
302374
300000
344121
317830
296153
348066
349000
306710
347024
354413
1364834
265015
294160
1269272
339715
310583
947630
346695
311913
1055107
336191
318169
1332708
271377
335671
1157250
340457
311198
957119
280987
328717
372206
280507
329458
391681
305418
342971
678857
309473
291434
333784
329714
313719
307035
339469
303216
271114
317715
1348066
275780
301012
1094273
313758
277514
1068040
307959
309009
990703
2114572
310321
246724
301503
307667
344909
331137
306518
872372
323200
339463
302641
257495
343626
342547
286208
347021
331893
312573
1229791
316687
335443
1052957
272302
312873
1083097
313133
307497
1017139
331865
283184
354757
295846
318826
724344
332555
336129
317391
280551
289403
281934
283161
266914
294388
282208
1105588
322921
347667
1147160
1055258
314461
1220553
358385
279272
1054715
300300
315775
1196792
329807
321018
1071398
350249
323222
914137
342706
316202
961360
328546
321768
430942
363856
312972
789976
308432
314009
354826
320488
310735
285710
363121
301304
294072
348435
765402
353787
329767
1218031
307893
275159
1053592
313454
309460
1147548
332886
327473
388594
290698
223221
808470
278080
311299
353232
333321
324202
330638
332803
408586
305929
308855
346645
310519
330352
339872
315177
319175
402147
309711
282317
297818
319786
293144
329661
330422
338384
335606
376996
320388
328493
333149
1265830
340973
332991
1147515
304719
333756
1009713
305449
334371
1221794
339264
308485
1282488
306482
318742
1159370
271859
1249076
1230739
327623
331222
1217326
295522
362225
1026524
330046
322855
1193433
331933
319589
1012348
328524
286581
933355
299943
308825
1157367
313159
291848
1005481
339420
350388
1011316
326033
319564
433184
328085
305649
806209
304945
266415
903123
338056
331581
308438
339014
330651
338880
308925
741630
338459
277743
1229233
344063
262092
298826
279543
285642
320714
315843
371766
284528
315151
332926
312141
298464
372728
314454
314658
345300
315982
304818
1073217
398451
325669
1138975
327213
312132
1269447
351178
311947
1210649
346064
328542
1139155
305886
360785
1204597
330611
345295
1217503
311527
352803
1194540
277650
325707
1177634
319690
312780
984259
327728
351404
601624
300643
351161
343097
291574
365762
739780
309058
314616
331274
289497
292673
312986
288717
308188
299589
325824
684883
333471
318343
1069908
315182
284464
1183378
325952
314873
1014995
310070
292531
355949
316381
344635
772679
320815
290047
894511
317453
288662
333916
341528
283183
287244
323932
284027
311011
308510
1058526
315106
292405
353994
343410
321781
826832
358729
323305
310184
330162
340856
330897
333995
313552
297715
323749
661241
329390
327556
1324195
311999
327812
1120685
318180
349382
1272903
318514
262955
1283230
302070
275105
1239517
278586
305584
714328
295044
297247
420274
316591
312702
438278
330063
295018
300387
309948
348774
302944
339317
670970
255292
287064
941649
287622
318754
1113719
310375
315030
991457
326646
350847
339864
258861
343887
804020
305482
295221
304134
314628
312486
348167
350214
347774
335450
292396
1106796
330956
377267
1124107
266802
308601
1264089
315563
317115
1019850
339140
298027
330840
302898
320105
320060
299558
311864
328155
319385
317467
351739
312117
1060625
309695
261348
652111
326185
352948
1337636
347119
331971
1332413
295621
290839
1125663
297433
334722
1085015
316651
309164
1349193
335151
315280
1043632
344583
386259
991153
340726
332477
1324201
330329
287246
986647
305456
326019
1046551
306613
332668
1049189
251160
346792
957451
328012
315461
1088616
277015
340281
1156962
313751
282989
529857
1094118
348659
333920
339734
378861
327873
309006
310622
306486
317699
316251
312999
306753
1242506
304485
291165
1254674
340646
315606
1132163
313807
354147
1053106
336967
371081
319634
317700
301040
709153
316276
343576
377703
284159
315280
343220
315547
310451
299771
264473
363090
363074
307038
1057779
308462
351643
1147908
325463
253528
332063
318544
279778
330110
281539
317415
336861
277299
348430
305096
338964
310100
306442
315168
1393523
313811
314338
1213140
354516
305296
1078251
313963
371193
1113239
318012
304706
464884
320340
311291
746875
318253
302010
341296
308429
309334
292807
308150
597483
293621
312977
1357572
297670
287655
1134950
311315
318157
1829636
432232
250201
340678
360609
318606
306925
294763
321061
305363
312462
262065
284442
290727
343723
324774
295216
1278958
315482
304089
1474537
336757
348076
1098088
312726
311480
1219248
343414
297764
872719
341293
301180
325851
327751
346565
858400
319486
299472
329669
312033
294268
306252
303511
355233
306579
287210
930059
310357
312468
281973
302513
775095
943433
328245
336940
374208
337671
334837
338503
356339
349109
428008
351084
445969
292274
368627
1156888
320515
340962
1197058
320443
316517
975933
349454
312630
302495
334789
330026
350669
318333
331046
951512
314990
318510
367876
320999
300980
317116
297479
281746
309766
299395
1213418
308061
278080
1245198
320402
2149995
227358
264077
358676
1097552
264525
303540
1242950
342133
280959
1002872
350572
306562
1063919
313103
335035
1136294
343422
349740
1185698
322994
359815
969589
296299
336992
335598
291550
315909
363216
310155
302846
316982
296391
337443
299501
316614
1181632
311552
318227
1099277
308024
319905
1125887
362520
322443
1095276
335505
329741
5206131
247947
348359
505548
253683
345485
1258389
280870
339171
1039524
278759
284249
940418
296247
314098
397495
306148
322539
381158
331730
292492
312384
305823
260358
314404
361946
298202
307220
304743
1106980
301262
320549
1188823
320179
306150
1072552
338745
332896
891382
325569
357005
1331433
287784
289156
340728
314647
301069
351161
283578
271021
268899
320202
279978
279887
296337
336589
288558
339513
1383859
335956
338291
1133239
347907
269098
1057513
311929
334863
1349272
301848
323727
1281023
324702
279188
1092272
336541
347008
1275953
311350
297323
1300228
345166
301185
1133701
286073
318757
1084175
288770
293324
1147407
321375
318273
1045335
328873
370424
1142837
331004
223692
359036
324441
339297
364254
323904
298298
312539
311336
297867
286156
346179
588090
314517
276356
1277711
281818
261306
1038065
348562
299865
1077606
273510
248368
1092629
291262
280572
1063503
317109
356171
956828
297709
338966
393225
305712
321145
673697
291075
296296
327183
269140
286161
313318
292305
306990
307633
295573
1107224
262342
241547
395206
257034
329307
355360
315072
318787
869112
333001
290255
342142
1081250
273528
304538
350212
1194077
301425
326041
273706
342164
314354
623122
276099
343890
888976
292462
339559
1242235
272471
330497
984178
361842
318181
364162
297205
340965
309057
341659
329986
334701
319695
275292
301838
306252
312905
320805
291607
4375222
222065
297087
344150
347157
217625
1094597
337329
327771
1181864
340369
340052
1176371
288658
284294
1215995
359233
319516
1048984
329950
342673
1098764
302860
305300
985317
315685
329810
978123
304701
336836
347690
325757
280742
954479
316311
322711
356937
311470
328608
332275
352088
352693
323986
320460
556731
310842
334484
1284313
265285
280010
326450
324940
289398
389358
311362
249595
317788
310578
298459
289659
315980
307306
315192
343039
688489
312692
289095
1514765
268536
302596
1186771
307056
338533
1093188
328956
324469
1273739
347125
353827
1101223
323184
318953
1251553
299013
302128
1202006
319091
351665
966131
347688
313871
1014347
271807
357713
387563
216262
300407
364813
327598
310306
337397
304472
316612
359573
361184
582051
306241
319588
1071429
284692
316538
1171438
355897
295402
934439
378544
368000
1216098
291340
309117
1213156
333885
316934
1002817
306988
344527
968965
287950
311961
349885
301535
309049
837616
328000
300487
362707
341472
347143
310495
316776
348350
327441
363708
1247628
284757
321133
362596
286836
320322
307355
335502
283476
326716
373625
261653
309295
356974
299470
292595
307333
3160175
284455
325858
638531
312446
361183
1038112
315292
314807
1228226
345072
297186
1053956
337985
331958
1109029
301949
289079
1031527
312736
313087
1150498
347187
246857
5159360
339722
315283
310529
305972
236939
1013728
346668
281418
282929
296983
266646
318598
290624
328474
321661
311150
328346
345638
329383
314176
345174
294251
635445
342316
369922
1112860
322608
299890
1225836
316047
289921
1274859
348336
301373
1020169
314252
335775
348059
260991
398875
1060822
327556
353370
357209
324009
312440
340013
312805
274785
338165
347554
1031202
328034
276452
1335850
1424819
232060
1185255
324353
325941
1343920
306599
322988
1149480
363378
288073
1064077
316321
353929
1224407
321944
325225
1197722
328647
325508
1052996
272296
333077
1019519
277180
282207
1311815
317548
325470
1028931
348498
338630
994635
314603
330760
1163473
335274
315455
1085563
327875
315577
1039347
313885
319181
362908
316138
314584
402124
291312
274985
329104
303506
298986
313936
335657
483587
314487
350852
1169007
299651
312274
1228030
331599
321252
1217490
309576
296472
1396545
346668
318831
1459605
345215
330165
998496
313084
345983
1332279
288695
314992
1085428
343868
341838
1300132
312979
301556
1354850
349122
261705
899196
337836
327911
1039152
315800
327827
1415199
301652
272839
351377
379723
283300
314485
350820
270615
301455
342287
347402
313279
312735
302397
293080
312523
359212
332566
334065
1154168
358978
331109
341932
327343
347416
303410
291110
274352
1132188
339378
299046
1081940
284168
236011
1143305
289596
289929
1259451
317853
282565
985056
316227
356840
1097214
320962
307500
1287377
319003
341469
1421516
226852
294356
1323773
300577
313189
1139930
307714
305331
1030730
315349
343644
1194397
317498
301582
1150429
314603
257764
1059659
342605
361272
958274
317005
313350
845615
319576
308131
300997
342465
328908
298120
312831
344908
332185
289617
345237
319144
314732
282436
325613
271372
1131703
312930
264680
975757
280968
379986
330822
294397
1324080
402613
365176
291135
329793
310254
300135
331255
308508
352187
243993
347635
1043501
313982
303940
299684
1037126
288099
322465
390636
317626
253968
313607
302927
275833
316493
338004
331183
327114
1246056
312790
276066
968833
304832
313605
487298
1033464
300084
344829
315544
327270
857031
318468
270469
314289
1446604
324942
503340
1101723
325007
290516
340364
300365
313202
338994
316842
274069
362233
927420
341959
355664
874982
244544
290395
396724
281478
301195
951686
357707
330640
283519
341462
319597
262137
330407
322091
326308
307483
560478
262471
329174
1153864
351357
309057
304635
335570
328425
1235864
293680
322397
1175347
347047
315788
1577524
280723
279566
278103
260651
301850
300897
294326
310021
921299
1039165
290838
697290
304913
270058
303707
307776
281169
277990
364921
336187
271584
297294
400984
336407
304446
675384
328207
340578
305864
681534
318763
311526
317526
323420
308508
269917
790369
313996
304360
346867
328909
279221
366700
274256
1081311
293240
306058
288506
1260002
1672482
257291
373982
291940
278214
331215
307520
313507
422910
1180324
381722
332707
342487
362198
343372
305529
353796
289895
307929
1616721
339286
277345
637239
1087971
330875
1160024
374111
310755
356924
339127
333899
355278
335509
333212
292063
312860
283655
288341
350739
349427
318757
337185
1224142
287931
310226
1108457
345933
317791
427386
307935
299750
357762
296815
411087
300938
297717
341479
336612
260136
322372
303621
287863
847513
292687
310199
976077
323480
363425
337786
330221
347264
926039
340623
527048
312557
346175
334312
312192
367706
310169
315462
346189
271095
263189
325586
1326629
344677
310921
1057890
335202
324323
1327353
287265
328074
1169286
330085
274659
370429
295857
277628
336200
342804
333982
312445
334926
317436
287476
343882
305012
223334
304743
311577
373417
300933
1263560
349230
317354
304909
358377
315902
349024
288372
361613
780162
307686
336449
594512
288564
301295
315244
282495
1095389
317531
291119
303253
1403836
350559
284935
331716
326925
1285139
293859
339935
1092301
353741
280305
315828
286365
359141
375845
297905
335483
729432
277301
331678
247136
312151
332883
318613
290741
303771
344239
290238
1022642
336399
1266168
1193818
336736
302446
1093559
323306
365420
959061
319427
308374
336604
320734
326166
328572
327279
312469
747831
350409
471137
404709
350236
350530
316147
329518
349880
311597
314741
393562
360597
317115
1294044
301037
332710
1248280
302420
322976
1210273
281086
300443
364203
304952
260352
316836
520133
311028
665815
322568
339997
281468
313625
378677
329728
276355
337721
340104
316608
702063
295390
331256
326900
291722
316806
364459
364690
273529
309375
307017
302299
280642
310721
317698
336564
332809
1153506
270861
303363
1392215
320560
307129
260106
309318
288298
332881
306884
316502
630731
349292
264548
355072
330620
278734
308983
317330
375115
313285
305250
840875
303606
263242
1214757
318201
314582
338167
315398
334877
327956
309127
260104
383809
341171
332304
318845
903704
329141
289714
292217
888324
319646
226796
1117747
340330
337366
302503
281304
862821
311260
398313
342411
1070782
315628
365955
301987
338488
323764
348936
259202
307091
282663
287605
315320
311429
370531
271468
313844
277191
913576
313977
357281
1172554
324809
330863
299945
320076
322005
317675
538184
285868
623016
311829
302217
361276
306463
270906
338969
374641
314799
314964
345326
1396814
286454
288667
359265
341463
315147
333930
1234047
341286
322039
341928
337037
312970
284874
330047
316378
341149
1072658
325486
330981
327400
371984
1162291
271766
333274
320032
314457
227651
287774
1086273
346182
307289
298130
335107
237789
359349
294530
313933
663458
305172
333091
348637
320175
322089
310523
252941
313497
343949
338715
1049759
269628
1194293
1210528
332327
271725
1019978
319314
284589
313738
285531
322732
328187
341990
336995
293045
281110
959936
301959
317426
781410
414512
343604
1436845
332675
341220
371315
336957
323568
407597
351412
684231
825434
306862
292714
308577
762282
304256
290790
379317
299040
315495
312010
811867
329854
315576
331446
287498
316037
388749
307995
292981
277901
296977
302783
310973
320022
321007
322065
386462
321596
323328
332476
1369536
338608
324017
349643
341064
333624
373404
294947
313125
657993
377717
273533
291255
243967
355154
269720
298483
1051833
360678
303353
311635
1193392
294671
265662
282449
339128
285488
271237
278772
298040
281348
287354
295202
329179
298617
313884
316342
317338
1276956
255062
1063366
317272
331680
1371505
340971
302931
269271
340767
270612
315208
295159
1105658
347430
329269
344720
1125441
5158199
239307
1143619
311498
326976
368268
354202
325435
345771
346294
294318
289168
345480
302577
302082
363331
343260
324651
315424
355372
338843
336139
1151350
304721
1099033
784598
279755
355325
310671
2018344
293862
317194
333112
323825
415696
375725
296998
318430
551946
352877
270295
347868
341637
320621
299806
323649
265307
293463
298553
302188
283427
1198203
358467
343508
346068
335576
322887
469635
306473
329051
291136
283760
329252
358069
289068
337354
319312
273621
1189559
312513
329991
306421
405221
328678
462136
313165
320265
310854
229581
333887
304300
321147
346192
329335
324111
349258
354077
314333
310413
274758
280697
318575
932654
271342
310380
308813
343484
811527
291415
335268
329414
312321
863918
303546
241969
294063
297006
1323217
1160195
317876
310849
594240
306757
382855
1112016
290696
342852
327759
261741
348734
362394
611373
317960
1082485
360901
316591
331194
278314
553405
295834
324072
319010
296327
323144
267066
312985
284023
1092643
340256
303683
1733357
293510
308210
1202687
279580
319870
245982
303902
314386
335211
521222
299604
671348
287741
294622
338555
311748
237551
286628
308546
335612
318996
313656
1024408
317295
283814
289218
317309
276220
324520
1402393
293949
377204
333280
300709
323532
325321
304545
370816
312086
1002890
291792
312710
1288697
314989
276941
1079381
341065
290766
292436
339264
334608
281631
341024
313335
305080
322792
358167
313345
313098
1419850
350383
287346
331045
335315
322532
1101441
339306
335257
321586
327640
328200
402601
330270
323109
798590
332584
320036
367007
294059
336303
326127
437879
335356
317675
312281
1186054
264718
299649
1153900
359825
329915
1163529
314183
346737
1023676
294087
303980
353276
338663
303864
366252
405383
1200809
282794
313808
315708
1023850
250707
371067
338444
308251
310144
273971
221881
1079355
239014
356133
684844
1131151
327308
725460
713199
312101
313736
326032
262037
309703
272703
320260
332575
442818
1748721
369595
350374
1264176
307605
1216591
388031
345934
262442
336642
325824
313337
443844
344386
350652
374889
328551
319232
311644
337823
339673
328536
350065
315374
331168
350302
1457289
320167
312569
274244
286798
340277
401083
335032
355310
317379
335941
328017
357820
1185272
327050
238972
280581
360192
341975
310220
334079
309010
315250
542181
314461
301344
317376
833902
316057
348278
306496
283431
316199
274763
265637
296647
279518
271111
1117155
283088
1293540
329045
341490
332326
290708
329807
1464545
356299
312894
1163781
318395
340012
339162
292748
308709
403280
274081
291327
810700
372241
290951
325409
314107
344604
328951
329798
304539
309585
317503
819610
315881
284846
326496
301839
291593
360916
229749
322687
642423
254413
323975
464790
293512
350765
318278
364582
377492
311163
316725
1479819
415003
350833
944087
269529
337705
1074445
310882
349349
1191303
305480
278794
330000
340567
289382
323267
300613
339303
802867
334083
346190
321912
350344
353523
316034
319678
337801
321520
290559
327275
310004
290549
316294
340764
307372
310896
1057162
335694
317004
349995
342478
313145
326499
328285
315859
303777
376575
311070
319379
311910
343681
355543
713586
333415
335928
296679
276442
313965
310544
338782
354305
333919
290127
1025577
264908
347355
354485
267818
317174
321476
279971
326265
361909
285508
426100
317806
288116
270837
326732
324340
260337
325813
335859
376542
301014
337793
712785
308388
314198
741789
320273
316627
302886
314711
486370
271662
385175
1030380
326164
321613
365428
341066
322153
1234256
316493
299873
1026440
286662
336222
310062
311703
293836
741956
325083
782325
418781
471291
399690
335768
1168452
234863
280487
326285
1159917
277580
243104
303495
292522
271636
292514
316602
280950
321312
853602
315767
631765
290053
311593
313514
306920
349119
277745
276178
307943
325092
307835
1130179
349949
468367
1188041
314177
342724
1590404
297553
259810
875878
317212
352091
366060
336490
364733
670742
1198036
273645
316924
340367
288520
349316
331056
304843
284478
316164
275822
283261
340054
297023
329099
405898
303425
262549
477702
295144
257142
309619
349334
206483
1298254
286296
310986
373337
320931
331747
1260464
364360
347566
1117635
376911
314484
1013338
313945
327756
337726
314600
331956
812030
336037
314017
319611
317090
298841
306037
326808
1075190
293328
291762
655752
427395
336197
1094877
370251
337912
1588337
298051
320167
331236
1011198
293458
358837
282965
330836
949001
343122
299554
355375
304722
295541
314506
303461
304116
298209
335907
380471
311473
332511
1290078
312566
324592
998808
291498
304066
335727
313381
339881
319680
312456
1179534
899625
317116
281223
1032739
271027
345561
313811
325920
303084
275321
288855
863194
338000
1987157
262985
216012
315561
1090020
324349
317379
1198990
278710
286790
304240
333000
318093
566496
308308
513952
304305
293566
328300
804097
936249
301687
292161
295312
321336
305687
328728
761685
352332
314033
275257
311088
319512
729998
343855
300371
367513
352553
348271
779275
312580
300711
321526
312361
324651
705377
316446
269123
276391
268951
254324
293030
312628
1283909
305143
312967
1065976
358123
342520
322560
302468
361652
683364
549311
257199
332478
316007
333810
308471
341038
360663
372109
376639
400207
298584
359609
332497
339393
295084
857361
313209
306376
369866
567923
303263
318696
275405
310734
353325
320554
265699
310878
328784
313346
329182
307384
410062
275249
1133454
363980
319039
348803
911883
311736
298219
330049
344750
1157495
309614
304305
891526
356323
331070
304792
333694
294512
968424
276734
297836
318855
315817
351976
886739
320021
258503
325770
348914
383275
333181
321314
341137
331738
756804
414857
289533
353346
1340734
345377
316927
959578
303686
280797
310404
317876
314484
831706
1015184
353025
323807
281739
305737
336823
336535
353567
373495
353686
331295
290680
457823
1194093
307244
795126
355960
380927
310049
523615
957994
392239
864365
322852
337220
332494
327112
361816
340788
329944
1252311
315653
331574
288688
302232
319622
563561
273631
319456
267507
273309
323772
351605
313682
321360
943295
319294
1888350
745456
321470
321464
308529
320430
514079
293520
322615
312945
313374
289607
1083919
347088
321973
678935
1008191
324195
569989
289974
294503
325921
261252
244904
437575
286338
219638
1033887
357420
314695
284925
1154492
322388
284125
333844
326782
280016
289436
380633
260788
313121
346646
307539
304456
362703
370228
313318
727154
317221
649764
321381
309832
570668
344284
291216
342180
299653
316395
980614
305534
320608
278677
318492
339338
341989
302058
358589
875640
302530
265927
363291
307473
320257
289299
345623
315986
313518
315601
1135038
308613
294144
333099
312315
357280
415963
265581
281547
339672
317838
262456
327558
288032
297852
317628
321014
290923
287068
305765
315840
309529
1067503
1377233
325083
295858
354452
312667
286481
323806
317507
315847
284059
298866
340287
291935
310048
598460
287645
317849
314162
333719
302515
1072391
313647
225832
307080
306567
347105
380248
313791
1065466
342629
286578
308622
1103199
379661
314635
271206
322951
335271
295080
293073
358948
299416
321645
373060
1167638
268317
248967
352269
308908
386588
263454
333475
327711
345204
249386
288527
318512
309886
303432
315423
1306426
337094
270184
1106282
297312
336024
1276581
321545
330178
1276046
297009
273723
334414
295525
228346
321317
432576
339712
668317
282155
337322
270320
279547
323778
329172
282083
286947
327541
314998
1199419
309648
295315
309676
324662
301916
379445
323089
297793
356534
288646
315755
834698
283684
293715
321046
746644
326213
302266
318852
1197103
466430
1132595
354252
354968
311108
297813
312454
286471
1177577
355085
306516
311974
314495
305646
340620
885933
313777
745400
305304
348656
367365
387632
319426
349410
361205
345983
320679
331894
357575
356314
1089572
1585952
331441
314361
1385481
300457
314452
1289083
287311
338477
1212190
370750
317796
983703
298438
341994
321198
293041
318069
346923
306743
341460
385415
317593
343896
334199
316269
331004
334859
265500
1241336
317285
315952
400413
268446
283583
348206
320378
332404
343168
294080
318427
306579
1241056
336226
319275
335110
346016
346616
267646
322982
343988
318277
318333
337905
314679
1157456
321675
327125
307543
314137
314629
376739
264711
335084
814227
326588
300497
275215
334089
268857
356453
312918
496100
327249
329266
467920
845677
281402
1167078
290588
307236
267939
325535
293918
687256
300973
311776
290480
870225
368338
309271
322321
712883
350719
308763
306596
301186
270721
315968
325145
268504
285059
288556
310413
327261
294608
363233
329311
331478
357749
301182
1254061
618189
285421
407288
890939
297303
315882
391013
292318
326726
327247
280826
301272
340283
279627
286258
358732
312464
319917
325702
341455
1158456
294096
299847
322784
287986
331169
377804
300647
343142
841402
285296
295177
404576
1910285
346736
310187
294192
338234
226384
303826
304995
298652
300270
285302
323828
288529
327853
336328
318509
681318
313306
314770
381054
294263
329395
327378
327765
390154
354663
313614
1275491
337922
295655
1087364
266146
319004
1077025
268678
295146
1031013
324257
279953
289704
310718
358322
696892
1006021
307891
828049
307184
291057
315858
242077
291971
343872
308719
378136
321097
330181
1219513
350815
329461
312091
236255
725623
395773
628102
271579
668688
334698
299663
335825
328623
303275
289818
269598
1205123
315910
280253
298952
1214097
288686
464158
279934
287501
326061
265150
326049
404700
289512
347031
379134
292368
301357
737116
1303519
298777
841435
279130
307623
309012
314200
365641
313606
320986
338276
329955
306682
913718
325854
389814
383928
272673
300789
740896
286968
342350
300322
282143
344782
299984
342223
639189
330179
316967
293988
349389
358629
404580
274055
287188
291849
305191
317297
309828
284204
273955
312656
298857
314411
331065
321066
349937
334747
314194
314615
345071
385176
290113
341129
329808
339251
327635
302985
292441
371314
925317
300451
242108
285427
321288
338922
335298
398470
297873
354791
348031
373790
308844
305779
328587
332572
306996
326807
330172
323099
1085412
324035
421495
327805
298463
336341
341636
349622
344597
690613
311470
366541
292051
337660
327711
364322
337682
317979
312376
314508
972587
311464
349825
344072
293699
252782
1448184
281623
292114
990570
318520
337008
335561
325305
309880
343491
408825
277509
727568
313093
351826
315787
292290
271066
316386
290549
300914
324279
310653
1058156
313908
311436
1206608
319417
324512
1258797
317383
290889
1093039
287511
327111
394114
288781
340500
311595
929204
316724
880349
261619
339016
266856
303879
262488
317774
309070
290362
276861
318919
1047401
281949
291667
366512
278236
286946
338303
840456
283995
954503
289095
318925
284969
349212
301670
307283
311865
1189868
332175
231987
274834
1362841
329328
338029
312295
343424
314635
333731
334058
1086508
366077
285974
332430
315058
327984
300836
333813
314058
3119759
308104
274712
494477
317868
293758
349052
329921
310231
321401
337230
1041201
308917
1101946
1231453
338583
900849
324321
343731
342402
1189177
328012
344723
1341901
332169
327376
1010625
311869
329924
980292
297779
300451
388565
330274
256643
336573
277053
1473650
831161
319897
302231
1517882
315417
392005
318910
312350
261623
333446
265074
305153
242794
297366
318867
391573
304267
734693
687090
337206
335645
339710
307722
322593
293660
300166
316571
275143
284459
302807
293220
380471
317391
344568
350421
327707
339933
781333
343577
272704
360019
324854
327650
323968
326210
334621
314254
353377
355180
343541
306358
978671
325302
299270
1100746
338331
306449
356759
342264
277204
318819
300964
294405
818786
335887
375496
315172
1350938
344511
338007
282672
284384
303635
289067
381442
329130
315848
274083
332994
354318
1048749
1231868
343974
1273206
301004
320550
319488
314712
347105
374875
295780
364858
666029
299635
305364
289157
493828
268911
257204
328482
332203
343384
