235962
222451
213286
223160
208194
178496
209509
210566
195417
204325
209150
202664
211949
200646
228100
210039
228939
210027
203865
229199
225814
219463
216376
220365
219188
201624
210124
228442
228005
209406
210861
219159
211480
199954
209526
211298
209857
211673
229069
209135
227666
210904
228110
226774
208992
203819
208256
209438
210693
213926
207799
219719
225734
210503
227721
210947
211043
201611
227686
198849
209614
212135
213999
207356
210514
210074
211636
227508
226809
225391
218085
209072
218005
209916
210358
215170
210433
217608
210248
210370
210283
211187
202529
207919
162732
158358
161428
161677
163571
206267
179010
160072
169052
161015
161598
151892
159697
160408
177904
159786
161857
180824
158115
162566
176895
228525
176551
149173
159070
177478
161218
159415
220869
152262
160509
162208
159694
177771
159070
168634
159636
160697
161856
161950
160511
160185
161228
163262
156143
167170
158927
163042
150466
160364
159439
162145
161975
151604
179308
177539
178087
158252
170694
160796
153648
159278
160809
162010
160571
161982
158050
179082
159436
172867
158220
169746
190769
168360
177964
160232
220789
161892
162275
167769
168669
179515
175418
156318
160930
168603
158844
159481
153390
160554
160293
162015
160583
178887
157917
157481
161656
201666
159391
160348
161012
161060
162506
161651
162052
160188
160654
180511
156799
203054
183934
175867
180331
198265
179072
180654
196915
181797
196260
178438
184077
169150
166804
178849
179516
179215
180491
181431
182208
181689
182117
177754
189544
183020
184839
195721
179536
179561
180757
180632
180059
178636
195691
176110
175669
176335
169711
179422
187241
184750
195182
175572
196435
186259
177136
177449
196129
184428
184504
164774
182974
178687
173697
197467
199812
166458
185035
194917
195100
176092
192779
190200
179436
194250
189849
175325
177930
178518
178423
176750
193453
176734
178423
185140
183205
184549
185817
185345
178969
174980
187058
186033
186939
196646
180882
207654
175325
177287
195318
175779
193182
184391
195802
176280
176733
193967
187004
188253
174820
184350
176666
178361
178095
188255
194014
183904
194631
192929
176265
219335
172312
183972
185682
184651
186435
220024
177791
176882
188824
188523
181939
184549
187603
174112
183583
197084
185212
186496
195135
185212
176947
178305
177830
188025
180035
183273
184353
184603
190173
174812
178022
212972
193914
186601
195448
185323
177657
220063
186824
185613
184010
196031
193223
198185
214664
194957
186448
186734
228478
221799
224303
178270
226530
189723
186596
223820
185616
185456
191072
182153
185385
187025
184293
185355
188045
225596
227105
227175
186609
187483
185914
186115
185329
187370
216025
221922
187351
187476
220198
185255
227551
228335
229310
193935
187463
187518
227405
187747
233537
227452
230031
185423
195148
185192
185283
196970
185716
186418
231518
193916
193288
187531
237015
223303
231348
227731
196471
196059
192659
227400
197088
193804
222882
220997
235847
239321
232989
234844
234932
226673
227363
187851
144686
175544
194195
236418
144737
176769
148053
180133
173337
179661
145553
175325
178588
169904
175809
176709
178378
145932
178699
147062
178413
174526
145451
176802
169809
174541
169847
143551
175784
145438
180691
176885
181890
175564
178250
188726
175668
144789
168025
174348
177624
177135
179416
178073
178198
178351
179663
175243
178752
177533
169230
175511
179952
173044
176967
179829
162027
177358
179481
178970
193922
176096
177068
219223
176729
177970
187438
194373
184636
171326
176722
197063
182325
173758
174433
184386
185520
185257
177470
189196
194653
194335
185137
196821
194504
175860
199002
176636
171967
183807
195905
194323
176791
188396
186882
176117
187772
185220
185639
183679
185400
178867
184922
186358
168726
189052
185481
185887
194965
175530
186501
179140
183047
184124
169789
187235
184115
163047
173523
175741
195630
177742
170172
173298
169306
186779
173301
177837
188235
179534
176904
176112
176980
188416
173124
194205
167261
174233
181135
174499
178019
177971
179411
176085
177172
178837
177358
178450
167536
176664
178193
179750
176042
184777
175794
196809
195192
192719
195203
190834
185688
163661
175789
176395
196152
177087
176596
195160
177157
194957
178100
178483
178170
166253
176673
196345
179333
192338
195159
177589
178015
187552
193544
175331
168947
195205
175148
179150
176889
178799
179241
185142
176438
177238
175999
177727
168000
196042
167833
192666
177087
198679
173654
186777
177667
178987
175664
194052
175995
176351
217005
175270
178145
177618
181113
176739
194114
177814
194220
177751
175875
193869
216275
193618
176779
178744
188448
219009
188376
177556
179566
188631
181145
201014
196410
218291
175726
218599
184125
177476
182160
173709
177591
178581
176260
178300
177408
222578
175950
177157
186268
177995
195192
179293
192634
186210
180686
175235
186185
211064
192315
178142
195498
224573
194152
199476
230521
185583
226646
176819
217255
225338
216533
178147
179130
226246
178867
228040
182614
223942
226285
194779
225576
195679
218686
227040
227639
228709
226894
228053
227558
230909
225226
227711
227254
227418
218955
225014
227345
227516
229724
224568
228591
228044
229659
192170
226082
227558
218870
226980
228035
229330
227704
219652
232539
218711
193313
189342
223009
219525
217667
226260
228939
227555
186783
234511
229022
226396
228087
221934
238606
224706
195069
218343
227286
227117
227569
227190
228992
186466
227990
230330
227706
231188
175465
169320
224681
178045
228731
179323
177020
228882
175759
228992
144022
173451
179483
164551
174554
178415
178574
177802
177405
145596
176917
146414
177322
177158
169576
175551
172491
178488
178322
178796
176619
177704
178571
177930
171261
182616
177035
176223
184779
165400
178594
175832
175821
177015
178308
178837
179233
177286
177316
195957
166684
191338
185280
195553
178646
177503
180406
175403
177817
193618
177558
178739
193766
195260
174797
177060
196927
177644
195751
177804
177879
188140
178440
168281
176143
161130
175980
175667
179032
188153
185120
177769
178426
179067
193235
178982
194639
167353
175964
181065
175651
175857
176277
178298
228491
176749
177537
178488
178017
171055
175330
178166
180801
175229
178206
178083
176957
178897
195170
177952
175764
187738
165511
175643
177300
181914
176235
193892
177057
177856
194276
178583
209149
172891
170694
172942
178714
194426
179969
192305
178148
195333
177305
193370
174223
194145
169192
177358
175222
166874
175593
175979
178453
178067
179012
179328
177258
178376
178782
168546
161268
176602
179393
177347
180403
176779
177501
176688
188015
177631
178054
168897
176145
177939
193607
175769
186015
196776
192360
192885
195245
168713
173739
169546
200556
195979
192982
175618
196939
181215
174719
177326
194376
185726
177050
195519
169245
175739
178691
183742
177343
177117
180240
174857
177990
178142
176273
177228
168581
176411
175922
179215
177080
176942
178203
179027
175507
192566
175616
176839
185048
178305
189030
213068
195305
190721
182421
219749
182912
196443
216751
173729
218125
211468
194661
177463
195624
178456
177423
197235
175538
194138
177000
195942
182471
174601
177912
178373
179541
178049
178885
177237
177526
175995
179363
185997
177839
219148
208859
176797
178100
176426
178488
178767
177313
179107
194461
177356
195345
217822
205010
178857
175876
177979
178175
198356
227441
195476
225403
220004
216170
210563
212293
227801
177941
178817
188047
225967
228318
226919
194749
179283
226911
195263
217616
227003
227117
228278
228446
228249
228833
227527
229384
227748
225627
228027
219703
183571
227461
226901
227897
229533
231076
228125
187681
194854
227002
225197
219591
225143
226941
195381
185716
225368
193440
227694
193533
229970
193243
197169
222922
217779
192461
226638
226446
228102
227088
227674
227964
193255
226376
227629
238305
215310
224493
195323
227558
219882
189525
228085
237643
226017
144614
196488
185764
167995
176132
186684
176142
179137
179884
178042
178200
177320
143591
176638
181596
174232
218406
226473
176769
178954
177887
144411
176877
183930
184099
177202
187689
175178
190786
174699
178674
144415
186195
177576
177509
147097
171245
171385
188215
191526
170499
172989
175333
168875
176228
178599
177771
177163
177812
177716
178481
180533
177401
174519
184290
168112
147223
176350
195631
186012
194827
193827
174281
178385
177631
167483
175875
195300
176365
177513
179862
174892
175684
188228
177636
167470
191383
185458
173596
194819
175413
176676
178037
180704
178684
178902
194193
191238
194782
183033
174195
179526
184062
177188
177937
177764
178049
178082
177310
160396
176761
194551
168336
173145
169852
194272
195653
177423
177010
196048
194641
195258
174942
192967
171658
172449
177742
178636
178034
195726
182774
188536
174079
197094
166476
173728
164088
170980
178473
179809
175323
187633
177443
177980
178185
187052
187110
193167
205929
178874
174977
178654
176128
177470
179293
177445
176268
195459
178072
195271
178511
169355
195942
183962
177646
178295
177498
178859
179263
195092
176566
179353
177894
204786
172792
180390
175907
179002
194779
173756
176707
187118
171711
196508
174651
212538
164513
196724
175135
177716
192736
178619
176087
178676
185882
173990
194393
178035
202614
176449
179568
193922
176937
177027
194235
176227
186012
177779
178729
187162
196949
173767
180436
192764
177821
178734
180273
177861
194054
177213
178854
178252
218579
174739
177290
197238
174400
195611
177867
177473
193125
179220
218378
174088
178089
219230
176987
177498
180839
183787
176496
179812
176766
194127
175062
196105
177408
218252
192473
176240
196388
180413
191842
178997
219545
187872
177381
177345
179152
219626
212109
177681
178553
178874
179842
174531
179723
175439
186696
178052
177198
177059
217406
176388
178320
178446
175483
198205
215193
195979
226140
183068
183772
188322
216446
225306
227323
227097
195152
228095
192701
227450
186752
224724
219320
202707
209363
225022
227937
219777
224474
228257
222757
182331
225022
227831
228556
210367
218975
184711
227150
227712
187195
230373
192403
195100
226777
186879
220521
226180
194458
217042
215824
199498
223862
231510
189528
227944
194914
226648
215115
217875
217989
217461
225536
227199
227616
228583
198217
225639
228807
235581
223967
186436
195659
216769
225519
227813
228441
227129
195025
230395
193403
177187
196922
175654
227666
177703
219824
174275
177109
178623
177732
179255
181083
176053
142857
177792
196078
178579
166644
144350
227965
144751
177237
195835
186170
188791
177338
171090
242090
173869
195930
168915
177303
144847
177233
177944
179172
180794
168762
176302
178864
145097
176603
168410
176744
179734
178891
167345
177251
186308
182150
176496
178767
177729
178519
168490
176261
177505
177947
178611
179859
178488
196789
196703
176476
195305
176336
195604
176064
178010
180080
178311
195688
175877
195381
180558
175461
172082
191641
169361
193205
173458
177082
194764
186872
177162
177602
195062
192934
193222
193978
176841
168780
174494
175556
178521
177496
179476
178816
179645
174977
176428
178323
178167
169887
175508
187037
178338
177042
179528
180215
177791
195195
172905
178062
175759
167910
176391
195235
176774
178318
195353
177889
162701
194491
179694
165198
177626
176494
169040
175890
194087
174040
177530
177845
178716
178162
193794
179047
194543
192736
167515
175985
177841
177453
180767
178138
186881
178658
179410
178291
180310
174257
195466
175498
177498
196336
178005
187273
179362
187002
194413
175159
179038
178877
176323
177719
176380
187275
176368
178275
188543
176293
195964
175874
170240
165704
170702
175664
177077
177042
178127
177731
178476
186957
177346
197004
214588
186148
194777
171521
179624
177949
169180
173959
176732
178366
176937
177909
177173
176920
177747
177896
172448
174544
193774
176626
195326
177240
194129
177175
194523
176965
177962
178211
218884
174867
186097
177994
178416
194040
178686
196543
176390
195468
185827
174624
186699
175877
174450
177980
193248
183741
174395
178290
219728
178448
177441
194691
179130
222315
220965
178261
176832
178553
179022
178552
177571
179709
176205
176528
195458
217113
179861
223674
177483
177395
187363
195747
183969
193704
186844
177115
187213
217691
185127
226937
188350
222726
197247
210591
183546
193430
224997
224456
187762
216719
194553
183265
239559
223714
189009
223336
187149
192022
186711
225132
189456
209205
195824
225874
185106
223992
195853
228250
188899
224400
186403
227079
187251
227164
227436
187032
185862
227641
186922
225413
186884
225897
196836
224752
185806
227297
228436
224901
188024
226182
186495
194478
197179
192371
185911
216125
234058
194854
223744
212736
234355
226490
188133
223273
235834
191595
193887
221481
228727
192345
236348
216208
237044
223901
187163
227569
237451
227355
227661
228062
177085
228941
177907
217220
225418
176940
179927
178095
176311
180526
176709
237580
176547
177797
226505
169524
173573
145698
177075
180186
191226
177576
144769
177348
178275
168462
176255
175124
167927
177064
177912
177998
180819
185118
195648
182652
173874
185996
188182
176045
164430
173997
178738
177949
178451
244651
174807
193636
177268
146744
176599
177105
184957
175326
196225
177935
180591
175872
178746
175328
193325
176942
176413
177608
167967
172479
175994
177686
177448
198012
173626
196407
175528
177899
169178
173225
187215
154039
191292
175606
178337
179403
177197
178739
177841
183987
181623
191098
177498
171118
172875
178017
168062
173990
177476
181059
183586
177518
177052
177662
177677
168922
176381
179095
178819
178163
186403
177563
196335
193388
193927
175403
177932
178135
170646
172082
197591
175335
194491
177465
177944
195428
175679
196621
173127
175674
184819
173957
177804
185171
178465
191019
175706
177855
192849
174949
193297
185460
170155
182766
183689
195463
175797
177729
177088
196367
179303
192182
195377
164484
187343
169839
194564
195298
176363
178631
175628
195243
192222
176128
175769
193866
174893
196856
189744
175620
176067
196205
196123
173057
178138
184099
167438
171025
178241
165864
176155
177078
187473
176611
186967
185418
178666
193744
193007
192636
192636
173308
175012
175842
177591
169371
187506
197752
175079
176491
195725
176519
193099
176708
170242
211196
176462
176744
195072
179065
192280
192706
177878
196364
176760
177234
170846
174983
178055
177040
195257
178389
177022
193230
177719
210779
184716
219323
186182
175095
194528
177223
177739
186275
178646
176363
193653
174029
194518
187094
177232
220325
176916
177223
177712
175328
186318
178974
180240
174604
179811
174413
179644
218147
176844
177220
187014
176860
187889
178130
196232
196536
214473
189470
178273
195087
224556
179376
194303
194154
225915
177242
195872
180067
214706
183972
217103
220563
224994
225278
223889
228062
227238
227696
227535
195839
219864
224962
187195
227032
219749
231837
222654
228363
229132
187275
226666
196762
184393
230351
193253
228166
194054
226341
228488
183980
186321
225340
228676
227651
187849
226789
187584
224471
220922
224706
186628
225594
227323
196551
226463
193896
224881
219025
225799
220082
232571
218889
216929
227190
227187
227733
188404
227212
195346
214669
221385
188746
238099
213814
224350
225679
217691
176280
228519
177576
177626
210195
226907
177993
230178
165866
174814
178697
176500
178210
175789
178112
177839
145390
174729
144238
225291
179694
141316
142852
177969
178228
143989
177957
144346
176017
178721
168972
144032
178410
163787
175518
175263
177543
143687
178691
167636
180886
175911
195839
190300
190992
167393
224718
186815
173263
186789
190449
177110
176386
193631
177706
164965
177708
174067
168794
175611
178183
227255
177932
176353
178593
186511
176034
177611
177565
180180
166541
176847
176837
177860
193904
195197
184862
186442
186724
174037
168729
176107
168297
176516
176794
175692
178039
187145
178523
191781
175886
177059
195052
187002
160935
176947
174283
178727
177531
176207
177684
178636
177771
177363
177769
178428
171421
174350
181288
174303
177696
178571
179644
178578
184766
186543
176536
177207
179343
176759
176373
193504
175999
193881
177213
194897
177613
177079
168338
175862
176872
169476
173649
179388
187593
173799
176228
195282
187115
192336
175779
195241
195192
169250
193267
177085
195554
174974
194022
193721
172148
178029
177676
178179
177634
178373
169564
209994
179576
194162
177954
197414
178771
194433
193050
178197
177030
178396
169024
176252
175790
177192
195128
177520
195691
173571
177443
168024
175366
178300
168880
169110
213307
176734
181135
172984
186589
175415
195069
177054
194776
187222
178511
176090
175932
177618
178939
177443
177596
177127
177944
187648
216337
176082
177872
217884
194569
175571
195484
175991
179716
184779
193526
176806
179491
179125
177811
219052
175022
194939
176548
169503
177017
181142
193145
177112
219313
174373
220133
176099
219110
177541
178298
186857
178190
179240
224536
190150
215601
192260
193278
175997
217566
174789
218930
201365
175965
178869
179142
181541
181058
221701
177132
178809
217726
174173
177791
176992
176914
177401
179034
194162
180814
222567
179145
178639
185280
217867
193506
177232
193862
178145
176811
194538
226897
219689
222373
218694
179360
217556
226340
226642
178787
226804
197180
227538
194468
227343
231410
193531
186581
216488
226295
227420
227097
228270
196335
225385
227992
226378
229646
225982
227588
219581
225741
226353
227892
227047
225847
228165
227939
187192
226323
229175
225037
227315
218230
226154
228451
227027
195702
195611
185960
224022
207144
194464
227692
191476
218414
195169
227775
227089
194307
225846
228062
193759
226210
193306
230116
224505
219493
225274
227247
228032
228586
177546
177479
227520
226874
177568
194626
224188
166478
175160
227275
228769
177581
178553
177639
145007
187293
177777
179265
175441
179463
166348
175170
177273
146208
175905
176549
187140
176607
170210
175126
177440
144275
171972
189598
176275
177180
185827
176992
186992
193561
173921
177949
188548
187779
167533
177523
177087
235909
177276
189052
190435
192483
177132
178662
177669
193872
179115
192490
175316
170202
188804
179095
179934
178261
188574
193516
177448
178791
177520
169404
183233
176050
226265
195571
176475
194175
177448
169659
176207
177481
178034
169105
177724
175952
178489
179428
178604
178278
192353
175057
170112
196168
174945
178658
167240
178160
175579
178065
177386
178316
178852
186055
172987
176160
165307
174909
198924
169671
178236
177762
178872
178661
177376
193807
176431
179759
175318
194273
168406
194087
196656
174493
194666
175960
196418
178278
194754
159553
176283
168573
167276
174784
179935
179889
176285
177590
187596
186907
174546
194756
192140
184250
203215
208125
173581
188393
168030
176997
178173
176320
178092
178940
178403
177596
161824
168014
175681
176847
182947
174664
176155
177536
195149
175473
178228
178180
186465
168419
193292
177541
177877
196832
174173
197070
176054
178463
169365
174609
185628
178152
194463
173000
169002
190256
174884
195132
176155
186561
174842
195178
177844
189087
205939
175378
176892
177894
180506
183703
177141
178032
177586
178628
176619
178147
209180
175383
174792
187954
175739
179217
194153
192165
194528
177167
168285
189528
178678
185448
174679
195592
192044
197749
192117
177732
179864
216082
172423
176626
178316
218286
183849
178669
178511
176140
180819
185120
192905
175583
195365
178215
189856
218849
183019
176573
178386
177573
178153
181160
173639
178416
178480
177712
194468
175270
219638
175814
176151
176315
178337
180383
193736
176503
177406
194961
177509
179152
219576
225581
176953
196318
176886
226272
197888
224986
216556
200911
226388
226843
204615
223081
1624455
184934
184004
187727
224975
198360
220168
216084
192954
226035
232163
222315
228348
227969
228486
227608
186662
224798
231480
225830
226520
227172
228589
218807
226739
226356
227490
232511
222297
194080
226158
229140
225137
225850
218398
186165
192757
193621
227708
194784
227551
194827
184854
219145
223010
217924
224262
220077
227130
228170
194769
226130
194195
186410
193724
222954
221581
194709
225958
229052
194742
226618
227601
229466
227641
228147
178990
177919
227353
182328
173401
177440
219428
177445
176984
168907
146488
178062
143313
145723
144557
177957
176178
177518
218484
225756
178020
176471
188054
144183
143363
175288
145917
197583
178401
163518
144170
167832
176370
178429
162847
178651
177734
193380
176721
169375
191917
180564
191473
168034
175070
185997
175085
176631
177383
177273
178232
177262
176426
179298
179263
165112
184013
178125
176348
193097
176361
195310
195917
164020
196811
177418
180290
173025
195461
173368
193814
195197
194628
194495
177278
153526
168794
173799
177609
176907
165945
176203
187711
177356
178471
180313
179867
174366
175242
194867
177929
188945
166733
189017
176741
176890
186513
167165
176962
177313
177580
178472
177594
177601
178791
170037
174759
178321
178608
179709
177234
195694
176969
186746
178667
177375
177075
169027
177621
176098
194292
193325
181548
175787
164403
186970
174040
176947
177751
188835
174687
190328
185483
194313
167365
177734
194298
174711
259124
235841
188445
162922
178845
171546
176892
177496
177448
176243
176435
177632
178305
176559
177345
177541
166246
178260
173771
175949
178293
194383
193579
192553
177137
184491
172812
176982
168929
178370
174305
193852
178613
165852
167513
174949
168806
175779
167273
176285
170361
174857
181779
172402
176981
176526
196867
190162
173649
177370
196172
176363
187273
186350
174501
197533
174726
177385
179042
227598
234175
177721
177666
177019
178023
168531
177202
174901
180680
190740
177377
192201
176139
176905
197706
176451
179850
184928
193236
177643
195397
184413
192352
193776
174393
218810
175984
176707
176317
177557
217481
175947
178041
188687
175124
177736
194220
175395
177021
188630
177919
177296
218450
174729
187014
177378
196102
176622
180887
177208
178714
195792
194115
195726
219153
192308
177984
177353
181566
176511
175699
188654
176875
177739
178030
185130
196431
216223
224756
194278
191267
225834
194989
225930
177658
218712
225631
217514
193002
217295
192919
226636
227737
206491
214862
190603
221197
218355
191400
227476
226205
221734
224444
228328
195757
226152
229488
193987
224291
226794
228899
229568
228210
227305
217907
195861
228059
193265
229330
224348
188112
233513
218227
228298
228080
229002
186335
227576
226975
195666
228681
197999
221759
227667
218048
224674
227478
227811
218961
224278
226884
227466
229493
231485
224115
224736
225739
193614
187122
227007
189103
224703
227539
179034
227934
228275
185814
179022
226425
227037
178030
178446
225169
194158
172696
178994
178581
178107
178646
238739
224947
176093
176972
179110
227957
168070
145461
170436
143524
177772
185375
145428
209218
160014
166821
183251
176102
166989
174253
177481
177243
177877
179375
185834
175271
185649
192363
174892
177759
179739
174977
184561
176210
176230
176298
177461
178435
178508
177752
175453
187414
176385
198852
169964
177248
178326
177791
178947
195272
168003
187874
176890
193939
174792
190679
191090
195732
193140
195774
195012
193470
175634
165721
177864
184127
177005
167079
175810
176987
177515
178777
176746
195960
175082
197202
193501
170218
185947
176458
195776
168220
178205
176865
177779
178313
179217
180907
175962
196916
194466
176203
195236
176305
177150
179143
177206
181069
193032
176428
186265
176969
178431
179616
166787
185391
183945
193118
187052
190022
177278
178751
168942
178282
174420
178217
178496
167977
179102
183912
179117
178634
177894
178739
177195
196107
178930
174406
189318
168385
175045
177444
176536
178451
178145
177914
179351
178120
185902
180754
173581
170343
173170
176917
169286
177874
179173
194654
176112
179118
207655
195003
170858
179370
167155
175668
196435
176130
177175
197143
177092
169130
175238
175398
171165
172992
169598
173441
176368
211226
174678
176811
193584
175994
192446
191097
178563
179348
216235
173669
176420
212572
176019
178197
176992
178862
176356
178015
176822
178001
172423
173779
177917
177768
177484
178250
194197
177338
178907
177214
177194
177959
177675
197124
171161
177411
179304
175408
196581
182370
218132
173122
186110
174420
178677
176143
180649
191573
183856
187673
180123
189446
175295
179134
195957
177667
178295
178965
175032
181470
172990
178881
177378
177987
177872
179022
177366
178654
177453
179930
218827
176561
180383
224621
175716
178285
195589
176283
177762
217742
223797
177134
218628
226059
176094
199766
191288
193857
195894
193679
222044
183423
225691
177794
220313
225880
226642
178323
226365
225526
194674
223398
228180
193885
227751
227588
219187
183546
195475
225481
229520
184506
185423
195185
226533
228278
227463
227931
228037
219258
210663
226577
228130
230831
223548
186661
226949
228888
226946
229107
227391
208700
220488
193245
188034
230496
191167
226647
218423
232382
223202
226601
228141
217698
225167
227230
228315
226307
228008
190924
190275
225072
195541
234699
224924
236215
217099
227132
228175
226687
226160
230754
227094
174839
227902
227040
186199
178320
176577
176168
195135
176357
144490
177438
142213
177448
176934
143534
174621
178068
185207
174301
177866
144057
176711
144425
176343
180268
165656
174328
176927
175774
177416
145212
174325
146251
176052
179428
185869
182293
176425
193566
186669
177542
194367
167490
183678
177173
147777
175414
178383
177726
181060
173784
176799
178884
172463
157794
192661
176638
169656
195415
177926
197205
173834
184546
178145
177280
171907
176130
195282
172551
195358
194646
193387
178288
176631
170704
171393
167263
183418
171770
167313
174243
185795
176518
177195
195020
186157
173025
195526
171942
176060
194921
161313
192844
176791
194509
175421
177032
178115
178736
177556
176956
176814
177070
178308
176609
176049
178734
175746
178653
193964
176724
177343
177280
181270
173749
196045
168895
174223
186584
173801
174902
195286
176067
168060
177084
178090
173729
178320
169090
173047
176183
178644
176578
179531
193391
176363
176052
188182
177854
173980
170952
176226
176573
177178
178990
177966
176943
177685
178866
196362
176577
197905
174449
161485
203685
178169
178257
179014
196024
178363
176973
177177
178021
177945
180949
165812
182305
195275
177738
178230
193333
194436
184696
175126
165862
186380
178774
195312
168493
176696
176960
177034
178450
191970
184496
193756
177253
176606
177383
178231
175672
174140
177939
177466
175852
179711
177306
178308
175972
195210
175290
176310
220523
172521
178245
177489
177393
192754
184087
178901
178428
177643
178178
176794
220300
176450
193042
220082
173145
186701
195503
215806
191523
174365
218312
186358
217742
186315
174668
176794
177178
174950
185937
175092
218842
194270
176629
195257
174969
198062
225831
173523
175581
178319
176442
177766
177373
177390
186621
176058
178641
219690
178255
178328
176254
177046
196573
176061
177776
178953
184753
177725
178291
185611
225325
176776
196934
215974
195253
194689
213323
225263
218300
226834
177861
226766
219037
226563
188461
219489
227233
194025
186410
226792
195365
225017
227047
196574
226842
192702
214336
226426
227822
184854
229193
228075
228505
227331
226015
227755
218355
217113
226801
229220
227053
181330
188481
225684
229268
227075
227816
226220
218714
224672
226473
197093
226686
194691
224701
219413
224754
227777
229050
209466
227059
217288
233303
227410
229782
227458
196902
221275
226683
195453
226312
227673
227146
168390
175062
219295
225416
227355
225378
230636
224647
234986
176649
226406
177749
169526
176598
176764
179175
227004
180067
143030
177413
176015
178192
176707
178124
145283
167255
172222
144060
176824
144353
178897
175280
171007
172671
177175
177000
175859
169185
175245
175718
177341
178228
183658
172301
186320
147057
173769
167215
176117
177499
175255
178461
228004
176459
177333
179002
176167
176709
179594
176050
175759
178310
168233
177345
177673
178811
177233
193879
176576
177867
176533
178667
163042
177822
169002
175198
195100
228741
195789
176801
196035
171419
172484
185004
181967
193821
164811
175365
194551
194845
175102
193929
175836
168962
195310
177561
178654
173729
168170
175671
177127
177554
177578
177037
177357
178147
177580
179403
175313
179283
183240
173446
194743
176719
178510
193506
186881
176408
176834
177275
177230
177383
201688
168180
174684
196766
176330
194276
177368
168995
174360
169416
176849
162736
195273
169310
189358
175097
227754
193974
195468
172130
186341
190375
177613
177282
178043
187380
176465
175383
178177
178243
177739
180188
177736
178831
177714
181160
207867
176989
169980
196887
193478
176609
176817
198032
175120
177581
177704
196172
176573
194581
167621
175258
195586
174965
194308
175579
177856
166451
173749
176235
177394
179213
165438
176511
177658
180774
175754
179719
176486
177310
195323
178144
177413
178393
178862
167945
176375
178055
181991
175293
178371
177629
180406
176712
176536
177110
181042
215177
173536
176714
177842
177413
195130
176942
178787
177340
177721
196980
183714
197536
192816
190321
177461
196031
176790
179069
218240
192613
176051
196173
190702
215488
197621
221326
176832
178265
202588
182717
184589
188536
171874
186826
172656
227237
187338
179569
213124
175195
178248
179000
178458
178139
177831
179282
175717
179290
216621
194126
186370
222850
195713
192947
194263
175954
178032
178799
177047
194273
221648
224143
194115
225170
224608
197737
227047
217403
224521
228330
225093
226853
226054
194827
225626
195255
228006
226481
189197
225010
195944
193413
226350
193791
227468
217726
226337
231388
224931
229087
226042
228611
227112
228000
227496
228731
227358
219626
225052
228492
229816
225009
195067
226568
229063
225778
228198
226258
228237
228343
194033
194629
227598
231598
192030
225483
219638
221160
210992
226162
236308
226784
228177
226204
228955
228486
230771
232180
204438
190125
225147
227375
227020
236649
232658
226649
228333
228441
228859
230015
175225
177964
178643
179751
177470
178100
145922
177014
178621
177795
228191
243521
178075
176826
178262
177749
228716
177830
145856
176597
146378
177435
176837
188147
166463
169133
188849
167493
187167
177526
146664
144258
176608
169789
179448
177406
145876
178536
189942
177179
192870
177515
195486
147170
167767
177836
178588
178701
178737
177605
177606
185470
180707
186852
185604
193701
176117
187493
176306
171022
197157
177188
178240
179687
175024
179249
176081
194927
185742
194059
183465
177619
195205
176374
167748
163900
180950
174448
179877
178618
194441
175440
178359
176914
176573
195260
173383
185726
187110
187473
175073
176343
193910
186594
186107
174351
177999
178634
177661
178473
171851
195799
180912
175250
196561
193628
194072
194475
184564
227558
186047
194950
178018
175684
190654
173914
176736
195459
176326
188185
177701
195761
179130
169025
175072
178519
178426
170272
173460
195926
177807
176769
178365
178217
195130
173265
177433
195165
160957
178768
181506
171451
195639
176945
167468
174503
179135
177628
176268
178889
178366
177744
176644
180366
193586
185421
179456
177952
178740
193297
177626
179440
179523
177190
180132
194143
196535
173308
194992
169446
192468
195125
176737
211375
193463
168760
176295
176619
177428
187178
177062
177524
176415
174529
175962
178195
195413
177428
177809
177448
195729
186739
194273
177694
179982
172521
170223
187307
178924
177694
179342
179356
176612
197305
178616
175866
176474
178799
194288
177020
178492
178726
179851
176383
178931
176122
184791
197498
173729
196393
175726
175897
188865
200293
178423
175759
175844
178869
193353
176200
178098
173904
178245
193767
192320
193416
177519
196180
216816
179305
197415
176084
177942
179683
178565
178490
178634
178055
179082
178334
228423
177205
195781
178260
177093
178305
180163
192365
176892
178578
178345
178676
178651
176137
179143
196822
193977
226145
175686
189584
225391
219353
223681
219420
180413
193972
227133
194148
194341
226591
226448
228466
194365
223488
195004
186513
227210
226957
227789
194965
185142
229523
227205
227824
227584
196681
188694
227055
193323
225957
228692
194602
195059
227099
228905
227910
197863
226274
226943
221302
227635
184872
194746
195453
191250
192987
226830
229119
192040
225683
220784
210538
226776
227435
227315
228415
194614
226355
228661
228889
228822
192897
225829
220584
192904
227142
226621
228844
229308
195413
226839
228553
178110
180017
176183
194658
180243
225822
177678
178559
228416
144699
177083
179117
179358
241117
159719
145070
177087
145471
176403
195400
178498
143832
175819
189298
177939
144907
177977
167410
170937
219876
177819
165956
176561
177209
186449
184127
179100
176662
145486
178140
174064
145265
167772
176767
176283
177366
186847
176751
168130
175072
176784
176383
179042
176320
194082
170503
179831
174922
194727
178070
176207
178020
179486
194268
176290
179273
194225
178465
194548
196797
192558
185108
194190
176631
193613
177298
178343
170469
176568
176406
177867
176155
181465
189631
175536
177514
177473
181171
174358
178030
196632
177942
176395
177559
177748
198368
171804
178664
179587
177824
175526
179339
177206
159757
178593
177063
195909
193706
179018
193183
175178
194573
193435
178020
175770
179049
179421
195899
176817
196633
194554
190180
194546
195739
177490
177669
196967
203436
166815
178992
183984
177052
200350
178330
174726
194040
191581
175865
195326
185598
193458
178022
159423
193824
188218
179859
175022
177425
179105
177583
177313
178443
178263
177744
193626
191436
192581
174975
180095
175906
176814
195899
176087
195478
177002
196040
177736
195400
168383
171575
193172
186263
193155
177305
169904
173794
195009
175696
178564
177781
176491
171954
172300
177203
179801
192521
172794
169947
193534
175393
185287
177240
177308
167616
176634
176167
176681
180882
173362
177449
177653
178362
178155
177722
185172
200282
174258
178237
176664
180170
195117
175072
178356
179105
179182
178202
196345
177700
220670
192614
179797
194481
176130
179528
217151
175265
218665
176501
196342
221459
216731
174178
193857
177440
179438
196819
180378
193152
188029
175090
186949
193072
220376
192606
185578
177226
194230
176178
188140
179426
183721
178273
186746
177192
207807
194012
180626
176787
187485
190947
185859
183450
186308
181647
184335
176250
187641
217726
195230
224996
197646
227000
186473
215451
183874
225503
187872
217520
193916
193295
194358
226318
187784
194152
195959
189400
196834
217024
182683
226791
188363
227247
224747
225513
195804
225082
187596
192945
196190
224555
188721
226400
228959
194550
226781
227402
194055
226628
196060
226541
188318
191864
185342
194631
194814
194932
195223
191854
188619
222155
197807
225728
227124
225393
186450
226072
223563
232962
187737
215621
234531
193582
190322
139884
194135
224992
239668
229977
236681
231388
184734
215691
186837
225804
187445
176038
189814
174564
235924
227215
233957
175435
188110
216418
185195
174663
150662
188093
184657
176942
188625
174759
188318
172555
187229
168723
145350
176336
185415
144335
146893
165994
192928
197002
186418
185598
181098
167929
185040
177470
186591
177566
146676
172290
194912
191100
193243
177593
146754
178807
175268
175045
188470
175285
188292
175616
186731
176919
187378
178651
194804
175674
196724
193368
184220
176401
195859
174045
186225
177912
185501
165316
188751
174656
178074
191742
186574
175290
198200
180771
179385
172835
178899
175323
187506
177461
186583
167072
182904
176845
187609
186789
183212
174821
188270
176092
188198
176548
188093
166152
184057
177443
186859
178744
186757
175704
187458
177894
184762
174561
186937
168573
185882
173804
187982
195261
196122
178448
186137
176751
176548
192787
183979
175012
194681
173398
187331
191662
187167
166172
193009
176885
186573
193446
187864
190162
198995
171030
185696
176483
194857
174390
187272
193190
186533
174464
186701
176268
177413
174388
185688
176719
195177
178128
187713
176519
187039
173844
186536
176549
187095
167844
185350
177348
182967
196521
182646
174640
187228
175297
186429
183324
173732
166262
194775
175020
196924
175526
179381
172626
188340
173440
187190
178150
185678
165105
193032
175814
196117
193291
191265
178441
189069
173443
190159
175064
196686
176353
188416
173388
196802
192819
195545
177112
186075
178083
186790
175473
188306
175866
176742
173406
186979
174646
194667
175523
187531
184235
184614
196150
194350
190804
227776
189463
194423
194325
185791
176183
178744
190791
185373
194037
189890
213867
203224
208332
195634
175917
191852
174190
185812
195053
195140
175768
186402
176058
189643
212355
183867
175137
187566
183853
187804
178421
187953
176308
188341
176966
187316
218087
185379
225199
186611
194441
186093
176562
184205
176692
188634
226040
185877
219511
194455
224999
196260
230902
181779
216330
194252
194573
225934
182603
185313
225734
185048
223897
182916
220454
185734
184603
197932
182656
187994
226862
186200
226774
227409
221148
187020
226135
187724
227150
188125
226996
184475
226490
187017
225039
227338
223047
186566
225972
195644
226548
186549
225591
187646
228668
232544
228791
204543
188215
192909
191744
195202
223588
196802
223448
188911
224989
186566
226668
236850
216448
190158
222015
187601
194456
233638
190692
236062
225353
236233
214496
185516
141829
235743
226265
188545
222646
187618
176273
186881
226741
186967
176659
187213
168250
184631
176280
187757
145431
185355
176734
188393
176394
187029
177980
179165
174424
186517
142890
184636
185070
185879
144120
184506
183032
186711
192270
187842
176035
175673
174686
187626
226849
194276
174038
186965
186255
189145
177005
184764
193724
176618
184363
185280
177824
187436
176024
186744
176034
196824
166930
194377
178779
192541
167157
183203
177518
195916
174739
187398
175759
187556
225684
189584
175433
199360
188042
180476
176340
194177
175957
177904
175230
186002
176117
187924
166316
186107
166436
184626
175624
189902
190113
184836
167794
195912
166606
184328
175104
196380
174965
177325
174827
180193
171616
186787
176433
186875
177047
178796
177026
186546
175803
179513
173648
186451
176741
196529
184714
184717
179230
183679
174179
198807
175872
178937
190631
187490
193691
185618
176313
177827
166877
186450
175368
191109
173436
195817
168521
194049
174656
198717
172601
188017
192882
184856
177116
186007
184674
180140
174315
175683
194589
185691
175992
187423
183636
188428
174052
187600
176997
187268
167937
188286
173508
186853
185375
186893
175323
187465
176546
187693
176785
186238
176684
195935
182739
192368
175381
186099
166316
194482
191406
216210
186910
185598
171087
182143
177267
185957
194015
185157
177538
193884
176711
189023
176062
177621
186584
176375
193108
197706
175760
187266
177679
185641
178704
185886
177489
186987
175766
178847
175787
187754
175243
198080
177325
195439
176576
187002
187122
184611
176922
179160
191696
186749
193781
187431
176345
179524
173175
184874
175964
187498
176285
190152
221659
222897
192812
196333
171889
187245
193946
184822
193388
187030
176614
187449
215530
189400
221353
187295
174792
188754
174544
186847
176370
186548
176186
188137
217225
186161
176944
186230
196696
184388
225160
187702
225152
186899
194120
185273
177318
197222
223854
193150
193283
183346
197085
181233
225323
187030
225726
186360
223864
228052
222682
186355
219195
192398
224528
196142
185037
192325
226443
187717
194140
227696
190704
185632
225711
196656
228508
194132
225529
188110
193037
185426
224852
187814
216553
186162
225613
195098
226478
188015
183225
187458
225693
186533
229050
185118
194596
185441
195234
186648
225005
227676
223240
227323
227388
234052
219370
234080
216205
237618
223062
196679
188960
234350
193363
232503
234235
233053
225604
237069
216256
234458
226713
234648
176842
235851
228436
187816
228035
187130
175150
186495
174165
178769
175759
236125
142723
143499
178596
183759
177511
186779
143997
185794
177265
146022
174636
185020
194396
184896
167361
195561
170501
190020
172922
171546
173814
177345
175039
187047
175784
150015
175269
187232
193416
185479
177048
188797
182976
186360
166965
184766
178213
189190
177000
187586
176536
188586
173273
186340
176581
185182
171539
181498
175644
195343
174485
187014
177331
186042
177173
186919
174646
159689
191145
183638
174563
199662
172293
177977
172466
196654
186503
169233
183950
185939
168600
182484
175969
187794
194102
184261
177248
185443
173571
198784
174989
186774
174488
178420
184390
185439
175669
187115
185207
187816
178393
185153
175130
173273
174207
177721
175889
187697
193235
194523
174980
186731
176861
185964
179637
185117
176215
196459
173080
186656
194834
185449
168010
185591
174728
181430
171879
188142
175549
190145
164335
185009
175827
198185
170481
179528
193190
188671
173290
187107
185739
175356
166017
183311
176408
186280
177251
188385
177335
187526
175498
188807
174847
185872
166505
192034
176192
196556
178255
185361
176854
187809
176235
185561
193027
186869
208461
175090
175786
197282
174795
177277
174100
180754
181488
187909
177042
185488
176360
176483
175831
184130
193290
185754
175481
196495
176531
190366
175276
187614
174792
170692
170313
190428
176493
185007
176213
186952
176882
186917
174248
187167
177029
176401
179616
186328
175233
198306
177122
195285
175932
185736
176160
185729
176946
187415
185940
181784
192691
194894
175757
196495
173520
194245
174912
187002
194724
178899
174847
184997
178439
191489
172952
188701
193195
187461
216297
186222
175263
186774
220045
184055
216305
184280
177700
190303
175350
187101
178108
187776
177371
185999
179009
224886
223962
186906
192934
186483
178148
186950
224882
187900
194027
187443
225355
187706
217418
203866
223525
184526
218373
183265
224667
187603
229641
184373
225223
229336
225468
186180
221020
188556
224939
196849
226122
186110
186837
185857
227185
187581
215190
186390
224979
186310
194413
186899
226882
194702
226085
196065
224724
224989
227433
216716
226122
194656
225496
227989
227533
227503
229150
227263
224595
185117
234748
232819
195285
223238
229089
219137
224220
195200
248914
210202
225586
238448
190683
219137
224599
191446
223390
217430
193193
224574
228183
226659
227633
228052
219007
225676
178495
227473
178110
178230
178711
177744
178035
179787
186789
177849
145659
170260
141502
177799
144404
184704
176235
177057
177614
176596
177468
179215
177821
186566
175689
145280
192960
177448
167937
173448
168370
178709
176363
178216
179163
167549
174804
178232
145436
174581
178108
147538
173458
179321
186144
175654
176787
177688
168356
184876
176080
178075
178358
178486
181423
174972
177569
178884
179731
175902
186423
173714
195383
194325
176416
187651
176495
178268
179160
195932
193621
176712
188097
172353
194019
177661
177097
167850
173980
179200
180784
174240
176418
177781
176920
168308
175441
197664
185078
174631
178601
186554
178874
178403
175794
164077
177631
168475
174395
179160
177766
178541
178393
179403
176253
177500
178825
174444
176546
167065
175495
178886
192273
177909
178998
177239
178725
176465
177469
181014
171833
194720
176449
174841
181418
177123
175924
173955
178485
178057
177120
168269
178347
173558
167431
175591
176242
195105
175027
176473
194948
176440
168133
176370
178054
188679
165613
175715
177724
175357
178139
178435
178031
179037
177308
176664
177207
178671
181007
164779
176413
194416
174944
176524
179022
176702
177633
176065
189388
176269
179558
169506
172849
184719
178832
166616
175510
175965
177839
177258
175696
176346
176894
168982
176318
177245
196448
173574
187403
187563
175551
176934
178087
178531
177875
179518
206904
178268
173087
175929
179646
177716
176345
187362
183869
194165
183618
176716
221944
192677
184423
197240
183197
194361
184208
179699
176087
188694
174505
179195
186311
173747
194083
195042
183626
179594
172781
193518
223375
181268
184074
173474
218365
175546
177237
194584
176353
178574
196220
196323
183143
192277
183167
178410
187240
183182
185751
183829
188047
186052
175070
176639
176596
191225
223889
181539
184451
225939
190413
194444
193002
185619
186332
196075
186453
185583
178084
180839
194150
226792
183840
194892
183927
227362
213890
187150
183583
186388
184761
194922
225513
185386
228209
192979
195804
181325
183549
196233
232225
205245
185123
186722
184496
193922
182965
228248
224614
193778
186456
226946
198303
185534
231949
197889
225648
186889
226213
183508
189168
196696
222686
228673
227396
189263
234468
197163
233979
184393
186483
224555
196220
191929
228589
189104
194942
234403
224971
227846
228541
237035
236839
224285
235263
193719
225629
176957
199982
181400
236025
238065
235616
226313
179501
219357
183594
237250
186704
186256
184956
177262
146536
188010
231022
145378
185203
146207
174183
187115
169726
185945
186333
184288
184813
186638
186225
167057
189835
183784
183466
186992
193722
173732
185484
176290
183601
184028
186604
175829
183667
175693
169170
174528
171065
151879
176935
194626
178860
172441
173198
195338
182142
183779
176132
182919
167945
187539
183676
183080
196155
185355
192942
175591
195493
227689
170187
176025
178514
194164
176049
177499
178310
178352
178395
193832
193939
176305
193583
168210
191851
176629
177042
169801
176248
174302
176684
179761
176198
177754
177060
186899
173684
197202
193173
191488
178854
185511
177543
163453
188104
176566
177480
170348
183749
187736
177396
178287
178654
185155
177483
187316
176841
195152
176405
178510
185488
173821
194690
194361
176658
172202
195097
184844
178528
196383
174265
197623
166501
172375
196411
177207
196583
174914
173909
195721
183105
168917
175165
187331
166924
175643
168972
176228
195173
195285
193874
178719
193533
177303
177465
196606
173242
173754
177415
179483
177628
178090
179473
180801
191909
178609
194678
178885
169345
188461
176533
194854
174749
171293
187952
179761
185463
182947
194551
170829
194901
184955
190197
177200
176136
169739
173835
180287
175679
178168
178679
179290
177088
169117
174980
185192
188245
173004
178144
188139
177949
181887
183791
175877
175668
176989
169672
176565
187255
178230
178089
177877
175611
178499
181298
175846
187388
176564
185709
174298
197486
175839
176588
177850
195200
176707
198766
206473
193767
193062
217834
173413
196125
177882
215525
175403
177886
176623
177298
180236
173719
177398
220515
173142
177316
193784
172821
219520
193524
176769
177115
178157
179478
172832
177867
216581
193708
223788
175771
179250
176927
177017
176741
177077
176207
179025
224203
217899
224420
194426
175979
179052
177769
178513
178263
176649
201220
176912
222716
214949
177162
194586
226947
218069
224956
219049
179253
224880
227716
218546
226666
229239
214919
223931
195028
223927
226794
193911
226831
217797
224636
231037
226358
225641
222850
221335
185373
225268
227809
229571
227801
227904
224692
228528
227024
228393
217656
228200
224262
186563
226290
230157
227354
228851
225961
187130
195420
217934
186834
218927
190520
223045
213627
220939
226974
227984
228865
225889
227839
227543
226721
218420
226485
197032
222060
228488
195375
176663
228643
194263
218493
235989
228282
235776
226160
146506
223930
183811
224684
176899
176433
178366
179128
177473
177362
179568
177067
161682
198866
173608
145305
178270
225137
186473
176208
145942
175154
145280
168649
192067
171950
176503
184462
171944
176965
145343
190975
159010
175069
187102
168588
175424
184488
185186
173694
144867
176189
178561
175742
179187
186856
178426
169541
175110
188070
174864
179375
175511
176932
177213
177613
177987
177005
178739
169095
174894
176841
188736
176969
178997
176876
178127
178285
170070
196275
166109
197895
165846
194546
175097
167518
175165
180117
174975
178039
177797
178160
175711
177972
169732
177779
195742
174162
169824
192919
179656
175846
174756
177616
177925
178519
168125
176724
176177
186616
177571
177586
173406
174659
173862
177513
178122
175917
176599
169158
177787
193894
168285
188298
175338
178757
180523
192035
183950
176915
193541
165812
192654
177819
177043
169190
174736
167538
176486
178879
175712
178957
177173
169940
176959
170841
174032
185856
195907
175699
177170
177563
188579
175654
177526
178746
168659
174177
188872
195145
176859
193944
176752
194443
177792
176820
178779
177688
170195
175889
193679
176335
178320
179015
177759
177854
176403
177336
180142
191947
167824
193035
176270
176516
167488
183859
176288
180460
174644
178325
168717
180077
171578
170060
175844
194749
174187
177902
185323
178157
168668
174215
176125
177200
179478
215932
173579
168441
175201
178831
177077
177779
179325
194664
171232
202017
178368
172307
220776
193163
176526
179325
177049
179544
175410
176127
188428
174356
194263
175568
218864
184914
177012
195907
192844
176446
218491
180383
176127
187709
177323
177691
219263
177398
193110
174762
176303
196295
174717
219418
176240
186860
178200
176731
218466
175932
178671
186050
218534
188282
195873
176695
214746
195473
177498
176440
177609
177674
193731
226694
176200
179093
187232
176748
221548
178009
179128
194791
226440
216814
192523
225872
221280
220746
227822
229388
193157
209018
188841
216260
186411
214335
225976
194052
226238
220997
191271
227285
226769
227614
227957
227470
228290
217619
224992
227255
227829
228556
231416
224872
186445
226230
195470
225754
196465
222998
217738
193234
227358
227505
227774
212578
227063
227524
229462
218659
196525
225383
196431
231549
227170
217168
225070
221691
224663
225456
227543
227676
196383
226716
193904
225756
235521
190994
227663
146581
225456
227062
228042
188210
177029
177303
219719
175972
179473
234581
227370
178390
145553
179749
174817
145595
145988
175052
177038
167656
176644
189343
174315
176613
178596
226926
178922
144020
175593
142002
146722
167453
191198
176659
169842
158591
176355
176022
178606
178786
174370
178313
178591
168007
176276
193767
177355
178795
194546
177145
