342164
302974
284501
558772
315208
320113
1066144
288849
298814
1386633
330656
278048
1080597
308733
295169
362443
294516
326350
722010
324115
209179
374910
278715
359324
6228699
241379
291070
373809
328597
325357
300305
315202
309420
282149
308673
290836
312865
323271
322783
293367
295639
1413360
435550
265311
1362954
279198
336098
1285411
362862
276883
1300782
340406
284986
333214
998636
317485
1035285
315551
305818
1505413
260353
314348
412072
316186
350540
308693
327665
319280
940693
331430
373001
302142
336425
291609
336972
313371
330844
288292
301648
1196820
312921
328558
1169795
304306
317200
1551707
310040
313484
1372486
288271
335072
1180020
315044
290978
1186614
312080
416148
1080791
303892
314169
896173
316651
253200
417731
331969
301141
345815
351079
339197
312672
362103
356261
325624
277408
1061129
342000
276703
366872
331061
296689
1154053
273671
290641
286708
282899
370485
319123
295378
317550
334541
334431
949597
302853
268128
1203400
302627
321328
1320348
329894
273315
1492744
295596
330674
989740
276936
335352
309809
301965
315260
443388
214446
304904
330963
301655
340232
313112
313919
276161
328559
316249
458578
270308
338519
1172144
304251
304389
353466
326075
300549
377165
353250
339795
309418
314773
321285
306905
317948
311497
293471
313791
950822
303993
342683
1057824
297724
261145
338293
279449
309466
346781
359139
349985
815143
307978
285298
402340
290306
348375
277063
231430
293115
290172
289519
574514
369379
273406
1271883
280449
303531
1401231
330280
230127
1691242
352805
375716
1911466
1688031
279783
317453
353583
342147
1219848
442052
361271
322176
322076
395434
332818
319877
376700
346001
305532
318317
301441
1325730
335028
316890
346674
790751
336072
348371
1624686
319305
331135
320762
342817
260302
353007
314387
522664
545289
335779
242948
879060
316910
402173
351097
323694
301235
284168
305329
571269
315054
304050
4108589
311461
342215
427373
338261
322825
658265
332470
327797
1277651
294318
322283
1333153
313137
318642
1268056
322180
266391
1337535
257057
315164
1290026
316390
293991
1192331
282504
347348
1017708
350241
272425
1404958
280097
300253
1075195
320217
278465
1140728
319883
357870
1582592
334052
278861
1303912
307921
367379
1044326
341230
306043
591387
321520
364146
872500
333254
306644
380467
298914
311953
293267
274720
251436
299549
313893
345650
382655
323795
775111
285242
295819
1280731
277474
285235
1065533
295818
295667
1327434
277807
343878
1267473
272198
325307
1349447
278561
327023
974799
315191
314797
2281416
289255
324670
1431842
370207
329994
1462637
331809
333674
1049049
316147
285023
1120631
270588
303340
320722
325081
305104
1118760
271946
333702
359290
314703
327486
789753
281991
290412
439013
282003
231568
245072
290220
301289
308950
319618
303649
291503
311710
553103
284737
244418
1227657
323684
322013
958237
322896
294341
1349770
294155
307709
1584424
317348
261045
1354121
342583
300123
1312974
291223
402857
301510
297021
326516
1009357
293124
323665
319773
321067
345406
275634
322495
329242
361114
279251
314330
328309
294227
1059439
291824
306558
1536407
316656
311228
725129
349118
313338
1087132
236946
300452
1085764
317816
266226
1849944
303705
380654
392657
348812
313059
319136
282074
330340
657495
326959
300209
327003
277812
332060
397507
307815
274742
344908
351015
274941
286688
505046
1468494
278744
297336
304828
352933
276859
534622
1207440
365410
1429794
466684
315974
348737
318603
357039
315739
313489
352793
333322
374036
656766
295462
492801
989466
257598
303296
680780
303411
335399
317042
469158
312391
282305
288518
1079500
1846092
297868
453290
345434
1197128
2807421
611771
1782389
350077
309932
287403
1315695
397496
314002
319466
1293195
342909
335642
362600
1701051
526417
305650
781203
332742
348193
404936
287329
631540
315160
448358
277567
391681
328906
1138965
303998
340338
336926
1135005
412703
298311
403461
1409793
357985
283037
313417
1332165
315667
308566
329397
1504245
352657
291481
341657
2243273
296248
309824
308224
966802
296246
293233
278263
960273
303954
301685
329285
608920
313741
295330
265287
772001
309497
274352
292123
1062000
275454
290669
262259
1510201
274562
275326
325716
1253070
340779
350564
350165
1916544
440747
317136
307877
675595
305526
328372
295983
1147589
612432
322178
517734
686449
314031
324306
324219
1377944
285008
285396
271240
1580544
336129
299582
303114
1165960
488730
293045
333524
1483686
405795
354613
373882
1093916
346063
445216
319425
1689750
486585
1139097
469073
571261
1410086
485568
333444
741381
304990
331162
301103
315901
529275
276704
564542
1592975
358321
334827
273568
1999057
480186
270514
336417
1833957
1455791
658674
285115
1450645
321923
268671
315677
319731
330088
910454
332087
292133
289603
293949
321300
333407
314007
439847
334880
341355
585027
335577
335019
293395
321068
300199
501156
285052
313226
584624
365831
529247
368457
312864
226108
981000
383093
286533
277661
292623
315821
313961
319153
738160
346519
277029
370655
325590
331720
1276925
295510
315525
411713
307731
315373
370594
300065
349519
943764
308562
271535
319835
284867
337149
315202
334681
258495
304832
340528
731434
276680
293720
2071282
298708
310669
300712
244423
297947
326982
956279
275720
795316
319090
364021
253633
317764
349590
328390
273584
330042
307711
334964
306548
320631
324059
1239691
321979
339644
311133
319821
317723
312869
296089
338468
491673
241723
287823
1490175
330569
347556
1212801
328082
347565
1413824
315446
252866
1216056
309719
298688
302761
342832
315331
799277
992237
326343
664847
285966
340210
967097
362050
302790
279505
284785
351628
282577
316345
301510
280640
1350868
443234
334436
352757
1385174
314340
336606
515381
318517
325295
384653
352075
346673
1012204
300849
284124
1307259
277450
294306
361465
268726
295521
761722
316376
350012
309638
329911
283721
321753
1086262
299774
276620
269025
269905
350618
357818
313857
323307
316014
1771743
338068
277425
341291
336888
339391
377992
337948
339412
307430
305716
320733
1130494
320809
297012
1101260
315594
315926
4437974
321569
334609
245649
312844
299369
385192
290463
333892
368172
598662
348764
1169057
322068
286809
287746
308788
301741
315344
295091
322727
312564
340162
1276945
298016
293630
509441
299078
323425
324418
376713
290461
785048
297525
378997
689635
294101
297030
327675
304854
1328140
372103
325380
303298
1181474
327541
340324
341374
317976
1080736
376652
324591
1317743
328981
306746
354920
336622
324343
321629
558976
325913
671333
291190
320494
2213199
281913
410830
376672
402777
1628770
371460
327707
285770
1724319
288670
276318
346855
247184
366500
347007
315268
343871
287389
323819
415841
372047
381966
311078
295819
339145
939415
340410
348559
306847
1137083
601425
427735
276006
296927
346119
349074
478360
318263
1486527
289326
285495
278380
1496892
316051
517729
328788
468258
857393
331039
388605
989900
271976
328501
282907
1556290
307446
355716
312791
1638637
374393
255121
357245
1006795
260595
318636
362325
492051
752323
738093
322213
610598
1495497
261842
750454
847993
315850
2125285
573582
294298
331037
418265
906890
451462
318895
310367
306446
323185
324101
343557
406510
412954
299361
370785
1293344
375257
369535
287979
326969
673733
1053977
668007
381485
844391
342044
1535333
855448
418016
482337
691850
359068
697640
508072
381090
371665
334618
301653
306211
309184
379196
302655
1281154
326408
337570
318838
789829
310441
367571
2275216
289426
430383
345057
485163
453997
519764
324341
386765
1455997
376189
1610784
658433
379314
505503
1450872
649494
348039
287229
315356
1449531
2157009
319917
303028
309400
364947
311067
384901
299896
1330168
335962
308456
359090
345186
1038917
355676
451030
377350
340511
377380
964045
1209460
315316
1052375
358902
277316
829072
286305
267520
324131
320864
353260
325329
309825
329047
346489
292790
311830
354768
269522
260150
280956
355876
1006653
323712
315613
1104952
338362
360232
1246306
325994
318469
1128964
319761
289613
302329
310026
306006
758521
1384997
302304
1316791
2014218
1318008
1227242
342611
349658
2594045
696535
506493
1221459
1447087
961532
474577
373699
2811938
323519
322579
1011069
326875
325708
272411
1166950
299298
378649
367447
322186
360023
291964
325879
1641462
276372
346632
294903
315297
345733
327194
225051
370556
308725
316235
345620
866187
299949
830436
335575
329136
264070
337165
296325
327224
309404
352225
286489
964964
693538
501756
750109
837770
244882
335457
1629896
1580070
364647
307097
1358257
993118
367439
350508
321873
742062
1164647
341804
317592
420069
414870
345456
366513
360874
385807
608391
752106
340761
975651
293271
2773394
321939
244608
614983
346358
1901642
328796
403877
998763
303162
723560
934959
1109008
249282
370506
254094
468172
1048221
1105703
488200
1598764
316138
288052
317435
655832
481202
1492971
474733
317898
1451666
332967
320147
340930
284854
318280
1029305
327637
332065
963225
256694
415929
511194
436813
747932
709453
318840
481555
531289
387892
412311
505736
308039
421828
286008
571981
989090
463441
922187
531806
498015
1511053
583241
299878
573720
500006
1761094
599724
293500
332007
1184971
560955
306600
295033
291847
313446
315877
349948
383490
1413930
313212
351863
316551
313005
1319161
326444
345367
568832
306017
360822
298600
304978
290164
372655
318896
277777
360182
301659
880328
729661
406425
490570
1049472
330335
345176
300233
266140
410506
362263
293528
296910
310296
310243
1357953
367549
408261
1039517
319706
414737
1518235
354716
331349
2637179
264880
312468
356565
272417
293371
1055580
309803
303958
434512
272074
291441
318173
308763
797707
497252
262394
1386100
371633
489901
472903
288614
547491
314461
736144
336691
383087
486039
288426
278203
384073
281942
420187
296926
299259
290779
306889
443461
286409
1492884
642502
316735
311970
1519817
698247
712528
330187
315000
5137179
962246
486825
1317608
404575
663025
305800
2234843
344982
270208
389784
404450
827157
296645
308753
322982
334942
1886334
626091
354114
280750
1036715
316545
327246
315272
294691
409713
297940
313518
379406
300743
254307
288909
472769
287394
1017582
283663
349102
864354
263344
1183912
1047396
283667
527335
328148
503407
832744
282091
1891294
473593
260501
296659
519029
363483
1298941
463652
280030
310088
429425
292292
283080
854402
327999
1312744
621151
282464
1090018
1219903
310258
1478672
1335096
878577
348359
1210992
382538
361629
393563
577267
443958
258312
302475
393641
325766
291982
771208
346579
335332
277907
332909
306836
329631
402761
424470
313464
324263
303697
703641
284585
346893
325673
306828
333719
315809
311929
1068932
347030
279423
317547
294660
317680
360409
726530
311560
376383
291164
292754
975529
330724
315646
409149
313073
346185
328238
318323
303082
338777
1221047
1429476
224452
305948
777290
293658
286634
1017123
293314
305399
320296
291852
308352
343891
304735
314260
812640
406736
265737
344576
313439
297483
336034
318604
228080
311852
346755
271952
329832
336034
513708
286919
311015
1703146
315877
313297
1271988
312261
294131
297656
314276
318477
378631
987954
355036
730081
333215
293904
274630
378517
283485
277715
389076
891148
267653
744364
2382044
765669
275612
1397841
308661
299880
911575
1229984
835784
1164261
386999
1994258
296627
366573
289356
320273
449176
340641
284835
245557
302991
273522
337996
329565
313512
1701466
390444
405935
384757
356879
325483
448288
371482
531936
627721
267317
334775
2396365
372334
551147
1151707
347539
1775580
321711
685646
332109
352647
1061707
2224581
741816
279846
432714
292301
299428
304331
1418070
255849
289392
300768
219101
432267
346048
1599380
348904
346020
381261
268419
346428
332634
534189
314145
581623
469024
328910
958564
316314
335370
314763
1061576
324293
306375
315640
642516
318330
436874
359805
320164
278116
358673
347350
1342688
326941
294793
306229
306383
312006
310453
325299
311284
328138
295013
289581
1065474
664235
305698
1390364
294938
261824
618023
245007
358786
626053
314428
315074
322531
283439
320287
287682
281499
1004992
365098
300073
294126
296190
316320
1038995
325335
324692
354645
317523
346956
1522566
1273061
299046
1080761
282246
334248
386022
307063
348260
381389
281423
288369
860230
298340
292275
305463
341496
372758
318076
354463
388923
315826
317209
255378
288210
324820
369179
331793
303966
300444
329062
296930
1200656
351231
322213
1409708
325532
367653
1320033
286895
264316
420196
331761
296130
613311
392713
1993509
660782
654009
400670
591207
267748
930615
305089
314570
744416
283096
305183
264659
388826
500811
1252284
319396
288821
284449
332686
329840
996419
272816
353590
398905
250978
287115
330092
462228
321346
1067694
316817
362121
262568
295694
298208
313372
345579
292619
367035
587269
1825475
320849
326666
461358
1312371
816225
303278
1027876
385058
475856
648902
317873
356584
348829
297517
357077
271314
1308714
324952
382139
607084
323604
260762
460208
1153563
327102
343271
271112
325492
1035724
337861
319833
1456573
247906
305923
1471281
306853
322625
1047836
243562
335543
416047
345158
336685
351125
807358
355170
964167
343687
283176
289564
295823
511133
313889
337255
327336
272360
338795
476129
327739
359056
266341
283521
378737
562514
1017267
304000
631514
307386
732218
567448
929296
310130
1919415
2333723
1564866
641611
345542
444676
275293
290006
350930
350305
325770
331552
310579
343770
330966
335850
283316
983108
388021
329632
505487
1043923
2708317
341428
934726
1049394
979345
544810
288209
1401371
271585
293101
286598
313973
301455
325692
318466
357290
330661
316222
386216
301436
290666
1264949
296671
1067028
1259115
298807
315075
330217
1192301
313197
328434
269711
2032733
295617
294424
985263
1120920
273197
359169
1030001
271960
288430
365778
307321
307580
351544
293490
1079592
527950
347170
373751
2910267
329525
537260
1323573
259551
1471465
313174
284268
347314
1843261
354957
297523
366136
1169670
671390
1399264
1414550
420191
468477
916725
886984
287213
327863
249573
326539
316016
307334
324968
337664
365815
328834
368273
357498
371695
464819
295214
311698
1204404
323227
300849
1240948
325309
321803
325740
590642
353766
1370197
322500
289438
383077
342381
312000
324207
755074
270976
875444
363369
309457
327410
318171
363858
262851
293542
313041
334880
292057
286017
314663
460144
301697
343694
314792
1145958
547063
318337
1487607
310666
270260
324405
315693
316934
671556
1176232
330145
986626
335523
325915
320813
314707
314385
311411
246827
362317
360164
330313
352246
328386
292607
1281906
352406
285678
353494
281103
384228
734381
373679
341330
251987
291300
412181
351498
1228920
286052
309858
285694
353128
707699
331095
296290
285511
237642
318528
363930
379224
312993
271480
287859
776181
263913
319985
358041
289516
279734
546385
321599
285267
352083
300662
289737
381128
303806
647863
333959
294538
317099
940186
314857
1094877
843882
331916
324075
409685
360619
334909
301608
296759
1357530
297772
267644
307407
293939
314567
294286
303158
286674
381366
289392
290579
1231496
306837
359498
346380
279593
330724
1072361
296323
318184
943691
328384
277479
324329
311846
281040
327209
359151
696274
861399
305890
1391579
440856
344610
293334
1564567
291415
477178
344265
1473478
2304416
392008
397873
356698
332340
1444636
394526
586454
329912
293816
418341
375513
1174359
314234
614477
365155
318925
732271
338038
299912
338654
309468
621569
328206
306178
332625
301870
337281
300233
286622
309120
361908
408353
450688
322984
1125889
313853
1865967
361743
1488280
604606
307985
478310
1049226
386599
1690649
419630
277279
399377
297410
490358
1445952
416366
288272
313180
409418
1062050
319949
329773
705069
305397
296502
1862984
349055
308148
302065
359326
322978
951521
269396
314542
1415881
283586
330491
303254
469074
282927
391660
347783
263598
853428
284599
316237
307551
463988
325501
318612
302599
329397
345704
340683
319456
284531
356365
319043
316185
315689
1150680
1278146
309217
2435262
351814
888750
499739
1977874
322898
1281102
318441
544397
622560
292070
1286550
2588687
347637
1366294
250562
325415
369136
336940
361205
356218
521060
310679
845468
328868
314246
375766
1322745
245348
329737
288817
999772
317659
311729
320546
1090183
319904
316619
299630
1334925
396057
342531
355714
1218548
421143
270336
1104452
358059
436054
295971
757418
981704
939092
709671
956980
371792
296486
296340
370766
298062
346763
326899
311097
309424
802155
353414
265456
311969
424533
312293
326598
354876
316760
734682
311628
326932
349874
326396
333317
344502
506142
1255317
405188
317906
349375
315419
346126
342039
327974
351449
290782
313817
318076
711537
287453
294699
1308957
341138
332428
1518356
339198
288360
1531645
286424
298455
364297
368379
340685
258276
315933
310226
1177220
359647
347124
367716
333098
273374
326149
316377
404821
292008
280323
309719
306287
457974
295857
301297
289721
333753
314915
296399
363135
1269859
325377
344583
320384
760599
1315380
1749150
323084
297350
474444
685662
1647124
471434
356778
1488950
311517
372396
296175
313700
521602
348863
746297
827875
282823
321920
318646
1144176
443078
316938
333246
1482659
341072
259803
386317
328569
305583
345422
308718
1196284
325740
354313
344650
1637905
287295
273828
321982
1103606
454086
319627
242951
357035
285461
313937
363508
358883
1244241
343003
324576
314006
922703
271645
314069
311403
294308
325482
338917
325103
553110
301106
305503
1404256
313383
320821
339943
349461
299674
346577
311044
318073
894193
455516
464624
324171
464519
279235
1219269
1360989
1304101
1938934
1056576
1438745
948762
431723
316970
955344
321280
380084
285767
341609
429184
282872
1480182
1356056
313752
519585
1412185
348519
322641
333208
329309
358087
451690
388430
1389656
320358
302574
340123
934590
314153
353360
330171
317703
380601
307714
315180
363548
333291
281800
1114898
326183
309747
1183369
338616
364315
1311543
314460
300560
295793
573799
285008
1179720
308032
1540575
328300
333990
361537
787743
296687
348515
1205053
319670
311345
371486
332582
337439
360937
533620
337403
987691
263531
329012
311437
346974
362656
385108
316319
290603
339624
335711
306722
608723
571305
591812
278118
479909
1025527
311302
321897
1094352
308197
497534
770598
746303
272583
285365
1055649
368421
300767
314320
295382
296368
836662
326167
324364
324882
266006
380409
422107
334683
994661
403819
312373
288664
1199442
341767
323984
298548
277189
304986
355487
506955
333027
315831
335884
1437161
818806
295640
298261
325704
286969
436465
319548
1422681
655268
431222
366250
1804072
842832
312746
568567
1040854
303300
315825
309769
349381
420836
290467
1144046
306171
627545
609851
298193
408963
375993
289402
291194
349979
298932
324961
305328
293930
1289826
287594
309115
299589
1431235
334878
318369
270695
1017672
993587
339302
336824
306354
275682
292825
577979
520259
370813
425823
267409
324368
988748
306830
290230
500708
368100
341986
327050
349481
316956
306828
384156
1520029
309455
334444
336541
321608
357315
757518
346659
951591
452171
384196
1794565
726068
409108
287065
559139
306923
2235551
398172
276037
302673
284421
277344
1914710
272178
329338
369987
241229
338914
335301
329622
1241253
281366
1272932
1254835
328775
287790
305840
341370
284659
831521
330780
348619
306975
285515
317501
254381
326805
376846
280790
336261
289396
277426
292401
2136764
303533
268372
315645
352077
414964
1296706
739737
270045
1158188
324838
457672
459290
424227
424928
342503
516560
351955
1216074
402628
310599
305504
351302
297068
311700
305233
402401
317762
366183
352172
327692
343981
324714
352008
316553
309580
306851
301412
299032
334052
1157905
332143
1115180
555011
354054
304091
1110849
320194
333266
2126510
232568
360422
316562
334322
315451
585923
2646918
466821
318889
267776
319185
925478
367511
317790
400055
344638
310816
303332
378884
320427
330439
313907
1153499
401724
307859
280738
376768
271931
274908
468258
684846
368151
302900
303442
627921
315597
1606518
349030
308965
301013
554582
373410
272479
319961
327725
292517
1353801
279671
423004
334945
270565
523774
382173
280049
305950
552386
327661
1130847
285130
288831
613242
291892
390360
266391
292630
307989
278567
275301
1590983
300004
308470
387812
287596
281758
374624
1183360
283150
353398
329645
794657
244519
280476
611381
376484
390382
1335138
390157
347040
926919
1314121
1416156
757412
477401
324951
322122
416443
544826
284882
295508
259320
356104
292961
1211165
337888
515869
1521353
291274
297724
1928447
286406
276003
1256947
297632
283767
453462
255780
322016
850286
328982
288101
512203
316488
368860
340060
334539
433342
318404
248878
345311
319864
269615
1262921
300863
3799757
2087818
567967
383239
363141
1452112
535253
373828
393108
315950
357632
288941
303846
311263
1347066
306578
290671
598736
426251
445011
353729
320318
398286
346113
577454
304444
373665
1316255
305862
337067
1128559
338403
290394
324698
268857
280594
807828
313040
384593
3836490
268886
326392
309274
320759
286062
717700
317210
328124
401983
961689
403214
386156
290653
356197
327298
314437
313214
293800
305176
319490
336530
332801
355632
322659
314430
500039
281583
309755
367635
306155
297965
1383764
342263
344650
1293862
316688
372534
274309
310251
318429
936447
368291
304263
298086
321785
319772
1092004
371775
345019
324916
345360
304932
308338
318686
1525078
291519
295047
285088
516326
320326
3223713
736188
405664
1437280
321791
372487
493679
1197264
310077
329453
266317
948863
306718
1191912
645517
1198991
289695
817287
285391
274201
574092
263644
302989
325674
329652
314380
349958
348760
334804
265601
328820
1445381
292829
310998
1601889
1051968
322785
308168
213910
357610
337765
313642
317505
337372
1067829
354449
789075
274893
287584
328704
343151
334212
306510
368458
333861
384731
334882
1580329
329852
298681
1136654
392530
315853
513982
370392
378532
353757
296311
339963
552578
335405
298922
322462
319586
806774
346264
327420
357747
1033203
340919
323517
318079
327001
333754
308294
303964
1548091
353813
319444
283727
303001
345274
1528450
339278
320151
1483900
315627
301380
378288
334328
210898
298082
337319
1085455
551896
335529
349884
2686906
356952
319528
328711
350791
274663
275143
361369
262462
327902
332763
411465
275210
291605
1145933
330528
267927
700030
298537
329196
291804
285976
308611
761050
323639
397415
339627
291920
273728
364824
525316
347950
335778
335321
286297
337844
334115
305192
231599
323870
324866
314879
369079
1141850
337886
313215
1486917
284613
331472
363710
329281
305886
369816
332225
297754
1122079
274350
328356
347633
1195014
376342
229038
318387
449559
303711
293081
320210
330914
331435
1784617
323596
298047
296681
1287660
335210
328636
340466
323349
350768
306057
316712
1314036
323857
310654
239839
330428
297567
331999
914572
372946
878454
326753
342776
487917
320935
443661
323693
314629
256514
337652
308014
292279
348782
1262512
318257
306855
318895
305800
314602
317738
1344982
347954
314260
356986
332727
329876
827511
759531
316154
300518
286483
305168
362428
285582
336236
319117
314214
337151
317840
283234
1111203
338856
364564
1035694
319652
289338
1492793
383640
310561
333775
325338
325777
743924
307799
343840
576874
321625
1187009
406287
300105
270534
295489
351530
320195
324076
299654
335240
263460
325231
293325
289837
311380
297783
313254
289303
1482184
334132
333308
518613
288241
313926
313823
312119
315839
717302
291055
1100809
860851
342124
338969
301145
374409
326183
344616
2109609
284708
330263
1006631
1191462
338808
1138807
562553
1394329
822875
546858
983643
364182
314596
342866
379643
323299
470253
315096
821070
845384
303730
734264
315731
311461
267509
308442
335758
340033
342487
316852
331951
324038
304181
331280
396250
339436
311008
325372
307300
1630272
313089
1598006
318562
309772
338380
359170
302581
812441
646064
331109
690966
331985
245709
382784
304359
324712
308723
316917
330062
295917
327435
523052
271874
283831
322896
327761
300833
363951
1195034
304764
385775
296362
315224
1378621
306850
336419
798718
348094
1299441
866246
222155
333661
350490
322202
431824
357276
338418
333926
332195
278245
300586
229623
261694
326055
293929
315156
326562
973312
341952
934467
277827
287869
324162
348443
295588
303590
353233
307083
321195
314336
341852
351951
264186
298188
286995
294805
387886
339218
310254
1251791
322082
317505
306309
350893
277034
347974
322760
264078
972604
268450
1462067
778535
303062
326795
333480
330131
306893
272827
341899
335028
300987
298216
333291
312463
314005
819478
287953
275959
374711
337714
307985
845334
321948
297277
300283
342533
416079
268741
246423
338921
464758
1246916
311367
309902
289092
296667
285946
360034
467776
391334
320901
324560
373441
353849
332786
351520
330716
926202
264698
338246
283701
280063
306413
297784
355268
311740
310968
342575
317515
328390
310181
1966432
349620
314045
323838
358460
317493
311629
344722
306487
316466
393513
318302
1195086
1235724
300107
643984
317849
237447
307436
318601
323934
338203
363355
304225
1103892
338574
299865
305765
260491
301450
284907
290473
370578
352268
261350
348908
323690
308308
295436
284465
388811
1158341
321050
382271
1423098
334316
326965
632590
270989
302226
300716
331975
310232
325392
311461
307863
265729
331678
456339
314079
345877
251763
296687
286345
1322240
378083
251838
278391
351983
338277
1559291
289904
320459
1029903
283954
296268
306919
305907
296866
282540
325552
317908
937144
314041
346284
277687
287032
343908
325550
278318
1328869
332189
361011
407000
350465
263217
630253
288709
317157
378272
257917
318972
314866
1136866
266150
369863
298140
1278878
292223
331490
359391
258942
363392
345648
246253
366258
481549
349313
325598
322278
314273
1430659
348245
241482
288845
1415018
348344
330134
320751
278240
341743
339746
318087
354054
329336
294280
1106242
315230
340827
524269
322860
332310
1346145
350191
285389
333468
271781
290360
539742
325319
500528
1151619
300103
334508
363309
1415975
334090
316501
340712
324776
309088
343152
636514
351819
304442
321393
273776
1324629
295937
392838
364811
1204222
326450
328703
311408
1725624
1146766
392950
289222
757734
931453
318064
1432183
285321
266838
847771
314374
300019
624511
259714
398715
304124
262309
320313
310028
309203
404732
328119
341357
395040
320029
346769
306414
345214
660747
307614
475706
459871
393304
300903
397009
356658
421925
499662
274668
279882
289288
423086
1618904
541117
287285
436462
1536191
348097
348493
559243
286814
1717385
282963
272545
528512
422653
245962
1125717
270549
403538
370568
415101
298938
479991
769532
377262
321912
278315
323327
300211
281754
291660
253694
311914
350889
276306
384526
2362312
285120
322353
427496
713254
341148
368047
372437
308102
321560
312562
347771
667141
364180
418205
493970
910426
490039
596690
543908
354277
353192
533277
1532665
380363
1623846
1766196
485271
575833
332891
342533
406224
341069
595800
248420
279109
280230
370751
273614
1907854
271470
273333
524100
304209
339436
324128
312797
274506
376012
305289
350628
1509152
320017
1218031
495198
320385
360543
289659
295962
757283
313850
364717
453700
610800
318199
444106
286874
1820187
239571
2062622
304355
263109
297695
286381
275276
339609
335297
259504
263355
331223
258791
1399166
1027545
249592
451313
825915
1134293
240623
328838
235367
1680920
272880
314655
297719
323782
569573
353300
236571
477967
349349
309385
279533
2275237
285102
311317
572738
271914
1251410
295224
280335
310910
319047
424741
315980
460143
342533
294452
298850
1202674
588937
530388
483464
403314
660323
399090
459326
559452
1870163
395205
396274
524126
548796
259479
422465
1184240
394931
718771
1562506
316463
983167
279613
780261
381102
569004
283147
407493
402603
1878166
523317
566675
419123
367603
456417
507656
385370
485705
1097652
480421
524391
357829
396760
1519128
343020
370551
374221
339324
471941
373856
1421323
506028
919547
798525
595295
629919
336280
604869
391010
490957
285646
547239
1076477
1160885
689918
547135
545918
475469
444250
2066866
2039336
292780
306736
722591
2134167
511350
570989
961207
611974
668007
516823
1110319
604658
627331
583606
284849
836108
763033
533263
496167
2791145
502139
460159
348415
2529193
402448
431878
407183
469688
318955
457910
358049
873398
434266
495971
1531186
474777
404715
387076
374563
2207261
443505
396500
836053
762068
307509
1307708
3361642
409470
454387
461218
608767
787612
680700
2888575
656071
2024586
492152
1546216
916348
376255
755199
517458
700270
1307564
521361
403211
1502676
650761
1003556
358997
1951736
8315398
1019934
364658
2090072
1647466
363545
716551
331145
1576469
475649
371637
566999
685108
485424
478355
612484
1119205
1133643
534308
1850680
1593711
397238
345508
391789
1416152
577171
521781
584536
385178
490953
313077
524421
302846
472392
1084500
358127
307177
264443
282223
298630
1688101
352242
1093079
293790
468391
2128124
896187
1524097
346901
404860
287620
1951699
270542
1107942
286718
553807
506339
2233420
297657
442718
541819
385715
1374294
548817
384302
547953
511777
3044396
505763
326131
300917
1976654
277213
642145
2158645
1890358
463930
406345
875287
1245113
330375
1414618
350857
311353
510399
592909
275995
633267
311341
1232711
557261
311510
327250
768947
380904
297810
346342
2108700
325832
514074
1578431
503175
339121
343850
317970
314126
1288106
341317
308729
712981
1208896
340274
973591
1523785
300606
859867
289058
349760
1228106
3155679
705245
388412
1611271
310056
595321
526076
488319
281949
470720
355509
585496
399863
485803
235222
389857
438128
1767256
385882
2291697
543924
404206
582276
1445815
452712
703508
318746
810241
370869
305762
568653
1474517
304280
318193
299780
590283
1735066
289429
288204
1137069
404302
545461
318066
425820
595076
347553
317935
687455
619911
1129470
362179
739320
300295
649580
490510
344450
1445497
323918
342281
300167
288347
284066
608421
1815325
507463
1310247
267445
333581
2774573
2901461
434695
487800
757757
373106
530442
1762913
999803
322876
870071
656141
322056
264971
575287
1145996
776089
361347
436204
244787
391240
320185
1401492
349218
277937
327043
426720
818671
263604
408821
894496
1829803
334142
2142704
350028
375102
2315334
265658
466665
337702
618083
536185
818281
303372
697449
338095
359828
1198423
597698
359851
1351096
284584
339384
481019
2571804
314017
928614
315940
497452
419991
416541
323693
325539
286814
359639
1148522
272395
720731
380782
1588769
323842
617337
325115
350041
335648
252896
1743552
321227
306022
394768
2100587
1259345
453430
333943
890422
310453
343816
352696
700287
1126392
304323
255786
399016
363187
745366
528315
917134
572026
965232
1077199
488660
1001954
1368480
403429
295464
332558
374137
412143
350490
819632
287447
1158818
787968
360892
293756
534430
623035
1409754
306847
357093
366498
333414
401176
1353492
307151
1823645
406632
708076
352223
499052
311401
612042
338287
306225
307843
527658
527466
1764363
393096
338888
340956
338261
303835
4881699
1008615
1806766
377416
368662
359013
1458365
333607
677336
367303
746971
464319
317806
273997
1177364
349260
652046
1790591
821193
1111280
530519
1520966
418220
1268116
302613
663917
1368119
254190
300177
360007
1274044
536472
284870
283035
801498
351065
1032232
326354
1245704
342281
341926
365006
1352945
513888
331649
3950609
305389
1686078
405601
1135474
271703
747017
300225
345366
1417081
674538
446510
1404096
369050
346850
352207
564736
555979
798265
273046
369212
257378
321119
1269223
346962
319615
310124
1057465
295049
327072
344757
1103639
330776
308523
280054
1441412
555675
321186
304878
307027
331973
311906
450163
1118229
323537
320270
321087
1217646
333346
5687728
355107
692542
459764
244655
314538
2292266
789019
668414
385293
377350
322100
389507
965002
333121
1656622
1247815
345735
2154289
381140
357810
443761
395021
1202731
548891
311916
376107
1273996
741024
304513
332779
1350594
1620188
270857
313809
380738
1225215
308471
1145767
931744
927927
815172
312073
292273
424564
2668911
551411
2916890
542837
1874291
1151934
358196
1328214
296014
317418
344119
1638015
354700
364057
269691
323908
626900
320981
400580
334632
303563
791609
286824
316856
438402
447314
333242
335677
497777
829370
805712
296689
306756
336142
338422
306332
320206
321499
530966
1822649
306061
671293
318657
437203
303679
326123
278126
1834440
317648
304164
277306
1896105
313149
441996
423964
1602138
371591
310240
337052
345789
1602042
335589
315443
288075
365765
249771
657499
320152
1658592
823060
295963
292731
317146
548891
321135
347564
292854
749083
475204
381122
369916
1623548
274761
339113
282243
305217
350361
1164802
1157605
1275962
386529
849908
403087
313243
826209
537435
1183451
345159
489576
317278
489930
302524
504074
291777
407873
1174440
1004306
356071
316523
334101
673877
297561
306600
305360
386248
310792
986703
368857
436826
299850
559558
1916333
649985
1054694
514219
350438
305391
1684786
289278
297102
299144
298836
254679
354373
583040
214090
574461
1408778
606839
324298
318365
1040995
492247
318601
336278
843844
2362473
227913
403934
500710
343708
838694
489684
361953
295228
353989
392674
404022
441699
351285
494571
559484
606703
532180
541348
303142
1367538
340177
1235138
295545
1244846
276978
456166
848088
370359
312401
424471
294584
1599199
312301
336986
279801
2391983
662865
388820
303740
310605
936490
717602
329796
381988
364362
332823
755381
349724
355182
676943
1586811
318692
313235
401810
414600
307847
592522
538672
314638
302318
344115
359958
354974
326829
270176
419820
1004364
303673
329968
423350
321266
333466
308092
340160
770779
320133
336369
1957290
362629
248629
544689
1152660
339303
379757
301694
1670442
350722
507946
329491
1737746
319005
387130
527235
528280
348649
389556
288418
1325620
344658
281610
1645533
331310
347034
435459
1604660
336425
447488
588613
937389
1341563
242396
516450
1572385
580314
364817
560262
384198
341058
320568
632174
327213
280566
284341
484138
1266558
333078
332069
310655
503563
1395668
530433
614980
1038029
649892
582324
321133
545629
286942
366711
445694
341481
377984
286866
425114
533870
295458
317055
633389
330133
253871
526271
325957
1292491
379746
331804
336044
1606258
372643
756845
320310
326639
319372
305389
548352
382282
308660
897368
781025
1074947
328850
318816
348391
1071357
394864
1220769
338662
327781
373427
300161
378699
894173
285468
335886
464694
338243
350336
518643
300125
1083811
362494
293287
351581
310405
958102
310060
260251
332789
303525
337646
251938
1144316
337535
375281
533177
1024160
307616
316611
299620
1029640
349953
325596
302917
544706
1322470
488778
346628
262747
274373
326271
331895
363264
1095289
275007
910855
1340459
429635
723159
318393
1034062
391481
308326
1109601
309473
297659
318211
259814
332588
293709
440987
504155
1138625
333065
307785
1485612
524208
382905
537677
939361
455698
1108485
315641
428837
720034
268065
385855
273114
363520
303288
519065
505481
369345
288685
467571
1011432
807951
324543
309583
1210729
786303
315722
252707
1052369
539168
298948
312207
371693
397817
285407
341599
321581
2344934
973661
284652
335723
499528
260226
2499536
277202
367760
421087
1691713
388009
341276
301713
309191
950121
377420
1307369
748309
857153
320969
668751
298245
309192
2208286
346755
798740
287383
283236
818971
1601782
357741
300965
315890
574567
337517
332543
308113
625143
1079973
410139
353681
604789
1069216
1087452
417613
314720
354399
1838015
531338
296948
333502
334600
390781
368963
276212
988316
330257
2133559
322567
326673
1114014
272503
317713
369433
323031
353365
344614
1270699
403665
1198401
352266
325672
395021
492255
329559
316722
317822
804463
386177
274353
399387
736161
314774
330677
330255
382033
736336
1519200
276823
340517
566745
1386817
334781
537726
282484
308482
1084157
347603
299297
348859
1577234
276057
381971
338770
317659
680180
359143
376476
324163
278751
355044
1469918
264874
319865
344879
568271
331347
1339149
322944
485310
338105
2227725
481932
1085793
268075
648126
540662
347599
355350
325543
1727507
342737
354134
302144
437781
326212
529490
351458
632868
359926
1443298
311060
1377777
305367
294787
330725
1101665
1685291
307439
343868
871052
1647308
288207
312193
323255
294209
338799
1074562
331820
1126096
321448
1458666
1279810
649009
789837
410686
335660
388289
524242
1390893
329399
303601
1332668
275498
2578778
358675
351111
1869924
279701
312131
1623261
337865
532709
294045
281001
315420
315679
308182
1195619
293961
267175
404066
1336730
337201
1122088
352416
2024988
308636
355575
1371500
270929
290630
731374
310607
329990
268572
1096744
788807
922162
335176
563884
353555
1153802
289679
486707
353725
301183
238588
344957
1694163
332064
799760
1253016
477428
306059
456537
307596
314406
351446
534227
391649
428424
336371
382504
1757455
346282
325710
333717
303559
1143758
269123
327545
1327214
546031
362978
474653
344971
886867
422931
346473
331744
434159
286888
406658
1224722
821570
344236
1013934
843860
628939
481868
314801
1981918
407243
363303
1316144
369534
342728
388373
470577
321302
536110
312275
808494
292028
284771
311661
403159
341152
1737265
361208
321328
315976
293804
328264
303962
972396
362499
389721
376191
379605
1811755
303677
943045
1325904
975076
1479799
996137
887008
524949
437318
296484
366959
858649
1467573
295549
352757
469118
288632
1145206
373287
919973
562940
365701
337446
368743
389179
297479
319004
576092
486185
508970
282119
716891
677076
638091
850019
492035
1274983
390045
328212
1038635
616005
338117
376487
375375
337853
567225
338501
503418
308264
325598
553867
1387820
1037433
1005406
761786
481461
449339
273588
333849
641305
352230
306762
298457
520099
1261677
339941
361758
1850914
289304
367719
553213
1116590
294434
302581
302059
2210363
299281
912070
344225
366218
670086
366373
321697
314701
325592
296895
329541
368857
283243
299602
569902
1254551
294803
279243
439415
1194617
306243
341372
316479
400712
1588284
1308526
480927
1372943
285954
526178
331257
1834370
340335
960402
316948
288627
281739
338121
933587
330278
308589
351763
1019301
1467593
291812
1232769
325623
350480
353788
322112
1021367
279503
304426
1386834
355690
349423
416743
1356206
238539
353560
348609
318943
355455
326938
316930
5724300
302631
358907
277200
532124
306630
456573
270070
1000840
742194
302859
278665
325185
539668
428134
366194
307877
363218
499094
318089
2997921
270678
271240
1185047
314649
554213
423900
462972
988074
516292
509201
925874
739508
626062
474251
3035002
2233769
704012
353174
508650
839021
340562
2095825
531176
345546
328585
1589685
355950
2021435
443775
396875
2236021
2310691
386921
593881
491634
294036
599984
560035
271310
1660514
317505
523927
1001083
405880
397296
419742
351124
312465
1541112
775492
375537
317435
1235959
987775
483154
349215
534723
397407
528665
1455583
702485
614564
2006480
445874
2128349
1229909
670063
524996
473577
569488
612480
375303
289091
1276123
483332
324341
377334
1606705
621820
309819
265575
1424998
366380
292695
328174
379128
788075
414167
1161281
824844
530162
577659
382494
8078235
713033
548563
537891
474079
804156
570453
304645
1150324
710289
356769
303271
1251999
773002
303884
308442
331147
308942
1294278
296553
551331
585069
309691
290613
1102894
330963
322671
309930
727496
354643
290879
359268
386898
1465039
304445
993344
763664
438604
302338
483253
599817
1540884
329396
352588
791261
1218566
300209
358195
741112
1470768
395536
857161
1955254
363294
333647
326230
337674
346869
274299
331643
1832905
287440
374333
306784
1218452
350396
458840
339240
285661
442000
317594
318704
2288622
318223
713015
572417
630025
1137226
486547
282572
386535
336014
853910
878935
370025
386962
640429
308491
307927
1233101
372115
297048
374264
300709
337094
592563
1168476
315252
953020
339996
256173
303300
299160
1153942
313164
352119
697724
270387
342686
289540
573147
1044353
440883
351403
340407
294368
240331
353048
698077
898200
373882
324277
308879
276093
1362223
332143
1454015
255840
347107
427336
299295
785593
301312
305461
506743
325885
340409
350790
706260
995247
355604
318217
1025880
612710
324642
509123
1242618
535835
502494
386144
345979
436569
340699
373742
453467
293406
276344
938261
1235226
270458
868256
273282
294152
289346
345588
1192618
1329186
550637
465817
426902
338240
1600843
298036
294499
1480737
306183
312295
583112
1467937
418860
1037653
412046
354284
604664
305106
1107679
305620
310924
274047
595253
327585
1459404
359727
487187
403092
376285
323242
1475500
320797
266428
371526
324365
301308
513915
442405
398169
1082200
301478
352806
343922
1189163
298397
328539
367484
296820
380434
343129
1229234
323890
455697
371374
308837
286964
695114
384310
656509
554245
547684
291695
261732
302911
1517264
280511
322156
329505
360520
275067
399112
595613
665814
313528
533842
298751
504340
402828
450092
357969
289262
357857
281193
297278
1177729
347601
1223214
593943
278474
326791
934622
1007333
343065
276892
419179
345994
440945
353232
1853669
391252
306301
398337
346700
291821
1942364
341888
394748
328956
369444
283957
724910
273488
350702
750528
262893
313436
358161
296419
376915
652926
359346
323792
279778
349343
371226
331706
279044
765587
281865
899675
311203
238627
281498
314015
322865
1471295
310591
277074
416620
376671
1176727
251145
314119
761564
319953
271264
500068
1535430
267161
1231684
311848
351995
218087
285035
331263
1132618
363606
381709
300216
315446
316238
312401
313606
1166844
328204
324423
1131378
1292898
262622
880274
315226
338164
353076
311335
323666
1107713
273550
309147
310247
356780
1273944
271282
331764
315082
302481
317356
788761
1226646
351249
1166934
294536
365921
340475
312361
331886
1489335
292862
290087
307187
284202
336298
1696673
355067
379148
391521
298214
896173
1848668
306295
352370
268030
286580
293359
329119
1124077
357342
360817
319183
292962
338001
354569
1484369
249500
548813
311072
302202
331237
1364674
276761
351753
307772
328673
255079
296129
1187953
352697
238534
337975
322360
274287
952718
813787
1143401
335717
288687
571195
272834
1116716
519323
400253
718610
372739
271192
334837
1959249
236165
288688
457934
323655
314252
349295
620299
271180
1767276
1154295
526814
498668
292247
648273
1005950
335332
340675
386345
378324
506714
306644
872366
1216341
326109
274095
532531
293616
857717
288350
1806698
324064
401187
248167
1081779
377863
350796
290501
836156
333829
557864
291878
323926
297325
321619
351622
499471
708286
370418
520223
364464
324778
960695
340162
357069
453969
579286
305233
426794
326092
727295
455495
331225
1223754
386096
287416
364879
1394505
333709
831768
550441
326404
332983
318432
627977
356390
465623
320877
520722
322060
337708
1225011
395162
1274819
408496
379060
357368
996545
437625
981242
276910
344646
676951
307561
814556
342928
423853
316214
398858
315384
696050
904980
393189
300205
365272
391438
458648
1083245
355435
952384
459099
330073
411493
327049
334736
1266260
276451
288164
366701
281562
1716930
291565
373125
1063557
593009
318532
386419
787824
295260
428240
592084
308432
291236
316924
1212883
353438
480325
280407
312684
295559
345031
1329635
286089
1623060
527369
306498
428306
390123
1292340
366888
361056
293848
345823
316694
508861
637036
637887
985550
425496
289055
371492
978454
291105
1046876
315254
288644
403422
1829280
382169
995765
275862
477990
652404
324301
538167
266301
372723
376888
286341
331365
396704
463794
529543
468924
365528
314334
308817
1244612
361972
378019
331567
329577
314126
294580
1435182
314514
3752867
303575
271426
269332
686081
479350
295723
286379
592426
1120607
419165
309050
628597
1016063
350033
286494
2194183
261698
329521
550563
637460
1038256
320221
269705
485717
324396
476303
345251
411775
1789410
1204830
360479
334519
448234
874038
457433
832257
330990
295931
339935
325811
1416217
305752
335104
353819
276001
1660541
304579
979498
351947
1095682
329242
367549
306586
379013
309035
1250456
298680
331876
327536
294927
308857
267965
285226
349892
290567
247954
856474
358049
332600
342361
275989
1071646
871724
593445
456261
559673
318670
1265795
294775
285780
369591
272651
288935
359242
288146
283067
400953
361341
987023
332264
321845
2941537
321781
322147
330636
1965036
307860
315824
277468
336139
830465
305794
265000
378958
269654
279437
312947
341679
290120
295225
274401
557276
312624
281486
380147
728868
1286231
1016993
307482
427478
316267
304399
359372
330754
291446
878641
375946
332711
318620
314308
332664
906970
1072361
386136
282652
573225
1189272
337831
368419
442493
510841
376463
294838
374705
323505
380549
276093
341194
318832
265483
318301
889287
1279012
421684
596353
494940
1178206
292275
342740
358272
403703
289855
861963
431557
298008
349518
2240328
513589
298886
327704
313911
363950
278958
934605
345783
345520
259989
1141058
268265
932016
314324
306386
352426
324277
855431
384667
330038
645753
1502197
365763
275594
343662
336802
2080027
323493
325780
356109
301286
314619
292317
332793
264157
391857
397885
309192
319264
328707
818712
370895
519570
308355
400259
325895
547341
2167241
446047
549410
293766
271487
297738
1350671
300161
296709
302453
1640130
297688
361160
371239
325320
379740
303729
313199
390875
643634
1120031
310308
1153778
487699
366076
403833
1129371
289426
325981
315184
307849
325377
283896
312504
1145847
305109
287733
334261
286091
322316
1196042
415889
445754
542762
361241
333725
353449
431573
288956
289166
446139
349166
294637
679894
326031
1019932
373382
332466
2292836
331390
276875
958460
354834
297281
316994
277707
252383
1163549
313107
650517
739852
569447
348374
517132
1179606
333942
844798
319313
291946
323217
321669
1164198
283088
383135
329667
312245
309285
403719
941689
282208
1293333
554183
328674
315164
300008
1553392
359268
346542
312435
608092
289675
374664
621052
562230
1160744
359425
323947
300819
924078
317167
587557
469780
356021
282556
388369
2046225
327224
283177
276925
473725
315218
1969561
321715
330010
295783
403451
324613
362860
1104786
317574
516755
338208
372633
409148
346404
1469550
379028
346375
305076
301001
329285
2336787
324372
318304
352036
327974
341896
887473
354600
311310
562775
484487
306229
299809
325640
1574885
311452
355460
259519
296264
326245
906266
663781
474623
278032
308973
316855
460779
291863
327505
454022
502887
364783
475961
324070
1394200
1801307
479523
954377
359212
323858
407167
271980
1256140
279166
331838
314502
531415
1401714
529955
327831
477038
1212364
234501
329162
1126968
317768
293413
361682
368176
332216
1356799
1142385
581052
302603
291148
306212
659848
320266
274552
416190
295319
332436
343125
1803640
1079035
285820
288248
323130
481287
310628
1404153
661736
335788
319885
261410
326313
825556
871931
310164
436655
286263
475073
252537
313490
364857
284395
367944
301973
315885
572359
312367
377523
720948
364511
290220
300831
717303
1299937
289667
293941
333212
969224
339807
291195
442880
290870
320632
317385
297908
1118264
1169955
265058
372721
338841
296298
278651
328848
622845
1392986
319434
580885
361092
259495
328120
527728
906139
329177
400437
331720
1453412
329300
288492
369033
328974
328906
354920
403729
384729
1579506
286320
308775
334801
487733
315807
790020
313893
401825
261547
505232
1632197
276668
237277
1158674
322896
371169
352031
304322
618100
1803226
419512
451868
286680
271981
284390
1585686
315204
646475
329115
295871
1081322
467310
878713
2482202
314312
313267
1485692
316084
316014
369546
308865
274417
313827
417082
1246847
311068
251368
773010
372826
321514
281265
586741
1304475
272788
293091
525445
318698
292393
274913
1903382
323142
321608
466506
502440
1300959
1623897
338199
347106
1012570
320543
318165
1758194
337175
274931
317764
289428
409093
1049216
368253
1170108
343627
305141
678299
1158611
370913
309148
322264
338451
307134
291277
330484
1359979
283954
345624
301911
341382
303453
303346
365103
1183854
329934
291286
278467
1553152
1338435
331562
292515
292421
299049
280605
286414
1555739
301709
325535
365940
353775
394036
292954
313620
1847704
311287
333939
412369
434851
603596
370514
312398
1293657
299915
360375
929529
873884
327428
960716
283827
328978
310988
315276
280526
987467
262366
317973
328942
311434
269035
272948
286750
620399
476055
259437
1166880
1452488
276135
988696
337211
299465
310428
459517
321797
1969214
339949
638400
301815
289878
2455432
315361
1982214
284789
292736
392409
1175221
1652930
304733
1427329
296090
340942
1551643
1191487
271649
984466
443970
354445
271404
296547
352585
1893921
406958
482245
331602
457691
924577
281215
262883
338631
307623
303810
296567
1073786
313256
284994
320402
360294
1411066
1057317
289194
549342
1762567
305367
358869
1311327
944485
348924
354071
330369
570425
274853
442080
283502
302008
290324
294129
275550
346247
1250717
358185
307921
326546
269053
364283
1338508
294337
346558
318712
321340
290910
275382
2890959
297178
527872
288137
312706
338744
287538
995568
324693
542390
341238
279457
338366
1310635
275312
323926
332921
466344
309386
328033
677914
1381768
647164
305510
328345
344859
815412
327895
737087
1092711
426996
314093
445580
1486715
564451
288498
300500
294891
465061
252581
598739
281740
558600
347450
324625
365439
530036
455761
376003
316178
307369
379075
322976
302913
523954
330637
276467
343391
347248
263697
347763
322886
1024968
228441
381812
332449
293698
271811
352919
773202
372960
318051
382153
403222
317421
275533
1473400
284967
308019
324438
236791
337967
383947
306771
337874
1002319
334976
330628
438786
487596
344662
993820
346262
330958
303347
347515
367737
1492053
329651
308225
356115
302599
280187
1457806
327139
1122237
253493
281365
227954
1525685
286636
425987
329604
346111
310030
352240
362467
1296504
339923
319844
324852
300207
340767
1424043
326825
2571733
264125
849297
512821
1368445
324423
562434
698225
400690
1042309
348796
327314
389642
296777
271059
269679
321881
292148
436028
328249
301281
305422
218101
830607
1196339
320035
506379
328035
379634
584392
1825929
355495
348013
352848
292381
326915
326192
286193
721255
335775
513287
290252
288529
319739
1614247
462694
1046078
367509
332476
322725
331003
530866
292435
386634
354389
338748
325941
394861
1940456
485840
494080
299640
321507
333555
340869
279824
770519
278777
262055
336000
313524
373240
329710
233215
446394
288572
334950
396809
1177118
221509
351785
360244
301200
333591
332307
329507
632788
300812
1053941
332230
303342
286313
303765
300694
312283
317285
933161
348746
310058
341483
1163098
405041
308815
313702
313987
373493
1062488
277826
1340548
297371
289580
347156
1054291
283650
309276
326077
