241522
377899
365761
1678932
348039
375822
1468717
359303
368235
414142
380682
314815
373936
371496
383107
327755
369692
310373
352766
347780
892596
372503
371090
375649
379358
398347
358470
350111
369215
399861
385450
548253
373408
377581
677656
368361
380822
334767
363184
329581
1441262
325600
317793
329000
361732
361321
459356
460963
539297
362985
359960
405444
986971
381834
323816
398594
355865
401240
325243
353805
350279
380263
369278
936518
382027
336426
736009
368546
336571
1331887
366625
382395
370617
370005
349358
392228
375244
456065
1063501
371326
360907
692047
758218
407386
401676
370230
343209
389842
450839
399975
384410
349436
339538
359816
357346
1384217
311346
300161
1568062
356087
379701
1071105
314208
387638
1428073
389367
519336
434206
328563
307130
519704
538644
405519
876772
356420
400473
340183
359851
414002
364952
332334
1311483
411709
354180
350555
315120
342236
395197
376019
357016
344611
329112
378439
392401
352966
384675
390865
354049
330517
387706
353736
310173
378340
382831
377496
479629
348154
404845
397482
564126
724033
361682
290557
433919
421202
4291140
1056095
892870
368178
926239
357044
376861
358718
413079
343944
302823
354634
696076
339149
325700
1455428
400701
371700
1891630
383914
325656
359770
439881
347869
388199
350805
355352
384451
1033038
302099
353353
393972
844094
358292
357904
345165
363234
410583
336178
369198
379725
773042
336070
392816
422261
326616
353808
1911871
391000
351900
1354999
353403
387744
478707
347626
353941
1516357
393675
375772
360373
1778208
347695
387812
355374
423680
878177
337182
341691
457427
348723
353753
356032
833110
359702
381596
353035
355045
380424
383328
349080
383709
371050
372441
312535
359043
1161947
6451644
297901
647129
310484
364000
316440
385210
427845
358387
380072
476491
350517
353512
387555
1809813
398366
370389
1493311
412988
465710
369798
361312
360746
1735892
349110
346679
1162186
415499
361885
519580
337482
332391
376258
359253
393224
458279
338584
361767
923199
391598
717506
336499
292158
350125
332133
382633
345666
358345
347833
1506443
347847
359740
387604
1088568
367817
733946
368841
377641
335445
397146
679036
773975
305757
384351
553004
364430
355175
380039
531594
736166
296520
380443
390731
356633
404855
609504
356661
373949
415357
355974
367459
1102353
427010
340474
1395446
356386
383154
783004
376579
346937
478074
374263
300259
367576
418681
356037
690755
1340388
349590
765472
337908
336386
397040
343687
340134
399357
376922
440805
358209
373117
441896
347412
1279741
1471783
383102
353124
731370
890790
390348
1252027
353628
464415
440084
400181
360484
685844
377805
311223
899930
355236
386856
369900
351203
367879
348543
306828
381677
389889
315990
1588981
378221
525831
1338748
356187
367663
499808
358369
352321
548585
366919
356161
388402
356355
355320
872999
1244202
398616
956654
352756
353486
400855
359390
380270
382737
370948
355641
387116
431492
375655
354507
369866
1285855
372399
358147
354921
387168
354158
1176784
332328
378533
358913
357079
398678
359847
519759
364690
1023644
362222
362613
307368
391996
332215
382598
403779
338627
348346
376756
640768
362136
342572
1466802
357763
351502
1374002
400650
399899
1313869
338630
354489
496793
391085
357532
1260599
1302977
367448
1485434
359987
345394
368272
339910
345151
794049
1043806
350652
346862
359521
378293
531370
326956
355548
366127
409801
416730
754767
386716
321544
354741
467230
442042
339178
383337
330679
1377652
348696
376684
428106
356933
284633
356971
359269
1368293
346494
377590
838491
374475
337981
1359741
400373
421213
1317612
346685
402953
2265609
386724
345061
1145079
1365118
375458
772651
411118
1744167
336642
375441
363721
1253747
355200
371830
400048
350279
386830
454871
371133
698049
1157916
376774
345442
371900
384649
403188
304734
329730
884539
379135
348100
699869
1352986
369924
451684
353270
379133
322700
348684
391387
1456171
346270
287598
315560
459296
305285
405659
368331
332413
806941
387957
377394
403438
316756
356485
337379
342923
338525
357898
373065
773539
405637
567162
1416945
343095
336458
1438328
386903
321997
1219763
389475
355403
387937
386849
378680
441788
582240
363123
489835
375425
350883
862433
350025
303457
396170
383579
371301
354507
372256
338232
398637
356038
503948
296242
396028
1024943
414083
342553
1539285
347529
364201
422029
348130
386069
364935
1577127
4906312
415247
296106
351446
1591626
371815
375521
1460787
354639
375537
1389124
361439
328327
1252055
370778
342918
1266809
355421
385057
366876
376158
311643
381083
519608
383329
980384
383593
355582
525799
1354383
381428
460745
369876
335644
324899
453255
359354
402595
346952
1264634
304335
360511
366057
367001
337468
311858
365803
367441
402568
369030
353577
1043953
381431
412035
363803
388450
340558
381365
374927
1481690
386729
372591
474672
370020
359005
609691
346317
358706
457851
366534
380872
1593533
341452
315760
1168644
359593
348545
357514
337248
387187
477392
384297
355852
341223
353684
358426
510463
969656
344550
3029794
369486
316134
398189
364081
342918
376880
418479
583632
350418
376032
327549
340946
324844
520768
354725
376485
388539
383253
342073
466271
377311
359661
420694
356925
351043
364188
419704
365856
356676
318122
372652
373224
357845
423415
328849
364686
381624
382397
353880
363910
378866
346282
789893
401060
385879
1789078
661391
431680
344888
335522
325814
318884
382325
390319
354878
347539
1349972
315225
352100
623113
385055
380535
331960
341904
351561
416858
302814
488039
310102
347662
486518
931831
372547
357421
484768
355169
346980
419129
362004
360591
349875
357523
373206
358777
356935
1230319
355159
356476
343524
347493
321103
1525753
364386
359279
414581
354349
342005
414997
351785
308647
379360
381874
303909
344646
599750
541300
349944
373964
963758
327584
354373
1383370
345747
355864
338089
377384
403111
399340
331134
346827
674703
341634
353784
394046
334171
351395
388535
384827
356961
379023
343240
1267259
391566
402032
460213
350983
347935
524265
320712
349877
410409
397793
396453
382195
385282
362504
292703
397082
495271
362125
387567
606583
1195919
344634
823218
388833
369548
331741
346804
398895
1793335
358541
343218
389386
379879
352134
375872
1072890
387851
736386
370956
388381
512075
349709
351575
341758
388866
1176962
452365
395787
330431
926929
379763
366723
402018
377840
364941
374239
403842
1261124
359301
380040
518169
356446
409783
389478
355874
354304
933609
362099
387076
349753
393258
316639
349352
357758
461815
372858
356837
863831
387134
1273480
1220455
356941
384937
677467
434671
347216
1337629
379028
404666
374979
349891
335232
368121
1090491
340178
965489
348684
342326
469804
356059
398059
386152
381171
384107
357894
373341
554649
407513
494784
508157
382466
335508
427852
399834
478784
981379
386274
391632
397959
393792
365767
355416
327843
357683
343763
331680
371140
318544
364056
1427694
381561
380667
342183
362904
382534
1243197
367511
365692
1357366
383544
352365
1816749
355452
356944
1612755
360874
325489
1000573
348643
392824
1189256
323729
332247
1406439
384909
376024
379355
310990
377737
341815
384919
377478
523015
398679
388648
411450
381207
435583
1042491
388235
321276
418033
410582
367864
296886
397417
613206
386313
352349
364569
430988
356023
1521809
479179
357629
359954
362121
387966
422136
355957
383853
887974
353658
378759
446013
372764
336049
353222
403901
362127
418556
389273
666015
368734
439095
388775
2589286
291574
1410608
1075096
382255
386611
313869
352493
473610
350589
353901
445209
373963
356569
775946
395800
396243
338315
928838
334616
379212
357915
404366
375100
372481
343901
383248
350665
527822
370917
392483
473826
363589
1386255
460512
369504
314699
1735399
377392
358565
354303
437776
401598
354933
338255
371032
355699
346601
1651223
1448715
409808
368658
308697
390917
1404954
356397
350891
601764
381704
351344
1333279
361820
968952
1497166
398029
349599
772829
374501
357966
1209566
353343
372436
469906
336853
387429
368759
322587
357793
537048
359993
324746
369446
358104
352853
375931
393808
365910
334565
380656
371623
380544
1613924
729487
371296
379571
1222179
356856
286198
383174
356685
332127
393044
377598
350346
400814
1564693
378627
497327
345397
370104
410867
403121
355945
1074577
386914
342579
1195728
340985
381379
610571
374977
1142775
632717
367732
328021
344424
373689
324926
338325
370547
1496921
353694
427072
832667
411306
356840
1291260
351187
390050
317586
347791
381845
1394992
357690
518026
645401
382476
353426
430630
1567261
379429
1067040
353989
342980
519932
370401
295924
353498
375642
1160783
361061
349525
672902
344898
322547
1356832
391246
354292
361119
379291
333639
1189094
352746
442635
1312016
356178
353829
1636334
492452
331046
1336144
347851
373292
378826
442427
359592
450578
359453
355735
374480
382468
334887
709364
337263
370158
357703
347085
373199
354531
354565
842782
378611
333263
407972
334273
416464
1635528
333249
429175
394959
340108
337465
419636
386554
362065
1004261
1343164
376951
774113
344084
399010
427269
355222
375919
386623
348029
352825
384252
353845
360594
304984
365866
1249486
348685
354358
1497597
413433
356714
1299410
372934
411586
301903
330403
372481
399253
435247
1514492
777417
368969
367684
618397
379300
330163
371079
385982
362370
354272
361551
322377
354228
390584
1422069
391018
282550
345426
410224
359921
593661
340524
352441
491594
356503
362481
1239820
433459
1319350
1264274
340689
414227
1370413
355514
344315
1338219
387469
355757
340827
356717
371098
390924
344894
359141
936999
351654
319410
412641
356304
335820
384206
367839
375863
401273
366053
593996
318381
1064439
1577104
411809
371591
779783
334496
381689
1400989
338075
363815
446080
349012
335601
406171
483158
355540
832914
400295
403067
355049
369050
404002
310671
606623
382582
435089
339877
377483
375129
388071
1350925
326867
383881
371519
353308
359500
1366937
353055
388247
396517
318722
346791
1238259
372436
372323
1353147
342084
436526
429237
358159
377753
471616
353019
354320
404582
331121
312683
409093
726466
366053
355252
378708
368079
350191
371263
382559
354348
341874
1361339
384880
384267
714524
1010491
369599
1969716
387257
343193
374210
314745
387404
4364181
381747
396930
353328
374286
355631
1398768
407927
388627
1309273
460301
337693
361041
386680
433229
438529
355028
338973
400225
348146
370507
1019868
349816
333645
438842
356231
344341
401598
388370
353380
359083
367789
407704
289838
383081
492963
344767
368140
401230
417351
356246
1397615
401168
390016
388823
377313
1407426
396794
431032
348031
600665
390603
790672
401352
344085
346560
346561
389885
1368148
366910
320653
363854
338909
361361
374613
1160095
360029
383230
361882
390042
676523
357359
370463
449216
395234
359148
400931
358342
350618
367631
488596
1379029
355359
368661
1560990
341871
352118
1399138
372099
331236
570690
353676
409191
1468474
347107
350564
4241234
347891
368807
372578
344169
351408
1382737
621626
339478
1387631
338855
352639
561270
361663
386315
1053756
398638
425048
433906
365339
348652
467325
371997
435318
352966
370661
382126
350273
347515
1147565
388292
391800
385321
382228
334629
1695206
405103
806793
1354318
389361
390489
1639852
340783
354162
448231
353651
367641
417575
330506
357947
399642
404779
293459
369872
385656
701695
340571
383579
1628003
382559
367667
367244
369737
367302
479328
513052
1005710
575008
357216
395076
426850
346242
370484
378415
353371
361804
375789
375978
359838
355566
353112
1138676
347859
364903
652905
335605
347771
1380556
382821
340068
331630
359395
389796
418573
381951
401709
354427
1482688
357960
493305
428885
534381
372440
351727
344614
351385
403762
707965
323225
369912
434433
442546
355305
1329367
301616
343346
1204913
342355
401148
344322
360404
377331
402617
358215
357022
1036521
353282
343785
430054
610757
329768
310342
385145
365066
403012
375876
829625
324721
475580
512440
364170
353844
1091703
1263312
546417
370594
365794
366729
393821
356317
346591
1047405
374351
369177
480429
365441
341748
373998
435324
355481
338917
337947
375074
315843
342823
1478655
391891
328844
390714
393051
335525
1150031
354757
1123867
1319379
373557
349927
676556
351887
380803
1310206
322145
356199
436419
353372
354411
632938
367499
351382
357823
385975
361231
4099810
834088
346613
402091
411235
471900
814690
353602
374664
1062422
326983
357011
330627
423286
332921
338228
373397
1288093
353485
379300
1524271
381285
374623
1488994
381728
378949
1374822
356378
466275
1503204
392889
352579
1277834
1288506
486640
753895
304562
374709
1469501
391963
434295
1753256
279477
371026
436723
385385
353739
1447824
346492
324761
1352289
367326
385061
349592
299293
378040
386501
352858
423791
441129
445369
343368
422262
1612185
369086
360723
361249
382323
358056
352292
366461
357287
385087
1084964
379114
377173
765213
315400
388469
1274105
274956
352743
357011
342696
331837
383873
383236
354586
348415
359399
349481
327684
386599
414318
362211
323400
3210070
1299348
383194
900027
313016
540841
1634803
330059
379500
1313745
288787
380320
1579005
369383
341345
383808
422031
354375
406590
371844
376363
364457
388061
366206
993825
373057
354731
324800
352408
382327
378064
354595
332750
363556
450701
1044988
437064
362565
1506203
392685
342588
1561860
389638
379395
327845
348568
386759
491838
335250
321490
364050
351250
354072
1065039
432642
377416
649204
354772
370107
382481
416922
331754
380026
1157954
370625
387476
365980
373551
349043
340947
379435
375079
352368
1270334
385296
355814
686608
369857
388034
1286792
392727
344789
383642
369802
361973
1342112
386118
345340
338894
342876
310253
379725
436384
398801
720185
355221
476240
418690
330806
349498
389050
381826
361994
379270
384645
686473
1188436
367267
926122
384083
345894
383179
335841
359476
350749
338168
353170
365008
413965
389011
364111
377825
1280497
380990
339383
338405
382741
333418
855422
373386
459636
576672
355730
374605
1337778
779419
366180
1638581
341385
380297
1207997
437652
348309
408641
329499
379963
1919365
335258
368419
828260
1160276
358467
884726
355478
327222
438941
397959
355485
354457
450459
820662
353826
303126
358402
974778
338128
641437
385759
355754
418268
308254
368950
397350
355272
394940
802832
360838
371218
405118
1386242
333018
345902
372160
366721
374335
343432
399535
355552
393313
341024
352730
362159
818006
412146
365929
368221
383939
292720
1737554
344068
369293
1341557
358382
346058
617093
352148
349943
1179906
365603
302240
1424876
353949
384667
353542
342216
338990
397945
357715
354205
371051
355202
359057
386540
370465
1288806
355054
324357
395431
356562
356256
1470453
381157
367259
795930
439376
373588
1280197
463999
338163
1518674
398151
303990
360131
364270
383019
995844
313447
386419
372000
388520
378276
374928
360257
1170271
385891
396568
679193
360148
412641
1609570
355255
367850
440507
383772
354441
1355426
343777
410348
1826733
352832
375610
349883
329968
362327
372623
371393
363765
351788
397185
376063
370942
1522149
344679
437153
354396
366724
376755
443419
771258
300410
358253
372386
361805
383392
1567838
365046
363544
1425590
376536
384978
361023
350901
388141
464259
342960
346347
371869
339753
354135
1168455
1302669
359367
893615
387337
377685
445446
610162
326175
302476
284499
1749927
318726
629903
347576
795650
389979
1430021
378280
335878
415840
354342
358409
365170
319756
353219
451620
336703
326734
334404
460712
1528102
377793
356017
357994
442252
394711
1489930
364198
364699
446640
328823
337623
1267372
1587536
386597
1465119
383195
372551
384192
353618
353807
418692
407742
360850
407772
370372
348198
342593
436456
368205
341130
387434
1492160
329639
351625
1305163
437955
420880
849333
312894
350111
1557473
1233847
423364
1121564
337904
361264
341889
349100
418384
386631
351198
352977
757078
351916
326450
306407
378501
1211533
361676
355707
382049
380183
355839
403578
336589
354935
367037
366970
352778
547953
432855
660814
408091
375330
392847
2263489
339183
352864
506158
392938
352401
353713
386988
381589
361210
358865
1437299
390526
356014
315944
373454
364844
354051
364158
362638
380203
366035
360811
538690
391695
1666960
1419255
388812
376513
453038
396351
356987
413672
363886
389057
845382
357626
370190
301871
799609
345803
385898
371684
347003
350307
377938
383532
360805
367985
357113
347504
374448
509265
387543
386936
1397827
376055
373782
1694818
383048
327572
338956
384882
323533
417556
331213
381690
556164
344820
370977
1423664
353881
351425
349992
378597
297111
1490829
288090
368552
391665
366299
376599
457885
753701
356799
1064991
395626
344198
374420
379437
359704
357225
424557
431944
353262
374692
1575252
360993
348460
1257573
372170
385744
358273
372648
384321
1305827
432763
344341
1297908
374241
384272
1613707
327934
355236
1366862
412730
346187
468855
345932
383788
506830
339927
389250
387168
357000
358393
461119
361272
327931
356814
387493
371267
392686
384900
1026927
360965
334631
1443315
396372
357291
1665587
345848
392377
1301197
366157
352081
432831
346440
354583
1356624
359536
288696
1151332
349276
393685
365962
370607
353252
349260
380849
309264
395502
733775
355956
358521
478699
346864
358614
310582
529523
528744
347621
1421716
385826
352652
474257
388366
362785
412205
706295
341562
433036
353875
386331
657717
357854
388485
543125
369548
360640
365411
397093
363093
349655
375478
1435389
360007
311813
851167
358295
354475
1491584
366914
399157
645190
357379
395233
1399455
1526494
294539
3295496
355823
351421
382427
354472
369274
1296208
352057
400907
339622
326768
295513
386187
619628
347013
1626742
386373
338405
991566
345332
367717
442488
419959
403793
351826
382414
386786
1501561
328114
379341
429808
381113
329345
361893
364152
1351020
383544
357332
414051
353981
348695
462722
335905
351965
362292
393412
289081
358016
365353
347426
331542
381869
491930
357433
384209
358423
331367
1212290
1238249
393871
388384
893409
341349
383450
1432138
356626
336322
376389
362207
361052
349473
569517
372499
707780
399538
378754
389599
311893
360683
342727
338401
376000
338006
368090
804612
389157
417326
1196301
350650
356299
1661841
351205
363814
1298043
344935
383764
366431
365950
382002
469848
308712
373722
375038
361605
358688
952340
354935
364411
409553
396399
354836
388629
372987
621544
371954
370782
407661
352949
354643
1672786
372465
444248
1233999
305466
384581
382699
355585
384495
444714
1009065
375469
1091131
351089
424038
477947
377102
365321
351289
350419
350977
311752
373208
849568
362302
348284
355036
392033
356902
722620
407388
376896
1236775
344513
384417
898167
387556
354038
1384580
798400
386879
1478752
282409
355864
300777
352731
345598
483583
388398
357858
354745
384403
368218
412171
1341445
340118
401846
361450
385905
378205
356088
342311
382050
391119
344366
392211
315834
1181105
342078
1334632
1326564
336429
335407
360927
376349
371689
409643
372804
411293
1070672
355515
391329
417269
326875
915775
384640
365390
362589
366162
369980
347597
346494
374384
361136
304913
369987
1447769
399883
589455
1557504
313535
382855
1720338
362934
350023
2449851
384692
367793
395705
371690
431157
1490930
350433
367088
1305112
391698
374621
378075
362020
354669
363233
379657
364578
892247
378644
379706
452202
443254
737050
327857
367096
373758
351819
377437
877639
372111
311500
371951
349164
312361
1574568
376970
342143
1151031
352861
391465
327777
347795
367445
718016
349570
343772
362053
374362
356253
390954
959823
361693
359379
401113
406624
330812
362636
367781
366986
333789
444729
407326
340436
351457
878267
397548
467888
357648
388743
372241
352725
343163
1102900
354377
285734
465786
416894
343003
338644
417279
375970
353418
422342
372239
337662
332661
1540094
371028
457668
587872
386996
387063
1249176
347294
823220
1577612
379775
331266
615958
344141
380787
311692
345447
376574
371474
356746
371240
378161
1192109
295232
326649
352105
359055
354635
369569
396603
351766
377353
386557
369548
343105
1703390
367118
426125
1408731
369526
345250
1618983
381173
356423
1232379
357227
352785
340445
356913
377833
385370
381487
350719
1030742
363468
343615
436489
307203
339807
356291
382566
367454
346316
381731
347260
349187
665482
805860
335473
334667
1621563
798154
353451
318198
347353
378815
400813
354944
390940
1424815
339483
370624
1341664
351224
359174
319212
369070
383532
377186
357079
400382
319692
372490
382267
406190
458915
962121
391959
414973
337974
359545
387085
1518071
360393
360406
1376622
421459
313691
1324480
339707
363221
1531323
349590
327557
395978
374279
355902
1242391
383445
400581
336484
383395
377598
765490
511730
344694
373467
354784
432091
1000807
383515
352711
423339
388772
341503
279225
352592
326010
1318364
377796
381641
329798
361796
341547
385369
290250
376826
388505
391807
907600
379517
336833
678765
841939
377542
371135
427674
336446
395431
391364
331118
323135
326776
317495
365944
376314
497138
355397
1789710
344695
359697
363064
399555
398562
370540
620341
346992
376377
399532
396431
404804
368204
376261
386108
379838
351822
375071
391635
422499
741908
387799
391904
332753
353681
381036
657110
337441
382880
866375
378033
345493
350472
562803
462648
325290
337559
342388
365210
356130
963663
461641
345890
349295
406583
345663
1087826
332126
315951
1268380
346916
356712
418589
356191
356432
432374
366387
359653
368090
365627
378550
840105
925355
390473
408639
349081
374481
352276
400878
343181
382716
383735
311731
355528
420513
1237826
343321
354720
1540517
398576
368299
347828
403279
365759
527645
356534
463922
382850
350394
304719
983294
1514346
387411
381712
400336
553373
935211
585028
428449
1090798
465967
383145
361389
357361
363490
363787
383492
898393
355442
352759
1396683
369329
291565
343436
381902
372763
1272311
356834
400565
1847433
387662
353539
1542433
334163
386946
1369925
358041
354214
433501
378459
290936
415128
853744
350923
352690
310821
403514
428916
362368
394501
390593
354632
493729
472059
356206
799216
377774
371222
387405
351372
386059
1148413
353499
356588
1409528
388607
430994
369307
392343
398209
419518
358804
380471
344962
356354
355626
508763
348260
360832
380719
345258
344579
341442
362343
581378
298602
493346
402351
347181
389754
578760
356897
346219
389195
354504
390430
1133767
380002
372396
404418
358194
2018740
610407
423161
347611
723074
390205
339380
352637
388423
336964
355318
356127
610273
333098
347874
568583
384813
354146
1142119
413334
389871
1147247
379902
360014
452316
341794
374091
916489
356983
1229573
385414
384296
383059
380857
345275
383951
1052030
343795
323019
369993
354385
370878
385405
468235
371457
490712
352499
524347
339623
274843
395304
368468
350621
395067
344994
347249
606356
374337
352176
378000
1188840
374118
493791
441696
362719
895597
372861
352328
379774
369189
370725
384985
369957
1141756
354293
405286
622935
370518
398438
1463980
402573
314017
368514
364347
321187
1196352
373323
370847
422728
374652
342614
386990
372942
358295
387253
354936
440954
772137
308598
350922
385090
397081
379505
339198
346890
339878
983317
300490
357921
374676
375275
318926
357339
389776
366371
362815
357150
440671
322613
338560
382294
395961
338118
450646
352739
292457
885516
389015
341752
416261
380068
478707
308114
377958
371296
424810
1220932
326336
481065
387936
358549
342563
331734
616144
387107
387842
1262913
376331
388857
1379296
349390
345492
1360915
330105
349843
317497
355785
372269
443115
324190
475042
424342
385665
381596
419585
320774
1512639
759212
384538
321813
339814
399806
482146
312682
401055
361479
378025
344807
427136
356538
353706
1718044
370315
365625
339255
398964
384516
1643801
358815
359165
1496371
383357
423533
350657
382053
366459
429929
351413
447269
1135916
354684
353906
447239
655226
374066
590837
332886
330141
337381
355600
328015
337054
465374
361747
373961
328141
1920219
314409
1459845
1141038
356803
403915
1103828
373307
533971
1649248
387147
396093
447513
344937
376804
1811723
478563
353635
1429389
357414
364725
494524
454412
357990
876801
365136
371591
1084781
362279
377827
2611266
380010
326151
398414
378589
381635
354011
359459
333257
356292
352046
1582794
361380
366508
770584
388472
356003
1251065
353698
428434
476011
355069
355223
1390721
512000
373924
1162487
339916
404731
1046379
313084
372996
1119149
382176
354862
380488
401892
421221
1024903
1183792
383392
1334470
364339
1349396
902546
364447
389421
374881
286967
1500232
380278
350848
358046
370817
359092
352442
321352
397723
374061
364224
380173
1512912
355544
358010
365976
374819
356333
1263397
343741
381626
1261595
348783
390192
539038
372520
358825
435907
387944
1426447
366718
374719
353345
2264845
346569
366139
361590
375961
359865
315111
995179
337264
336747
355237
365331
347792
351076
408276
537034
336691
997101
389511
421971
392642
371335
359528
340301
353477
409575
365629
397834
352543
378101
1246705
1252954
336659
384054
784369
335823
352824
1353249
390014
390597
326075
376063
382051
494255
347215
379749
315469
347386
346692
433493
380620
319314
371751
377060
353930
371707
373839
1382014
352666
1393849
904808
381479
367265
1112996
339057
387700
1573141
284028
370507
340215
379638
360700
392152
394765
313103
359315
356494
383892
396094
355785
292336
352718
355553
382675
351736
324455
897202
381687
2205140
1591846
357910
341015
1316918
351285
353449
1330265
346015
383610
458226
358848
355837
468682
347362
672649
367955
354749
385038
409951
336559
349583
375939
403178
379327
409168
400233
364628
348691
428524
828202
423394
344247
1617160
337974
370918
1424357
326833
339053
450859
377809
355396
1391181
335068
366848
1185483
389508
380156
345341
355306
358909
531711
304658
318901
380460
382983
376784
661621
1361497
346080
1040392
351212
457539
2796779
833951
362575
1233776
345456
1089005
381568
354621
317930
349314
390673
341412
344207
384996
347974
334487
386472
582851
369434
370415
433527
387680
359111
933141
850383
348092
367303
363078
406598
382421
348300
357232
342781
362376
1370481
404035
376478
702017
494193
371650
1390710
352130
355130
489244
366069
370767
520660
424297
1437950
352057
361525
340664
637007
1074641
348693
903606
347103
416766
385810
383024
329737
341154
373766
1172116
414006
359696
723052
351168
381084
719846
383885
368017
355733
359866
378874
468671
309891
589558
613267
351001
354086
329132
390926
391406
433662
392569
3303156
608506
618754
1778355
629465
712456
936441
453686
810851
1653372
1803014
424287
716800
2364020
389685
355001
366829
973558
357134
352827
1184902
371549
383084
1392238
357016
366436
1568376
394549
371072
1410097
355814
410040
1509396
356359
350441
1490005
404589
415084
1256689
299240
371353
1768747
343918
371251
1512435
478103
345965
1251082
370006
583495
1336937
346901
416308
1390105
379626
355430
1410631
346201
373077
388478
345770
375344
1257726
337744
340227
1261047
382246
395118
1480273
405943
332823
1446300
388713
349499
1177765
310836
352355
1432242
394847
355356
1405598
315635
358106
1171959
347572
360829
1456004
348122
354532
1261497
363958
369024
1245744
332033
350005
1243852
368044
304356
1304192
324629
372785
1307084
403239
351157
1476338
359245
392558
372695
437237
409062
394370
340424
370221
880732
341282
367977
322305
356176
344630
378995
386774
356048
352809
379035
533600
355334
381076
1761996
379725
354354
1348885
354950
382844
1358470
383096
341154
1421793
354023
356401
1595723
388811
392458
1701682
358998
388062
1802926
366364
342096
1274248
381906
400458
1660987
356353
415795
377147
344658
303953
1241615
352195
382378
1227659
356924
379329
1605513
360216
336630
1181806
379300
373185
1415892
358025
346785
1349050
389535
355347
1196270
351448
373714
1260843
383640
354310
1437233
388449
365949
1409477
355219
393027
1309582
404913
347424
1301814
387751
370269
1220836
343283
405406
1474278
365341
351285
1283894
1506842
344169
683537
560889
321513
1472208
426607
381318
1330791
349181
366880
1513137
315952
370659
1287845
374566
331185
1382014
348834
390723
1395894
349140
463994
1678703
378314
349736
398582
512365
507476
1154576
317799
282928
559954
419843
342487
744771
428140
306827
887991
362128
325825
365318
398494
442783
321915
273845
338338
402219
2485065
346097
364859
350861
273012
324447
383071
1492936
363687
273464
1183679
397014
381988
1085789
345129
355895
1388433
407897
345937
1488052
326985
537461
508136
343273
387845
364878
357426
313534
1055326
360517
350238
392009
387047
361306
403481
1551279
385661
478996
356299
338226
384032
357211
336109
416942
315810
339176
379796
363425
1542812
361284
341441
1349983
409709
347595
1006162
329722
373107
1290973
357981
298991
1523918
296630
333575
1202413
375088
370645
1245416
314567
399193
1385703
390572
358382
1313393
352085
358863
1323132
346044
355128
1385748
373784
341649
1141497
348508
402178
1428484
358253
341390
1376151
388283
391574
1936689
370255
345922
1513735
400166
371619
1622696
319267
353934
1223830
405301
353766
1534581
379465
390159
1282625
353030
388379
1599653
342365
342476
1339794
415509
356838
1298785
369742
376943
1643304
371685
356638
1454805
339199
348724
1308666
355553
393067
1397084
370281
347924
1596203
360062
421034
1375466
351951
383836
1812070
392615
399147
982440
387946
493812
2816845
368922
1294249
1740164
450151
447621
429860
477051
521915
629372
447994
378135
1229089
584518
498221
375844
449720
470908
486877
520340
2292071
548361
502553
2372351
411294
489959
1466387
473966
343967
1093141
366960
357498
1312119
301191
388598
1438331
354772
340499
1694175
389738
344031
1129922
349189
355002
1459539
400645
358420
1142914
403444
390800
340306
358316
379806
348201
309953
497622
1153435
396042
346565
402708
410690
313408
338938
352417
360669
330445
355832
1588522
377480
398608
1377956
392409
384526
1328773
378171
349499
1442016
427174
384242
1355689
366551
372112
1593795
307730
350149
1356601
386407
356598
1280136
311168
374756
1375026
371483
283085
1495210
354439
356883
414145
400633
1075935
397520
350518
442564
782010
391804
397749
1248062
440762
362654
372899
1304225
377453
356959
339895
1306428
386242
351705
1238121
364142
382071
1498708
382998
375030
1411654
402774
363029
1315724
353653
378526
1458492
385173
351956
1318263
350670
410487
1328559
338637
345404
1603379
363162
358498
1311267
413770
378662
1385193
349025
612427
1473408
338963
359501
1131726
352887
394050
496203
333260
337343
496612
373681
352166
826438
350426
396083
423019
353495
389638
350839
347333
354901
1041612
352683
357589
364536
388419
355291
382181
401251
353540
346213
387852
350129
300313
348892
1203061
400338
404666
1267031
342644
376128
1567114
349007
331001
1437739
412931
342684
328010
378208
400040
499952
354294
313207
621838
369159
370093
792905
371858
353756
449312
389640
362431
340962
397995
301533
352339
368363
804334
352581
306483
1715533
364763
369809
1268682
353521
422235
1433325
382307
357787
1379348
386044
379651
1415842
359453
361145
1642821
369119
353180
1357164
283071
380587
1271222
423971
475969
1653695
376606
363422
1345025
390346
389683
1475640
345744
361274
1294846
384376
357075
1397773
358635
380688
1342734
355911
356063
1034495
383412
355420
1425296
357006
385527
1318408
377974
358464
1316246
356852
403378
1202591
354882
356166
1408530
385902
371545
1389328
352362
379194
1552589
386252
358467
1446306
353110
382839
1246681
351152
327524
369748
372754
365337
581714
366841
399533
401229
412358
384813
995405
369848
370922
336003
384329
359723
359148
355796
763694
376883
371897
1266447
357164
402945
1436872
360590
588638
1418946
407910
340228
1296438
349077
385906
1439011
350945
362047
1422779
386425
364914
1141007
341301
347888
1382059
371769
358152
1412161
390939
361646
2546720
348841
308840
1698543
385420
354441
1196711
354195
386826
1380635
344298
373577
1279531
397420
365316
1370284
373279
370815
1289638
398907
358988
1424856
402253
361692
1261245
356572
377619
1421017
404254
360090
1275587
351657
403511
1224154
352745
356403
1639020
387096
404214
1327296
652618
308311
1849419
354327
356500
1321295
355947
339802
339646
362478
362849
623027
360832
331489
385731
353493
373537
994189
362863
359046
347850
371280
368729
391342
371760
365691
383198
358182
1551249
385242
315716
734728
381249
391218
1455550
355516
372964
1567070
388406
357204
1444537
351024
373327
1324563
371180
347931
1405626
374835
370228
1289727
354650
393341
1457902
357773
308978
2064117
401322
371725
1319452
373980
383378
1443501
358030
358623
1501236
384942
352549
1297509
360898
337271
1108825
348601
386341
1392989
391042
383161
1346508
355903
386099
1580257
353742
348822
1598120
398443
420882
1234699
350936
386956
1616679
372386
356841
1481119
383270
336711
1397999
332701
368164
1242911
418906
346419
1232153
381781
390141
378232
366070
402623
362424
354546
402310
870226
363207
370364
408445
352544
340709
363166
468788
306709
374468
352523
1374426
328035
351896
1166604
382483
355817
1349393
368490
358533
1497711
345849
378028
1540200
354077
357284
1160448
382320
376735
1314017
347477
379030
1207973
356737
357401
1336778
381301
355199
1213458
335438
412456
3902622
340883
364484
368043
380105
388117
441835
356615
371972
1415360
366398
352140
314138
370302
383150
1632929
358982
410620
1422110
353203
350180
1469592
381793
342514
1421994
353935
386053
1428294
413977
354375
1405336
371441
363134
1463147
355723
383616
1515219
378797
373096
1040674
361977
409590
1181803
364978
353638
1112943
382386
404545
4128502
398315
361753
347886
439419
366736
706871
347336
384250
1245184
346441
356683
1557161
386066
359457
1220047
355033
406269
1587999
355342
352317
1407303
376789
354604
1167839
345064
336266
1281268
367337
355873
1306787
380374
354065
1219830
346975
387106
1645446
344226
352030
1361024
367460
381670
1187587
345600
353489
1207449
507464
332473
359199
365714
379361
437188
388182
409318
668276
357854
403823
430428
356472
352007
375185
374622
319432
380969
374360
746139
348390
382621
1189520
354829
363845
1362779
402743
353606
1360191
354949
397815
1347332
354644
333287
1152964
347729
356045
1166379
356278
456122
1222262
372547
354607
1183295
394876
393289
1200480
348177
394021
1679568
362148
358905
1369377
346506
352986
1486175
391314
354139
1248743
363465
382124
1486115
364275
353177
1133619
406133
353000
1192176
394141
389775
1391643
404303
355276
1562015
385631
386161
1714328
391016
361775
1448406
392638
350589
1144052
314103
384042
1480706
383468
346921
1325709
379614
362368
1303963
358684
371407
1585992
397411
695318
387919
381626
339543
862652
349607
369899
430402
352215
398388
385098
360945
359890
392327
338302
680178
326187
379016
1304743
383464
335093
1502533
378866
356351
1251940
377356
367239
1331166
317606
369781
1570410
385076
356549
1295033
283738
394894
1334843
354153
378034
1524409
354770
343737
1444269
359828
390278
1536373
391593
360961
2627290
354376
393699
2466406
386367
430056
595880
366177
484094
1422614
373412
389005
378411
371379
347155
393832
315582
355622
843961
393307
348482
374085
446756
345937
355075
382833
370106
359154
353538
368009
368494
343000
798206
320786
374558
1483640
378030
391686
1491321
314356
391397
1494248
382165
366469
1275956
380222
381745
1575505
311393
357188
424672
362444
291834
444024
357068
353946
368108
384966
361801
417293
390427
361396
363529
361791
364698
338830
370164
332883
386670
365958
695034
386578
358072
1489808
382708
361322
1331305
356136
342030
1300565
387526
380791
1419087
357825
388092
1470712
366688
359073
1562698
384938
441707
1432203
357269
388862
1462317
344450
298644
431524
342208
348658
444878
376990
332212
379792
394733
357116
738821
335074
377096
366652
395667
361158
387905
350683
365050
375923
356653
352371
384293
374011
653288
362360
386285
1433075
352377
367388
1552817
386613
344333
1563665
357372
371285
1435936
348250
340422
1416686
384650
329672
1318407
345513
404814
1366302
393500
346207
1769274
370716
367761
1320133
357629
374589
1467716
394765
356012
1225434
362394
379185
1288996
367246
379594
1523191
357553
348560
1232105
382860
379645
1334655
380090
374749
1376822
1090810
362950
1383869
355156
370900
1408475
287007
322096
1269754
354495
325185
363703
365854
384548
475466
364812
379764
399085
369382
366929
941119
357277
432191
2944608
330409
359975
344680
344928
315920
374987
357365
348028
378828
352749
1411395
323685
360601
1462235
346386
336593
1579140
379673
365097
1179322
358508
419374
1308922
353380
376203
1739612
379684
440320
1456456
356637
388964
1460966
374999
355282
1309895
383150
378290
1449364
333867
380521
1471415
369936
359843
1427114
378219
385558
1479232
440094
353578
1446414
373984
371512
1430118
352884
377998
1438066
351411
355723
431846
359909
353426
604239
362907
355327
392849
398964
370650
348167
370250
358895
352893
327125
371765
358069
313915
1339182
364754
344473
1283009
349018
362174
1405970
386079
368986
1249664
391051
376649
1235544
357630
355935
1412475
424422
331287
1445090
314921
385645
427246
358744
350266
1119841
337284
324421
392608
388114
352803
356581
387221
350072
349393
388430
408350
376048
375663
754287
383097
386169
1450518
389545
391746
1374715
350184
378727
1451513
393799
355314
1395292
365221
360633
1516944
353430
352538
1564662
362206
343415
1230567
388557
371562
1423752
355452
409311
1494172
391819
326881
402084
360427
387625
404546
341731
354729
924032
367129
413824
327551
335819
364756
422328
345862
320120
385210
352793
349547
384574
424472
654550
366769
388694
1536882
354501
326967
1414700
380934
338614
1336742
358067
376333
1343615
356381
349437
1517016
383516
347470
1141101
361913
369679
1268175
380041
340101
1124261
373857
362505
760556
353532
386226
489237
369523
358677
403064
360777
342004
1027342
371107
414040
426083
313411
314508
355679
358439
387422
346799
365075
365441
374525
355176
1277072
363870
360673
1379246
353478
370740
1507962
360148
379755
1231124
384761
376891
1269471
354919
356894
1767203
426603
335086
1271439
353716
370502
1590568
358631
374199
1740529
1015725
350283
657796
345045
378447
1162603
380469
382523
1409297
386322
378881
1408414
321405
378724
1511726
356826
374046
1461056
383475
338780
1305279
353833
394456
1707084
330179
332899
1477601
385195
354899
1270339
370534
381353
1457929
379188
348904
1321009
379452
390239
1430019
359143
401613
1494062
363229
365177
1295984
386529
463534
1597194
318173
374313
1845318
405125
351004
1268998
364225
375392
1618004
355986
358457
375297
366571
377127
387527
389673
349409
353282
376925
353881
939313
356574
394062
328844
369938
367223
369487
674833
342743
325117
350756
344167
384301
414380
1259645
356866
398559
638654
359003
312269
1224521
380067
376840
1203898
357163
336494
1497675
321357
313393
1456626
372753
357927
1353821
341976
389498
1414573
385418
353823
1287452
364444
400948
1171908
396414
357317
1363827
383821
356557
1835687
352541
384580
1476422
348407
357662
1555338
376277
367591
1380325
313802
353263
1564645
381514
372444
1186061
314418
509361
1318884
388814
299061
1352751
402172
371442
1343718
344432
374996
4413480
329110
375900
360599
359822
390376
610597
354972
370247
1512814
369102
355066
1348489
358837
362401
1523932
341582
348476
1447941
405431
351216
1290666
352885
380515
1351161
358498
365813
1419210
402148
356336
1222427
356275
382937
1277196
354703
374126
1508053
329887
422209
1246286
367922
403549
1624525
377860
370935
1250163
361713
373064
1859991
330926
351622
1413890
388086
412810
1196116
364353
389765
1418214
379157
360308
1141285
353725
378374
1317659
352677
346118
1411687
366841
337702
1231757
363670
375501
1414449
341837
343796
1309754
385538
358871
1285312
355385
358256
1327780
357065
355196
1153441
401093
378096
1081601
351803
379143
1441204
382327
268890
1268070
376175
355894
355184
359366
407146
401558
349155
383155
1015687
388365
368737
420573
349885
355553
357207
332428
436861
362916
359304
340094
351488
377488
702614
353933
367251
1570491
422001
348521
1253738
357133
370637
1343799
315839
440680
1576076
410156
344514
1133609
333784
397093
1220062
355088
374553
1534296
383157
352077
1285265
353620
384275
2089091
351537
348535
1189346
365648
370683
1138634
358027
390376
1402605
392400
345286
357947
382037
354465
391197
384694
385870
853445
384629
365280
384061
345751
391385
378061
366491
345875
342149
388670
576413
398456
363879
1366295
350434
429867
1291124
354767
379812
1366590
348448
356062
1405848
350616
355140
1575112
422058
310779
1325170
361590
372845
1541135
356865
328190
1521055
394071
355339
1456549
389039
412088
1398091
365261
364921
1470771
381952
373690
1464980
396506
383830
1430758
349097
395741
1346633
404161
362032
1107194
351628
395546
1327967
332897
336951
1397253
384328
381237
1239220
311693
378932
1388781
359506
346490
1173421
324700
378133
1243039
358877
352933
1868179
809151
385920
1208051
353848
386740
1415356
361022
348830
1324752
360659
373257
1155968
335269
391015
1437075
382748
361792
1173439
371092
372150
1415880
352127
325540
1298357
383352
346712
1050373
346205
395482
1308506
375213
354527
1225459
382502
373324
1270822
346924
381335
1458572
380403
354430
1413079
355325
376035
1280446
384386
851553
1476068
362346
374912
1401713
375040
386417
1437253
391444
390398
1489957
352342
383398
1479361
357302
338322
1501756
424172
352599
1194592
363843
396747
1416867
377655
350849
1227632
376675
318691
1203771
354877
379113
1546124
370933
345776
1239716
355794
405437
1224912
415829
367553
1326312
381940
352727
1185093
367372
385944
1488512
356580
319312
401694
376167
352723
495027
383691
353309
360804
381050
385569
350803
351807
385247
357144
350015
440190
356627
358446
927115
382560
355166
1415966
356971
385669
1451801
354737
345962
1468012
375205
332961
1254522
341784
379966
1551058
369534
345717
1512178
382510
372950
1360288
352495
384121
1438282
303993
347443
1431508
381422
354083
1558225
393716
381274
1501844
346586
379176
1180724
386758
355502
1330562
350701
378834
384001
309849
352325
396336
359357
357591
354216
378220
353211
433293
400997
411250
336783
353425
407237
380726
348040
1191295
378838
356059
746757
409406
379854
387331
352351
387409
1489127
347963
368265
1242466
367608
383446
1322562
360758
373483
1314172
360165
342309
1279727
358897
403623
1437846
362490
367690
1411156
370947
373503
1211162
366399
400976
1377728
349895
357622
1222366
369209
360646
1231790
355967
401123
1314253
375625
358757
1333690
356789
374959
1243021
371489
348588
1236052
386439
356639
1246264
315784
377458
1295961
404711
357259
1364715
348912
401267
1151790
357496
356637
1369267
290275
344448
375201
370781
341123
377938
384641
399397
363731
393999
355279
330727
350020
1479346
387828
366190
1370256
326301
366339
1513413
373744
358182
1499553
432828
348982
1242489
371577
396194
1366075
399510
362967
1378246
382583
353485
1490112
291658
391469
1679665
392764
377569
1304971
334243
383395
1200743
353672
355125
1565991
301728
366054
365881
390322
348550
389147
372687
393643
835831
344035
341878
441288
366547
365402
366251
339908
371713
373409
353331
666916
332811
382734
1138787
332343
332630
1801466
387730
354650
1188248
352806
394494
1363434
357668
358126
1240098
399554
350058
1279233
359495
379323
1259876
361163
358731
1482048
383578
371164
1335859
311338
394070
341876
346086
390545
1004307
322156
349511
374981
349803
335077
444148
405892
344419
366295
363246
371881
358126
380566
346096
359605
399417
688817
354983
375524
1411156
381105
350118
1459520
374550
383194
1311338
378477
350157
1418103
397452
353311
1272788
357091
383426
1581744
354384
351108
1384205
384370
355268
1319003
354469
385282
1595514
344926
339327
1280378
396879
375490
1401819
352912
387829
1561255
384607
316801
393125
360905
351952
343569
384681
373168
352337
335173
390874
717645
355261
370456
345876
313036
358884
385832
347735
345601
374129
443738
871498
397836
384491
1290053
349502
349820
1449718
368051
352645
1283949
327325
355206
1276219
270755
301752
1406324
467873
1549270
1337996
396314
366112
1269348
391128
380939
1325939
355674
383653
1351858
348072
356969
1469497
447730
353173
1116716
376873
398475
1361709
359052
283986
1225062
374722
363413
1419092
357782
391922
1243890
356063
385121
1382858
385900
356510
1217669
353654
379890
1682215
367898
358357
1272931
383052
361061
1400367
377463
392686
1616938
407301
369701
1229015
373970
417185
1537959
349329
348844
1193230
405881
356300
1359380
352387
369466
1229691
376296
358367
1459486
409104
379315
1166489
354969
321464
1091811
358550
356739
1292596
425736
386151
1375656
340917
350787
1301306
386787
365525
1128693
381202
409589
1589896
358078
355048
1204406
349252
370516
1412939
363294
2179829
1343940
414441
364699
611294
358331
403496
1365348
362182
342391
1410912
387844
356138
1292390
331108
362729
1462584
358874
354400
1386993
408839
356424
1248142
357906
391143
1345161
310830
353171
1507011
395292
383551
1225780
347686
397024
1359559
348907
358144
1221188
314850
354384
1370472
339153
397782
1498984
357878
372860
1251822
370678
368766
369878
351878
368889
404794
354122
333331
604096
354985
359215
459631
369330
333175
390750
412517
372056
366937
363265
1348022
353884
422875
2127000
367367
368747
1382973
348378
390493
1879495
362870
367923
1312565
365117
362202
1832076
426503
360037
1472776
384616
353503
1301744
428318
381997
1588017
354242
345890
1767659
600960
378894
2000251
432582
349422
1747198
479643
456940
946229
358467
408079
1511451
358295
325535
1174701
390913
342861
358341
427324
471865
1466921
341830
364076
1368904
377342
339546
1220634
360309
381769
1574970
349859
361271
2227009
313754
382015
1267052
388224
348917
1322766
389600
377269
1182281
349860
390669
1882856
408054
351909
1417116
369250
363798
365678
396284
341604
547624
357641
388208
402417
423602
376814
1060744
355242
364210
409277
371313
314809
357299
374047
359297
379235
359846
693761
356044
372488
1625397
322524
334417
1246733
379915
386377
1330926
348380
365103
1565403
387697
386968
1319954
330309
382703
1671512
368801
357203
1368668
340941
365139
1639163
343067
391307
456295
358301
370367
411433
373143
355248
863135
356711
355349
426614
385860
349298
334442
382014
342370
343284
355829
340502
375871
351259
1447288
390253
343891
1238031
351022
400673
1523276
360056
287081
1702225
389520
416930
1140959
349803
354508
1600794
353602
385279
1707553
359863
371547
1095785
349907
354191
1568558
386255
420648
1310229
320959
387201
509788
345559
365941
1053708
378564
359167
438025
381957
309805
342015
384580
344525
354319
371723
1458468
354269
343601
1454221
377189
359935
1335238
373450
382800
1468830
390042
381503
1600053
376705
397722
1456385
349669
353835
1712344
383981
354906
1263199
362184
415288
1358265
421819
357086
1347207
372373
372612
513954
504140
344595
362551
381941
357559
380845
371558
325185
338876
380621
312247
351172
379972
619861
354716
356276
1494154
407478
449559
1221605
328258
445184
531684
356927
386258
436533
365656
281670
372466
356487
344764
352776
381076
325369
329172
356898
332992
343673
378731
3431188
303470
355721
1362267
350790
382610
1644957
385275
352789
1547278
1275372
327749
1567159
369703
359304
1510296
419555
370728
1227896
347992
404909
1465757
370603
352432
1594797
351435
335526
1438775
324900
347704
1427321
374911
369200
1294149
354172
408551
1236025
367442
358173
1634406
363724
354855
1265972
381815
406524
1388415
357714
361523
1526211
387655
375003
1302795
355228
398847
1656186
356493
356082
1723151
397962
351089
1518051
339823
353733
1351977
384951
379927
1100484
352101
384099
1396525
341552
403008
1422544
352850
383107
1504370
346526
380829
1258018
394348
359167
1355679
381480
361194
1684338
370882
347551
983805
405153
380374
2570016
362184
325979
1266041
370109
396111
1393047
330104
361687
1600985
370914
357140
1368451
457468
452497
369296
364379
326492
496512
349167
385648
993497
355953
387391
338090
370695
312405
352019
400584
324673
340438
389814
732848
353896
363364
1321980
382885
377169
1352725
357418
384354
1342855
358576
357810
1357769
407765
356249
1211038
354908
388562
1539844
356784
354298
1367012
379320
396961
1314699
383130
374411
1332236
353819
382625
2463481
359414
371370
1512302
327043
353433
1518675
382491
356884
1507960
411715
383811
1435365
382304
356268
1273085
427224
347994
1363069
353684
379482
1370708
345057
374212
1427733
367741
350543
1216793
368894
383778
546622
357311
357564
443438
370658
357109
704929
386564
366684
351447
357683
382505
372570
357554
360224
354827
355794
876743
359703
1318432
1321150
340490
367015
1626055
348787
297975
490130
373708
326278
353202
385985
351804
1010124
355312
370912
356164
354671
359454
419080
329826
350071
372506
435910
448958
386962
364635
1471150
1488780
335166
1305845
385448
390650
1255452
349996
371825
1263013
3134376
361579
320320
341427
384498
1593676
362412
350561
1492143
438775
336074
1422272
358452
430073
1469158
348827
358558
1384839
505665
357109
371658
322212
372696
453515
357088
345083
621321
351532
388587
352298
337148
356187
386949
393965
330395
393627
385374
651958
367191
411220
1205640
388980
354957
1691728
388915
379967
1152413
350478
355249
1526788
380629
354629
1081000
358438
400637
1335446
350564
534045
312492
352801
355098
449764
360565
351716
946466
373663
359148
423776
365285
333086
355553
363365
380509
359005
358690
763999
375760
355397
1348028
378063
317184
1312244
354437
342054
1411704
380067
354320
1306269
347236
378624
1355959
341132
344177
1297257
414852
356481
1348895
355635
388806
1644564
382900
352937
1404235
357987
387808
2471923
370550
367669
1484175
383956
428626
1421262
352100
355576
1503167
367988
386098
1138201
358500
403265
1413613
363625
351073
1202397
370795
368552
1240304
358451
415236
1056017
357062
346717
1379115
388365
402501
1077083
362137
386269
966372
358143
357628
359653
394577
364289
1041286
374776
422049
392318
386215
369345
350445
359733
330100
325810
396954
425725
354948
353289
514966
382728
370753
829089
391023
370305
369822
373158
402515
397033
332963
364816
385781
357528
306102
395716
300909
327797
381996
376660
1419939
354060
373084
1458793
358393
354996
1290319
363471
363637
1357813
356846
375621
1437956
491162
311443
1360443
382496
372531
1283791
356257
307414
1587641
383718
370598
357389
361545
357548
364137
388653
368722
418569
388654
382271
353154
355351
372446
349054
317144
1037172
386871
446730
1525878
353727
377692
1414405
354717
357039
1466382
380605
341651
1415779
374758
386647
1576736
614313
364263
1467751
377324
352760
1277730
367301
373960
1311860
337816
349974
1608323
366188
339116
1405068
361240
386068
1625389
373996
349401
1490454
403562
364380
1305123
348641
373998
1505222
382221
575050
361684
378188
366478
324555
366238
371109
422748
389105
357601
405517
359691
354252
355443
378829
345402
376578
354605
756579
383343
348425
